[ 2014-05-05T11:35:01+08:00 ] 127.0.0.1 /video/index.php
INFO: [ app_init ] --START--
INFO: Run Behavior\BuildLiteBehavior [ RunTime:0.000040s ]
INFO: [ app_init ] --END-- [ RunTime:0.002765s ]
INFO: [ app_begin ] --START--
INFO: Run Behavior\ReadHtmlCacheBehavior [ RunTime:0.001096s ]
INFO: [ app_begin ] --END-- [ RunTime:0.001216s ]
SQL: SHOW COLUMNS FROM `whol2014_videolist` [ RunTime:0.019551s ]
SQL: SELECT COUNT(*) AS tp_count FROM `whol2014_videolist` LIMIT 1   [ RunTime:0.002025s ]
SQL: SELECT * FROM `whol2014_videolist` WHERE ( path='直播大武汉' ) ORDER BY id desc LIMIT 6   [ RunTime:0.010440s ]
SQL: SELECT * FROM `whol2014_videolist` WHERE ( path='经视直播' ) ORDER BY id desc LIMIT 6   [ RunTime:0.001119s ]
SQL: SELECT * FROM `whol2014_videolist` WHERE ( path='看荆楚' ) ORDER BY id desc LIMIT 6   [ RunTime:0.007281s ]
SQL: SELECT * FROM `whol2014_videolist` WHERE ( path='原创视界' ) ORDER BY id desc LIMIT 6   [ RunTime:0.012885s ]
SQL: SELECT * FROM `whol2014_videolist` WHERE ( path='天翼4G高清视频' ) ORDER BY id desc LIMIT 6   [ RunTime:0.004734s ]
SQL: SELECT * FROM `whol2014_videolist` WHERE ( path='电视问政' ) ORDER BY id desc LIMIT 6   [ RunTime:0.003708s ]
SQL: SELECT * FROM `whol2014_videolist` WHERE ( path='社区网络春晚' ) ORDER BY id desc LIMIT 6   [ RunTime:0.003180s ]
SQL: SELECT * FROM `whol2014_videolist` WHERE ( path='10000知道' ) ORDER BY id desc LIMIT 6   [ RunTime:0.003513s ]
SQL: SELECT * FROM `whol2014_videolist` WHERE ( path='天翼视讯' ) ORDER BY id desc LIMIT 6   [ RunTime:0.000491s ]
SQL: SELECT * FROM `whol2014_videolist` WHERE ( path='itv导视' ) ORDER BY id desc LIMIT 6   [ RunTime:0.001456s ]
SQL: SELECT * FROM `whol2014_videolist` WHERE ( path='优酷资讯' ) ORDER BY id desc LIMIT 6   [ RunTime:0.001054s ]
INFO: [ view_parse ] --START--
INFO: [ template_filter ] --START--
INFO: Run Behavior\ContentReplaceBehavior [ RunTime:0.000208s ]
INFO: [ template_filter ] --END-- [ RunTime:0.000334s ]
INFO: Run Behavior\ParseTemplateBehavior [ RunTime:0.042222s ]
INFO: [ view_parse ] --END-- [ RunTime:0.042445s ]
INFO: [ view_filter ] --START--
INFO: Run Behavior\WriteHtmlCacheBehavior [ RunTime:0.000873s ]
INFO: [ view_filter ] --END-- [ RunTime:0.001239s ]
INFO: [ app_end ] --START--
INFO: Run Behavior\ShowPageTraceBehavior [ RunTime:0.002706s ]
INFO: [ app_end ] --END-- [ RunTime:0.002864s ]

[ 2014-05-05T11:35:13+08:00 ] 127.0.0.1 /video/index.php
INFO: [ app_init ] --START--
INFO: Run Behavior\BuildLiteBehavior [ RunTime:0.000046s ]
INFO: [ app_init ] --END-- [ RunTime:0.001276s ]
INFO: [ app_begin ] --START--
INFO: Run Behavior\ReadHtmlCacheBehavior [ RunTime:0.001157s ]
INFO: [ app_begin ] --END-- [ RunTime:0.001280s ]
SQL: SHOW COLUMNS FROM `whol2014_videolist` [ RunTime:0.002212s ]
SQL: SELECT COUNT(*) AS tp_count FROM `whol2014_videolist` LIMIT 1   [ RunTime:0.000265s ]
SQL: SELECT * FROM `whol2014_videolist` WHERE ( path='直播大武汉' ) ORDER BY id desc LIMIT 6   [ RunTime:0.012013s ]
SQL: SELECT * FROM `whol2014_videolist` WHERE ( path='经视直播' ) ORDER BY id desc LIMIT 6   [ RunTime:0.002079s ]
SQL: SELECT * FROM `whol2014_videolist` WHERE ( path='看荆楚' ) ORDER BY id desc LIMIT 6   [ RunTime:0.000685s ]
SQL: SELECT * FROM `whol2014_videolist` WHERE ( path='原创视界' ) ORDER BY id desc LIMIT 6   [ RunTime:0.017985s ]
SQL: SELECT * FROM `whol2014_videolist` WHERE ( path='天翼4G高清视频' ) ORDER BY id desc LIMIT 6   [ RunTime:0.005383s ]
SQL: SELECT * FROM `whol2014_videolist` WHERE ( path='电视问政' ) ORDER BY id desc LIMIT 6   [ RunTime:0.004865s ]
SQL: SELECT * FROM `whol2014_videolist` WHERE ( path='社区网络春晚' ) ORDER BY id desc LIMIT 6   [ RunTime:0.003013s ]
SQL: SELECT * FROM `whol2014_videolist` WHERE ( path='10000知道' ) ORDER BY id desc LIMIT 6   [ RunTime:0.002832s ]
SQL: SELECT * FROM `whol2014_videolist` WHERE ( path='天翼视讯' ) ORDER BY id desc LIMIT 6   [ RunTime:0.000397s ]
SQL: SELECT * FROM `whol2014_videolist` WHERE ( path='itv导视' ) ORDER BY id desc LIMIT 6   [ RunTime:0.001052s ]
SQL: SELECT * FROM `whol2014_videolist` WHERE ( path='优酷资讯' ) ORDER BY id desc LIMIT 6   [ RunTime:0.000337s ]
INFO: [ view_parse ] --START--
INFO: [ template_filter ] --START--
INFO: Run Behavior\ContentReplaceBehavior [ RunTime:0.000198s ]
INFO: [ template_filter ] --END-- [ RunTime:0.000307s ]
INFO: Run Behavior\ParseTemplateBehavior [ RunTime:0.029130s ]
INFO: [ view_parse ] --END-- [ RunTime:0.029282s ]
INFO: [ view_filter ] --START--
INFO: Run Behavior\WriteHtmlCacheBehavior [ RunTime:0.000553s ]
INFO: [ view_filter ] --END-- [ RunTime:0.000661s ]
INFO: [ app_end ] --START--
INFO: Run Behavior\ShowPageTraceBehavior [ RunTime:0.001296s ]
INFO: [ app_end ] --END-- [ RunTime:0.001455s ]

[ 2014-05-05T11:35:30+08:00 ] 127.0.0.1 /video/index.php
INFO: [ app_init ] --START--
INFO: Run Behavior\BuildLiteBehavior [ RunTime:0.000031s ]
INFO: [ app_init ] --END-- [ RunTime:0.000956s ]
INFO: [ app_begin ] --START--
INFO: Run Behavior\ReadHtmlCacheBehavior [ RunTime:0.001326s ]
INFO: [ app_begin ] --END-- [ RunTime:0.001492s ]
SQL: SHOW COLUMNS FROM `whol2014_videolist` [ RunTime:0.001586s ]
SQL: SELECT COUNT(*) AS tp_count FROM `whol2014_videolist` LIMIT 1   [ RunTime:0.000280s ]
SQL: SELECT * FROM `whol2014_videolist` WHERE ( path='直播大武汉' ) ORDER BY id desc LIMIT 6   [ RunTime:0.001389s ]
SQL: SELECT * FROM `whol2014_videolist` WHERE ( path='经视直播' ) ORDER BY id desc LIMIT 6   [ RunTime:0.000876s ]
SQL: SELECT * FROM `whol2014_videolist` WHERE ( path='看荆楚' ) ORDER BY id desc LIMIT 6   [ RunTime:0.000332s ]
SQL: SELECT * FROM `whol2014_videolist` WHERE ( path='原创视界' ) ORDER BY id desc LIMIT 6   [ RunTime:0.002981s ]
SQL: SELECT * FROM `whol2014_videolist` WHERE ( path='天翼4G高清视频' ) ORDER BY id desc LIMIT 6   [ RunTime:0.003562s ]
SQL: SELECT * FROM `whol2014_videolist` WHERE ( path='电视问政' ) ORDER BY id desc LIMIT 6   [ RunTime:0.003259s ]
SQL: SELECT * FROM `whol2014_videolist` WHERE ( path='社区网络春晚' ) ORDER BY id desc LIMIT 6   [ RunTime:0.002673s ]
SQL: SELECT * FROM `whol2014_videolist` WHERE ( path='10000知道' ) ORDER BY id desc LIMIT 6   [ RunTime:0.003401s ]
SQL: SELECT * FROM `whol2014_videolist` WHERE ( path='天翼视讯' ) ORDER BY id desc LIMIT 6   [ RunTime:0.000642s ]
SQL: SELECT * FROM `whol2014_videolist` WHERE ( path='itv导视' ) ORDER BY id desc LIMIT 6   [ RunTime:0.001791s ]
SQL: SELECT * FROM `whol2014_videolist` WHERE ( path='优酷资讯' ) ORDER BY id desc LIMIT 6   [ RunTime:0.000389s ]
INFO: [ view_parse ] --START--
INFO: [ template_filter ] --START--
INFO: Run Behavior\ContentReplaceBehavior [ RunTime:0.000198s ]
INFO: [ template_filter ] --END-- [ RunTime:0.000309s ]
INFO: Run Behavior\ParseTemplateBehavior [ RunTime:0.029253s ]
INFO: [ view_parse ] --END-- [ RunTime:0.029402s ]
INFO: [ view_filter ] --START--
INFO: Run Behavior\WriteHtmlCacheBehavior [ RunTime:0.000675s ]
INFO: [ view_filter ] --END-- [ RunTime:0.000777s ]
INFO: [ app_end ] --START--
INFO: Run Behavior\ShowPageTraceBehavior [ RunTime:0.001323s ]
INFO: [ app_end ] --END-- [ RunTime:0.001474s ]

[ 2014-05-05T11:35:34+08:00 ] 127.0.0.1 /video/index.php/Home/Index/getVideoURL
INFO: [ app_init ] --START--
INFO: Run Behavior\BuildLiteBehavior [ RunTime:0.000036s ]
INFO: [ app_init ] --END-- [ RunTime:0.001510s ]
INFO: [ app_begin ] --START--
INFO: Run Behavior\ReadHtmlCacheBehavior [ RunTime:0.000862s ]
INFO: [ app_begin ] --END-- [ RunTime:0.000998s ]
SQL: SHOW COLUMNS FROM `whol2014_videolist` [ RunTime:0.001961s ]
SQL: SELECT * FROM `whol2014_videolist` WHERE ( `id` = 10431 ) LIMIT 1   [ RunTime:0.001738s ]
SQL: UPDATE `whol2014_videolist` SET `click_count`=click_count+1 WHERE ( id=10431 ) [ RunTime:0.008389s ]

[ 2014-05-05T11:38:27+08:00 ] 127.0.0.1 /video/index.php
INFO: [ app_init ] --START--
INFO: Run Behavior\BuildLiteBehavior [ RunTime:0.000031s ]
INFO: [ app_init ] --END-- [ RunTime:0.001104s ]
INFO: [ app_begin ] --START--
INFO: Run Behavior\ReadHtmlCacheBehavior [ RunTime:0.001039s ]
INFO: [ app_begin ] --END-- [ RunTime:0.001169s ]
SQL: SHOW COLUMNS FROM `whol2014_videolist` [ RunTime:0.002413s ]
SQL: SELECT COUNT(*) AS tp_count FROM `whol2014_videolist` LIMIT 1   [ RunTime:0.000271s ]
SQL: SELECT * FROM `whol2014_videolist` WHERE ( path='直播大武汉' ) ORDER BY id desc LIMIT 6   [ RunTime:0.009580s ]
SQL: SELECT * FROM `whol2014_videolist` WHERE ( path='经视直播' ) ORDER BY id desc LIMIT 6   [ RunTime:0.000773s ]
SQL: SELECT * FROM `whol2014_videolist` WHERE ( path='看荆楚' ) ORDER BY id desc LIMIT 6   [ RunTime:0.000387s ]
SQL: SELECT * FROM `whol2014_videolist` WHERE ( path='原创视界' ) ORDER BY id desc LIMIT 6   [ RunTime:0.016943s ]
SQL: SELECT * FROM `whol2014_videolist` WHERE ( path='天翼4G高清视频' ) ORDER BY id desc LIMIT 6   [ RunTime:0.014056s ]
SQL: SELECT * FROM `whol2014_videolist` WHERE ( path='电视问政' ) ORDER BY id desc LIMIT 6   [ RunTime:0.005101s ]
SQL: SELECT * FROM `whol2014_videolist` WHERE ( path='社区网络春晚' ) ORDER BY id desc LIMIT 6   [ RunTime:0.004382s ]
SQL: SELECT * FROM `whol2014_videolist` WHERE ( path='10000知道' ) ORDER BY id desc LIMIT 6   [ RunTime:0.004003s ]
SQL: SELECT * FROM `whol2014_videolist` WHERE ( path='天翼视讯' ) ORDER BY id desc LIMIT 6   [ RunTime:0.000483s ]
SQL: SELECT * FROM `whol2014_videolist` WHERE ( path='itv导视' ) ORDER BY id desc LIMIT 6   [ RunTime:0.001317s ]
SQL: SELECT * FROM `whol2014_videolist` WHERE ( path='优酷资讯' ) ORDER BY id desc LIMIT 6   [ RunTime:0.000471s ]
INFO: [ view_parse ] --START--
INFO: [ template_filter ] --START--
INFO: Run Behavior\ContentReplaceBehavior [ RunTime:0.000220s ]
INFO: [ template_filter ] --END-- [ RunTime:0.000352s ]
INFO: Run Behavior\ParseTemplateBehavior [ RunTime:0.038666s ]
INFO: [ view_parse ] --END-- [ RunTime:0.038805s ]
INFO: [ view_filter ] --START--
INFO: Run Behavior\WriteHtmlCacheBehavior [ RunTime:0.000878s ]
INFO: [ view_filter ] --END-- [ RunTime:0.001001s ]
INFO: [ app_end ] --START--
INFO: Run Behavior\ShowPageTraceBehavior [ RunTime:0.001114s ]
INFO: [ app_end ] --END-- [ RunTime:0.001253s ]

[ 2014-05-05T11:38:33+08:00 ] 127.0.0.1 /video/index.php/Home/Index/getVideoURL
INFO: [ app_init ] --START--
INFO: Run Behavior\BuildLiteBehavior [ RunTime:0.000033s ]
INFO: [ app_init ] --END-- [ RunTime:0.000746s ]
INFO: [ app_begin ] --START--
INFO: Run Behavior\ReadHtmlCacheBehavior [ RunTime:0.000729s ]
INFO: [ app_begin ] --END-- [ RunTime:0.000832s ]
SQL: SHOW COLUMNS FROM `whol2014_videolist` [ RunTime:0.001125s ]
SQL: SELECT * FROM `whol2014_videolist` WHERE ( `id` = 10431 ) LIMIT 1   [ RunTime:0.000751s ]
SQL: UPDATE `whol2014_videolist` SET `click_count`=click_count+1 WHERE ( id=10431 ) [ RunTime:0.000437s ]

[ 2014-05-05T11:44:13+08:00 ] 127.0.0.1 /video/index.php
INFO: [ app_init ] --START--
INFO: Run Behavior\BuildLiteBehavior [ RunTime:0.000042s ]
INFO: [ app_init ] --END-- [ RunTime:0.002971s ]
INFO: [ app_begin ] --START--
INFO: Run Behavior\ReadHtmlCacheBehavior [ RunTime:0.000981s ]
INFO: [ app_begin ] --END-- [ RunTime:0.001098s ]
SQL: SHOW COLUMNS FROM `whol2014_videolist` [ RunTime:0.013778s ]
SQL: SELECT COUNT(*) AS tp_count FROM `whol2014_videolist` LIMIT 1   [ RunTime:0.001266s ]
SQL: SELECT * FROM `whol2014_videolist` WHERE ( path='直播大武汉' ) ORDER BY id desc LIMIT 6   [ RunTime:0.008415s ]
SQL: SELECT * FROM `whol2014_videolist` WHERE ( path='经视直播' ) ORDER BY id desc LIMIT 6   [ RunTime:0.000885s ]
SQL: SELECT * FROM `whol2014_videolist` WHERE ( path='看荆楚' ) ORDER BY id desc LIMIT 6   [ RunTime:0.000312s ]
SQL: SELECT * FROM `whol2014_videolist` WHERE ( path='原创视界' ) ORDER BY id desc LIMIT 6   [ RunTime:0.012320s ]
SQL: SELECT * FROM `whol2014_videolist` WHERE ( path='天翼4G高清视频' ) ORDER BY id desc LIMIT 6   [ RunTime:0.005762s ]
SQL: SELECT * FROM `whol2014_videolist` WHERE ( path='电视问政' ) ORDER BY id desc LIMIT 6   [ RunTime:0.004835s ]
SQL: SELECT * FROM `whol2014_videolist` WHERE ( path='社区网络春晚' ) ORDER BY id desc LIMIT 6   [ RunTime:0.002989s ]
SQL: SELECT * FROM `whol2014_videolist` WHERE ( path='10000知道' ) ORDER BY id desc LIMIT 6   [ RunTime:0.002899s ]
SQL: SELECT * FROM `whol2014_videolist` WHERE ( path='天翼视讯' ) ORDER BY id desc LIMIT 6   [ RunTime:0.000414s ]
SQL: SELECT * FROM `whol2014_videolist` WHERE ( path='itv导视' ) ORDER BY id desc LIMIT 6   [ RunTime:0.001080s ]
SQL: SELECT * FROM `whol2014_videolist` WHERE ( path='优酷资讯' ) ORDER BY id desc LIMIT 6   [ RunTime:0.000320s ]
INFO: [ view_parse ] --START--
INFO: [ template_filter ] --START--
INFO: Run Behavior\ContentReplaceBehavior [ RunTime:0.000187s ]
INFO: [ template_filter ] --END-- [ RunTime:0.000324s ]
INFO: Run Behavior\ParseTemplateBehavior [ RunTime:0.043242s ]
INFO: [ view_parse ] --END-- [ RunTime:0.043367s ]
INFO: [ view_filter ] --START--
INFO: Run Behavior\WriteHtmlCacheBehavior [ RunTime:0.000566s ]
INFO: [ view_filter ] --END-- [ RunTime:0.000704s ]
INFO: [ app_end ] --START--
INFO: Run Behavior\ShowPageTraceBehavior [ RunTime:0.001523s ]
INFO: [ app_end ] --END-- [ RunTime:0.001660s ]

[ 2014-05-05T12:14:08+08:00 ] 127.0.0.1 /video/index.php
INFO: [ app_init ] --START--
INFO: Run Behavior\BuildLiteBehavior [ RunTime:0.001150s ]
INFO: [ app_init ] --END-- [ RunTime:0.006340s ]
INFO: [ app_begin ] --START--
INFO: Run Behavior\ReadHtmlCacheBehavior [ RunTime:0.001368s ]
INFO: [ app_begin ] --END-- [ RunTime:0.001547s ]
SQL: SHOW COLUMNS FROM `whol2014_videolist` [ RunTime:0.019842s ]
SQL: SELECT COUNT(*) AS tp_count FROM `whol2014_videolist` LIMIT 1   [ RunTime:0.002510s ]
SQL: SELECT * FROM `whol2014_videolist` WHERE ( path='直播大武汉' ) ORDER BY id desc LIMIT 6   [ RunTime:0.010199s ]
SQL: SELECT * FROM `whol2014_videolist` WHERE ( path='经视直播' ) ORDER BY id desc LIMIT 6   [ RunTime:0.001026s ]
SQL: SELECT * FROM `whol2014_videolist` WHERE ( path='看荆楚' ) ORDER BY id desc LIMIT 6   [ RunTime:0.000457s ]
SQL: SELECT * FROM `whol2014_videolist` WHERE ( path='原创视界' ) ORDER BY id desc LIMIT 6   [ RunTime:0.011830s ]
SQL: SELECT * FROM `whol2014_videolist` WHERE ( path='天翼4G高清视频' ) ORDER BY id desc LIMIT 6   [ RunTime:0.004296s ]
SQL: SELECT * FROM `whol2014_videolist` WHERE ( path='电视问政' ) ORDER BY id desc LIMIT 6   [ RunTime:0.004716s ]
SQL: SELECT * FROM `whol2014_videolist` WHERE ( path='社区网络春晚' ) ORDER BY id desc LIMIT 6   [ RunTime:0.002986s ]
SQL: SELECT * FROM `whol2014_videolist` WHERE ( path='10000知道' ) ORDER BY id desc LIMIT 6   [ RunTime:0.002951s ]
SQL: SELECT * FROM `whol2014_videolist` WHERE ( path='天翼视讯' ) ORDER BY id desc LIMIT 6   [ RunTime:0.000411s ]
SQL: SELECT * FROM `whol2014_videolist` WHERE ( path='itv导视' ) ORDER BY id desc LIMIT 6   [ RunTime:0.001409s ]
SQL: SELECT * FROM `whol2014_videolist` WHERE ( path='优酷资讯' ) ORDER BY id desc LIMIT 6   [ RunTime:0.000555s ]
INFO: [ view_parse ] --START--
INFO: [ template_filter ] --START--
INFO: Run Behavior\ContentReplaceBehavior [ RunTime:0.000317s ]
INFO: [ template_filter ] --END-- [ RunTime:0.000504s ]
INFO: Run Behavior\ParseTemplateBehavior [ RunTime:0.061495s ]
INFO: [ view_parse ] --END-- [ RunTime:0.061674s ]
INFO: [ view_filter ] --START--
INFO: Run Behavior\WriteHtmlCacheBehavior [ RunTime:0.000661s ]
INFO: [ view_filter ] --END-- [ RunTime:0.000808s ]
INFO: [ app_end ] --START--
INFO: Run Behavior\ShowPageTraceBehavior [ RunTime:0.001598s ]
INFO: [ app_end ] --END-- [ RunTime:0.001753s ]

[ 2014-05-05T12:15:07+08:00 ] 127.0.0.1 /video/index.php
INFO: [ app_init ] --START--
INFO: Run Behavior\BuildLiteBehavior [ RunTime:0.000038s ]
INFO: [ app_init ] --END-- [ RunTime:0.001660s ]
INFO: [ app_begin ] --START--
INFO: Run Behavior\ReadHtmlCacheBehavior [ RunTime:0.001641s ]
INFO: [ app_begin ] --END-- [ RunTime:0.001905s ]
SQL: SHOW COLUMNS FROM `whol2014_videolist` [ RunTime:0.001480s ]
SQL: SELECT COUNT(*) AS tp_count FROM `whol2014_videolist` LIMIT 1   [ RunTime:0.000259s ]
SQL: SELECT * FROM `whol2014_videolist` WHERE ( path='直播大武汉' ) ORDER BY id desc LIMIT 6   [ RunTime:0.001381s ]
SQL: SELECT * FROM `whol2014_videolist` WHERE ( path='经视直播' ) ORDER BY id desc LIMIT 6   [ RunTime:0.001026s ]
SQL: SELECT * FROM `whol2014_videolist` WHERE ( path='看荆楚' ) ORDER BY id desc LIMIT 6   [ RunTime:0.000505s ]
SQL: SELECT * FROM `whol2014_videolist` WHERE ( path='原创视界' ) ORDER BY id desc LIMIT 6   [ RunTime:0.004460s ]
SQL: SELECT * FROM `whol2014_videolist` WHERE ( path='天翼4G高清视频' ) ORDER BY id desc LIMIT 6   [ RunTime:0.002964s ]
SQL: SELECT * FROM `whol2014_videolist` WHERE ( path='电视问政' ) ORDER BY id desc LIMIT 6   [ RunTime:0.004571s ]
SQL: SELECT * FROM `whol2014_videolist` WHERE ( path='社区网络春晚' ) ORDER BY id desc LIMIT 6   [ RunTime:0.003825s ]
SQL: SELECT * FROM `whol2014_videolist` WHERE ( path='10000知道' ) ORDER BY id desc LIMIT 6   [ RunTime:0.004318s ]
SQL: SELECT * FROM `whol2014_videolist` WHERE ( path='天翼视讯' ) ORDER BY id desc LIMIT 6   [ RunTime:0.000731s ]
SQL: SELECT * FROM `whol2014_videolist` WHERE ( path='itv导视' ) ORDER BY id desc LIMIT 6   [ RunTime:0.001127s ]
SQL: SELECT * FROM `whol2014_videolist` WHERE ( path='优酷资讯' ) ORDER BY id desc LIMIT 6   [ RunTime:0.000346s ]
INFO: [ view_parse ] --START--
INFO: [ template_filter ] --START--
INFO: Run Behavior\ContentReplaceBehavior [ RunTime:0.000200s ]
INFO: [ template_filter ] --END-- [ RunTime:0.000314s ]
INFO: Run Behavior\ParseTemplateBehavior [ RunTime:0.029509s ]
INFO: [ view_parse ] --END-- [ RunTime:0.029638s ]
INFO: [ view_filter ] --START--
INFO: Run Behavior\WriteHtmlCacheBehavior [ RunTime:0.000572s ]
INFO: [ view_filter ] --END-- [ RunTime:0.000669s ]
INFO: [ app_end ] --START--
INFO: Run Behavior\ShowPageTraceBehavior [ RunTime:0.001398s ]
INFO: [ app_end ] --END-- [ RunTime:0.001529s ]

[ 2014-05-05T12:15:17+08:00 ] 127.0.0.1 /video/index.php/Home/Index/getVideoURL
INFO: [ app_init ] --START--
INFO: Run Behavior\BuildLiteBehavior [ RunTime:0.000032s ]
INFO: [ app_init ] --END-- [ RunTime:0.000673s ]
INFO: [ app_begin ] --START--
INFO: Run Behavior\ReadHtmlCacheBehavior [ RunTime:0.001068s ]
INFO: [ app_begin ] --END-- [ RunTime:0.001226s ]
SQL: SHOW COLUMNS FROM `whol2014_videolist` [ RunTime:0.002273s ]
SQL: SELECT * FROM `whol2014_videolist` WHERE ( `id` = 10431 ) LIMIT 1   [ RunTime:0.001828s ]
SQL: UPDATE `whol2014_videolist` SET `click_count`=click_count+1 WHERE ( id=10431 ) [ RunTime:0.009315s ]

[ 2014-05-05T12:20:26+08:00 ] 127.0.0.1 /video/index.php
INFO: [ app_init ] --START--
INFO: Run Behavior\BuildLiteBehavior [ RunTime:0.000031s ]
INFO: [ app_init ] --END-- [ RunTime:0.001416s ]
INFO: [ app_begin ] --START--
INFO: Run Behavior\ReadHtmlCacheBehavior [ RunTime:0.001306s ]
INFO: [ app_begin ] --END-- [ RunTime:0.001486s ]
SQL: SHOW COLUMNS FROM `whol2014_videolist` [ RunTime:0.002861s ]
SQL: SELECT COUNT(*) AS tp_count FROM `whol2014_videolist` LIMIT 1   [ RunTime:0.000198s ]
SQL: SELECT * FROM `whol2014_videolist` WHERE ( path='直播大武汉' ) ORDER BY id desc LIMIT 6   [ RunTime:0.006611s ]
SQL: SELECT * FROM `whol2014_videolist` WHERE ( path='经视直播' ) ORDER BY id desc LIMIT 6   [ RunTime:0.001117s ]
SQL: SELECT * FROM `whol2014_videolist` WHERE ( path='看荆楚' ) ORDER BY id desc LIMIT 6   [ RunTime:0.000384s ]
SQL: SELECT * FROM `whol2014_videolist` WHERE ( path='原创视界' ) ORDER BY id desc LIMIT 6   [ RunTime:0.011941s ]
SQL: SELECT * FROM `whol2014_videolist` WHERE ( path='天翼4G高清视频' ) ORDER BY id desc LIMIT 6   [ RunTime:0.004652s ]
SQL: SELECT * FROM `whol2014_videolist` WHERE ( path='电视问政' ) ORDER BY id desc LIMIT 6   [ RunTime:0.004193s ]
SQL: SELECT * FROM `whol2014_videolist` WHERE ( path='社区网络春晚' ) ORDER BY id desc LIMIT 6   [ RunTime:0.003482s ]
SQL: SELECT * FROM `whol2014_videolist` WHERE ( path='10000知道' ) ORDER BY id desc LIMIT 6   [ RunTime:0.002764s ]
SQL: SELECT * FROM `whol2014_videolist` WHERE ( path='天翼视讯' ) ORDER BY id desc LIMIT 6   [ RunTime:0.000497s ]
SQL: SELECT * FROM `whol2014_videolist` WHERE ( path='itv导视' ) ORDER BY id desc LIMIT 6   [ RunTime:0.001086s ]
SQL: SELECT * FROM `whol2014_videolist` WHERE ( path='优酷资讯' ) ORDER BY id desc LIMIT 6   [ RunTime:0.000329s ]
INFO: [ view_parse ] --START--
INFO: [ template_filter ] --START--
INFO: Run Behavior\ContentReplaceBehavior [ RunTime:0.000277s ]
INFO: [ template_filter ] --END-- [ RunTime:0.000415s ]
INFO: Run Behavior\ParseTemplateBehavior [ RunTime:0.036136s ]
INFO: [ view_parse ] --END-- [ RunTime:0.036271s ]
INFO: [ view_filter ] --START--
INFO: Run Behavior\WriteHtmlCacheBehavior [ RunTime:0.000739s ]
INFO: [ view_filter ] --END-- [ RunTime:0.000864s ]
INFO: [ app_end ] --START--
INFO: Run Behavior\ShowPageTraceBehavior [ RunTime:0.001962s ]
INFO: [ app_end ] --END-- [ RunTime:0.002131s ]

[ 2014-05-05T18:14:05+08:00 ] 127.0.0.1 /video/index.php/Home/Index/getVideoURL
INFO: [ app_init ] --START--
INFO: Run Behavior\BuildLiteBehavior [ RunTime:0.000033s ]
INFO: [ app_init ] --END-- [ RunTime:0.001700s ]
INFO: [ app_begin ] --START--
INFO: Run Behavior\ReadHtmlCacheBehavior [ RunTime:0.001588s ]
INFO: [ app_begin ] --END-- [ RunTime:0.001778s ]
SQL: SHOW COLUMNS FROM `whol2014_videolist` [ RunTime:0.013906s ]
SQL: SELECT * FROM `whol2014_videolist` WHERE ( `id` = 10430 ) LIMIT 1   [ RunTime:0.003078s ]
SQL: UPDATE `whol2014_videolist` SET `click_count`=click_count+1 WHERE ( id=10430 ) [ RunTime:0.000863s ]

[ 2014-05-05T18:14:10+08:00 ] 127.0.0.1 /video/index.php/Home/Index/getVideoURL
INFO: [ app_init ] --START--
INFO: Run Behavior\BuildLiteBehavior [ RunTime:0.000050s ]
INFO: [ app_init ] --END-- [ RunTime:0.001023s ]
INFO: [ app_begin ] --START--
INFO: Run Behavior\ReadHtmlCacheBehavior [ RunTime:0.000896s ]
INFO: [ app_begin ] --END-- [ RunTime:0.001041s ]
SQL: SHOW COLUMNS FROM `whol2014_videolist` [ RunTime:0.001137s ]
SQL: SELECT * FROM `whol2014_videolist` WHERE ( `id` = 10396 ) LIMIT 1   [ RunTime:0.000832s ]
SQL: UPDATE `whol2014_videolist` SET `click_count`=click_count+1 WHERE ( id=10396 ) [ RunTime:0.000245s ]

[ 2014-05-05T18:14:15+08:00 ] 127.0.0.1 /video/index.php/Home/Index/getVideoURL
INFO: [ app_init ] --START--
INFO: Run Behavior\BuildLiteBehavior [ RunTime:0.000028s ]
INFO: [ app_init ] --END-- [ RunTime:0.000535s ]
INFO: [ app_begin ] --START--
INFO: Run Behavior\ReadHtmlCacheBehavior [ RunTime:0.001026s ]
INFO: [ app_begin ] --END-- [ RunTime:0.001182s ]
SQL: SHOW COLUMNS FROM `whol2014_videolist` [ RunTime:0.001871s ]
SQL: SELECT * FROM `whol2014_videolist` WHERE ( `id` = 8276 ) LIMIT 1   [ RunTime:0.001454s ]
SQL: UPDATE `whol2014_videolist` SET `click_count`=click_count+1 WHERE ( id=8276 ) [ RunTime:0.000653s ]

[ 2014-05-05T18:14:18+08:00 ] 127.0.0.1 /video/index.php/Home/Index/getVideoURL
INFO: [ app_init ] --START--
INFO: Run Behavior\BuildLiteBehavior [ RunTime:0.000025s ]
INFO: [ app_init ] --END-- [ RunTime:0.000498s ]
INFO: [ app_begin ] --START--
INFO: Run Behavior\ReadHtmlCacheBehavior [ RunTime:0.000629s ]
INFO: [ app_begin ] --END-- [ RunTime:0.000769s ]
SQL: SHOW COLUMNS FROM `whol2014_videolist` [ RunTime:0.002597s ]
SQL: SELECT * FROM `whol2014_videolist` WHERE ( `id` = 10478 ) LIMIT 1   [ RunTime:0.000726s ]
SQL: UPDATE `whol2014_videolist` SET `click_count`=click_count+1 WHERE ( id=10478 ) [ RunTime:0.000274s ]

[ 2014-05-05T18:14:22+08:00 ] 127.0.0.1 /video/index.php/Home/Index/getVideoURL
INFO: [ app_init ] --START--
INFO: Run Behavior\BuildLiteBehavior [ RunTime:0.000034s ]
INFO: [ app_init ] --END-- [ RunTime:0.000728s ]
INFO: [ app_begin ] --START--
INFO: Run Behavior\ReadHtmlCacheBehavior [ RunTime:0.000936s ]
INFO: [ app_begin ] --END-- [ RunTime:0.001114s ]
SQL: SHOW COLUMNS FROM `whol2014_videolist` [ RunTime:0.002365s ]
SQL: SELECT * FROM `whol2014_videolist` WHERE ( `id` = 10459 ) LIMIT 1   [ RunTime:0.000933s ]
SQL: UPDATE `whol2014_videolist` SET `click_count`=click_count+1 WHERE ( id=10459 ) [ RunTime:0.000200s ]

[ 2014-05-05T18:23:52+08:00 ] 127.0.0.1 /video/index.php
INFO: [ app_init ] --START--
INFO: Run Behavior\BuildLiteBehavior [ RunTime:0.000027s ]
INFO: [ app_init ] --END-- [ RunTime:0.000622s ]
INFO: [ app_begin ] --START--
INFO: Run Behavior\ReadHtmlCacheBehavior [ RunTime:0.000568s ]
INFO: [ app_begin ] --END-- [ RunTime:0.000658s ]
SQL: SHOW COLUMNS FROM `whol2014_videolist` [ RunTime:0.001463s ]
SQL: SELECT COUNT(*) AS tp_count FROM `whol2014_videolist` LIMIT 1   [ RunTime:0.000342s ]
SQL: SELECT * FROM `whol2014_videolist` WHERE ( path='直播大武汉' ) ORDER BY id desc LIMIT 6   [ RunTime:0.004614s ]
SQL: SELECT * FROM `whol2014_videolist` WHERE ( path='经视直播' ) ORDER BY id desc LIMIT 6   [ RunTime:0.000692s ]
SQL: SELECT * FROM `whol2014_videolist` WHERE ( path='看荆楚' ) ORDER BY id desc LIMIT 6   [ RunTime:0.000393s ]
SQL: SELECT * FROM `whol2014_videolist` WHERE ( path='原创视界' ) ORDER BY id desc LIMIT 6   [ RunTime:0.020026s ]
SQL: SELECT * FROM `whol2014_videolist` WHERE ( path='天翼4G高清视频' ) ORDER BY id desc LIMIT 6   [ RunTime:0.005507s ]
SQL: SELECT * FROM `whol2014_videolist` WHERE ( path='电视问政' ) ORDER BY id desc LIMIT 6   [ RunTime:0.004138s ]
SQL: SELECT * FROM `whol2014_videolist` WHERE ( path='社区网络春晚' ) ORDER BY id desc LIMIT 6   [ RunTime:0.002747s ]
SQL: SELECT * FROM `whol2014_videolist` WHERE ( path='10000知道' ) ORDER BY id desc LIMIT 6   [ RunTime:0.003068s ]
SQL: SELECT * FROM `whol2014_videolist` WHERE ( path='天翼视讯' ) ORDER BY id desc LIMIT 6   [ RunTime:0.000510s ]
SQL: SELECT * FROM `whol2014_videolist` WHERE ( path='itv导视' ) ORDER BY id desc LIMIT 6   [ RunTime:0.002828s ]
SQL: SELECT * FROM `whol2014_videolist` WHERE ( path='优酷资讯' ) ORDER BY id desc LIMIT 6   [ RunTime:0.000546s ]
INFO: [ view_parse ] --START--
INFO: [ template_filter ] --START--
INFO: Run Behavior\ContentReplaceBehavior [ RunTime:0.000300s ]
INFO: [ template_filter ] --END-- [ RunTime:0.000465s ]
INFO: Run Behavior\ParseTemplateBehavior [ RunTime:0.035590s ]
INFO: [ view_parse ] --END-- [ RunTime:0.035752s ]
INFO: [ view_filter ] --START--
INFO: Run Behavior\WriteHtmlCacheBehavior [ RunTime:0.000648s ]
INFO: [ view_filter ] --END-- [ RunTime:0.000749s ]
INFO: [ app_end ] --START--
INFO: Run Behavior\ShowPageTraceBehavior [ RunTime:0.001846s ]
INFO: [ app_end ] --END-- [ RunTime:0.002051s ]

[ 2014-05-05T18:23:57+08:00 ] 127.0.0.1 /video/index.php
INFO: [ app_init ] --START--
INFO: Run Behavior\BuildLiteBehavior [ RunTime:0.000024s ]
INFO: [ app_init ] --END-- [ RunTime:0.000480s ]
INFO: [ app_begin ] --START--
INFO: Run Behavior\ReadHtmlCacheBehavior [ RunTime:0.000878s ]
INFO: [ app_begin ] --END-- [ RunTime:0.001020s ]
SQL: SHOW COLUMNS FROM `whol2014_videolist` [ RunTime:0.004537s ]
SQL: SELECT COUNT(*) AS tp_count FROM `whol2014_videolist` LIMIT 1   [ RunTime:0.000194s ]
SQL: SELECT * FROM `whol2014_videolist` WHERE ( path='直播大武汉' ) ORDER BY id desc LIMIT 6   [ RunTime:0.000965s ]
SQL: SELECT * FROM `whol2014_videolist` WHERE ( path='经视直播' ) ORDER BY id desc LIMIT 6   [ RunTime:0.000586s ]
SQL: SELECT * FROM `whol2014_videolist` WHERE ( path='看荆楚' ) ORDER BY id desc LIMIT 6   [ RunTime:0.000270s ]
SQL: SELECT * FROM `whol2014_videolist` WHERE ( path='原创视界' ) ORDER BY id desc LIMIT 6   [ RunTime:0.002886s ]
SQL: SELECT * FROM `whol2014_videolist` WHERE ( path='天翼4G高清视频' ) ORDER BY id desc LIMIT 6   [ RunTime:0.002885s ]
SQL: SELECT * FROM `whol2014_videolist` WHERE ( path='电视问政' ) ORDER BY id desc LIMIT 6   [ RunTime:0.003465s ]
SQL: SELECT * FROM `whol2014_videolist` WHERE ( path='社区网络春晚' ) ORDER BY id desc LIMIT 6   [ RunTime:0.002664s ]
SQL: SELECT * FROM `whol2014_videolist` WHERE ( path='10000知道' ) ORDER BY id desc LIMIT 6   [ RunTime:0.002876s ]
SQL: SELECT * FROM `whol2014_videolist` WHERE ( path='天翼视讯' ) ORDER BY id desc LIMIT 6   [ RunTime:0.003144s ]
SQL: SELECT * FROM `whol2014_videolist` WHERE ( path='itv导视' ) ORDER BY id desc LIMIT 6   [ RunTime:0.001223s ]
SQL: SELECT * FROM `whol2014_videolist` WHERE ( path='优酷资讯' ) ORDER BY id desc LIMIT 6   [ RunTime:0.000341s ]
INFO: [ view_parse ] --START--
INFO: [ template_filter ] --START--
INFO: Run Behavior\ContentReplaceBehavior [ RunTime:0.000225s ]
INFO: [ template_filter ] --END-- [ RunTime:0.000347s ]
INFO: Run Behavior\ParseTemplateBehavior [ RunTime:0.027653s ]
INFO: [ view_parse ] --END-- [ RunTime:0.027757s ]
INFO: [ view_filter ] --START--
INFO: Run Behavior\WriteHtmlCacheBehavior [ RunTime:0.000181s ]
INFO: [ view_filter ] --END-- [ RunTime:0.000267s ]
INFO: [ app_end ] --START--
INFO: Run Behavior\ShowPageTraceBehavior [ RunTime:0.000666s ]
INFO: [ app_end ] --END-- [ RunTime:0.000804s ]

[ 2014-05-05T18:24:57+08:00 ] 127.0.0.1 /video/index.php
INFO: [ app_init ] --START--
INFO: Run Behavior\BuildLiteBehavior [ RunTime:0.000022s ]
INFO: [ app_init ] --END-- [ RunTime:0.000424s ]
INFO: [ app_begin ] --START--
INFO: Run Behavior\ReadHtmlCacheBehavior [ RunTime:0.000518s ]
INFO: [ app_begin ] --END-- [ RunTime:0.000619s ]
SQL: SHOW COLUMNS FROM `whol2014_videolist` [ RunTime:0.002741s ]
SQL: SELECT COUNT(*) AS tp_count FROM `whol2014_videolist` LIMIT 1   [ RunTime:0.000368s ]
SQL: SELECT * FROM `whol2014_videolist` WHERE ( path='直播大武汉' ) ORDER BY id desc LIMIT 6   [ RunTime:0.001038s ]
SQL: SELECT * FROM `whol2014_videolist` WHERE ( path='经视直播' ) ORDER BY id desc LIMIT 6   [ RunTime:0.000600s ]
SQL: SELECT * FROM `whol2014_videolist` WHERE ( path='看荆楚' ) ORDER BY id desc LIMIT 6   [ RunTime:0.000352s ]
SQL: SELECT * FROM `whol2014_videolist` WHERE ( path='原创视界' ) ORDER BY id desc LIMIT 6   [ RunTime:0.002515s ]
SQL: SELECT * FROM `whol2014_videolist` WHERE ( path='天翼4G高清视频' ) ORDER BY id desc LIMIT 6   [ RunTime:0.003260s ]
SQL: SELECT * FROM `whol2014_videolist` WHERE ( path='电视问政' ) ORDER BY id desc LIMIT 6   [ RunTime:0.003364s ]
SQL: SELECT * FROM `whol2014_videolist` WHERE ( path='社区网络春晚' ) ORDER BY id desc LIMIT 6   [ RunTime:0.003398s ]
SQL: SELECT * FROM `whol2014_videolist` WHERE ( path='10000知道' ) ORDER BY id desc LIMIT 6   [ RunTime:0.005055s ]
SQL: SELECT * FROM `whol2014_videolist` WHERE ( path='天翼视讯' ) ORDER BY id desc LIMIT 6   [ RunTime:0.000659s ]
SQL: SELECT * FROM `whol2014_videolist` WHERE ( path='itv导视' ) ORDER BY id desc LIMIT 6   [ RunTime:0.001149s ]
SQL: SELECT * FROM `whol2014_videolist` WHERE ( path='优酷资讯' ) ORDER BY id desc LIMIT 6   [ RunTime:0.000378s ]
INFO: [ view_parse ] --START--
INFO: [ template_filter ] --START--
INFO: Run Behavior\ContentReplaceBehavior [ RunTime:0.000249s ]
INFO: [ template_filter ] --END-- [ RunTime:0.000372s ]
INFO: Run Behavior\ParseTemplateBehavior [ RunTime:0.028121s ]
INFO: [ view_parse ] --END-- [ RunTime:0.028283s ]
INFO: [ view_filter ] --START--
INFO: Run Behavior\WriteHtmlCacheBehavior [ RunTime:0.000248s ]
INFO: [ view_filter ] --END-- [ RunTime:0.000345s ]
INFO: [ app_end ] --START--
INFO: Run Behavior\ShowPageTraceBehavior [ RunTime:0.000884s ]
INFO: [ app_end ] --END-- [ RunTime:0.001039s ]

[ 2014-05-05T18:24:58+08:00 ] 127.0.0.1 /video/index.php/Home/Index/getVideoURL
INFO: [ app_init ] --START--
INFO: Run Behavior\BuildLiteBehavior [ RunTime:0.000055s ]
INFO: [ app_init ] --END-- [ RunTime:0.001646s ]
INFO: [ app_begin ] --START--
INFO: Run Behavior\ReadHtmlCacheBehavior [ RunTime:0.000879s ]
INFO: [ app_begin ] --END-- [ RunTime:0.001079s ]
SQL: SHOW COLUMNS FROM `whol2014_videolist` [ RunTime:0.002331s ]
SQL: SELECT * FROM `whol2014_videolist` WHERE ( `id` = 10431 ) LIMIT 1   [ RunTime:0.000410s ]
SQL: UPDATE `whol2014_videolist` SET `click_count`=click_count+1 WHERE ( id=10431 ) [ RunTime:0.000310s ]

