[ 2014-04-29T23:13:42+08:00 ] 127.0.0.1 /video/index.php
INFO: [ app_init ] --START--
INFO: Run Behavior\BuildLiteBehavior [ RunTime:0.000057s ]
INFO: [ app_init ] --END-- [ RunTime:0.006004s ]
INFO: [ app_begin ] --START--
INFO: Run Behavior\ReadHtmlCacheBehavior [ RunTime:0.001182s ]
INFO: [ app_begin ] --END-- [ RunTime:0.001302s ]
INFO: [ view_parse ] --START--
INFO: [ template_filter ] --START--
INFO: Run Behavior\ContentReplaceBehavior [ RunTime:0.000066s ]
INFO: [ template_filter ] --END-- [ RunTime:0.000206s ]
INFO: Run Behavior\ParseTemplateBehavior [ RunTime:0.010596s ]
INFO: [ view_parse ] --END-- [ RunTime:0.010729s ]
INFO: [ view_filter ] --START--
INFO: Run Behavior\WriteHtmlCacheBehavior [ RunTime:0.000578s ]
INFO: [ view_filter ] --END-- [ RunTime:0.000676s ]
INFO: [ app_end ] --START--
INFO: Run Behavior\ShowPageTraceBehavior [ RunTime:0.003095s ]
INFO: [ app_end ] --END-- [ RunTime:0.003248s ]

[ 2014-04-29T23:13:48+08:00 ] 127.0.0.1 /video/index.php
INFO: [ app_init ] --START--
INFO: Run Behavior\BuildLiteBehavior [ RunTime:0.000025s ]
INFO: [ app_init ] --END-- [ RunTime:0.000493s ]
INFO: [ app_begin ] --START--
INFO: Run Behavior\ReadHtmlCacheBehavior [ RunTime:0.001050s ]
INFO: [ app_begin ] --END-- [ RunTime:0.001177s ]
INFO: [ view_parse ] --START--
INFO: Run Behavior\ParseTemplateBehavior [ RunTime:0.000242s ]
INFO: [ view_parse ] --END-- [ RunTime:0.000363s ]
INFO: [ view_filter ] --START--
INFO: Run Behavior\WriteHtmlCacheBehavior [ RunTime:0.000153s ]
INFO: [ view_filter ] --END-- [ RunTime:0.000231s ]
INFO: [ app_end ] --START--
INFO: Run Behavior\ShowPageTraceBehavior [ RunTime:0.000582s ]
INFO: [ app_end ] --END-- [ RunTime:0.000662s ]

[ 2014-04-29T23:13:48+08:00 ] 127.0.0.1 /video/index.php
INFO: [ app_init ] --START--
INFO: Run Behavior\BuildLiteBehavior [ RunTime:0.000024s ]
INFO: [ app_init ] --END-- [ RunTime:0.000482s ]
INFO: [ app_begin ] --START--
INFO: Run Behavior\ReadHtmlCacheBehavior [ RunTime:0.000583s ]
INFO: [ app_begin ] --END-- [ RunTime:0.000684s ]
INFO: [ view_parse ] --START--
INFO: Run Behavior\ParseTemplateBehavior [ RunTime:0.000227s ]
INFO: [ view_parse ] --END-- [ RunTime:0.000330s ]
INFO: [ view_filter ] --START--
INFO: Run Behavior\WriteHtmlCacheBehavior [ RunTime:0.000168s ]
INFO: [ view_filter ] --END-- [ RunTime:0.000261s ]
INFO: [ app_end ] --START--
INFO: Run Behavior\ShowPageTraceBehavior [ RunTime:0.000623s ]
INFO: [ app_end ] --END-- [ RunTime:0.000718s ]

[ 2014-04-29T23:13:49+08:00 ] 127.0.0.1 /video/index.php
INFO: [ app_init ] --START--
INFO: Run Behavior\BuildLiteBehavior [ RunTime:0.000026s ]
INFO: [ app_init ] --END-- [ RunTime:0.000486s ]
INFO: [ app_begin ] --START--
INFO: Run Behavior\ReadHtmlCacheBehavior [ RunTime:0.000484s ]
INFO: [ app_begin ] --END-- [ RunTime:0.000567s ]
INFO: [ view_parse ] --START--
INFO: Run Behavior\ParseTemplateBehavior [ RunTime:0.000207s ]
INFO: [ view_parse ] --END-- [ RunTime:0.000296s ]
INFO: [ view_filter ] --START--
INFO: Run Behavior\WriteHtmlCacheBehavior [ RunTime:0.000140s ]
INFO: [ view_filter ] --END-- [ RunTime:0.000216s ]
INFO: [ app_end ] --START--
INFO: Run Behavior\ShowPageTraceBehavior [ RunTime:0.000505s ]
INFO: [ app_end ] --END-- [ RunTime:0.000582s ]

[ 2014-04-29T23:13:49+08:00 ] 127.0.0.1 /video/index.php
INFO: [ app_init ] --START--
INFO: Run Behavior\BuildLiteBehavior [ RunTime:0.000020s ]
INFO: [ app_init ] --END-- [ RunTime:0.000407s ]
INFO: [ app_begin ] --START--
INFO: Run Behavior\ReadHtmlCacheBehavior [ RunTime:0.000477s ]
INFO: [ app_begin ] --END-- [ RunTime:0.000560s ]
INFO: [ view_parse ] --START--
INFO: Run Behavior\ParseTemplateBehavior [ RunTime:0.000192s ]
INFO: [ view_parse ] --END-- [ RunTime:0.000275s ]
INFO: [ view_filter ] --START--
INFO: Run Behavior\WriteHtmlCacheBehavior [ RunTime:0.000136s ]
INFO: [ view_filter ] --END-- [ RunTime:0.000213s ]
INFO: [ app_end ] --START--
INFO: Run Behavior\ShowPageTraceBehavior [ RunTime:0.000570s ]
INFO: [ app_end ] --END-- [ RunTime:0.000655s ]

[ 2014-04-29T23:13:49+08:00 ] 127.0.0.1 /video/index.php
INFO: [ app_init ] --START--
INFO: Run Behavior\BuildLiteBehavior [ RunTime:0.000024s ]
INFO: [ app_init ] --END-- [ RunTime:0.000478s ]
INFO: [ app_begin ] --START--
INFO: Run Behavior\ReadHtmlCacheBehavior [ RunTime:0.000587s ]
INFO: [ app_begin ] --END-- [ RunTime:0.000688s ]
INFO: [ view_parse ] --START--
INFO: Run Behavior\ParseTemplateBehavior [ RunTime:0.000229s ]
INFO: [ view_parse ] --END-- [ RunTime:0.000331s ]
INFO: [ view_filter ] --START--
INFO: Run Behavior\WriteHtmlCacheBehavior [ RunTime:0.000168s ]
INFO: [ view_filter ] --END-- [ RunTime:0.000262s ]
INFO: [ app_end ] --START--
INFO: Run Behavior\ShowPageTraceBehavior [ RunTime:0.000619s ]
INFO: [ app_end ] --END-- [ RunTime:0.000714s ]

[ 2014-04-29T23:13:49+08:00 ] 127.0.0.1 /video/index.php
INFO: [ app_init ] --START--
INFO: Run Behavior\BuildLiteBehavior [ RunTime:0.000021s ]
INFO: [ app_init ] --END-- [ RunTime:0.000433s ]
INFO: [ app_begin ] --START--
INFO: Run Behavior\ReadHtmlCacheBehavior [ RunTime:0.000477s ]
INFO: [ app_begin ] --END-- [ RunTime:0.000560s ]
INFO: [ view_parse ] --START--
INFO: Run Behavior\ParseTemplateBehavior [ RunTime:0.000188s ]
INFO: [ view_parse ] --END-- [ RunTime:0.000271s ]
INFO: [ view_filter ] --START--
INFO: Run Behavior\WriteHtmlCacheBehavior [ RunTime:0.000136s ]
INFO: [ view_filter ] --END-- [ RunTime:0.000213s ]
INFO: [ app_end ] --START--
INFO: Run Behavior\ShowPageTraceBehavior [ RunTime:0.000510s ]
INFO: [ app_end ] --END-- [ RunTime:0.000588s ]

[ 2014-04-29T23:13:49+08:00 ] 127.0.0.1 /video/index.php
INFO: [ app_init ] --START--
INFO: Run Behavior\BuildLiteBehavior [ RunTime:0.000022s ]
INFO: [ app_init ] --END-- [ RunTime:0.000431s ]
INFO: [ app_begin ] --START--
INFO: Run Behavior\ReadHtmlCacheBehavior [ RunTime:0.000669s ]
INFO: [ app_begin ] --END-- [ RunTime:0.000776s ]
INFO: [ view_parse ] --START--
INFO: Run Behavior\ParseTemplateBehavior [ RunTime:0.000199s ]
INFO: [ view_parse ] --END-- [ RunTime:0.000286s ]
INFO: [ view_filter ] --START--
INFO: Run Behavior\WriteHtmlCacheBehavior [ RunTime:0.000140s ]
INFO: [ view_filter ] --END-- [ RunTime:0.000215s ]
INFO: [ app_end ] --START--
INFO: Run Behavior\ShowPageTraceBehavior [ RunTime:0.000510s ]
INFO: [ app_end ] --END-- [ RunTime:0.000588s ]

[ 2014-04-29T23:13:52+08:00 ] 127.0.0.1 /video/index.php
INFO: [ app_init ] --START--
INFO: Run Behavior\BuildLiteBehavior [ RunTime:0.000019s ]
INFO: [ app_init ] --END-- [ RunTime:0.000386s ]
INFO: [ app_begin ] --START--
INFO: Run Behavior\ReadHtmlCacheBehavior [ RunTime:0.000496s ]
INFO: [ app_begin ] --END-- [ RunTime:0.000590s ]
INFO: [ view_parse ] --START--
INFO: Run Behavior\ParseTemplateBehavior [ RunTime:0.000206s ]
INFO: [ view_parse ] --END-- [ RunTime:0.000308s ]
INFO: [ view_filter ] --START--
INFO: Run Behavior\WriteHtmlCacheBehavior [ RunTime:0.000155s ]
INFO: [ view_filter ] --END-- [ RunTime:0.000245s ]
INFO: [ app_end ] --START--
INFO: Run Behavior\ShowPageTraceBehavior [ RunTime:0.000505s ]
INFO: [ app_end ] --END-- [ RunTime:0.000583s ]

[ 2014-04-29T23:13:52+08:00 ] 127.0.0.1 /video/index.php
INFO: [ app_init ] --START--
INFO: Run Behavior\BuildLiteBehavior [ RunTime:0.000021s ]
INFO: [ app_init ] --END-- [ RunTime:0.000394s ]
INFO: [ app_begin ] --START--
INFO: Run Behavior\ReadHtmlCacheBehavior [ RunTime:0.000477s ]
INFO: [ app_begin ] --END-- [ RunTime:0.000559s ]
INFO: [ view_parse ] --START--
INFO: Run Behavior\ParseTemplateBehavior [ RunTime:0.000189s ]
INFO: [ view_parse ] --END-- [ RunTime:0.000272s ]
INFO: [ view_filter ] --START--
INFO: Run Behavior\WriteHtmlCacheBehavior [ RunTime:0.000137s ]
INFO: [ view_filter ] --END-- [ RunTime:0.000213s ]
INFO: [ app_end ] --START--
INFO: Run Behavior\ShowPageTraceBehavior [ RunTime:0.000865s ]
INFO: [ app_end ] --END-- [ RunTime:0.001003s ]

[ 2014-04-29T23:13:53+08:00 ] 127.0.0.1 /video/index.php
INFO: [ app_init ] --START--
INFO: Run Behavior\BuildLiteBehavior [ RunTime:0.000020s ]
INFO: [ app_init ] --END-- [ RunTime:0.000390s ]
INFO: [ app_begin ] --START--
INFO: Run Behavior\ReadHtmlCacheBehavior [ RunTime:0.000517s ]
INFO: [ app_begin ] --END-- [ RunTime:0.000606s ]
INFO: [ view_parse ] --START--
INFO: Run Behavior\ParseTemplateBehavior [ RunTime:0.000191s ]
INFO: [ view_parse ] --END-- [ RunTime:0.000273s ]
INFO: [ view_filter ] --START--
INFO: Run Behavior\WriteHtmlCacheBehavior [ RunTime:0.000137s ]
INFO: [ view_filter ] --END-- [ RunTime:0.000213s ]
INFO: [ app_end ] --START--
INFO: Run Behavior\ShowPageTraceBehavior [ RunTime:0.000545s ]
INFO: [ app_end ] --END-- [ RunTime:0.000624s ]

[ 2014-04-29T23:14:15+08:00 ] 127.0.0.1 /video/index.php
INFO: [ app_init ] --START--
INFO: Run Behavior\BuildLiteBehavior [ RunTime:0.000026s ]
INFO: [ app_init ] --END-- [ RunTime:0.000538s ]
INFO: [ app_begin ] --START--
INFO: Run Behavior\ReadHtmlCacheBehavior [ RunTime:0.000671s ]
INFO: [ app_begin ] --END-- [ RunTime:0.000790s ]
NOTIC: [2] simplexml_load_string() [<a href='function.simplexml-load-string'>function.simplexml-load-string</a>]: Entity: line 1: parser error : Space required after the Public Identifier /Applications/XAMPP/xamppfiles/htdocs/video/Application/Home/Controller/apiHandler.class.php 第 107 行.
NOTIC: [2] simplexml_load_string() [<a href='function.simplexml-load-string'>function.simplexml-load-string</a>]: &lt;!DOCTYPE HTML PUBLIC &quot;-//IETF//DTD HTML 2.0//EN&quot;&gt; /Applications/XAMPP/xamppfiles/htdocs/video/Application/Home/Controller/apiHandler.class.php 第 107 行.
NOTIC: [2] simplexml_load_string() [<a href='function.simplexml-load-string'>function.simplexml-load-string</a>]:                                                  ^ /Applications/XAMPP/xamppfiles/htdocs/video/Application/Home/Controller/apiHandler.class.php 第 107 行.
NOTIC: [2] simplexml_load_string() [<a href='function.simplexml-load-string'>function.simplexml-load-string</a>]: Entity: line 1: parser error : SystemLiteral &quot; or ' expected /Applications/XAMPP/xamppfiles/htdocs/video/Application/Home/Controller/apiHandler.class.php 第 107 行.
NOTIC: [2] simplexml_load_string() [<a href='function.simplexml-load-string'>function.simplexml-load-string</a>]: &lt;!DOCTYPE HTML PUBLIC &quot;-//IETF//DTD HTML 2.0//EN&quot;&gt; /Applications/XAMPP/xamppfiles/htdocs/video/Application/Home/Controller/apiHandler.class.php 第 107 行.
NOTIC: [2] simplexml_load_string() [<a href='function.simplexml-load-string'>function.simplexml-load-string</a>]:                                                  ^ /Applications/XAMPP/xamppfiles/htdocs/video/Application/Home/Controller/apiHandler.class.php 第 107 行.
NOTIC: [2] simplexml_load_string() [<a href='function.simplexml-load-string'>function.simplexml-load-string</a>]: Entity: line 1: parser error : SYSTEM or PUBLIC, the URI is missing /Applications/XAMPP/xamppfiles/htdocs/video/Application/Home/Controller/apiHandler.class.php 第 107 行.
NOTIC: [2] simplexml_load_string() [<a href='function.simplexml-load-string'>function.simplexml-load-string</a>]: &lt;!DOCTYPE HTML PUBLIC &quot;-//IETF//DTD HTML 2.0//EN&quot;&gt; /Applications/XAMPP/xamppfiles/htdocs/video/Application/Home/Controller/apiHandler.class.php 第 107 行.
NOTIC: [2] simplexml_load_string() [<a href='function.simplexml-load-string'>function.simplexml-load-string</a>]:                                                  ^ /Applications/XAMPP/xamppfiles/htdocs/video/Application/Home/Controller/apiHandler.class.php 第 107 行.
NOTIC: [8] Trying to get property of non-object /Applications/XAMPP/xamppfiles/htdocs/video/Application/Home/Controller/apiHandler.class.php 第 108 行.
INFO: [ app_end ] --START--
INFO: Run Behavior\ShowPageTraceBehavior [ RunTime:0.001189s ]
INFO: [ app_end ] --END-- [ RunTime:0.001406s ]

[ 2014-04-29T23:14:25+08:00 ] 127.0.0.1 /video/index.php
INFO: [ app_init ] --START--
INFO: Run Behavior\BuildLiteBehavior [ RunTime:0.000043s ]
INFO: [ app_init ] --END-- [ RunTime:0.000727s ]
INFO: [ app_begin ] --START--
INFO: Run Behavior\ReadHtmlCacheBehavior [ RunTime:0.000687s ]
INFO: [ app_begin ] --END-- [ RunTime:0.000801s ]
NOTIC: [2] simplexml_load_string() [<a href='function.simplexml-load-string'>function.simplexml-load-string</a>]: Entity: line 1: parser error : Space required after the Public Identifier /Applications/XAMPP/xamppfiles/htdocs/video/Application/Home/Controller/apiHandler.class.php 第 107 行.
NOTIC: [2] simplexml_load_string() [<a href='function.simplexml-load-string'>function.simplexml-load-string</a>]: &lt;!DOCTYPE HTML PUBLIC &quot;-//IETF//DTD HTML 2.0//EN&quot;&gt; /Applications/XAMPP/xamppfiles/htdocs/video/Application/Home/Controller/apiHandler.class.php 第 107 行.
NOTIC: [2] simplexml_load_string() [<a href='function.simplexml-load-string'>function.simplexml-load-string</a>]:                                                  ^ /Applications/XAMPP/xamppfiles/htdocs/video/Application/Home/Controller/apiHandler.class.php 第 107 行.
NOTIC: [2] simplexml_load_string() [<a href='function.simplexml-load-string'>function.simplexml-load-string</a>]: Entity: line 1: parser error : SystemLiteral &quot; or ' expected /Applications/XAMPP/xamppfiles/htdocs/video/Application/Home/Controller/apiHandler.class.php 第 107 行.
NOTIC: [2] simplexml_load_string() [<a href='function.simplexml-load-string'>function.simplexml-load-string</a>]: &lt;!DOCTYPE HTML PUBLIC &quot;-//IETF//DTD HTML 2.0//EN&quot;&gt; /Applications/XAMPP/xamppfiles/htdocs/video/Application/Home/Controller/apiHandler.class.php 第 107 行.
NOTIC: [2] simplexml_load_string() [<a href='function.simplexml-load-string'>function.simplexml-load-string</a>]:                                                  ^ /Applications/XAMPP/xamppfiles/htdocs/video/Application/Home/Controller/apiHandler.class.php 第 107 行.
NOTIC: [2] simplexml_load_string() [<a href='function.simplexml-load-string'>function.simplexml-load-string</a>]: Entity: line 1: parser error : SYSTEM or PUBLIC, the URI is missing /Applications/XAMPP/xamppfiles/htdocs/video/Application/Home/Controller/apiHandler.class.php 第 107 行.
NOTIC: [2] simplexml_load_string() [<a href='function.simplexml-load-string'>function.simplexml-load-string</a>]: &lt;!DOCTYPE HTML PUBLIC &quot;-//IETF//DTD HTML 2.0//EN&quot;&gt; /Applications/XAMPP/xamppfiles/htdocs/video/Application/Home/Controller/apiHandler.class.php 第 107 行.
NOTIC: [2] simplexml_load_string() [<a href='function.simplexml-load-string'>function.simplexml-load-string</a>]:                                                  ^ /Applications/XAMPP/xamppfiles/htdocs/video/Application/Home/Controller/apiHandler.class.php 第 107 行.
NOTIC: [8] Trying to get property of non-object /Applications/XAMPP/xamppfiles/htdocs/video/Application/Home/Controller/apiHandler.class.php 第 108 行.
INFO: [ app_end ] --START--
INFO: Run Behavior\ShowPageTraceBehavior [ RunTime:0.001143s ]
INFO: [ app_end ] --END-- [ RunTime:0.001350s ]

