[ 2014-05-28T00:01:45+08:00 ] 66.249.64.172 /video/index.php/Home/Index/play/id/9325
INFO: [ app_init ] --START--
INFO: Run Behavior\BuildLiteBehavior [ RunTime:0.000021s ]
INFO: [ app_init ] --END-- [ RunTime:0.000359s ]
INFO: [ app_begin ] --START--
INFO: Run Behavior\ReadHtmlCacheBehavior [ RunTime:0.000397s ]
INFO: [ app_begin ] --END-- [ RunTime:0.000476s ]
SQL: SHOW COLUMNS FROM `whol2014_videolist` [ RunTime:0.002375s ]
SQL: SELECT * FROM `whol2014_videolist` WHERE ( `id` = 9325 ) LIMIT 1   [ RunTime:0.000465s ]
SQL: SELECT * FROM `whol2014_videolist` ORDER BY id desc LIMIT 30   [ RunTime:0.001177s ]
SQL: SELECT * FROM `whol2014_videolist` ORDER BY click_count desc LIMIT 30   [ RunTime:0.004041s ]
INFO: [ view_parse ] --START--
INFO: [ template_filter ] --START--
INFO: Run Behavior\ContentReplaceBehavior [ RunTime:0.000147s ]
INFO: [ template_filter ] --END-- [ RunTime:0.000258s ]
INFO: Run Behavior\ParseTemplateBehavior [ RunTime:0.013228s ]
INFO: [ view_parse ] --END-- [ RunTime:0.013353s ]
INFO: [ view_filter ] --START--
INFO: Run Behavior\WriteHtmlCacheBehavior [ RunTime:0.000273s ]
INFO: [ view_filter ] --END-- [ RunTime:0.000334s ]
INFO: [ app_end ] --START--
INFO: Run Behavior\ShowPageTraceBehavior [ RunTime:0.000538s ]
INFO: [ app_end ] --END-- [ RunTime:0.000603s ]

[ 2014-05-28T00:03:25+08:00 ] 123.125.71.100 /video/index.php/Home/Index/more/category/3/p/3.html
INFO: [ app_init ] --START--
INFO: Run Behavior\BuildLiteBehavior [ RunTime:0.000020s ]
INFO: [ app_init ] --END-- [ RunTime:0.000351s ]
INFO: [ app_begin ] --START--
INFO: Run Behavior\ReadHtmlCacheBehavior [ RunTime:0.000538s ]
INFO: [ app_begin ] --END-- [ RunTime:0.000610s ]
SQL: SHOW COLUMNS FROM `whol2014_videolist` [ RunTime:0.001440s ]
SQL: SELECT COUNT(*) AS tp_count FROM `whol2014_videolist` WHERE ( path='看荆楚' ) LIMIT 1   [ RunTime:0.002018s ]
SQL: SELECT * FROM `whol2014_videolist` WHERE ( path='看荆楚' ) ORDER BY id desc LIMIT 50,25   [ RunTime:0.002401s ]
INFO: [ view_parse ] --START--
INFO: [ template_filter ] --START--
INFO: Run Behavior\ContentReplaceBehavior [ RunTime:0.000080s ]
INFO: [ template_filter ] --END-- [ RunTime:0.000151s ]
INFO: Run Behavior\ParseTemplateBehavior [ RunTime:0.009086s ]
INFO: [ view_parse ] --END-- [ RunTime:0.009173s ]
INFO: [ view_filter ] --START--
INFO: Run Behavior\WriteHtmlCacheBehavior [ RunTime:0.000187s ]
INFO: [ view_filter ] --END-- [ RunTime:0.000256s ]
INFO: [ app_end ] --START--
INFO: Run Behavior\ShowPageTraceBehavior [ RunTime:0.000427s ]
INFO: [ app_end ] --END-- [ RunTime:0.000496s ]

[ 2014-05-28T01:10:05+08:00 ] 123.125.71.100 /video/index.php/Home/Index/more/category/3/p/4.html
INFO: [ app_init ] --START--
INFO: Run Behavior\BuildLiteBehavior [ RunTime:0.000037s ]
INFO: [ app_init ] --END-- [ RunTime:0.000526s ]
INFO: [ app_begin ] --START--
INFO: Run Behavior\ReadHtmlCacheBehavior [ RunTime:0.000445s ]
INFO: [ app_begin ] --END-- [ RunTime:0.000509s ]
SQL: SHOW COLUMNS FROM `whol2014_videolist` [ RunTime:0.001815s ]
SQL: SELECT COUNT(*) AS tp_count FROM `whol2014_videolist` WHERE ( path='看荆楚' ) LIMIT 1   [ RunTime:0.002438s ]
SQL: SELECT * FROM `whol2014_videolist` WHERE ( path='看荆楚' ) ORDER BY id desc LIMIT 75,25   [ RunTime:0.003057s ]
INFO: [ view_parse ] --START--
INFO: [ template_filter ] --START--
INFO: Run Behavior\ContentReplaceBehavior [ RunTime:0.000126s ]
INFO: [ template_filter ] --END-- [ RunTime:0.000203s ]
INFO: Run Behavior\ParseTemplateBehavior [ RunTime:0.010176s ]
INFO: [ view_parse ] --END-- [ RunTime:0.010276s ]
INFO: [ view_filter ] --START--
INFO: Run Behavior\WriteHtmlCacheBehavior [ RunTime:0.000188s ]
INFO: [ view_filter ] --END-- [ RunTime:0.000255s ]
INFO: [ app_end ] --START--
INFO: Run Behavior\ShowPageTraceBehavior [ RunTime:0.000493s ]
INFO: [ app_end ] --END-- [ RunTime:0.000564s ]

[ 2014-05-28T01:17:33+08:00 ] 66.249.64.177 /video/index.php/Home/Index/play/id/10520
INFO: [ app_init ] --START--
INFO: Run Behavior\BuildLiteBehavior [ RunTime:0.000018s ]
INFO: [ app_init ] --END-- [ RunTime:0.000337s ]
INFO: [ app_begin ] --START--
INFO: Run Behavior\ReadHtmlCacheBehavior [ RunTime:0.000381s ]
INFO: [ app_begin ] --END-- [ RunTime:0.000438s ]
SQL: SHOW COLUMNS FROM `whol2014_videolist` [ RunTime:0.001436s ]
SQL: SELECT * FROM `whol2014_videolist` WHERE ( `id` = 10520 ) LIMIT 1   [ RunTime:0.000298s ]
SQL: SELECT * FROM `whol2014_videolist` ORDER BY id desc LIMIT 30   [ RunTime:0.000757s ]
SQL: SELECT * FROM `whol2014_videolist` ORDER BY click_count desc LIMIT 30   [ RunTime:0.002593s ]
INFO: [ view_parse ] --START--
INFO: [ template_filter ] --START--
INFO: Run Behavior\ContentReplaceBehavior [ RunTime:0.000136s ]
INFO: [ template_filter ] --END-- [ RunTime:0.000220s ]
INFO: Run Behavior\ParseTemplateBehavior [ RunTime:0.012424s ]
INFO: [ view_parse ] --END-- [ RunTime:0.012510s ]
INFO: [ view_filter ] --START--
INFO: Run Behavior\WriteHtmlCacheBehavior [ RunTime:0.000192s ]
INFO: [ view_filter ] --END-- [ RunTime:0.000247s ]
INFO: [ app_end ] --START--
INFO: Run Behavior\ShowPageTraceBehavior [ RunTime:0.000473s ]
INFO: [ app_end ] --END-- [ RunTime:0.000534s ]

[ 2014-05-28T01:43:25+08:00 ] 220.181.108.95 /video/index.php/Home/Index/play/id/8557
INFO: [ app_init ] --START--
INFO: Run Behavior\BuildLiteBehavior [ RunTime:0.000021s ]
INFO: [ app_init ] --END-- [ RunTime:0.000382s ]
INFO: [ app_begin ] --START--
INFO: Run Behavior\ReadHtmlCacheBehavior [ RunTime:0.000423s ]
INFO: [ app_begin ] --END-- [ RunTime:0.000484s ]
SQL: SHOW COLUMNS FROM `whol2014_videolist` [ RunTime:0.001604s ]
SQL: SELECT * FROM `whol2014_videolist` WHERE ( `id` = 8557 ) LIMIT 1   [ RunTime:0.000365s ]
SQL: SELECT * FROM `whol2014_videolist` ORDER BY id desc LIMIT 30   [ RunTime:0.000814s ]
SQL: SELECT * FROM `whol2014_videolist` ORDER BY click_count desc LIMIT 30   [ RunTime:0.002845s ]
INFO: [ view_parse ] --START--
INFO: [ template_filter ] --START--
INFO: Run Behavior\ContentReplaceBehavior [ RunTime:0.000131s ]
INFO: [ template_filter ] --END-- [ RunTime:0.000213s ]
INFO: Run Behavior\ParseTemplateBehavior [ RunTime:0.012804s ]
INFO: [ view_parse ] --END-- [ RunTime:0.012870s ]
INFO: [ view_filter ] --START--
INFO: Run Behavior\WriteHtmlCacheBehavior [ RunTime:0.000184s ]
INFO: [ view_filter ] --END-- [ RunTime:0.000239s ]
INFO: [ app_end ] --START--
INFO: Run Behavior\ShowPageTraceBehavior [ RunTime:0.000481s ]
INFO: [ app_end ] --END-- [ RunTime:0.000556s ]

[ 2014-05-28T02:16:45+08:00 ] 220.181.108.166 /video/index.php/Home/Index/play/id/8272
INFO: [ app_init ] --START--
INFO: Run Behavior\BuildLiteBehavior [ RunTime:0.000021s ]
INFO: [ app_init ] --END-- [ RunTime:0.000387s ]
INFO: [ app_begin ] --START--
INFO: Run Behavior\ReadHtmlCacheBehavior [ RunTime:0.000838s ]
INFO: [ app_begin ] --END-- [ RunTime:0.000935s ]
SQL: SHOW COLUMNS FROM `whol2014_videolist` [ RunTime:0.001510s ]
SQL: SELECT * FROM `whol2014_videolist` WHERE ( `id` = 8272 ) LIMIT 1   [ RunTime:0.000320s ]
SQL: SELECT * FROM `whol2014_videolist` ORDER BY id desc LIMIT 30   [ RunTime:0.000771s ]
SQL: SELECT * FROM `whol2014_videolist` ORDER BY click_count desc LIMIT 30   [ RunTime:0.002724s ]
INFO: [ view_parse ] --START--
INFO: [ template_filter ] --START--
INFO: Run Behavior\ContentReplaceBehavior [ RunTime:0.000153s ]
INFO: [ template_filter ] --END-- [ RunTime:0.000240s ]
INFO: Run Behavior\ParseTemplateBehavior [ RunTime:0.013501s ]
INFO: [ view_parse ] --END-- [ RunTime:0.013574s ]
INFO: [ view_filter ] --START--
INFO: Run Behavior\WriteHtmlCacheBehavior [ RunTime:0.000182s ]
INFO: [ view_filter ] --END-- [ RunTime:0.000236s ]
INFO: [ app_end ] --START--
INFO: Run Behavior\ShowPageTraceBehavior [ RunTime:0.000508s ]
INFO: [ app_end ] --END-- [ RunTime:0.000602s ]

[ 2014-05-28T02:33:20+08:00 ] 66.249.64.182 /video/index.php/Home/Index/play/id/9290
INFO: [ app_init ] --START--
INFO: Run Behavior\BuildLiteBehavior [ RunTime:0.000019s ]
INFO: [ app_init ] --END-- [ RunTime:0.000351s ]
INFO: [ app_begin ] --START--
INFO: Run Behavior\ReadHtmlCacheBehavior [ RunTime:0.000388s ]
INFO: [ app_begin ] --END-- [ RunTime:0.000447s ]
SQL: SHOW COLUMNS FROM `whol2014_videolist` [ RunTime:0.001427s ]
SQL: SELECT * FROM `whol2014_videolist` WHERE ( `id` = 9290 ) LIMIT 1   [ RunTime:0.000347s ]
SQL: SELECT * FROM `whol2014_videolist` ORDER BY id desc LIMIT 30   [ RunTime:0.000904s ]
SQL: SELECT * FROM `whol2014_videolist` ORDER BY click_count desc LIMIT 30   [ RunTime:0.002942s ]
INFO: [ view_parse ] --START--
INFO: [ template_filter ] --START--
INFO: Run Behavior\ContentReplaceBehavior [ RunTime:0.000148s ]
INFO: [ template_filter ] --END-- [ RunTime:0.000295s ]
INFO: Run Behavior\ParseTemplateBehavior [ RunTime:0.013918s ]
INFO: [ view_parse ] --END-- [ RunTime:0.014013s ]
INFO: [ view_filter ] --START--
INFO: Run Behavior\WriteHtmlCacheBehavior [ RunTime:0.000245s ]
INFO: [ view_filter ] --END-- [ RunTime:0.000315s ]
INFO: [ app_end ] --START--
INFO: Run Behavior\ShowPageTraceBehavior [ RunTime:0.000509s ]
INFO: [ app_end ] --END-- [ RunTime:0.000569s ]

[ 2014-05-28T02:50:05+08:00 ] 220.181.108.78 /video/index.php/Home/Index/play/id/9404
INFO: [ app_init ] --START--
INFO: Run Behavior\BuildLiteBehavior [ RunTime:0.000028s ]
INFO: [ app_init ] --END-- [ RunTime:0.000394s ]
INFO: [ app_begin ] --START--
INFO: Run Behavior\ReadHtmlCacheBehavior [ RunTime:0.000409s ]
INFO: [ app_begin ] --END-- [ RunTime:0.000469s ]
SQL: SHOW COLUMNS FROM `whol2014_videolist` [ RunTime:0.002230s ]
SQL: SELECT * FROM `whol2014_videolist` WHERE ( `id` = 9404 ) LIMIT 1   [ RunTime:0.000351s ]
SQL: SELECT * FROM `whol2014_videolist` ORDER BY id desc LIMIT 30   [ RunTime:0.000760s ]
SQL: SELECT * FROM `whol2014_videolist` ORDER BY click_count desc LIMIT 30   [ RunTime:0.002657s ]
INFO: [ view_parse ] --START--
INFO: [ template_filter ] --START--
INFO: Run Behavior\ContentReplaceBehavior [ RunTime:0.000135s ]
INFO: [ template_filter ] --END-- [ RunTime:0.000203s ]
INFO: Run Behavior\ParseTemplateBehavior [ RunTime:0.012498s ]
INFO: [ view_parse ] --END-- [ RunTime:0.012566s ]
INFO: [ view_filter ] --START--
INFO: Run Behavior\WriteHtmlCacheBehavior [ RunTime:0.000207s ]
INFO: [ view_filter ] --END-- [ RunTime:0.000262s ]
INFO: [ app_end ] --START--
INFO: Run Behavior\ShowPageTraceBehavior [ RunTime:0.000469s ]
INFO: [ app_end ] --END-- [ RunTime:0.000559s ]

[ 2014-05-28T03:05:54+08:00 ] 66.249.64.172 /video/index.php/Home/Index/play/id/10559
INFO: [ app_init ] --START--
INFO: Run Behavior\BuildLiteBehavior [ RunTime:0.000021s ]
INFO: [ app_init ] --END-- [ RunTime:0.000387s ]
INFO: [ app_begin ] --START--
INFO: Run Behavior\ReadHtmlCacheBehavior [ RunTime:0.000413s ]
INFO: [ app_begin ] --END-- [ RunTime:0.000473s ]
SQL: SHOW COLUMNS FROM `whol2014_videolist` [ RunTime:0.001457s ]
SQL: SELECT * FROM `whol2014_videolist` WHERE ( `id` = 10559 ) LIMIT 1   [ RunTime:0.000351s ]
SQL: SELECT * FROM `whol2014_videolist` ORDER BY id desc LIMIT 30   [ RunTime:0.001036s ]
SQL: SELECT * FROM `whol2014_videolist` ORDER BY click_count desc LIMIT 30   [ RunTime:0.003914s ]
INFO: [ view_parse ] --START--
INFO: [ template_filter ] --START--
INFO: Run Behavior\ContentReplaceBehavior [ RunTime:0.000138s ]
INFO: [ template_filter ] --END-- [ RunTime:0.000237s ]
INFO: Run Behavior\ParseTemplateBehavior [ RunTime:0.017191s ]
INFO: [ view_parse ] --END-- [ RunTime:0.017358s ]
INFO: [ view_filter ] --START--
INFO: Run Behavior\WriteHtmlCacheBehavior [ RunTime:0.000202s ]
INFO: [ view_filter ] --END-- [ RunTime:0.000277s ]
INFO: [ app_end ] --START--
INFO: Run Behavior\ShowPageTraceBehavior [ RunTime:0.000516s ]
INFO: [ app_end ] --END-- [ RunTime:0.000578s ]

[ 2014-05-28T03:06:52+08:00 ] 66.249.64.177 /video/index.php/Home/Index/play/id/9597
INFO: [ app_init ] --START--
INFO: Run Behavior\BuildLiteBehavior [ RunTime:0.000019s ]
INFO: [ app_init ] --END-- [ RunTime:0.000339s ]
INFO: [ app_begin ] --START--
INFO: Run Behavior\ReadHtmlCacheBehavior [ RunTime:0.000398s ]
INFO: [ app_begin ] --END-- [ RunTime:0.000457s ]
SQL: SHOW COLUMNS FROM `whol2014_videolist` [ RunTime:0.001313s ]
SQL: SELECT * FROM `whol2014_videolist` WHERE ( `id` = 9597 ) LIMIT 1   [ RunTime:0.000284s ]
SQL: SELECT * FROM `whol2014_videolist` ORDER BY id desc LIMIT 30   [ RunTime:0.000715s ]
SQL: SELECT * FROM `whol2014_videolist` ORDER BY click_count desc LIMIT 30   [ RunTime:0.002474s ]
INFO: [ view_parse ] --START--
INFO: [ template_filter ] --START--
INFO: Run Behavior\ContentReplaceBehavior [ RunTime:0.000122s ]
INFO: [ template_filter ] --END-- [ RunTime:0.000184s ]
INFO: Run Behavior\ParseTemplateBehavior [ RunTime:0.011630s ]
INFO: [ view_parse ] --END-- [ RunTime:0.011692s ]
INFO: [ view_filter ] --START--
INFO: Run Behavior\WriteHtmlCacheBehavior [ RunTime:0.000167s ]
INFO: [ view_filter ] --END-- [ RunTime:0.000222s ]
INFO: [ app_end ] --START--
INFO: Run Behavior\ShowPageTraceBehavior [ RunTime:0.000466s ]
INFO: [ app_end ] --END-- [ RunTime:0.000545s ]

[ 2014-05-28T03:07:58+08:00 ] 66.249.64.177 /video/index.php/Home/Index/play/id/10443
INFO: [ app_init ] --START--
INFO: Run Behavior\BuildLiteBehavior [ RunTime:0.000086s ]
INFO: [ app_init ] --END-- [ RunTime:0.000720s ]
INFO: [ app_begin ] --START--
INFO: Run Behavior\ReadHtmlCacheBehavior [ RunTime:0.000941s ]
INFO: [ app_begin ] --END-- [ RunTime:0.001080s ]
SQL: SHOW COLUMNS FROM `whol2014_videolist` [ RunTime:0.001416s ]
SQL: SELECT * FROM `whol2014_videolist` WHERE ( `id` = 10443 ) LIMIT 1   [ RunTime:0.000283s ]
SQL: SELECT * FROM `whol2014_videolist` ORDER BY id desc LIMIT 30   [ RunTime:0.000774s ]
SQL: SELECT * FROM `whol2014_videolist` ORDER BY click_count desc LIMIT 30   [ RunTime:0.002798s ]
INFO: [ view_parse ] --START--
INFO: [ template_filter ] --START--
INFO: Run Behavior\ContentReplaceBehavior [ RunTime:0.000134s ]
INFO: [ template_filter ] --END-- [ RunTime:0.000199s ]
INFO: Run Behavior\ParseTemplateBehavior [ RunTime:0.013969s ]
INFO: [ view_parse ] --END-- [ RunTime:0.014084s ]
INFO: [ view_filter ] --START--
INFO: Run Behavior\WriteHtmlCacheBehavior [ RunTime:0.000242s ]
INFO: [ view_filter ] --END-- [ RunTime:0.000326s ]
INFO: [ app_end ] --START--
INFO: Run Behavior\ShowPageTraceBehavior [ RunTime:0.000681s ]
INFO: [ app_end ] --END-- [ RunTime:0.000763s ]

[ 2014-05-28T03:09:42+08:00 ] 66.249.64.182 /video/index.php/Home/Index/play/id/4845
INFO: [ app_init ] --START--
INFO: Run Behavior\BuildLiteBehavior [ RunTime:0.000020s ]
INFO: [ app_init ] --END-- [ RunTime:0.000391s ]
INFO: [ app_begin ] --START--
INFO: Run Behavior\ReadHtmlCacheBehavior [ RunTime:0.000424s ]
INFO: [ app_begin ] --END-- [ RunTime:0.000483s ]
SQL: SHOW COLUMNS FROM `whol2014_videolist` [ RunTime:0.001471s ]
SQL: SELECT * FROM `whol2014_videolist` WHERE ( `id` = 4845 ) LIMIT 1   [ RunTime:0.000321s ]
SQL: SELECT * FROM `whol2014_videolist` ORDER BY id desc LIMIT 30   [ RunTime:0.000711s ]
SQL: SELECT * FROM `whol2014_videolist` ORDER BY click_count desc LIMIT 30   [ RunTime:0.002611s ]
INFO: [ view_parse ] --START--
INFO: [ template_filter ] --START--
INFO: Run Behavior\ContentReplaceBehavior [ RunTime:0.000136s ]
INFO: [ template_filter ] --END-- [ RunTime:0.000215s ]
INFO: Run Behavior\ParseTemplateBehavior [ RunTime:0.013001s ]
INFO: [ view_parse ] --END-- [ RunTime:0.013064s ]
INFO: [ view_filter ] --START--
INFO: Run Behavior\WriteHtmlCacheBehavior [ RunTime:0.000202s ]
INFO: [ view_filter ] --END-- [ RunTime:0.000260s ]
INFO: [ app_end ] --START--
INFO: Run Behavior\ShowPageTraceBehavior [ RunTime:0.000470s ]
INFO: [ app_end ] --END-- [ RunTime:0.000533s ]

[ 2014-05-28T03:12:38+08:00 ] 66.249.64.172 /video/index.php/Home/Index/play/id/10512
INFO: [ app_init ] --START--
INFO: Run Behavior\BuildLiteBehavior [ RunTime:0.000065s ]
INFO: [ app_init ] --END-- [ RunTime:0.001007s ]
INFO: [ app_begin ] --START--
INFO: Run Behavior\ReadHtmlCacheBehavior [ RunTime:0.000506s ]
INFO: [ app_begin ] --END-- [ RunTime:0.000569s ]
SQL: SHOW COLUMNS FROM `whol2014_videolist` [ RunTime:0.002163s ]
SQL: SELECT * FROM `whol2014_videolist` WHERE ( `id` = 10512 ) LIMIT 1   [ RunTime:0.000433s ]
SQL: SELECT * FROM `whol2014_videolist` ORDER BY id desc LIMIT 30   [ RunTime:0.001151s ]
SQL: SELECT * FROM `whol2014_videolist` ORDER BY click_count desc LIMIT 30   [ RunTime:0.002672s ]
INFO: [ view_parse ] --START--
INFO: [ template_filter ] --START--
INFO: Run Behavior\ContentReplaceBehavior [ RunTime:0.000169s ]
INFO: [ template_filter ] --END-- [ RunTime:0.000368s ]
INFO: Run Behavior\ParseTemplateBehavior [ RunTime:0.014087s ]
INFO: [ view_parse ] --END-- [ RunTime:0.014157s ]
INFO: [ view_filter ] --START--
INFO: Run Behavior\WriteHtmlCacheBehavior [ RunTime:0.000247s ]
INFO: [ view_filter ] --END-- [ RunTime:0.000305s ]
INFO: [ app_end ] --START--
INFO: Run Behavior\ShowPageTraceBehavior [ RunTime:0.000511s ]
INFO: [ app_end ] --END-- [ RunTime:0.000573s ]

[ 2014-05-28T03:23:25+08:00 ] 123.125.71.95 /video/index.php/Home/Index/more/category/3/p/5.html
INFO: [ app_init ] --START--
INFO: Run Behavior\BuildLiteBehavior [ RunTime:0.000026s ]
INFO: [ app_init ] --END-- [ RunTime:0.000396s ]
INFO: [ app_begin ] --START--
INFO: Run Behavior\ReadHtmlCacheBehavior [ RunTime:0.000425s ]
INFO: [ app_begin ] --END-- [ RunTime:0.000489s ]
SQL: SHOW COLUMNS FROM `whol2014_videolist` [ RunTime:0.001533s ]
SQL: SELECT COUNT(*) AS tp_count FROM `whol2014_videolist` WHERE ( path='看荆楚' ) LIMIT 1   [ RunTime:0.002028s ]
SQL: SELECT * FROM `whol2014_videolist` WHERE ( path='看荆楚' ) ORDER BY id desc LIMIT 100,25   [ RunTime:0.003950s ]
INFO: [ view_parse ] --START--
INFO: [ template_filter ] --START--
INFO: Run Behavior\ContentReplaceBehavior [ RunTime:0.000111s ]
INFO: [ template_filter ] --END-- [ RunTime:0.000184s ]
INFO: Run Behavior\ParseTemplateBehavior [ RunTime:0.010173s ]
INFO: [ view_parse ] --END-- [ RunTime:0.010272s ]
INFO: [ view_filter ] --START--
INFO: Run Behavior\WriteHtmlCacheBehavior [ RunTime:0.000164s ]
INFO: [ view_filter ] --END-- [ RunTime:0.000217s ]
INFO: [ app_end ] --START--
INFO: Run Behavior\ShowPageTraceBehavior [ RunTime:0.000452s ]
INFO: [ app_end ] --END-- [ RunTime:0.000528s ]

[ 2014-05-28T03:41:51+08:00 ] 66.249.64.172 /video/index.php/Home/Index/play/id/10061
INFO: [ app_init ] --START--
INFO: Run Behavior\BuildLiteBehavior [ RunTime:0.000020s ]
INFO: [ app_init ] --END-- [ RunTime:0.000354s ]
INFO: [ app_begin ] --START--
INFO: Run Behavior\ReadHtmlCacheBehavior [ RunTime:0.000392s ]
INFO: [ app_begin ] --END-- [ RunTime:0.000468s ]
SQL: SHOW COLUMNS FROM `whol2014_videolist` [ RunTime:0.001481s ]
SQL: SELECT * FROM `whol2014_videolist` WHERE ( `id` = 10061 ) LIMIT 1   [ RunTime:0.000319s ]
SQL: SELECT * FROM `whol2014_videolist` ORDER BY id desc LIMIT 30   [ RunTime:0.000774s ]
SQL: SELECT * FROM `whol2014_videolist` ORDER BY click_count desc LIMIT 30   [ RunTime:0.003164s ]
INFO: [ view_parse ] --START--
INFO: [ template_filter ] --START--
INFO: Run Behavior\ContentReplaceBehavior [ RunTime:0.000152s ]
INFO: [ template_filter ] --END-- [ RunTime:0.000257s ]
INFO: Run Behavior\ParseTemplateBehavior [ RunTime:0.016868s ]
INFO: [ view_parse ] --END-- [ RunTime:0.016964s ]
INFO: [ view_filter ] --START--
INFO: Run Behavior\WriteHtmlCacheBehavior [ RunTime:0.000264s ]
INFO: [ view_filter ] --END-- [ RunTime:0.000359s ]
INFO: [ app_end ] --START--
INFO: Run Behavior\ShowPageTraceBehavior [ RunTime:0.000658s ]
INFO: [ app_end ] --END-- [ RunTime:0.000736s ]

[ 2014-05-28T03:56:45+08:00 ] 123.125.71.78 /video/index.php/Home/Index/play/id/10639
INFO: [ app_init ] --START--
INFO: Run Behavior\BuildLiteBehavior [ RunTime:0.000021s ]
INFO: [ app_init ] --END-- [ RunTime:0.000360s ]
INFO: [ app_begin ] --START--
INFO: Run Behavior\ReadHtmlCacheBehavior [ RunTime:0.000399s ]
INFO: [ app_begin ] --END-- [ RunTime:0.000457s ]
SQL: SHOW COLUMNS FROM `whol2014_videolist` [ RunTime:0.001466s ]
SQL: SELECT * FROM `whol2014_videolist` WHERE ( `id` = 10639 ) LIMIT 1   [ RunTime:0.000338s ]
SQL: SELECT * FROM `whol2014_videolist` ORDER BY id desc LIMIT 30   [ RunTime:0.000767s ]
SQL: SELECT * FROM `whol2014_videolist` ORDER BY click_count desc LIMIT 30   [ RunTime:0.002680s ]
INFO: [ view_parse ] --START--
INFO: [ template_filter ] --START--
INFO: Run Behavior\ContentReplaceBehavior [ RunTime:0.000133s ]
INFO: [ template_filter ] --END-- [ RunTime:0.000206s ]
INFO: Run Behavior\ParseTemplateBehavior [ RunTime:0.013086s ]
INFO: [ view_parse ] --END-- [ RunTime:0.013158s ]
INFO: [ view_filter ] --START--
INFO: Run Behavior\WriteHtmlCacheBehavior [ RunTime:0.000183s ]
INFO: [ view_filter ] --END-- [ RunTime:0.000240s ]
INFO: [ app_end ] --START--
INFO: Run Behavior\ShowPageTraceBehavior [ RunTime:0.000470s ]
INFO: [ app_end ] --END-- [ RunTime:0.000530s ]

[ 2014-05-28T04:57:38+08:00 ] 66.249.64.182 /video/index.php/Home/Index/play/id/10560
INFO: [ app_init ] --START--
INFO: Run Behavior\BuildLiteBehavior [ RunTime:0.000019s ]
INFO: [ app_init ] --END-- [ RunTime:0.000334s ]
INFO: [ app_begin ] --START--
INFO: Run Behavior\ReadHtmlCacheBehavior [ RunTime:0.000379s ]
INFO: [ app_begin ] --END-- [ RunTime:0.000437s ]
SQL: SHOW COLUMNS FROM `whol2014_videolist` [ RunTime:0.001346s ]
SQL: SELECT * FROM `whol2014_videolist` WHERE ( `id` = 10560 ) LIMIT 1   [ RunTime:0.000287s ]
SQL: SELECT * FROM `whol2014_videolist` ORDER BY id desc LIMIT 30   [ RunTime:0.000793s ]
SQL: SELECT * FROM `whol2014_videolist` ORDER BY click_count desc LIMIT 30   [ RunTime:0.002511s ]
INFO: [ view_parse ] --START--
INFO: [ template_filter ] --START--
INFO: Run Behavior\ContentReplaceBehavior [ RunTime:0.000141s ]
INFO: [ template_filter ] --END-- [ RunTime:0.000241s ]
INFO: Run Behavior\ParseTemplateBehavior [ RunTime:0.015168s ]
INFO: [ view_parse ] --END-- [ RunTime:0.015232s ]
INFO: [ view_filter ] --START--
INFO: Run Behavior\WriteHtmlCacheBehavior [ RunTime:0.000180s ]
INFO: [ view_filter ] --END-- [ RunTime:0.000251s ]
INFO: [ app_end ] --START--
INFO: Run Behavior\ShowPageTraceBehavior [ RunTime:0.000511s ]
INFO: [ app_end ] --END-- [ RunTime:0.000570s ]

[ 2014-05-28T05:03:25+08:00 ] 220.181.108.122 /video/index.php/Home/Index/play/id/10903
INFO: [ app_init ] --START--
INFO: Run Behavior\BuildLiteBehavior [ RunTime:0.000026s ]
INFO: [ app_init ] --END-- [ RunTime:0.000621s ]
INFO: [ app_begin ] --START--
INFO: Run Behavior\ReadHtmlCacheBehavior [ RunTime:0.000641s ]
INFO: [ app_begin ] --END-- [ RunTime:0.000751s ]
SQL: SHOW COLUMNS FROM `whol2014_videolist` [ RunTime:0.001276s ]
SQL: SELECT * FROM `whol2014_videolist` WHERE ( `id` = 10903 ) LIMIT 1   [ RunTime:0.000245s ]
SQL: SELECT * FROM `whol2014_videolist` ORDER BY id desc LIMIT 30   [ RunTime:0.000741s ]
SQL: SELECT * FROM `whol2014_videolist` ORDER BY click_count desc LIMIT 30   [ RunTime:0.002624s ]
INFO: [ view_parse ] --START--
INFO: [ template_filter ] --START--
INFO: Run Behavior\ContentReplaceBehavior [ RunTime:0.000142s ]
INFO: [ template_filter ] --END-- [ RunTime:0.000215s ]
INFO: Run Behavior\ParseTemplateBehavior [ RunTime:0.013464s ]
INFO: [ view_parse ] --END-- [ RunTime:0.013541s ]
INFO: [ view_filter ] --START--
INFO: Run Behavior\WriteHtmlCacheBehavior [ RunTime:0.000218s ]
INFO: [ view_filter ] --END-- [ RunTime:0.000290s ]
INFO: [ app_end ] --START--
INFO: Run Behavior\ShowPageTraceBehavior [ RunTime:0.000489s ]
INFO: [ app_end ] --END-- [ RunTime:0.000547s ]

[ 2014-05-28T05:36:45+08:00 ] 123.125.71.80 /video/index.php/Home/Index/play/id/10717
INFO: [ app_init ] --START--
INFO: Run Behavior\BuildLiteBehavior [ RunTime:0.000019s ]
INFO: [ app_init ] --END-- [ RunTime:0.000381s ]
INFO: [ app_begin ] --START--
INFO: Run Behavior\ReadHtmlCacheBehavior [ RunTime:0.000437s ]
INFO: [ app_begin ] --END-- [ RunTime:0.000497s ]
SQL: SHOW COLUMNS FROM `whol2014_videolist` [ RunTime:0.001444s ]
SQL: SELECT * FROM `whol2014_videolist` WHERE ( `id` = 10717 ) LIMIT 1   [ RunTime:0.000332s ]
SQL: SELECT * FROM `whol2014_videolist` ORDER BY id desc LIMIT 30   [ RunTime:0.000720s ]
SQL: SELECT * FROM `whol2014_videolist` ORDER BY click_count desc LIMIT 30   [ RunTime:0.002756s ]
INFO: [ view_parse ] --START--
INFO: [ template_filter ] --START--
INFO: Run Behavior\ContentReplaceBehavior [ RunTime:0.000216s ]
INFO: [ template_filter ] --END-- [ RunTime:0.000445s ]
INFO: Run Behavior\ParseTemplateBehavior [ RunTime:0.015683s ]
INFO: [ view_parse ] --END-- [ RunTime:0.015764s ]
INFO: [ view_filter ] --START--
INFO: Run Behavior\WriteHtmlCacheBehavior [ RunTime:0.000253s ]
INFO: [ view_filter ] --END-- [ RunTime:0.000311s ]
INFO: [ app_end ] --START--
INFO: Run Behavior\ShowPageTraceBehavior [ RunTime:0.000542s ]
INFO: [ app_end ] --END-- [ RunTime:0.000618s ]

[ 2014-05-28T06:13:26+08:00 ] 66.249.64.177 /video/index.php/Home/Index/play/id/9638
INFO: [ app_init ] --START--
INFO: Run Behavior\BuildLiteBehavior [ RunTime:0.000020s ]
INFO: [ app_init ] --END-- [ RunTime:0.000353s ]
INFO: [ app_begin ] --START--
INFO: Run Behavior\ReadHtmlCacheBehavior [ RunTime:0.000421s ]
INFO: [ app_begin ] --END-- [ RunTime:0.000483s ]
SQL: SHOW COLUMNS FROM `whol2014_videolist` [ RunTime:0.001536s ]
SQL: SELECT * FROM `whol2014_videolist` WHERE ( `id` = 9638 ) LIMIT 1   [ RunTime:0.000319s ]
SQL: SELECT * FROM `whol2014_videolist` ORDER BY id desc LIMIT 30   [ RunTime:0.000795s ]
SQL: SELECT * FROM `whol2014_videolist` ORDER BY click_count desc LIMIT 30   [ RunTime:0.002741s ]
INFO: [ view_parse ] --START--
INFO: [ template_filter ] --START--
INFO: Run Behavior\ContentReplaceBehavior [ RunTime:0.000133s ]
INFO: [ template_filter ] --END-- [ RunTime:0.000211s ]
INFO: Run Behavior\ParseTemplateBehavior [ RunTime:0.014443s ]
INFO: [ view_parse ] --END-- [ RunTime:0.014521s ]
INFO: [ view_filter ] --START--
INFO: Run Behavior\WriteHtmlCacheBehavior [ RunTime:0.000183s ]
INFO: [ view_filter ] --END-- [ RunTime:0.000253s ]
INFO: [ app_end ] --START--
INFO: Run Behavior\ShowPageTraceBehavior [ RunTime:0.000593s ]
INFO: [ app_end ] --END-- [ RunTime:0.000666s ]

[ 2014-05-28T07:29:13+08:00 ] 66.249.64.172 /video/index.php/Home/Index/more/category/js/js/main
INFO: [ app_init ] --START--
INFO: Run Behavior\BuildLiteBehavior [ RunTime:0.000021s ]
INFO: [ app_init ] --END-- [ RunTime:0.000355s ]
INFO: [ app_begin ] --START--
INFO: Run Behavior\ReadHtmlCacheBehavior [ RunTime:0.000396s ]
INFO: [ app_begin ] --END-- [ RunTime:0.000456s ]
NOTIC: [8] Undefined offset: -1 /home/wwwroot/default/video/Application/Home/Controller/IndexController.class.php 第 46 行.
SQL: SHOW COLUMNS FROM `whol2014_videolist` [ RunTime:0.001484s ]
SQL: SELECT COUNT(*) AS tp_count FROM `whol2014_videolist` WHERE ( path='' ) LIMIT 1   [ RunTime:0.002107s ]
SQL: SELECT * FROM `whol2014_videolist` WHERE ( path='' ) ORDER BY id desc LIMIT 0,25   [ RunTime:0.016033s ]
INFO: [ view_parse ] --START--
INFO: [ template_filter ] --START--
INFO: Run Behavior\ContentReplaceBehavior [ RunTime:0.000246s ]
INFO: [ template_filter ] --END-- [ RunTime:0.000478s ]
INFO: Run Behavior\ParseTemplateBehavior [ RunTime:0.021968s ]
INFO: [ view_parse ] --END-- [ RunTime:0.022156s ]
INFO: [ view_filter ] --START--
INFO: Run Behavior\WriteHtmlCacheBehavior [ RunTime:0.000470s ]
INFO: [ view_filter ] --END-- [ RunTime:0.000565s ]
INFO: [ app_end ] --START--
INFO: Run Behavior\ShowPageTraceBehavior [ RunTime:0.001010s ]
INFO: [ app_end ] --END-- [ RunTime:0.001131s ]

[ 2014-05-28T08:31:36+08:00 ] 219.140.78.54 /video/index.php?m=User&c=Index&a=login&callback=jQuery110102655340989585966_1401237145175&username=18907194783&password=123456&_=1401237145176
INFO: [ app_init ] --START--
INFO: Run Behavior\BuildLiteBehavior [ RunTime:0.000036s ]
INFO: [ app_init ] --END-- [ RunTime:0.000557s ]
INFO: [ app_begin ] --START--
INFO: Run Behavior\ReadHtmlCacheBehavior [ RunTime:0.000608s ]
INFO: [ app_begin ] --END-- [ RunTime:0.000731s ]
INFO: [ app_end ] --START--
INFO: Run Behavior\ShowPageTraceBehavior [ RunTime:0.001096s ]
INFO: [ app_end ] --END-- [ RunTime:0.001449s ]

[ 2014-05-28T08:31:42+08:00 ] 219.140.78.54 /video/index.php?m=User&c=Index&a=login&callback=jQuery110106579170688055456_1401237151013&username=18907194783&password=123456&_=1401237151014
INFO: [ app_init ] --START--
INFO: Run Behavior\BuildLiteBehavior [ RunTime:0.000017s ]
INFO: [ app_init ] --END-- [ RunTime:0.000323s ]
INFO: [ app_begin ] --START--
INFO: Run Behavior\ReadHtmlCacheBehavior [ RunTime:0.000380s ]
INFO: [ app_begin ] --END-- [ RunTime:0.000448s ]
INFO: [ app_end ] --START--
INFO: Run Behavior\ShowPageTraceBehavior [ RunTime:0.000584s ]
INFO: [ app_end ] --END-- [ RunTime:0.000701s ]

[ 2014-05-28T08:31:43+08:00 ] 219.140.78.54 /video/index.php?m=User&c=Index&a=login&callback=jQuery110100030370475724339485_1401237151828&username=18907194783&password=123456&_=1401237151829
INFO: [ app_init ] --START--
INFO: Run Behavior\BuildLiteBehavior [ RunTime:0.000020s ]
INFO: [ app_init ] --END-- [ RunTime:0.000457s ]
INFO: [ app_begin ] --START--
INFO: Run Behavior\ReadHtmlCacheBehavior [ RunTime:0.000532s ]
INFO: [ app_begin ] --END-- [ RunTime:0.000613s ]
INFO: [ app_end ] --START--
INFO: Run Behavior\ShowPageTraceBehavior [ RunTime:0.000773s ]
INFO: [ app_end ] --END-- [ RunTime:0.000915s ]

[ 2014-05-28T08:31:43+08:00 ] 219.140.78.54 /video/index.php?m=User&c=Index&a=login&callback=jQuery110101918867144268006_1401237152615&username=18907194783&password=123456&_=1401237152616
INFO: [ app_init ] --START--
INFO: Run Behavior\BuildLiteBehavior [ RunTime:0.000019s ]
INFO: [ app_init ] --END-- [ RunTime:0.000345s ]
INFO: [ app_begin ] --START--
INFO: Run Behavior\ReadHtmlCacheBehavior [ RunTime:0.000393s ]
INFO: [ app_begin ] --END-- [ RunTime:0.000451s ]
INFO: [ app_end ] --START--
INFO: Run Behavior\ShowPageTraceBehavior [ RunTime:0.000857s ]
INFO: [ app_end ] --END-- [ RunTime:0.001025s ]

[ 2014-05-28T08:31:44+08:00 ] 219.140.78.54 /video/index.php?m=User&c=Index&a=login&callback=jQuery11010676655869698152_1401237152872&username=18907194783&password=123456&_=1401237152873
INFO: [ app_init ] --START--
INFO: Run Behavior\BuildLiteBehavior [ RunTime:0.000030s ]
INFO: [ app_init ] --END-- [ RunTime:0.000438s ]
INFO: [ app_begin ] --START--
INFO: Run Behavior\ReadHtmlCacheBehavior [ RunTime:0.000443s ]
INFO: [ app_begin ] --END-- [ RunTime:0.000503s ]
INFO: [ app_end ] --START--
INFO: Run Behavior\ShowPageTraceBehavior [ RunTime:0.000753s ]
INFO: [ app_end ] --END-- [ RunTime:0.000882s ]

[ 2014-05-28T08:31:44+08:00 ] 219.140.78.54 /video/index.php?m=User&c=Index&a=login&callback=jQuery110106842895222362131_1401237153590&username=18907194783&password=123456&_=1401237153591
INFO: [ app_init ] --START--
INFO: Run Behavior\BuildLiteBehavior [ RunTime:0.000018s ]
INFO: [ app_init ] --END-- [ RunTime:0.000333s ]
INFO: [ app_begin ] --START--
INFO: Run Behavior\ReadHtmlCacheBehavior [ RunTime:0.000406s ]
INFO: [ app_begin ] --END-- [ RunTime:0.000465s ]
INFO: [ app_end ] --START--
INFO: Run Behavior\ShowPageTraceBehavior [ RunTime:0.001149s ]
INFO: [ app_end ] --END-- [ RunTime:0.001391s ]

[ 2014-05-28T08:31:45+08:00 ] 219.140.78.54 /video/index.php?m=User&c=Index&a=login&callback=jQuery1101006846322398632765_1401237153887&username=18907194783&password=123456&_=1401237153888
INFO: [ app_init ] --START--
INFO: Run Behavior\BuildLiteBehavior [ RunTime:0.000022s ]
INFO: [ app_init ] --END-- [ RunTime:0.000358s ]
INFO: [ app_begin ] --START--
INFO: Run Behavior\ReadHtmlCacheBehavior [ RunTime:0.000407s ]
INFO: [ app_begin ] --END-- [ RunTime:0.000466s ]
INFO: [ app_end ] --START--
INFO: Run Behavior\ShowPageTraceBehavior [ RunTime:0.000888s ]
INFO: [ app_end ] --END-- [ RunTime:0.001050s ]

[ 2014-05-28T08:31:46+08:00 ] 219.140.78.54 /video/index.php?m=User&c=Index&a=login&callback=jQuery110105570592014119029_1401237155281&username=18907194783&password=123456&_=1401237155282
INFO: [ app_init ] --START--
INFO: Run Behavior\BuildLiteBehavior [ RunTime:0.000018s ]
INFO: [ app_init ] --END-- [ RunTime:0.000342s ]
INFO: [ app_begin ] --START--
INFO: Run Behavior\ReadHtmlCacheBehavior [ RunTime:0.000381s ]
INFO: [ app_begin ] --END-- [ RunTime:0.000439s ]
INFO: [ app_end ] --START--
INFO: Run Behavior\ShowPageTraceBehavior [ RunTime:0.000653s ]
INFO: [ app_end ] --END-- [ RunTime:0.000775s ]

[ 2014-05-28T08:31:50+08:00 ] 219.140.78.54 /video/index.php?m=User&c=Index&a=login&callback=jQuery110102571104618255049_1401237158938&username=18907194783&password=123456&_=1401237158939
INFO: [ app_init ] --START--
INFO: Run Behavior\BuildLiteBehavior [ RunTime:0.000021s ]
INFO: [ app_init ] --END-- [ RunTime:0.000379s ]
INFO: [ app_begin ] --START--
INFO: Run Behavior\ReadHtmlCacheBehavior [ RunTime:0.000403s ]
INFO: [ app_begin ] --END-- [ RunTime:0.000461s ]
INFO: [ app_end ] --START--
INFO: Run Behavior\ShowPageTraceBehavior [ RunTime:0.000841s ]
INFO: [ app_end ] --END-- [ RunTime:0.001018s ]

[ 2014-05-28T08:31:50+08:00 ] 219.140.78.54 /video/index.php?m=User&c=Index&a=login&callback=jQuery1101015419138548895717_1401237159351&username=18907194783&password=123456&_=1401237159352
INFO: [ app_init ] --START--
INFO: Run Behavior\BuildLiteBehavior [ RunTime:0.000049s ]
INFO: [ app_init ] --END-- [ RunTime:0.000928s ]
INFO: [ app_begin ] --START--
INFO: Run Behavior\ReadHtmlCacheBehavior [ RunTime:0.000460s ]
INFO: [ app_begin ] --END-- [ RunTime:0.000522s ]
INFO: [ app_end ] --START--
INFO: Run Behavior\ShowPageTraceBehavior [ RunTime:0.000885s ]
INFO: [ app_end ] --END-- [ RunTime:0.001028s ]

[ 2014-05-28T08:31:53+08:00 ] 219.140.78.54 /video/index.php?m=User&c=Index&a=login&callback=jQuery110105044314614497125_1401237161850&username=18907194783&password=123456&_=1401237161851
INFO: [ app_init ] --START--
INFO: Run Behavior\BuildLiteBehavior [ RunTime:0.000021s ]
INFO: [ app_init ] --END-- [ RunTime:0.000414s ]
INFO: [ app_begin ] --START--
INFO: Run Behavior\ReadHtmlCacheBehavior [ RunTime:0.000442s ]
INFO: [ app_begin ] --END-- [ RunTime:0.000521s ]
INFO: [ app_end ] --START--
INFO: Run Behavior\ShowPageTraceBehavior [ RunTime:0.000741s ]
INFO: [ app_end ] --END-- [ RunTime:0.000898s ]

[ 2014-05-28T08:31:56+08:00 ] 219.140.78.54 /video/index.php?m=User&c=Index&a=login&callback=jQuery110109008651319891214_1401237164913&username=18907194783&password=123456&_=1401237164914
INFO: [ app_init ] --START--
INFO: Run Behavior\BuildLiteBehavior [ RunTime:0.000022s ]
INFO: [ app_init ] --END-- [ RunTime:0.000362s ]
INFO: [ app_begin ] --START--
INFO: Run Behavior\ReadHtmlCacheBehavior [ RunTime:0.000427s ]
INFO: [ app_begin ] --END-- [ RunTime:0.000487s ]
INFO: [ app_end ] --START--
INFO: Run Behavior\ShowPageTraceBehavior [ RunTime:0.000755s ]
INFO: [ app_end ] --END-- [ RunTime:0.000898s ]

[ 2014-05-28T08:31:57+08:00 ] 219.140.78.54 /video/index.php?m=User&c=Index&a=login&callback=jQuery110105438953163102269_1401237166114&username=18907194783&password=123456&_=1401237166115
INFO: [ app_init ] --START--
INFO: Run Behavior\BuildLiteBehavior [ RunTime:0.000025s ]
INFO: [ app_init ] --END-- [ RunTime:0.000379s ]
INFO: [ app_begin ] --START--
INFO: Run Behavior\ReadHtmlCacheBehavior [ RunTime:0.000405s ]
INFO: [ app_begin ] --END-- [ RunTime:0.000474s ]
INFO: [ app_end ] --START--
INFO: Run Behavior\ShowPageTraceBehavior [ RunTime:0.000525s ]
INFO: [ app_end ] --END-- [ RunTime:0.000634s ]

[ 2014-05-28T08:31:58+08:00 ] 219.140.78.54 /video/index.php?m=User&c=Index&a=login&callback=jQuery110107450148700736463_1401237167774&username=18907194783&password=123456&_=1401237167775
INFO: [ app_init ] --START--
INFO: Run Behavior\BuildLiteBehavior [ RunTime:0.000024s ]
INFO: [ app_init ] --END-- [ RunTime:0.000361s ]
INFO: [ app_begin ] --START--
INFO: Run Behavior\ReadHtmlCacheBehavior [ RunTime:0.000523s ]
INFO: [ app_begin ] --END-- [ RunTime:0.000591s ]
INFO: [ app_end ] --START--
INFO: Run Behavior\ShowPageTraceBehavior [ RunTime:0.000625s ]
INFO: [ app_end ] --END-- [ RunTime:0.000746s ]

[ 2014-05-28T08:31:59+08:00 ] 219.140.78.54 /video/index.php?m=User&c=Index&a=login&callback=jQuery1101034355665813200176_1401237168062&username=18907194783&password=123456&_=1401237168063
INFO: [ app_init ] --START--
INFO: Run Behavior\BuildLiteBehavior [ RunTime:0.000027s ]
INFO: [ app_init ] --END-- [ RunTime:0.000444s ]
INFO: [ app_begin ] --START--
INFO: Run Behavior\ReadHtmlCacheBehavior [ RunTime:0.000570s ]
INFO: [ app_begin ] --END-- [ RunTime:0.000654s ]
INFO: [ app_end ] --START--
INFO: Run Behavior\ShowPageTraceBehavior [ RunTime:0.000792s ]
INFO: [ app_end ] --END-- [ RunTime:0.000942s ]

[ 2014-05-28T08:31:59+08:00 ] 219.140.78.54 /video/index.php?m=User&c=Index&a=login&callback=jQuery110105211237170733511_1401237168773&username=18907194783&password=123456&_=1401237168774
INFO: [ app_init ] --START--
INFO: Run Behavior\BuildLiteBehavior [ RunTime:0.000023s ]
INFO: [ app_init ] --END-- [ RunTime:0.000439s ]
INFO: [ app_begin ] --START--
INFO: Run Behavior\ReadHtmlCacheBehavior [ RunTime:0.000399s ]
INFO: [ app_begin ] --END-- [ RunTime:0.000474s ]
INFO: [ app_end ] --START--
INFO: Run Behavior\ShowPageTraceBehavior [ RunTime:0.000798s ]
INFO: [ app_end ] --END-- [ RunTime:0.000953s ]

[ 2014-05-28T08:32:00+08:00 ] 219.140.78.54 /video/index.php?m=User&c=Index&a=login&callback=jQuery110106716155014000833_1401237169333&username=18907194783&password=123456&_=1401237169334
INFO: [ app_init ] --START--
INFO: Run Behavior\BuildLiteBehavior [ RunTime:0.000021s ]
INFO: [ app_init ] --END-- [ RunTime:0.000357s ]
INFO: [ app_begin ] --START--
INFO: Run Behavior\ReadHtmlCacheBehavior [ RunTime:0.000401s ]
INFO: [ app_begin ] --END-- [ RunTime:0.000459s ]
INFO: [ app_end ] --START--
INFO: Run Behavior\ShowPageTraceBehavior [ RunTime:0.000869s ]
INFO: [ app_end ] --END-- [ RunTime:0.001023s ]

[ 2014-05-28T08:32:03+08:00 ] 219.140.78.54 /video/index.php?m=User&c=Index&a=login&callback=jQuery1101029482618323527277_1401237172093&username=18907194783&password=123456&_=1401237172094
INFO: [ app_init ] --START--
INFO: Run Behavior\BuildLiteBehavior [ RunTime:0.000023s ]
INFO: [ app_init ] --END-- [ RunTime:0.000611s ]
INFO: [ app_begin ] --START--
INFO: Run Behavior\ReadHtmlCacheBehavior [ RunTime:0.000655s ]
INFO: [ app_begin ] --END-- [ RunTime:0.000749s ]
INFO: [ app_end ] --START--
INFO: Run Behavior\ShowPageTraceBehavior [ RunTime:0.000591s ]
INFO: [ app_end ] --END-- [ RunTime:0.000694s ]

[ 2014-05-28T08:45:00+08:00 ] 66.249.64.182 /video/index.php/Home/Index/play/id/2837
INFO: [ app_init ] --START--
INFO: Run Behavior\BuildLiteBehavior [ RunTime:0.000034s ]
INFO: [ app_init ] --END-- [ RunTime:0.000490s ]
INFO: [ app_begin ] --START--
INFO: Run Behavior\ReadHtmlCacheBehavior [ RunTime:0.000495s ]
INFO: [ app_begin ] --END-- [ RunTime:0.000568s ]
SQL: SHOW COLUMNS FROM `whol2014_videolist` [ RunTime:0.001945s ]
SQL: SELECT * FROM `whol2014_videolist` WHERE ( `id` = 2837 ) LIMIT 1   [ RunTime:0.000364s ]
SQL: SELECT * FROM `whol2014_videolist` ORDER BY id desc LIMIT 30   [ RunTime:0.000909s ]
SQL: SELECT * FROM `whol2014_videolist` ORDER BY click_count desc LIMIT 30   [ RunTime:0.003615s ]
INFO: [ view_parse ] --START--
INFO: [ template_filter ] --START--
INFO: Run Behavior\ContentReplaceBehavior [ RunTime:0.000192s ]
INFO: [ template_filter ] --END-- [ RunTime:0.000349s ]
INFO: Run Behavior\ParseTemplateBehavior [ RunTime:0.018546s ]
INFO: [ view_parse ] --END-- [ RunTime:0.018692s ]
INFO: [ view_filter ] --START--
INFO: Run Behavior\WriteHtmlCacheBehavior [ RunTime:0.000289s ]
INFO: [ view_filter ] --END-- [ RunTime:0.000361s ]
INFO: [ app_end ] --START--
INFO: Run Behavior\ShowPageTraceBehavior [ RunTime:0.000632s ]
INFO: [ app_end ] --END-- [ RunTime:0.000745s ]

[ 2014-05-28T08:46:05+08:00 ] 58.49.161.144 /video/index.php?m=User&c=Index&a=login&callback=jQuery11010560435330728069_1401238011663&username=18907194798&password=820530zZ&_=1401238011664
INFO: [ app_init ] --START--
INFO: Run Behavior\BuildLiteBehavior [ RunTime:0.000024s ]
INFO: [ app_init ] --END-- [ RunTime:0.000414s ]
INFO: [ app_begin ] --START--
INFO: Run Behavior\ReadHtmlCacheBehavior [ RunTime:0.000453s ]
INFO: [ app_begin ] --END-- [ RunTime:0.000514s ]
INFO: [ app_end ] --START--
INFO: Run Behavior\ShowPageTraceBehavior [ RunTime:0.000681s ]
INFO: [ app_end ] --END-- [ RunTime:0.000801s ]

[ 2014-05-28T08:51:06+08:00 ] 58.49.161.144 /video/index.php?m=User&c=Index&a=login&callback=jQuery1101013395282137207687_1401238312662&username=18907194798&password=820530zZ&_=1401238312663
INFO: [ app_init ] --START--
INFO: Run Behavior\BuildLiteBehavior [ RunTime:0.000020s ]
INFO: [ app_init ] --END-- [ RunTime:0.000454s ]
INFO: [ app_begin ] --START--
INFO: Run Behavior\ReadHtmlCacheBehavior [ RunTime:0.000502s ]
INFO: [ app_begin ] --END-- [ RunTime:0.000581s ]
INFO: [ app_end ] --START--
INFO: Run Behavior\ShowPageTraceBehavior [ RunTime:0.000740s ]
INFO: [ app_end ] --END-- [ RunTime:0.000885s ]

[ 2014-05-28T08:57:44+08:00 ] 58.49.161.144 /video/index.php?m=User&c=Index&a=login&callback=jQuery110105083862412720919_1401238710507&username=18907194798&password=820530zZ&_=1401238710508
INFO: [ app_init ] --START--
INFO: Run Behavior\BuildLiteBehavior [ RunTime:0.000023s ]
INFO: [ app_init ] --END-- [ RunTime:0.000468s ]
INFO: [ app_begin ] --START--
INFO: Run Behavior\ReadHtmlCacheBehavior [ RunTime:0.000624s ]
INFO: [ app_begin ] --END-- [ RunTime:0.000698s ]
INFO: [ app_end ] --START--
INFO: Run Behavior\ShowPageTraceBehavior [ RunTime:0.000912s ]
INFO: [ app_end ] --END-- [ RunTime:0.001084s ]

[ 2014-05-28T09:01:49+08:00 ] 58.49.161.144 /video/index.php?m=User&c=Index&a=login&callback=jQuery110106658546526450664_1401238955180&username=18907194798&password=820530zZ&_=1401238955181
INFO: [ app_init ] --START--
INFO: Run Behavior\BuildLiteBehavior [ RunTime:0.000020s ]
INFO: [ app_init ] --END-- [ RunTime:0.000347s ]
INFO: [ app_begin ] --START--
INFO: Run Behavior\ReadHtmlCacheBehavior [ RunTime:0.000409s ]
INFO: [ app_begin ] --END-- [ RunTime:0.000467s ]
INFO: [ app_end ] --START--
INFO: Run Behavior\ShowPageTraceBehavior [ RunTime:0.000769s ]
INFO: [ app_end ] --END-- [ RunTime:0.000914s ]

[ 2014-05-28T09:02:28+08:00 ] 58.49.161.144 /video/index.php?m=User&c=Index&a=login&callback=jQuery110107572340345941484_1401238995019&username=18907194798&password=820530zZ&_=1401238995020
INFO: [ app_init ] --START--
INFO: Run Behavior\BuildLiteBehavior [ RunTime:0.000027s ]
INFO: [ app_init ] --END-- [ RunTime:0.000488s ]
INFO: [ app_begin ] --START--
INFO: Run Behavior\ReadHtmlCacheBehavior [ RunTime:0.000531s ]
INFO: [ app_begin ] --END-- [ RunTime:0.000610s ]
INFO: [ app_end ] --START--
INFO: Run Behavior\ShowPageTraceBehavior [ RunTime:0.000719s ]
INFO: [ app_end ] --END-- [ RunTime:0.000837s ]

[ 2014-05-28T09:02:30+08:00 ] 58.49.161.144 /video/index.php/Home/Index/play/id/10880
INFO: [ app_init ] --START--
INFO: Run Behavior\BuildLiteBehavior [ RunTime:0.000020s ]
INFO: [ app_init ] --END-- [ RunTime:0.000354s ]
INFO: [ app_begin ] --START--
INFO: Run Behavior\ReadHtmlCacheBehavior [ RunTime:0.000461s ]
INFO: [ app_begin ] --END-- [ RunTime:0.000520s ]
SQL: SHOW COLUMNS FROM `whol2014_videolist` [ RunTime:0.001577s ]
SQL: SELECT * FROM `whol2014_videolist` WHERE ( `id` = 10880 ) LIMIT 1   [ RunTime:0.000392s ]
SQL: SELECT * FROM `whol2014_videolist` ORDER BY id desc LIMIT 30   [ RunTime:0.000842s ]
SQL: SELECT * FROM `whol2014_videolist` ORDER BY click_count desc LIMIT 30   [ RunTime:0.002845s ]
INFO: [ view_parse ] --START--
INFO: [ template_filter ] --START--
INFO: Run Behavior\ContentReplaceBehavior [ RunTime:0.000160s ]
INFO: [ template_filter ] --END-- [ RunTime:0.000237s ]
INFO: Run Behavior\ParseTemplateBehavior [ RunTime:0.013543s ]
INFO: [ view_parse ] --END-- [ RunTime:0.013647s ]
INFO: [ view_filter ] --START--
INFO: Run Behavior\WriteHtmlCacheBehavior [ RunTime:0.000180s ]
INFO: [ view_filter ] --END-- [ RunTime:0.000237s ]
INFO: [ app_end ] --START--
INFO: Run Behavior\ShowPageTraceBehavior [ RunTime:0.000471s ]
INFO: [ app_end ] --END-- [ RunTime:0.000532s ]

[ 2014-05-28T09:02:33+08:00 ] 58.49.161.144 /video/index.php/Home/Index/getVideoURL
INFO: [ app_init ] --START--
INFO: Run Behavior\BuildLiteBehavior [ RunTime:0.000040s ]
INFO: [ app_init ] --END-- [ RunTime:0.000715s ]
INFO: [ app_begin ] --START--
INFO: Run Behavior\ReadHtmlCacheBehavior [ RunTime:0.000418s ]
INFO: [ app_begin ] --END-- [ RunTime:0.000471s ]
SQL: SHOW COLUMNS FROM `whol2014_videolist` [ RunTime:0.001509s ]
SQL: SELECT * FROM `whol2014_videolist` WHERE ( `id` = 10880 ) LIMIT 1   [ RunTime:0.000318s ]
SQL: UPDATE `whol2014_videolist` SET `click_count`=click_count+1 WHERE ( id=10880 ) [ RunTime:0.000330s ]

[ 2014-05-28T09:02:42+08:00 ] 58.49.161.144 /video/index.php/Home/Index/index
INFO: [ app_init ] --START--
INFO: Run Behavior\BuildLiteBehavior [ RunTime:0.000026s ]
INFO: [ app_init ] --END-- [ RunTime:0.000428s ]
INFO: [ app_begin ] --START--
INFO: Run Behavior\ReadHtmlCacheBehavior [ RunTime:0.000459s ]
INFO: [ app_begin ] --END-- [ RunTime:0.000520s ]
SQL: SHOW COLUMNS FROM `whol2014_videolist` [ RunTime:0.001609s ]
SQL: SELECT COUNT(*) AS tp_count FROM `whol2014_videolist` LIMIT 1   [ RunTime:0.000197s ]
SQL: SELECT * FROM `whol2014_videolist` WHERE ( path='直播大武汉' ) ORDER BY id desc LIMIT 6   [ RunTime:0.001315s ]
SQL: SELECT * FROM `whol2014_videolist` WHERE ( path='经视直播' ) ORDER BY id desc LIMIT 6   [ RunTime:0.001782s ]
SQL: SELECT * FROM `whol2014_videolist` WHERE ( path='看荆楚' ) ORDER BY id desc LIMIT 6   [ RunTime:0.000530s ]
SQL: SELECT * FROM `whol2014_videolist` WHERE ( path='原创视界' ) ORDER BY id desc LIMIT 6   [ RunTime:0.004124s ]
SQL: SELECT * FROM `whol2014_videolist` WHERE ( path='天翼4G高清视频' ) ORDER BY id desc LIMIT 6   [ RunTime:0.012395s ]
SQL: SELECT * FROM `whol2014_videolist` WHERE ( path='电视问政' ) ORDER BY id desc LIMIT 6   [ RunTime:0.012939s ]
SQL: SELECT * FROM `whol2014_videolist` WHERE ( path='社区网络春晚' ) ORDER BY id desc LIMIT 6   [ RunTime:0.013545s ]
SQL: SELECT * FROM `whol2014_videolist` WHERE ( path='10000知道' ) ORDER BY id desc LIMIT 6   [ RunTime:0.013792s ]
SQL: SELECT * FROM `whol2014_videolist` WHERE ( path='天翼视讯' ) ORDER BY id desc LIMIT 6   [ RunTime:0.001362s ]
SQL: SELECT * FROM `whol2014_videolist` WHERE ( path='itv导视' ) ORDER BY id desc LIMIT 6   [ RunTime:0.000868s ]
SQL: SELECT * FROM `whol2014_videolist` WHERE ( path='优酷资讯' ) ORDER BY id desc LIMIT 6   [ RunTime:0.002002s ]
INFO: [ view_parse ] --START--
INFO: [ template_filter ] --START--
INFO: Run Behavior\ContentReplaceBehavior [ RunTime:0.000157s ]
INFO: [ template_filter ] --END-- [ RunTime:0.000268s ]
INFO: Run Behavior\ParseTemplateBehavior [ RunTime:0.018584s ]
INFO: [ view_parse ] --END-- [ RunTime:0.018703s ]
INFO: [ view_filter ] --START--
INFO: Run Behavior\WriteHtmlCacheBehavior [ RunTime:0.000239s ]
INFO: [ view_filter ] --END-- [ RunTime:0.000295s ]
INFO: [ app_end ] --START--
INFO: Run Behavior\ShowPageTraceBehavior [ RunTime:0.000443s ]
INFO: [ app_end ] --END-- [ RunTime:0.000508s ]

[ 2014-05-28T09:13:11+08:00 ] 58.49.161.144 /video/index.php/Home/Index/play/id/10880
INFO: [ app_init ] --START--
INFO: Run Behavior\BuildLiteBehavior [ RunTime:0.000021s ]
INFO: [ app_init ] --END-- [ RunTime:0.000379s ]
INFO: [ app_begin ] --START--
INFO: Run Behavior\ReadHtmlCacheBehavior [ RunTime:0.000444s ]
INFO: [ app_begin ] --END-- [ RunTime:0.000520s ]
SQL: SHOW COLUMNS FROM `whol2014_videolist` [ RunTime:0.001457s ]
SQL: SELECT * FROM `whol2014_videolist` WHERE ( `id` = 10880 ) LIMIT 1   [ RunTime:0.000284s ]
SQL: SELECT * FROM `whol2014_videolist` ORDER BY id desc LIMIT 30   [ RunTime:0.000733s ]
SQL: SELECT * FROM `whol2014_videolist` ORDER BY click_count desc LIMIT 30   [ RunTime:0.002496s ]
INFO: [ view_parse ] --START--
INFO: [ template_filter ] --START--
INFO: Run Behavior\ContentReplaceBehavior [ RunTime:0.000168s ]
INFO: [ template_filter ] --END-- [ RunTime:0.000239s ]
INFO: Run Behavior\ParseTemplateBehavior [ RunTime:0.012115s ]
INFO: [ view_parse ] --END-- [ RunTime:0.012190s ]
INFO: [ view_filter ] --START--
INFO: Run Behavior\WriteHtmlCacheBehavior [ RunTime:0.000201s ]
INFO: [ view_filter ] --END-- [ RunTime:0.000255s ]
INFO: [ app_end ] --START--
INFO: Run Behavior\ShowPageTraceBehavior [ RunTime:0.000475s ]
INFO: [ app_end ] --END-- [ RunTime:0.000555s ]

[ 2014-05-28T09:13:11+08:00 ] 58.49.161.144 /video/index.php/Home/Index/getVideoURL
INFO: [ app_init ] --START--
INFO: Run Behavior\BuildLiteBehavior [ RunTime:0.000020s ]
INFO: [ app_init ] --END-- [ RunTime:0.000373s ]
INFO: [ app_begin ] --START--
INFO: Run Behavior\ReadHtmlCacheBehavior [ RunTime:0.000423s ]
INFO: [ app_begin ] --END-- [ RunTime:0.000477s ]
SQL: SHOW COLUMNS FROM `whol2014_videolist` [ RunTime:0.001486s ]
SQL: SELECT * FROM `whol2014_videolist` WHERE ( `id` = 10880 ) LIMIT 1   [ RunTime:0.000303s ]
SQL: UPDATE `whol2014_videolist` SET `click_count`=click_count+1 WHERE ( id=10880 ) [ RunTime:0.000351s ]

[ 2014-05-28T09:13:23+08:00 ] 58.49.161.144 /video/index.php?m=User&c=Index&a=login&callback=jQuery110109562655198387802_1401239638908&username=18907194798&password=820530zZ&_=1401239638909
INFO: [ app_init ] --START--
INFO: Run Behavior\BuildLiteBehavior [ RunTime:0.000021s ]
INFO: [ app_init ] --END-- [ RunTime:0.000359s ]
INFO: [ app_begin ] --START--
INFO: Run Behavior\ReadHtmlCacheBehavior [ RunTime:0.000397s ]
INFO: [ app_begin ] --END-- [ RunTime:0.000456s ]
INFO: [ app_end ] --START--
INFO: Run Behavior\ShowPageTraceBehavior [ RunTime:0.000870s ]
INFO: [ app_end ] --END-- [ RunTime:0.001029s ]

[ 2014-05-28T09:13:24+08:00 ] 58.49.161.144 /video/index.php?m=User&c=Index&a=login&callback=jQuery11010850954829249531_1401239643547&username=18907194798&password=820530zZ&_=1401239643548
INFO: [ app_init ] --START--
INFO: Run Behavior\BuildLiteBehavior [ RunTime:0.000020s ]
INFO: [ app_init ] --END-- [ RunTime:0.000370s ]
INFO: [ app_begin ] --START--
INFO: Run Behavior\ReadHtmlCacheBehavior [ RunTime:0.000393s ]
INFO: [ app_begin ] --END-- [ RunTime:0.000503s ]
INFO: [ app_end ] --START--
INFO: Run Behavior\ShowPageTraceBehavior [ RunTime:0.001520s ]
INFO: [ app_end ] --END-- [ RunTime:0.001766s ]

[ 2014-05-28T09:13:24+08:00 ] 58.49.161.144 /video/index.php?m=User&c=Index&a=login&callback=jQuery110105801912180613726_1401239641089&username=18907194798&password=820530zZ&_=1401239641090
INFO: [ app_init ] --START--
INFO: Run Behavior\BuildLiteBehavior [ RunTime:0.000034s ]
INFO: [ app_init ] --END-- [ RunTime:0.000442s ]
INFO: [ app_begin ] --START--
INFO: Run Behavior\ReadHtmlCacheBehavior [ RunTime:0.000439s ]
INFO: [ app_begin ] --END-- [ RunTime:0.000499s ]
INFO: [ app_end ] --START--
INFO: Run Behavior\ShowPageTraceBehavior [ RunTime:0.001021s ]
INFO: [ app_end ] --END-- [ RunTime:0.001254s ]

[ 2014-05-28T09:14:09+08:00 ] 219.140.78.54 /video/index.php?m=User&c=Index&a=login&callback=jQuery11010668063817312941_1401239672900&username=18907194783&password=123456&_=1401239672901
INFO: [ app_init ] --START--
INFO: Run Behavior\BuildLiteBehavior [ RunTime:0.000021s ]
INFO: [ app_init ] --END-- [ RunTime:0.000358s ]
INFO: [ app_begin ] --START--
INFO: Run Behavior\ReadHtmlCacheBehavior [ RunTime:0.000417s ]
INFO: [ app_begin ] --END-- [ RunTime:0.000480s ]
INFO: [ app_end ] --START--
INFO: Run Behavior\ShowPageTraceBehavior [ RunTime:0.000677s ]
INFO: [ app_end ] --END-- [ RunTime:0.000810s ]

[ 2014-05-28T09:14:17+08:00 ] 219.140.78.54 /video/index.php?m=User&c=Index&a=login&callback=jQuery110107117807588074356_1401239674294&username=18907194783&password=123456&_=1401239674295
INFO: [ app_init ] --START--
INFO: Run Behavior\BuildLiteBehavior [ RunTime:0.000021s ]
INFO: [ app_init ] --END-- [ RunTime:0.000366s ]
INFO: [ app_begin ] --START--
INFO: Run Behavior\ReadHtmlCacheBehavior [ RunTime:0.000406s ]
INFO: [ app_begin ] --END-- [ RunTime:0.000464s ]
INFO: [ app_end ] --START--
INFO: Run Behavior\ShowPageTraceBehavior [ RunTime:0.000823s ]
INFO: [ app_end ] --END-- [ RunTime:0.000950s ]

[ 2014-05-28T09:22:02+08:00 ] 58.49.161.144 /video/index.php?m=User&c=Index&a=login&callback=jQuery11010010530609637498856_1401240169070&username=18907194798&password=820530zZ&_=1401240169071
INFO: [ app_init ] --START--
INFO: Run Behavior\BuildLiteBehavior [ RunTime:0.000020s ]
INFO: [ app_init ] --END-- [ RunTime:0.000410s ]
INFO: [ app_begin ] --START--
INFO: Run Behavior\ReadHtmlCacheBehavior [ RunTime:0.000412s ]
INFO: [ app_begin ] --END-- [ RunTime:0.000471s ]
INFO: [ app_end ] --START--
INFO: Run Behavior\ShowPageTraceBehavior [ RunTime:0.000709s ]
INFO: [ app_end ] --END-- [ RunTime:0.000852s ]

[ 2014-05-28T10:00:47+08:00 ] 66.249.64.177 /video/index.php/Home/Index/play/id/5932
INFO: [ app_init ] --START--
INFO: Run Behavior\BuildLiteBehavior [ RunTime:0.000024s ]
INFO: [ app_init ] --END-- [ RunTime:0.000431s ]
INFO: [ app_begin ] --START--
INFO: Run Behavior\ReadHtmlCacheBehavior [ RunTime:0.000473s ]
INFO: [ app_begin ] --END-- [ RunTime:0.000536s ]
SQL: SHOW COLUMNS FROM `whol2014_videolist` [ RunTime:0.001610s ]
SQL: SELECT * FROM `whol2014_videolist` WHERE ( `id` = 5932 ) LIMIT 1   [ RunTime:0.000343s ]
SQL: SELECT * FROM `whol2014_videolist` ORDER BY id desc LIMIT 30   [ RunTime:0.000799s ]
SQL: SELECT * FROM `whol2014_videolist` ORDER BY click_count desc LIMIT 30   [ RunTime:0.002616s ]
INFO: [ view_parse ] --START--
INFO: [ template_filter ] --START--
INFO: Run Behavior\ContentReplaceBehavior [ RunTime:0.000129s ]
INFO: [ template_filter ] --END-- [ RunTime:0.000201s ]
INFO: Run Behavior\ParseTemplateBehavior [ RunTime:0.013975s ]
INFO: [ view_parse ] --END-- [ RunTime:0.014050s ]
INFO: [ view_filter ] --START--
INFO: Run Behavior\WriteHtmlCacheBehavior [ RunTime:0.000213s ]
INFO: [ view_filter ] --END-- [ RunTime:0.000269s ]
INFO: [ app_end ] --START--
INFO: Run Behavior\ShowPageTraceBehavior [ RunTime:0.000491s ]
INFO: [ app_end ] --END-- [ RunTime:0.000563s ]

[ 2014-05-28T11:16:35+08:00 ] 66.249.64.177 /video/index.php/Home/Index/play/id/9688
INFO: [ app_init ] --START--
INFO: Run Behavior\BuildLiteBehavior [ RunTime:0.000026s ]
INFO: [ app_init ] --END-- [ RunTime:0.000782s ]
INFO: [ app_begin ] --START--
INFO: Run Behavior\ReadHtmlCacheBehavior [ RunTime:0.000511s ]
INFO: [ app_begin ] --END-- [ RunTime:0.000616s ]
SQL: SHOW COLUMNS FROM `whol2014_videolist` [ RunTime:0.001891s ]
SQL: SELECT * FROM `whol2014_videolist` WHERE ( `id` = 9688 ) LIMIT 1   [ RunTime:0.000292s ]
SQL: SELECT * FROM `whol2014_videolist` ORDER BY id desc LIMIT 30   [ RunTime:0.000736s ]
SQL: SELECT * FROM `whol2014_videolist` ORDER BY click_count desc LIMIT 30   [ RunTime:0.002445s ]
INFO: [ view_parse ] --START--
INFO: [ template_filter ] --START--
INFO: Run Behavior\ContentReplaceBehavior [ RunTime:0.000139s ]
INFO: [ template_filter ] --END-- [ RunTime:0.000243s ]
INFO: Run Behavior\ParseTemplateBehavior [ RunTime:0.015580s ]
INFO: [ view_parse ] --END-- [ RunTime:0.015662s ]
INFO: [ view_filter ] --START--
INFO: Run Behavior\WriteHtmlCacheBehavior [ RunTime:0.000232s ]
INFO: [ view_filter ] --END-- [ RunTime:0.000298s ]
INFO: [ app_end ] --START--
INFO: Run Behavior\ShowPageTraceBehavior [ RunTime:0.000541s ]
INFO: [ app_end ] --END-- [ RunTime:0.000603s ]

[ 2014-05-28T12:32:22+08:00 ] 66.249.64.177 /video/index.php/Home/Index/play/id/10571
INFO: [ app_init ] --START--
INFO: Run Behavior\BuildLiteBehavior [ RunTime:0.000021s ]
INFO: [ app_init ] --END-- [ RunTime:0.000361s ]
INFO: [ app_begin ] --START--
INFO: Run Behavior\ReadHtmlCacheBehavior [ RunTime:0.000406s ]
INFO: [ app_begin ] --END-- [ RunTime:0.000465s ]
SQL: SHOW COLUMNS FROM `whol2014_videolist` [ RunTime:0.001549s ]
SQL: SELECT * FROM `whol2014_videolist` WHERE ( `id` = 10571 ) LIMIT 1   [ RunTime:0.000283s ]
SQL: SELECT * FROM `whol2014_videolist` ORDER BY id desc LIMIT 30   [ RunTime:0.000730s ]
SQL: SELECT * FROM `whol2014_videolist` ORDER BY click_count desc LIMIT 30   [ RunTime:0.002566s ]
INFO: [ view_parse ] --START--
INFO: [ template_filter ] --START--
INFO: Run Behavior\ContentReplaceBehavior [ RunTime:0.000140s ]
INFO: [ template_filter ] --END-- [ RunTime:0.000207s ]
INFO: Run Behavior\ParseTemplateBehavior [ RunTime:0.012579s ]
INFO: [ view_parse ] --END-- [ RunTime:0.012646s ]
INFO: [ view_filter ] --START--
INFO: Run Behavior\WriteHtmlCacheBehavior [ RunTime:0.000184s ]
INFO: [ view_filter ] --END-- [ RunTime:0.000237s ]
INFO: [ app_end ] --START--
INFO: Run Behavior\ShowPageTraceBehavior [ RunTime:0.000462s ]
INFO: [ app_end ] --END-- [ RunTime:0.000523s ]

[ 2014-05-28T13:33:14+08:00 ] 61.135.186.21 /video/index.php/Home/Index/play/id/8558
INFO: [ app_init ] --START--
INFO: Run Behavior\BuildLiteBehavior [ RunTime:0.000031s ]
INFO: [ app_init ] --END-- [ RunTime:0.000469s ]
INFO: [ app_begin ] --START--
INFO: Run Behavior\ReadHtmlCacheBehavior [ RunTime:0.000443s ]
INFO: [ app_begin ] --END-- [ RunTime:0.000504s ]
SQL: SHOW COLUMNS FROM `whol2014_videolist` [ RunTime:0.001669s ]
SQL: SELECT * FROM `whol2014_videolist` WHERE ( `id` = 8558 ) LIMIT 1   [ RunTime:0.000333s ]
SQL: SELECT * FROM `whol2014_videolist` ORDER BY id desc LIMIT 30   [ RunTime:0.000808s ]
SQL: SELECT * FROM `whol2014_videolist` ORDER BY click_count desc LIMIT 30   [ RunTime:0.003426s ]
INFO: [ view_parse ] --START--
INFO: [ template_filter ] --START--
INFO: Run Behavior\ContentReplaceBehavior [ RunTime:0.000132s ]
INFO: [ template_filter ] --END-- [ RunTime:0.000231s ]
INFO: Run Behavior\ParseTemplateBehavior [ RunTime:0.016395s ]
INFO: [ view_parse ] --END-- [ RunTime:0.016559s ]
INFO: [ view_filter ] --START--
INFO: Run Behavior\WriteHtmlCacheBehavior [ RunTime:0.000329s ]
INFO: [ view_filter ] --END-- [ RunTime:0.000393s ]
INFO: [ app_end ] --START--
INFO: Run Behavior\ShowPageTraceBehavior [ RunTime:0.000533s ]
INFO: [ app_end ] --END-- [ RunTime:0.000605s ]

[ 2014-05-28T13:48:09+08:00 ] 66.249.64.177 /video/index.php/Home/Index/more/category/8/p/1.html
INFO: [ app_init ] --START--
INFO: Run Behavior\BuildLiteBehavior [ RunTime:0.000020s ]
INFO: [ app_init ] --END-- [ RunTime:0.000368s ]
INFO: [ app_begin ] --START--
INFO: Run Behavior\ReadHtmlCacheBehavior [ RunTime:0.000420s ]
INFO: [ app_begin ] --END-- [ RunTime:0.000478s ]
SQL: SHOW COLUMNS FROM `whol2014_videolist` [ RunTime:0.001871s ]
SQL: SELECT COUNT(*) AS tp_count FROM `whol2014_videolist` WHERE ( path='10000知道' ) LIMIT 1   [ RunTime:0.002614s ]
SQL: SELECT * FROM `whol2014_videolist` WHERE ( path='10000知道' ) ORDER BY id desc LIMIT 0,25   [ RunTime:0.015506s ]
INFO: [ view_parse ] --START--
INFO: [ template_filter ] --START--
INFO: Run Behavior\ContentReplaceBehavior [ RunTime:0.000100s ]
INFO: [ template_filter ] --END-- [ RunTime:0.000181s ]
INFO: Run Behavior\ParseTemplateBehavior [ RunTime:0.010412s ]
INFO: [ view_parse ] --END-- [ RunTime:0.010498s ]
INFO: [ view_filter ] --START--
INFO: Run Behavior\WriteHtmlCacheBehavior [ RunTime:0.000190s ]
INFO: [ view_filter ] --END-- [ RunTime:0.000244s ]
INFO: [ app_end ] --START--
INFO: Run Behavior\ShowPageTraceBehavior [ RunTime:0.000448s ]
INFO: [ app_end ] --END-- [ RunTime:0.000540s ]

[ 2014-05-28T15:04:00+08:00 ] 66.249.64.182 /video/index.php/Home/Index/play/id/10399
INFO: [ app_init ] --START--
INFO: Run Behavior\BuildLiteBehavior [ RunTime:0.000028s ]
INFO: [ app_init ] --END-- [ RunTime:0.000368s ]
INFO: [ app_begin ] --START--
INFO: Run Behavior\ReadHtmlCacheBehavior [ RunTime:0.000438s ]
INFO: [ app_begin ] --END-- [ RunTime:0.000497s ]
SQL: SHOW COLUMNS FROM `whol2014_videolist` [ RunTime:0.001315s ]
SQL: SELECT * FROM `whol2014_videolist` WHERE ( `id` = 10399 ) LIMIT 1   [ RunTime:0.000292s ]
SQL: SELECT * FROM `whol2014_videolist` ORDER BY id desc LIMIT 30   [ RunTime:0.000757s ]
SQL: SELECT * FROM `whol2014_videolist` ORDER BY click_count desc LIMIT 30   [ RunTime:0.002517s ]
INFO: [ view_parse ] --START--
INFO: [ template_filter ] --START--
INFO: Run Behavior\ContentReplaceBehavior [ RunTime:0.000148s ]
INFO: [ template_filter ] --END-- [ RunTime:0.000215s ]
INFO: Run Behavior\ParseTemplateBehavior [ RunTime:0.014674s ]
INFO: [ view_parse ] --END-- [ RunTime:0.014747s ]
INFO: [ view_filter ] --START--
INFO: Run Behavior\WriteHtmlCacheBehavior [ RunTime:0.000173s ]
INFO: [ view_filter ] --END-- [ RunTime:0.000228s ]
INFO: [ app_end ] --START--
INFO: Run Behavior\ShowPageTraceBehavior [ RunTime:0.000474s ]
INFO: [ app_end ] --END-- [ RunTime:0.000532s ]

[ 2014-05-28T15:09:38+08:00 ] 218.30.103.77 /video/index.php/Home/Index/more/category/10
INFO: [ app_init ] --START--
INFO: Run Behavior\BuildLiteBehavior [ RunTime:0.000040s ]
INFO: [ app_init ] --END-- [ RunTime:0.000410s ]
INFO: [ app_begin ] --START--
INFO: Run Behavior\ReadHtmlCacheBehavior [ RunTime:0.000435s ]
INFO: [ app_begin ] --END-- [ RunTime:0.000495s ]
SQL: SHOW COLUMNS FROM `whol2014_videolist` [ RunTime:0.001399s ]
SQL: SELECT COUNT(*) AS tp_count FROM `whol2014_videolist` WHERE ( path='itv导视' ) LIMIT 1   [ RunTime:0.002766s ]
SQL: SELECT * FROM `whol2014_videolist` WHERE ( path='itv导视' ) ORDER BY id desc LIMIT 0,25   [ RunTime:0.008686s ]
INFO: [ view_parse ] --START--
INFO: [ template_filter ] --START--
INFO: Run Behavior\ContentReplaceBehavior [ RunTime:0.000129s ]
INFO: [ template_filter ] --END-- [ RunTime:0.000209s ]
INFO: Run Behavior\ParseTemplateBehavior [ RunTime:0.011496s ]
INFO: [ view_parse ] --END-- [ RunTime:0.011613s ]
INFO: [ view_filter ] --START--
INFO: Run Behavior\WriteHtmlCacheBehavior [ RunTime:0.000169s ]
INFO: [ view_filter ] --END-- [ RunTime:0.000223s ]
INFO: [ app_end ] --START--
INFO: Run Behavior\ShowPageTraceBehavior [ RunTime:0.000490s ]
INFO: [ app_end ] --END-- [ RunTime:0.000574s ]

[ 2014-05-28T16:18:51+08:00 ] 123.125.71.51 /video/index.php/Home/Index/play/id/10395
INFO: [ app_init ] --START--
INFO: Run Behavior\BuildLiteBehavior [ RunTime:0.000021s ]
INFO: [ app_init ] --END-- [ RunTime:0.000376s ]
INFO: [ app_begin ] --START--
INFO: Run Behavior\ReadHtmlCacheBehavior [ RunTime:0.000442s ]
INFO: [ app_begin ] --END-- [ RunTime:0.000501s ]
SQL: SHOW COLUMNS FROM `whol2014_videolist` [ RunTime:0.001661s ]
SQL: SELECT * FROM `whol2014_videolist` WHERE ( `id` = 10395 ) LIMIT 1   [ RunTime:0.000319s ]
SQL: SELECT * FROM `whol2014_videolist` ORDER BY id desc LIMIT 30   [ RunTime:0.000767s ]
SQL: SELECT * FROM `whol2014_videolist` ORDER BY click_count desc LIMIT 30   [ RunTime:0.002704s ]
INFO: [ view_parse ] --START--
INFO: [ template_filter ] --START--
INFO: Run Behavior\ContentReplaceBehavior [ RunTime:0.000152s ]
INFO: [ template_filter ] --END-- [ RunTime:0.000280s ]
INFO: Run Behavior\ParseTemplateBehavior [ RunTime:0.016574s ]
INFO: [ view_parse ] --END-- [ RunTime:0.016672s ]
INFO: [ view_filter ] --START--
INFO: Run Behavior\WriteHtmlCacheBehavior [ RunTime:0.000286s ]
INFO: [ view_filter ] --END-- [ RunTime:0.000371s ]
INFO: [ app_end ] --START--
INFO: Run Behavior\ShowPageTraceBehavior [ RunTime:0.000676s ]
INFO: [ app_end ] --END-- [ RunTime:0.000767s ]

[ 2014-05-28T16:19:44+08:00 ] 66.249.64.177 /video/index.php/Home/Index/play/id/10511
INFO: [ app_init ] --START--
INFO: Run Behavior\BuildLiteBehavior [ RunTime:0.000031s ]
INFO: [ app_init ] --END-- [ RunTime:0.000405s ]
INFO: [ app_begin ] --START--
INFO: Run Behavior\ReadHtmlCacheBehavior [ RunTime:0.000410s ]
INFO: [ app_begin ] --END-- [ RunTime:0.000470s ]
SQL: SHOW COLUMNS FROM `whol2014_videolist` [ RunTime:0.001503s ]
SQL: SELECT * FROM `whol2014_videolist` WHERE ( `id` = 10511 ) LIMIT 1   [ RunTime:0.000299s ]
SQL: SELECT * FROM `whol2014_videolist` ORDER BY id desc LIMIT 30   [ RunTime:0.000813s ]
SQL: SELECT * FROM `whol2014_videolist` ORDER BY click_count desc LIMIT 30   [ RunTime:0.002604s ]
INFO: [ view_parse ] --START--
INFO: [ template_filter ] --START--
INFO: Run Behavior\ContentReplaceBehavior [ RunTime:0.000132s ]
INFO: [ template_filter ] --END-- [ RunTime:0.000230s ]
INFO: Run Behavior\ParseTemplateBehavior [ RunTime:0.012294s ]
INFO: [ view_parse ] --END-- [ RunTime:0.012375s ]
INFO: [ view_filter ] --START--
INFO: Run Behavior\WriteHtmlCacheBehavior [ RunTime:0.000199s ]
INFO: [ view_filter ] --END-- [ RunTime:0.000254s ]
INFO: [ app_end ] --START--
INFO: Run Behavior\ShowPageTraceBehavior [ RunTime:0.000473s ]
INFO: [ app_end ] --END-- [ RunTime:0.000533s ]

[ 2014-05-28T16:22:26+08:00 ] 219.140.78.54 /video/index.php?m=User&c=Index&a=login&callback=jQuery110101589710453990847_1401265395060&username=18907194783&password=123456&_=1401265395061
INFO: [ app_init ] --START--
INFO: Run Behavior\BuildLiteBehavior [ RunTime:0.000019s ]
INFO: [ app_init ] --END-- [ RunTime:0.000375s ]
INFO: [ app_begin ] --START--
INFO: Run Behavior\ReadHtmlCacheBehavior [ RunTime:0.000431s ]
INFO: [ app_begin ] --END-- [ RunTime:0.000491s ]
INFO: [ app_end ] --START--
INFO: Run Behavior\ShowPageTraceBehavior [ RunTime:0.000629s ]
INFO: [ app_end ] --END-- [ RunTime:0.000769s ]

[ 2014-05-28T17:35:32+08:00 ] 66.249.64.177 /video/index.php/Home/Index/more/category/2/p/js/main
INFO: [ app_init ] --START--
INFO: Run Behavior\BuildLiteBehavior [ RunTime:0.000020s ]
INFO: [ app_init ] --END-- [ RunTime:0.000382s ]
INFO: [ app_begin ] --START--
INFO: Run Behavior\ReadHtmlCacheBehavior [ RunTime:0.000418s ]
INFO: [ app_begin ] --END-- [ RunTime:0.000476s ]
SQL: SHOW COLUMNS FROM `whol2014_videolist` [ RunTime:0.001700s ]
SQL: SELECT COUNT(*) AS tp_count FROM `whol2014_videolist` WHERE ( path='经视直播' ) LIMIT 1   [ RunTime:0.002144s ]
SQL: SELECT * FROM `whol2014_videolist` WHERE ( path='经视直播' ) ORDER BY id desc LIMIT -25,25   [ RunTime:0.000140s ]
ERR: 1064:You have an error in your SQL syntax; check the manual that corresponds to your MySQL server version for the right syntax to use near '-25,25' at line 1
 [ SQL语句 ] : SELECT * FROM `whol2014_videolist` WHERE ( path='经视直播' ) ORDER BY id desc LIMIT -25,25  
INFO: [ view_parse ] --START--
INFO: [ template_filter ] --START--
INFO: Run Behavior\ContentReplaceBehavior [ RunTime:0.000141s ]
INFO: [ template_filter ] --END-- [ RunTime:0.000233s ]
INFO: Run Behavior\ParseTemplateBehavior [ RunTime:0.011527s ]
INFO: [ view_parse ] --END-- [ RunTime:0.011630s ]
INFO: [ view_filter ] --START--
INFO: Run Behavior\WriteHtmlCacheBehavior [ RunTime:0.000188s ]
INFO: [ view_filter ] --END-- [ RunTime:0.000241s ]
INFO: [ app_end ] --START--
INFO: Run Behavior\ShowPageTraceBehavior [ RunTime:0.000460s ]
INFO: [ app_end ] --END-- [ RunTime:0.000551s ]

[ 2014-05-28T18:16:52+08:00 ] 66.249.64.177 /video/index.php/Home/Index/play/id/10526
INFO: [ app_init ] --START--
INFO: Run Behavior\BuildLiteBehavior [ RunTime:0.000038s ]
INFO: [ app_init ] --END-- [ RunTime:0.000370s ]
INFO: [ app_begin ] --START--
INFO: Run Behavior\ReadHtmlCacheBehavior [ RunTime:0.000417s ]
INFO: [ app_begin ] --END-- [ RunTime:0.000477s ]
SQL: SHOW COLUMNS FROM `whol2014_videolist` [ RunTime:0.001483s ]
SQL: SELECT * FROM `whol2014_videolist` WHERE ( `id` = 10526 ) LIMIT 1   [ RunTime:0.000318s ]
SQL: SELECT * FROM `whol2014_videolist` ORDER BY id desc LIMIT 30   [ RunTime:0.000760s ]
SQL: SELECT * FROM `whol2014_videolist` ORDER BY click_count desc LIMIT 30   [ RunTime:0.002594s ]
INFO: [ view_parse ] --START--
INFO: [ template_filter ] --START--
INFO: Run Behavior\ContentReplaceBehavior [ RunTime:0.000173s ]
INFO: [ template_filter ] --END-- [ RunTime:0.000277s ]
INFO: Run Behavior\ParseTemplateBehavior [ RunTime:0.013885s ]
INFO: [ view_parse ] --END-- [ RunTime:0.013978s ]
INFO: [ view_filter ] --START--
INFO: Run Behavior\WriteHtmlCacheBehavior [ RunTime:0.000210s ]
INFO: [ view_filter ] --END-- [ RunTime:0.000277s ]
INFO: [ app_end ] --START--
INFO: Run Behavior\ShowPageTraceBehavior [ RunTime:0.000803s ]
INFO: [ app_end ] --END-- [ RunTime:0.000897s ]

[ 2014-05-28T18:17:53+08:00 ] 66.249.76.2 /video/index.php/Home/Index/play/id/7127
INFO: [ app_init ] --START--
INFO: Run Behavior\BuildLiteBehavior [ RunTime:0.000020s ]
INFO: [ app_init ] --END-- [ RunTime:0.000351s ]
INFO: [ app_begin ] --START--
INFO: Run Behavior\ReadHtmlCacheBehavior [ RunTime:0.000392s ]
INFO: [ app_begin ] --END-- [ RunTime:0.000451s ]
SQL: SHOW COLUMNS FROM `whol2014_videolist` [ RunTime:0.001778s ]
SQL: SELECT * FROM `whol2014_videolist` WHERE ( `id` = 7127 ) LIMIT 1   [ RunTime:0.000369s ]
SQL: SELECT * FROM `whol2014_videolist` ORDER BY id desc LIMIT 30   [ RunTime:0.000730s ]
SQL: SELECT * FROM `whol2014_videolist` ORDER BY click_count desc LIMIT 30   [ RunTime:0.002723s ]
INFO: [ view_parse ] --START--
INFO: [ template_filter ] --START--
INFO: Run Behavior\ContentReplaceBehavior [ RunTime:0.000139s ]
INFO: [ template_filter ] --END-- [ RunTime:0.000214s ]
INFO: Run Behavior\ParseTemplateBehavior [ RunTime:0.012739s ]
INFO: [ view_parse ] --END-- [ RunTime:0.012805s ]
INFO: [ view_filter ] --START--
INFO: Run Behavior\WriteHtmlCacheBehavior [ RunTime:0.000189s ]
INFO: [ view_filter ] --END-- [ RunTime:0.000243s ]
INFO: [ app_end ] --START--
INFO: Run Behavior\ShowPageTraceBehavior [ RunTime:0.000500s ]
INFO: [ app_end ] --END-- [ RunTime:0.000560s ]

[ 2014-05-28T18:18:55+08:00 ] 66.249.64.177 /video/index.php/Home/Index/play/id/6835
INFO: [ app_init ] --START--
INFO: Run Behavior\BuildLiteBehavior [ RunTime:0.000021s ]
INFO: [ app_init ] --END-- [ RunTime:0.000376s ]
INFO: [ app_begin ] --START--
INFO: Run Behavior\ReadHtmlCacheBehavior [ RunTime:0.000416s ]
INFO: [ app_begin ] --END-- [ RunTime:0.000475s ]
SQL: SHOW COLUMNS FROM `whol2014_videolist` [ RunTime:0.001462s ]
SQL: SELECT * FROM `whol2014_videolist` WHERE ( `id` = 6835 ) LIMIT 1   [ RunTime:0.000334s ]
SQL: SELECT * FROM `whol2014_videolist` ORDER BY id desc LIMIT 30   [ RunTime:0.000771s ]
SQL: SELECT * FROM `whol2014_videolist` ORDER BY click_count desc LIMIT 30   [ RunTime:0.002629s ]
INFO: [ view_parse ] --START--
INFO: [ template_filter ] --START--
INFO: Run Behavior\ContentReplaceBehavior [ RunTime:0.000137s ]
INFO: [ template_filter ] --END-- [ RunTime:0.000254s ]
INFO: Run Behavior\ParseTemplateBehavior [ RunTime:0.014101s ]
INFO: [ view_parse ] --END-- [ RunTime:0.014176s ]
INFO: [ view_filter ] --START--
INFO: Run Behavior\WriteHtmlCacheBehavior [ RunTime:0.000275s ]
INFO: [ view_filter ] --END-- [ RunTime:0.000337s ]
INFO: [ app_end ] --START--
INFO: Run Behavior\ShowPageTraceBehavior [ RunTime:0.000507s ]
INFO: [ app_end ] --END-- [ RunTime:0.000603s ]

[ 2014-05-28T18:19:58+08:00 ] 66.249.64.172 /video/index.php/Home/Index/play/id/9240
INFO: [ app_init ] --START--
INFO: Run Behavior\BuildLiteBehavior [ RunTime:0.000019s ]
INFO: [ app_init ] --END-- [ RunTime:0.000357s ]
INFO: [ app_begin ] --START--
INFO: Run Behavior\ReadHtmlCacheBehavior [ RunTime:0.000407s ]
INFO: [ app_begin ] --END-- [ RunTime:0.000465s ]
SQL: SHOW COLUMNS FROM `whol2014_videolist` [ RunTime:0.001317s ]
SQL: SELECT * FROM `whol2014_videolist` WHERE ( `id` = 9240 ) LIMIT 1   [ RunTime:0.000289s ]
SQL: SELECT * FROM `whol2014_videolist` ORDER BY id desc LIMIT 30   [ RunTime:0.000753s ]
SQL: SELECT * FROM `whol2014_videolist` ORDER BY click_count desc LIMIT 30   [ RunTime:0.002502s ]
INFO: [ view_parse ] --START--
INFO: [ template_filter ] --START--
INFO: Run Behavior\ContentReplaceBehavior [ RunTime:0.000119s ]
INFO: [ template_filter ] --END-- [ RunTime:0.000179s ]
INFO: Run Behavior\ParseTemplateBehavior [ RunTime:0.011720s ]
INFO: [ view_parse ] --END-- [ RunTime:0.011780s ]
INFO: [ view_filter ] --START--
INFO: Run Behavior\WriteHtmlCacheBehavior [ RunTime:0.000167s ]
INFO: [ view_filter ] --END-- [ RunTime:0.000220s ]
INFO: [ app_end ] --START--
INFO: Run Behavior\ShowPageTraceBehavior [ RunTime:0.000481s ]
INFO: [ app_end ] --END-- [ RunTime:0.000538s ]

[ 2014-05-28T18:21:13+08:00 ] 66.249.76.5 /video/index.php/Home/Index/play/id/js/sea-modules
INFO: [ app_init ] --START--
INFO: Run Behavior\BuildLiteBehavior [ RunTime:0.000020s ]
INFO: [ app_init ] --END-- [ RunTime:0.000391s ]
INFO: [ app_begin ] --START--
INFO: Run Behavior\ReadHtmlCacheBehavior [ RunTime:0.000459s ]
INFO: [ app_begin ] --END-- [ RunTime:0.000518s ]
SQL: SHOW COLUMNS FROM `whol2014_videolist` [ RunTime:0.001466s ]
SQL: SELECT * FROM `whol2014_videolist` WHERE ( `id` = 0 ) LIMIT 1   [ RunTime:0.000257s ]
SQL: SELECT * FROM `whol2014_videolist` ORDER BY id desc LIMIT 30   [ RunTime:0.000783s ]
SQL: SELECT * FROM `whol2014_videolist` ORDER BY click_count desc LIMIT 30   [ RunTime:0.002656s ]
INFO: [ view_parse ] --START--
INFO: [ template_filter ] --START--
INFO: Run Behavior\ContentReplaceBehavior [ RunTime:0.000159s ]
INFO: [ template_filter ] --END-- [ RunTime:0.000227s ]
INFO: Run Behavior\ParseTemplateBehavior [ RunTime:0.012681s ]
INFO: [ view_parse ] --END-- [ RunTime:0.012747s ]
INFO: [ view_filter ] --START--
INFO: Run Behavior\WriteHtmlCacheBehavior [ RunTime:0.000195s ]
INFO: [ view_filter ] --END-- [ RunTime:0.000248s ]
INFO: [ app_end ] --START--
INFO: Run Behavior\ShowPageTraceBehavior [ RunTime:0.000480s ]
INFO: [ app_end ] --END-- [ RunTime:0.000541s ]

[ 2014-05-28T18:35:50+08:00 ] 66.249.64.177 /video/index.php/Home/Index/play/id/10829
INFO: [ app_init ] --START--
INFO: Run Behavior\BuildLiteBehavior [ RunTime:0.000033s ]
INFO: [ app_init ] --END-- [ RunTime:0.000468s ]
INFO: [ app_begin ] --START--
INFO: Run Behavior\ReadHtmlCacheBehavior [ RunTime:0.000513s ]
INFO: [ app_begin ] --END-- [ RunTime:0.000578s ]
SQL: SHOW COLUMNS FROM `whol2014_videolist` [ RunTime:0.001514s ]
SQL: SELECT * FROM `whol2014_videolist` WHERE ( `id` = 10829 ) LIMIT 1   [ RunTime:0.000316s ]
SQL: SELECT * FROM `whol2014_videolist` ORDER BY id desc LIMIT 30   [ RunTime:0.000824s ]
SQL: SELECT * FROM `whol2014_videolist` ORDER BY click_count desc LIMIT 30   [ RunTime:0.002746s ]
INFO: [ view_parse ] --START--
INFO: [ template_filter ] --START--
INFO: Run Behavior\ContentReplaceBehavior [ RunTime:0.000135s ]
INFO: [ template_filter ] --END-- [ RunTime:0.000199s ]
INFO: Run Behavior\ParseTemplateBehavior [ RunTime:0.013425s ]
INFO: [ view_parse ] --END-- [ RunTime:0.013564s ]
INFO: [ view_filter ] --START--
INFO: Run Behavior\WriteHtmlCacheBehavior [ RunTime:0.000269s ]
INFO: [ view_filter ] --END-- [ RunTime:0.000333s ]
INFO: [ app_end ] --START--
INFO: Run Behavior\ShowPageTraceBehavior [ RunTime:0.000987s ]
INFO: [ app_end ] --END-- [ RunTime:0.001172s ]

[ 2014-05-28T19:16:13+08:00 ] 66.249.64.172 /video/index.php/Home/Index/play/id/7257
INFO: [ app_init ] --START--
INFO: Run Behavior\BuildLiteBehavior [ RunTime:0.000019s ]
INFO: [ app_init ] --END-- [ RunTime:0.000339s ]
INFO: [ app_begin ] --START--
INFO: Run Behavior\ReadHtmlCacheBehavior [ RunTime:0.000388s ]
INFO: [ app_begin ] --END-- [ RunTime:0.000446s ]
SQL: SHOW COLUMNS FROM `whol2014_videolist` [ RunTime:0.001303s ]
SQL: SELECT * FROM `whol2014_videolist` WHERE ( `id` = 7257 ) LIMIT 1   [ RunTime:0.000311s ]
SQL: SELECT * FROM `whol2014_videolist` ORDER BY id desc LIMIT 30   [ RunTime:0.000743s ]
SQL: SELECT * FROM `whol2014_videolist` ORDER BY click_count desc LIMIT 30   [ RunTime:0.002482s ]
INFO: [ view_parse ] --START--
INFO: [ template_filter ] --START--
INFO: Run Behavior\ContentReplaceBehavior [ RunTime:0.000122s ]
INFO: [ template_filter ] --END-- [ RunTime:0.000194s ]
INFO: Run Behavior\ParseTemplateBehavior [ RunTime:0.011612s ]
INFO: [ view_parse ] --END-- [ RunTime:0.011674s ]
INFO: [ view_filter ] --START--
INFO: Run Behavior\WriteHtmlCacheBehavior [ RunTime:0.000168s ]
INFO: [ view_filter ] --END-- [ RunTime:0.000221s ]
INFO: [ app_end ] --START--
INFO: Run Behavior\ShowPageTraceBehavior [ RunTime:0.000452s ]
INFO: [ app_end ] --END-- [ RunTime:0.000510s ]

[ 2014-05-28T19:16:51+08:00 ] 66.249.64.172 /video/index.php/Home/Index/play/id/10749
INFO: [ app_init ] --START--
INFO: Run Behavior\BuildLiteBehavior [ RunTime:0.000022s ]
INFO: [ app_init ] --END-- [ RunTime:0.000404s ]
INFO: [ app_begin ] --START--
INFO: Run Behavior\ReadHtmlCacheBehavior [ RunTime:0.000485s ]
INFO: [ app_begin ] --END-- [ RunTime:0.000552s ]
SQL: SHOW COLUMNS FROM `whol2014_videolist` [ RunTime:0.001340s ]
SQL: SELECT * FROM `whol2014_videolist` WHERE ( `id` = 10749 ) LIMIT 1   [ RunTime:0.000290s ]
SQL: SELECT * FROM `whol2014_videolist` ORDER BY id desc LIMIT 30   [ RunTime:0.000751s ]
SQL: SELECT * FROM `whol2014_videolist` ORDER BY click_count desc LIMIT 30   [ RunTime:0.002527s ]
INFO: [ view_parse ] --START--
INFO: [ template_filter ] --START--
INFO: Run Behavior\ContentReplaceBehavior [ RunTime:0.000155s ]
INFO: [ template_filter ] --END-- [ RunTime:0.000223s ]
INFO: Run Behavior\ParseTemplateBehavior [ RunTime:0.013156s ]
INFO: [ view_parse ] --END-- [ RunTime:0.013231s ]
INFO: [ view_filter ] --START--
INFO: Run Behavior\WriteHtmlCacheBehavior [ RunTime:0.000177s ]
INFO: [ view_filter ] --END-- [ RunTime:0.000230s ]
INFO: [ app_end ] --START--
INFO: Run Behavior\ShowPageTraceBehavior [ RunTime:0.000499s ]
INFO: [ app_end ] --END-- [ RunTime:0.000559s ]

[ 2014-05-28T19:18:05+08:00 ] 66.249.64.177 /video/index.php/Home/Index/play/id/10333
INFO: [ app_init ] --START--
INFO: Run Behavior\BuildLiteBehavior [ RunTime:0.000033s ]
INFO: [ app_init ] --END-- [ RunTime:0.000412s ]
INFO: [ app_begin ] --START--
INFO: Run Behavior\ReadHtmlCacheBehavior [ RunTime:0.000486s ]
INFO: [ app_begin ] --END-- [ RunTime:0.000562s ]
SQL: SHOW COLUMNS FROM `whol2014_videolist` [ RunTime:0.001597s ]
SQL: SELECT * FROM `whol2014_videolist` WHERE ( `id` = 10333 ) LIMIT 1   [ RunTime:0.000346s ]
SQL: SELECT * FROM `whol2014_videolist` ORDER BY id desc LIMIT 30   [ RunTime:0.000797s ]
SQL: SELECT * FROM `whol2014_videolist` ORDER BY click_count desc LIMIT 30   [ RunTime:0.002763s ]
INFO: [ view_parse ] --START--
INFO: [ template_filter ] --START--
INFO: Run Behavior\ContentReplaceBehavior [ RunTime:0.000158s ]
INFO: [ template_filter ] --END-- [ RunTime:0.000236s ]
INFO: Run Behavior\ParseTemplateBehavior [ RunTime:0.013731s ]
INFO: [ view_parse ] --END-- [ RunTime:0.013817s ]
INFO: [ view_filter ] --START--
INFO: Run Behavior\WriteHtmlCacheBehavior [ RunTime:0.000171s ]
INFO: [ view_filter ] --END-- [ RunTime:0.000226s ]
INFO: [ app_end ] --START--
INFO: Run Behavior\ShowPageTraceBehavior [ RunTime:0.000481s ]
INFO: [ app_end ] --END-- [ RunTime:0.000540s ]

[ 2014-05-28T19:19:08+08:00 ] 66.249.64.172 /video/index.php/Home/Index/play/id/10562
INFO: [ app_init ] --START--
INFO: Run Behavior\BuildLiteBehavior [ RunTime:0.000018s ]
INFO: [ app_init ] --END-- [ RunTime:0.000334s ]
INFO: [ app_begin ] --START--
INFO: Run Behavior\ReadHtmlCacheBehavior [ RunTime:0.000378s ]
INFO: [ app_begin ] --END-- [ RunTime:0.000434s ]
SQL: SHOW COLUMNS FROM `whol2014_videolist` [ RunTime:0.001327s ]
SQL: SELECT * FROM `whol2014_videolist` WHERE ( `id` = 10562 ) LIMIT 1   [ RunTime:0.000287s ]
SQL: SELECT * FROM `whol2014_videolist` ORDER BY id desc LIMIT 30   [ RunTime:0.000717s ]
SQL: SELECT * FROM `whol2014_videolist` ORDER BY click_count desc LIMIT 30   [ RunTime:0.002489s ]
INFO: [ view_parse ] --START--
INFO: [ template_filter ] --START--
INFO: Run Behavior\ContentReplaceBehavior [ RunTime:0.000119s ]
INFO: [ template_filter ] --END-- [ RunTime:0.000192s ]
INFO: Run Behavior\ParseTemplateBehavior [ RunTime:0.011733s ]
INFO: [ view_parse ] --END-- [ RunTime:0.011795s ]
INFO: [ view_filter ] --START--
INFO: Run Behavior\WriteHtmlCacheBehavior [ RunTime:0.000164s ]
INFO: [ view_filter ] --END-- [ RunTime:0.000217s ]
INFO: [ app_end ] --START--
INFO: Run Behavior\ShowPageTraceBehavior [ RunTime:0.000447s ]
INFO: [ app_end ] --END-- [ RunTime:0.000505s ]

[ 2014-05-28T19:23:34+08:00 ] 66.249.64.177 /video/index.php/Home/Index/play/id/10475
INFO: [ app_init ] --START--
INFO: Run Behavior\BuildLiteBehavior [ RunTime:0.000020s ]
INFO: [ app_init ] --END-- [ RunTime:0.000354s ]
INFO: [ app_begin ] --START--
INFO: Run Behavior\ReadHtmlCacheBehavior [ RunTime:0.000523s ]
INFO: [ app_begin ] --END-- [ RunTime:0.000623s ]
SQL: SHOW COLUMNS FROM `whol2014_videolist` [ RunTime:0.001712s ]
SQL: SELECT * FROM `whol2014_videolist` WHERE ( `id` = 10475 ) LIMIT 1   [ RunTime:0.000373s ]
SQL: SELECT * FROM `whol2014_videolist` ORDER BY id desc LIMIT 30   [ RunTime:0.001034s ]
SQL: SELECT * FROM `whol2014_videolist` ORDER BY click_count desc LIMIT 30   [ RunTime:0.002999s ]
INFO: [ view_parse ] --START--
INFO: [ template_filter ] --START--
INFO: Run Behavior\ContentReplaceBehavior [ RunTime:0.000134s ]
INFO: [ template_filter ] --END-- [ RunTime:0.000207s ]
INFO: Run Behavior\ParseTemplateBehavior [ RunTime:0.013164s ]
INFO: [ view_parse ] --END-- [ RunTime:0.013235s ]
INFO: [ view_filter ] --START--
INFO: Run Behavior\WriteHtmlCacheBehavior [ RunTime:0.000234s ]
INFO: [ view_filter ] --END-- [ RunTime:0.000318s ]
INFO: [ app_end ] --START--
INFO: Run Behavior\ShowPageTraceBehavior [ RunTime:0.000567s ]
INFO: [ app_end ] --END-- [ RunTime:0.000633s ]

[ 2014-05-28T20:30:45+08:00 ] 66.249.64.177 /video/index.php/Home/Index/play/id/10003
INFO: [ app_init ] --START--
INFO: Run Behavior\BuildLiteBehavior [ RunTime:0.000019s ]
INFO: [ app_init ] --END-- [ RunTime:0.000386s ]
INFO: [ app_begin ] --START--
INFO: Run Behavior\ReadHtmlCacheBehavior [ RunTime:0.000407s ]
INFO: [ app_begin ] --END-- [ RunTime:0.000466s ]
SQL: SHOW COLUMNS FROM `whol2014_videolist` [ RunTime:0.001375s ]
SQL: SELECT * FROM `whol2014_videolist` WHERE ( `id` = 10003 ) LIMIT 1   [ RunTime:0.000305s ]
SQL: SELECT * FROM `whol2014_videolist` ORDER BY id desc LIMIT 30   [ RunTime:0.000742s ]
SQL: SELECT * FROM `whol2014_videolist` ORDER BY click_count desc LIMIT 30   [ RunTime:0.002570s ]
INFO: [ view_parse ] --START--
INFO: [ template_filter ] --START--
INFO: Run Behavior\ContentReplaceBehavior [ RunTime:0.000201s ]
INFO: [ template_filter ] --END-- [ RunTime:0.000264s ]
INFO: Run Behavior\ParseTemplateBehavior [ RunTime:0.012595s ]
INFO: [ view_parse ] --END-- [ RunTime:0.012661s ]
INFO: [ view_filter ] --START--
INFO: Run Behavior\WriteHtmlCacheBehavior [ RunTime:0.000173s ]
INFO: [ view_filter ] --END-- [ RunTime:0.000245s ]
INFO: [ app_end ] --START--
INFO: Run Behavior\ShowPageTraceBehavior [ RunTime:0.000483s ]
INFO: [ app_end ] --END-- [ RunTime:0.000562s ]

[ 2014-05-28T20:53:47+08:00 ] 123.125.71.79 /video/index.php/Home/Index/play/id/10904
INFO: [ app_init ] --START--
INFO: Run Behavior\BuildLiteBehavior [ RunTime:0.000019s ]
INFO: [ app_init ] --END-- [ RunTime:0.000400s ]
INFO: [ app_begin ] --START--
INFO: Run Behavior\ReadHtmlCacheBehavior [ RunTime:0.000474s ]
INFO: [ app_begin ] --END-- [ RunTime:0.000534s ]
SQL: SHOW COLUMNS FROM `whol2014_videolist` [ RunTime:0.001384s ]
SQL: SELECT * FROM `whol2014_videolist` WHERE ( `id` = 10904 ) LIMIT 1   [ RunTime:0.000304s ]
SQL: SELECT * FROM `whol2014_videolist` ORDER BY id desc LIMIT 30   [ RunTime:0.000754s ]
SQL: SELECT * FROM `whol2014_videolist` ORDER BY click_count desc LIMIT 30   [ RunTime:0.002569s ]
INFO: [ view_parse ] --START--
INFO: [ template_filter ] --START--
INFO: Run Behavior\ContentReplaceBehavior [ RunTime:0.000125s ]
INFO: [ template_filter ] --END-- [ RunTime:0.000189s ]
INFO: Run Behavior\ParseTemplateBehavior [ RunTime:0.013028s ]
INFO: [ view_parse ] --END-- [ RunTime:0.013099s ]
INFO: [ view_filter ] --START--
INFO: Run Behavior\WriteHtmlCacheBehavior [ RunTime:0.000196s ]
INFO: [ view_filter ] --END-- [ RunTime:0.000251s ]
INFO: [ app_end ] --START--
INFO: Run Behavior\ShowPageTraceBehavior [ RunTime:0.000467s ]
INFO: [ app_end ] --END-- [ RunTime:0.000548s ]

[ 2014-05-28T21:40:10+08:00 ] 220.181.108.162 /video/index.php/Home/Index/more/category/7
INFO: [ app_init ] --START--
INFO: Run Behavior\BuildLiteBehavior [ RunTime:0.000019s ]
INFO: [ app_init ] --END-- [ RunTime:0.000331s ]
INFO: [ app_begin ] --START--
INFO: Run Behavior\ReadHtmlCacheBehavior [ RunTime:0.000374s ]
INFO: [ app_begin ] --END-- [ RunTime:0.000430s ]
SQL: SHOW COLUMNS FROM `whol2014_videolist` [ RunTime:0.001914s ]
SQL: SELECT COUNT(*) AS tp_count FROM `whol2014_videolist` WHERE ( path='社区网络春晚' ) LIMIT 1   [ RunTime:0.002887s ]
SQL: SELECT * FROM `whol2014_videolist` WHERE ( path='社区网络春晚' ) ORDER BY id desc LIMIT 0,25   [ RunTime:0.019661s ]
INFO: [ view_parse ] --START--
INFO: [ template_filter ] --START--
INFO: Run Behavior\ContentReplaceBehavior [ RunTime:0.000151s ]
INFO: [ template_filter ] --END-- [ RunTime:0.000242s ]
INFO: Run Behavior\ParseTemplateBehavior [ RunTime:0.014553s ]
INFO: [ view_parse ] --END-- [ RunTime:0.014660s ]
INFO: [ view_filter ] --START--
INFO: Run Behavior\WriteHtmlCacheBehavior [ RunTime:0.000244s ]
INFO: [ view_filter ] --END-- [ RunTime:0.000325s ]
INFO: [ app_end ] --START--
INFO: Run Behavior\ShowPageTraceBehavior [ RunTime:0.000626s ]
INFO: [ app_end ] --END-- [ RunTime:0.000730s ]

[ 2014-05-28T21:46:33+08:00 ] 66.249.64.177 /video/index.php/Home/Index/play/id/10894
INFO: [ app_init ] --START--
INFO: Run Behavior\BuildLiteBehavior [ RunTime:0.000021s ]
INFO: [ app_init ] --END-- [ RunTime:0.000378s ]
INFO: [ app_begin ] --START--
INFO: Run Behavior\ReadHtmlCacheBehavior [ RunTime:0.000413s ]
INFO: [ app_begin ] --END-- [ RunTime:0.000482s ]
SQL: SHOW COLUMNS FROM `whol2014_videolist` [ RunTime:0.001852s ]
SQL: SELECT * FROM `whol2014_videolist` WHERE ( `id` = 10894 ) LIMIT 1   [ RunTime:0.000340s ]
SQL: SELECT * FROM `whol2014_videolist` ORDER BY id desc LIMIT 30   [ RunTime:0.000909s ]
SQL: SELECT * FROM `whol2014_videolist` ORDER BY click_count desc LIMIT 30   [ RunTime:0.002890s ]
INFO: [ view_parse ] --START--
INFO: [ template_filter ] --START--
INFO: Run Behavior\ContentReplaceBehavior [ RunTime:0.000138s ]
INFO: [ template_filter ] --END-- [ RunTime:0.000201s ]
INFO: Run Behavior\ParseTemplateBehavior [ RunTime:0.013460s ]
INFO: [ view_parse ] --END-- [ RunTime:0.013539s ]
INFO: [ view_filter ] --START--
INFO: Run Behavior\WriteHtmlCacheBehavior [ RunTime:0.000175s ]
INFO: [ view_filter ] --END-- [ RunTime:0.000232s ]
INFO: [ app_end ] --START--
INFO: Run Behavior\ShowPageTraceBehavior [ RunTime:0.000479s ]
INFO: [ app_end ] --END-- [ RunTime:0.000541s ]

[ 2014-05-28T22:46:50+08:00 ] 220.181.108.176 /video/index.php/Home/Index/play/id/10640
INFO: [ app_init ] --START--
INFO: Run Behavior\BuildLiteBehavior [ RunTime:0.000018s ]
INFO: [ app_init ] --END-- [ RunTime:0.000348s ]
INFO: [ app_begin ] --START--
INFO: Run Behavior\ReadHtmlCacheBehavior [ RunTime:0.000435s ]
INFO: [ app_begin ] --END-- [ RunTime:0.000494s ]
SQL: SHOW COLUMNS FROM `whol2014_videolist` [ RunTime:0.001554s ]
SQL: SELECT * FROM `whol2014_videolist` WHERE ( `id` = 10640 ) LIMIT 1   [ RunTime:0.000336s ]
SQL: SELECT * FROM `whol2014_videolist` ORDER BY id desc LIMIT 30   [ RunTime:0.000841s ]
SQL: SELECT * FROM `whol2014_videolist` ORDER BY click_count desc LIMIT 30   [ RunTime:0.002816s ]
INFO: [ view_parse ] --START--
INFO: [ template_filter ] --START--
INFO: Run Behavior\ContentReplaceBehavior [ RunTime:0.000129s ]
INFO: [ template_filter ] --END-- [ RunTime:0.000196s ]
INFO: Run Behavior\ParseTemplateBehavior [ RunTime:0.014931s ]
INFO: [ view_parse ] --END-- [ RunTime:0.015018s ]
INFO: [ view_filter ] --START--
INFO: Run Behavior\WriteHtmlCacheBehavior [ RunTime:0.000212s ]
INFO: [ view_filter ] --END-- [ RunTime:0.000275s ]
INFO: [ app_end ] --START--
INFO: Run Behavior\ShowPageTraceBehavior [ RunTime:0.000569s ]
INFO: [ app_end ] --END-- [ RunTime:0.000639s ]

[ 2014-05-28T23:02:20+08:00 ] 66.249.64.182 /video/index.php/Home/Index/play/id/10033
INFO: [ app_init ] --START--
INFO: Run Behavior\BuildLiteBehavior [ RunTime:0.000033s ]
INFO: [ app_init ] --END-- [ RunTime:0.000455s ]
INFO: [ app_begin ] --START--
INFO: Run Behavior\ReadHtmlCacheBehavior [ RunTime:0.000765s ]
INFO: [ app_begin ] --END-- [ RunTime:0.000889s ]
SQL: SHOW COLUMNS FROM `whol2014_videolist` [ RunTime:0.001260s ]
SQL: SELECT * FROM `whol2014_videolist` WHERE ( `id` = 10033 ) LIMIT 1   [ RunTime:0.000245s ]
SQL: SELECT * FROM `whol2014_videolist` ORDER BY id desc LIMIT 30   [ RunTime:0.000707s ]
SQL: SELECT * FROM `whol2014_videolist` ORDER BY click_count desc LIMIT 30   [ RunTime:0.002444s ]
INFO: [ view_parse ] --START--
INFO: [ template_filter ] --START--
INFO: Run Behavior\ContentReplaceBehavior [ RunTime:0.000132s ]
INFO: [ template_filter ] --END-- [ RunTime:0.000208s ]
INFO: Run Behavior\ParseTemplateBehavior [ RunTime:0.013010s ]
INFO: [ view_parse ] --END-- [ RunTime:0.013087s ]
INFO: [ view_filter ] --START--
INFO: Run Behavior\WriteHtmlCacheBehavior [ RunTime:0.000188s ]
INFO: [ view_filter ] --END-- [ RunTime:0.000244s ]
INFO: [ app_end ] --START--
INFO: Run Behavior\ShowPageTraceBehavior [ RunTime:0.000494s ]
INFO: [ app_end ] --END-- [ RunTime:0.000573s ]

[ 2014-05-28T23:20:10+08:00 ] 220.181.108.87 /video/index.php/Home/Index/more/category/4/p/2.html
INFO: [ app_init ] --START--
INFO: Run Behavior\BuildLiteBehavior [ RunTime:0.000021s ]
INFO: [ app_init ] --END-- [ RunTime:0.000388s ]
INFO: [ app_begin ] --START--
INFO: Run Behavior\ReadHtmlCacheBehavior [ RunTime:0.000456s ]
INFO: [ app_begin ] --END-- [ RunTime:0.000517s ]
SQL: SHOW COLUMNS FROM `whol2014_videolist` [ RunTime:0.001503s ]
SQL: SELECT COUNT(*) AS tp_count FROM `whol2014_videolist` WHERE ( path='原创视界' ) LIMIT 1   [ RunTime:0.002084s ]
SQL: SELECT * FROM `whol2014_videolist` WHERE ( path='原创视界' ) ORDER BY id desc LIMIT 25,25   [ RunTime:0.019419s ]
INFO: [ view_parse ] --START--
INFO: [ template_filter ] --START--
INFO: Run Behavior\ContentReplaceBehavior [ RunTime:0.000085s ]
INFO: [ template_filter ] --END-- [ RunTime:0.000148s ]
INFO: Run Behavior\ParseTemplateBehavior [ RunTime:0.010010s ]
INFO: [ view_parse ] --END-- [ RunTime:0.010098s ]
INFO: [ view_filter ] --START--
INFO: Run Behavior\WriteHtmlCacheBehavior [ RunTime:0.000192s ]
INFO: [ view_filter ] --END-- [ RunTime:0.000250s ]
INFO: [ app_end ] --START--
INFO: Run Behavior\ShowPageTraceBehavior [ RunTime:0.000506s ]
INFO: [ app_end ] --END-- [ RunTime:0.000577s ]

