[ 2014-05-25T00:00:20+08:00 ] 66.249.73.6 /video/index.php/Home/Index/play/id/7578
INFO: [ app_init ] --START--
INFO: Run Behavior\BuildLiteBehavior [ RunTime:0.000033s ]
INFO: [ app_init ] --END-- [ RunTime:0.000427s ]
INFO: [ app_begin ] --START--
INFO: Run Behavior\ReadHtmlCacheBehavior [ RunTime:0.000501s ]
INFO: [ app_begin ] --END-- [ RunTime:0.000625s ]
SQL: SHOW COLUMNS FROM `whol2014_videolist` [ RunTime:0.001400s ]
SQL: SELECT * FROM `whol2014_videolist` WHERE ( `id` = 7578 ) LIMIT 1   [ RunTime:0.000343s ]
SQL: SELECT * FROM `whol2014_videolist` ORDER BY id desc LIMIT 30   [ RunTime:0.000793s ]
SQL: SELECT * FROM `whol2014_videolist` ORDER BY click_count desc LIMIT 30   [ RunTime:0.002751s ]
INFO: [ view_parse ] --START--
INFO: [ template_filter ] --START--
INFO: Run Behavior\ContentReplaceBehavior [ RunTime:0.000134s ]
INFO: [ template_filter ] --END-- [ RunTime:0.000210s ]
INFO: Run Behavior\ParseTemplateBehavior [ RunTime:0.014128s ]
INFO: [ view_parse ] --END-- [ RunTime:0.014204s ]
INFO: [ view_filter ] --START--
INFO: Run Behavior\WriteHtmlCacheBehavior [ RunTime:0.000205s ]
INFO: [ view_filter ] --END-- [ RunTime:0.000262s ]
INFO: [ app_end ] --START--
INFO: Run Behavior\ShowPageTraceBehavior [ RunTime:0.000645s ]
INFO: [ app_end ] --END-- [ RunTime:0.000733s ]

[ 2014-05-25T01:16:07+08:00 ] 66.249.73.5 /video/index.php/Home/Index/play/id/10263
INFO: [ app_init ] --START--
INFO: Run Behavior\BuildLiteBehavior [ RunTime:0.000021s ]
INFO: [ app_init ] --END-- [ RunTime:0.000359s ]
INFO: [ app_begin ] --START--
INFO: Run Behavior\ReadHtmlCacheBehavior [ RunTime:0.000397s ]
INFO: [ app_begin ] --END-- [ RunTime:0.000456s ]
SQL: SHOW COLUMNS FROM `whol2014_videolist` [ RunTime:0.001453s ]
SQL: SELECT * FROM `whol2014_videolist` WHERE ( `id` = 10263 ) LIMIT 1   [ RunTime:0.000331s ]
SQL: SELECT * FROM `whol2014_videolist` ORDER BY id desc LIMIT 30   [ RunTime:0.000758s ]
SQL: SELECT * FROM `whol2014_videolist` ORDER BY click_count desc LIMIT 30   [ RunTime:0.002703s ]
INFO: [ view_parse ] --START--
INFO: [ template_filter ] --START--
INFO: Run Behavior\ContentReplaceBehavior [ RunTime:0.000134s ]
INFO: [ template_filter ] --END-- [ RunTime:0.000206s ]
INFO: Run Behavior\ParseTemplateBehavior [ RunTime:0.012801s ]
INFO: [ view_parse ] --END-- [ RunTime:0.012867s ]
INFO: [ view_filter ] --START--
INFO: Run Behavior\WriteHtmlCacheBehavior [ RunTime:0.000180s ]
INFO: [ view_filter ] --END-- [ RunTime:0.000234s ]
INFO: [ app_end ] --START--
INFO: Run Behavior\ShowPageTraceBehavior [ RunTime:0.000506s ]
INFO: [ app_end ] --END-- [ RunTime:0.000566s ]

[ 2014-05-25T02:30:00+08:00 ] 123.125.71.56 /video/
INFO: [ app_init ] --START--
INFO: Run Behavior\BuildLiteBehavior [ RunTime:0.000047s ]
INFO: [ app_init ] --END-- [ RunTime:0.000665s ]
INFO: [ app_begin ] --START--
INFO: Run Behavior\ReadHtmlCacheBehavior [ RunTime:0.000734s ]
INFO: [ app_begin ] --END-- [ RunTime:0.000818s ]
SQL: SHOW COLUMNS FROM `whol2014_videolist` [ RunTime:0.001919s ]
SQL: SELECT COUNT(*) AS tp_count FROM `whol2014_videolist` LIMIT 1   [ RunTime:0.000259s ]
SQL: SELECT * FROM `whol2014_videolist` WHERE ( path='直播大武汉' ) ORDER BY id desc LIMIT 6   [ RunTime:0.001281s ]
SQL: SELECT * FROM `whol2014_videolist` WHERE ( path='经视直播' ) ORDER BY id desc LIMIT 6   [ RunTime:0.001101s ]
SQL: SELECT * FROM `whol2014_videolist` WHERE ( path='看荆楚' ) ORDER BY id desc LIMIT 6   [ RunTime:0.000349s ]
SQL: SELECT * FROM `whol2014_videolist` WHERE ( path='原创视界' ) ORDER BY id desc LIMIT 6   [ RunTime:0.003961s ]
SQL: SELECT * FROM `whol2014_videolist` WHERE ( path='天翼4G高清视频' ) ORDER BY id desc LIMIT 6   [ RunTime:0.012870s ]
SQL: SELECT * FROM `whol2014_videolist` WHERE ( path='电视问政' ) ORDER BY id desc LIMIT 6   [ RunTime:0.013809s ]
SQL: SELECT * FROM `whol2014_videolist` WHERE ( path='社区网络春晚' ) ORDER BY id desc LIMIT 6   [ RunTime:0.013634s ]
SQL: SELECT * FROM `whol2014_videolist` WHERE ( path='10000知道' ) ORDER BY id desc LIMIT 6   [ RunTime:0.013129s ]
SQL: SELECT * FROM `whol2014_videolist` WHERE ( path='天翼视讯' ) ORDER BY id desc LIMIT 6   [ RunTime:0.001076s ]
SQL: SELECT * FROM `whol2014_videolist` WHERE ( path='itv导视' ) ORDER BY id desc LIMIT 6   [ RunTime:0.000641s ]
SQL: SELECT * FROM `whol2014_videolist` WHERE ( path='优酷资讯' ) ORDER BY id desc LIMIT 6   [ RunTime:0.000974s ]
INFO: [ view_parse ] --START--
INFO: [ template_filter ] --START--
INFO: Run Behavior\ContentReplaceBehavior [ RunTime:0.000156s ]
INFO: [ template_filter ] --END-- [ RunTime:0.000239s ]
INFO: Run Behavior\ParseTemplateBehavior [ RunTime:0.014903s ]
INFO: [ view_parse ] --END-- [ RunTime:0.014971s ]
INFO: [ view_filter ] --START--
INFO: Run Behavior\WriteHtmlCacheBehavior [ RunTime:0.000180s ]
INFO: [ view_filter ] --END-- [ RunTime:0.000237s ]
INFO: [ app_end ] --START--
INFO: Run Behavior\ShowPageTraceBehavior [ RunTime:0.000422s ]
INFO: [ app_end ] --END-- [ RunTime:0.000489s ]

[ 2014-05-25T02:31:54+08:00 ] 66.249.73.6 /video/index.php/Home/Index/play/id/10548
INFO: [ app_init ] --START--
INFO: Run Behavior\BuildLiteBehavior [ RunTime:0.000021s ]
INFO: [ app_init ] --END-- [ RunTime:0.000401s ]
INFO: [ app_begin ] --START--
INFO: Run Behavior\ReadHtmlCacheBehavior [ RunTime:0.000623s ]
INFO: [ app_begin ] --END-- [ RunTime:0.000714s ]
SQL: SHOW COLUMNS FROM `whol2014_videolist` [ RunTime:0.001632s ]
SQL: SELECT * FROM `whol2014_videolist` WHERE ( `id` = 10548 ) LIMIT 1   [ RunTime:0.000320s ]
SQL: SELECT * FROM `whol2014_videolist` ORDER BY id desc LIMIT 30   [ RunTime:0.000758s ]
SQL: SELECT * FROM `whol2014_videolist` ORDER BY click_count desc LIMIT 30   [ RunTime:0.002710s ]
INFO: [ view_parse ] --START--
INFO: [ template_filter ] --START--
INFO: Run Behavior\ContentReplaceBehavior [ RunTime:0.000154s ]
INFO: [ template_filter ] --END-- [ RunTime:0.000241s ]
INFO: Run Behavior\ParseTemplateBehavior [ RunTime:0.015516s ]
INFO: [ view_parse ] --END-- [ RunTime:0.015585s ]
INFO: [ view_filter ] --START--
INFO: Run Behavior\WriteHtmlCacheBehavior [ RunTime:0.000206s ]
INFO: [ view_filter ] --END-- [ RunTime:0.000260s ]
INFO: [ app_end ] --START--
INFO: Run Behavior\ShowPageTraceBehavior [ RunTime:0.000499s ]
INFO: [ app_end ] --END-- [ RunTime:0.000560s ]

[ 2014-05-25T03:03:20+08:00 ] 220.181.108.181 /video/index.php/Home/Index/play/id/10642
INFO: [ app_init ] --START--
INFO: Run Behavior\BuildLiteBehavior [ RunTime:0.000034s ]
INFO: [ app_init ] --END-- [ RunTime:0.000510s ]
INFO: [ app_begin ] --START--
INFO: Run Behavior\ReadHtmlCacheBehavior [ RunTime:0.001326s ]
INFO: [ app_begin ] --END-- [ RunTime:0.001703s ]
SQL: SHOW COLUMNS FROM `whol2014_videolist` [ RunTime:0.002139s ]
SQL: SELECT * FROM `whol2014_videolist` WHERE ( `id` = 10642 ) LIMIT 1   [ RunTime:0.000319s ]
SQL: SELECT * FROM `whol2014_videolist` ORDER BY id desc LIMIT 30   [ RunTime:0.000723s ]
SQL: SELECT * FROM `whol2014_videolist` ORDER BY click_count desc LIMIT 30   [ RunTime:0.002589s ]
INFO: [ view_parse ] --START--
INFO: [ template_filter ] --START--
INFO: Run Behavior\ContentReplaceBehavior [ RunTime:0.000145s ]
INFO: [ template_filter ] --END-- [ RunTime:0.000221s ]
INFO: Run Behavior\ParseTemplateBehavior [ RunTime:0.012404s ]
INFO: [ view_parse ] --END-- [ RunTime:0.012470s ]
INFO: [ view_filter ] --START--
INFO: Run Behavior\WriteHtmlCacheBehavior [ RunTime:0.000192s ]
INFO: [ view_filter ] --END-- [ RunTime:0.000247s ]
INFO: [ app_end ] --START--
INFO: Run Behavior\ShowPageTraceBehavior [ RunTime:0.000498s ]
INFO: [ app_end ] --END-- [ RunTime:0.000559s ]

[ 2014-05-25T03:47:41+08:00 ] 66.249.73.8 /video/index.php/Home/Index/play/id/7788
INFO: [ app_init ] --START--
INFO: Run Behavior\BuildLiteBehavior [ RunTime:0.000021s ]
INFO: [ app_init ] --END-- [ RunTime:0.000358s ]
INFO: [ app_begin ] --START--
INFO: Run Behavior\ReadHtmlCacheBehavior [ RunTime:0.000397s ]
INFO: [ app_begin ] --END-- [ RunTime:0.000456s ]
SQL: SHOW COLUMNS FROM `whol2014_videolist` [ RunTime:0.001441s ]
SQL: SELECT * FROM `whol2014_videolist` WHERE ( `id` = 7788 ) LIMIT 1   [ RunTime:0.000312s ]
SQL: SELECT * FROM `whol2014_videolist` ORDER BY id desc LIMIT 30   [ RunTime:0.000760s ]
SQL: SELECT * FROM `whol2014_videolist` ORDER BY click_count desc LIMIT 30   [ RunTime:0.002614s ]
INFO: [ view_parse ] --START--
INFO: [ template_filter ] --START--
INFO: Run Behavior\ContentReplaceBehavior [ RunTime:0.000127s ]
INFO: [ template_filter ] --END-- [ RunTime:0.000192s ]
INFO: Run Behavior\ParseTemplateBehavior [ RunTime:0.012509s ]
INFO: [ view_parse ] --END-- [ RunTime:0.012572s ]
INFO: [ view_filter ] --START--
INFO: Run Behavior\WriteHtmlCacheBehavior [ RunTime:0.000171s ]
INFO: [ view_filter ] --END-- [ RunTime:0.000226s ]
INFO: [ app_end ] --START--
INFO: Run Behavior\ShowPageTraceBehavior [ RunTime:0.000484s ]
INFO: [ app_end ] --END-- [ RunTime:0.000543s ]

[ 2014-05-25T05:03:29+08:00 ] 66.249.73.7 /video/index.php/Home/Index/more/category/9/p/6.html
INFO: [ app_init ] --START--
INFO: Run Behavior\BuildLiteBehavior [ RunTime:0.000021s ]
INFO: [ app_init ] --END-- [ RunTime:0.000395s ]
INFO: [ app_begin ] --START--
INFO: Run Behavior\ReadHtmlCacheBehavior [ RunTime:0.000420s ]
INFO: [ app_begin ] --END-- [ RunTime:0.000513s ]
SQL: SHOW COLUMNS FROM `whol2014_videolist` [ RunTime:0.001518s ]
SQL: SELECT COUNT(*) AS tp_count FROM `whol2014_videolist` WHERE ( path='天翼视讯' ) LIMIT 1   [ RunTime:0.002113s ]
SQL: SELECT * FROM `whol2014_videolist` WHERE ( path='天翼视讯' ) ORDER BY id desc LIMIT 125,25   [ RunTime:0.003903s ]
INFO: [ view_parse ] --START--
INFO: [ template_filter ] --START--
INFO: Run Behavior\ContentReplaceBehavior [ RunTime:0.000139s ]
INFO: [ template_filter ] --END-- [ RunTime:0.000228s ]
INFO: Run Behavior\ParseTemplateBehavior [ RunTime:0.010952s ]
INFO: [ view_parse ] --END-- [ RunTime:0.011038s ]
INFO: [ view_filter ] --START--
INFO: Run Behavior\WriteHtmlCacheBehavior [ RunTime:0.000183s ]
INFO: [ view_filter ] --END-- [ RunTime:0.000237s ]
INFO: [ app_end ] --START--
INFO: Run Behavior\ShowPageTraceBehavior [ RunTime:0.000472s ]
INFO: [ app_end ] --END-- [ RunTime:0.000542s ]

[ 2014-05-25T06:19:16+08:00 ] 66.249.73.8 /video/index.php/Home/Index/play/id/10645
INFO: [ app_init ] --START--
INFO: Run Behavior\BuildLiteBehavior [ RunTime:0.000020s ]
INFO: [ app_init ] --END-- [ RunTime:0.000357s ]
INFO: [ app_begin ] --START--
INFO: Run Behavior\ReadHtmlCacheBehavior [ RunTime:0.000403s ]
INFO: [ app_begin ] --END-- [ RunTime:0.000478s ]
SQL: SHOW COLUMNS FROM `whol2014_videolist` [ RunTime:0.001420s ]
SQL: SELECT * FROM `whol2014_videolist` WHERE ( `id` = 10645 ) LIMIT 1   [ RunTime:0.000317s ]
SQL: SELECT * FROM `whol2014_videolist` ORDER BY id desc LIMIT 30   [ RunTime:0.000744s ]
SQL: SELECT * FROM `whol2014_videolist` ORDER BY click_count desc LIMIT 30   [ RunTime:0.003220s ]
INFO: [ view_parse ] --START--
INFO: [ template_filter ] --START--
INFO: Run Behavior\ContentReplaceBehavior [ RunTime:0.000138s ]
INFO: [ template_filter ] --END-- [ RunTime:0.000204s ]
INFO: Run Behavior\ParseTemplateBehavior [ RunTime:0.014260s ]
INFO: [ view_parse ] --END-- [ RunTime:0.014354s ]
INFO: [ view_filter ] --START--
INFO: Run Behavior\WriteHtmlCacheBehavior [ RunTime:0.000197s ]
INFO: [ view_filter ] --END-- [ RunTime:0.000253s ]
INFO: [ app_end ] --START--
INFO: Run Behavior\ShowPageTraceBehavior [ RunTime:0.000486s ]
INFO: [ app_end ] --END-- [ RunTime:0.000547s ]

[ 2014-05-25T07:14:54+08:00 ] 66.249.73.8 /video/index.php/Home/Index/play/id/8726
INFO: [ app_init ] --START--
INFO: Run Behavior\BuildLiteBehavior [ RunTime:0.000034s ]
INFO: [ app_init ] --END-- [ RunTime:0.000462s ]
INFO: [ app_begin ] --START--
INFO: Run Behavior\ReadHtmlCacheBehavior [ RunTime:0.000759s ]
INFO: [ app_begin ] --END-- [ RunTime:0.000849s ]
SQL: SHOW COLUMNS FROM `whol2014_videolist` [ RunTime:0.001467s ]
SQL: SELECT * FROM `whol2014_videolist` WHERE ( `id` = 8726 ) LIMIT 1   [ RunTime:0.000324s ]
SQL: SELECT * FROM `whol2014_videolist` ORDER BY id desc LIMIT 30   [ RunTime:0.000751s ]
SQL: SELECT * FROM `whol2014_videolist` ORDER BY click_count desc LIMIT 30   [ RunTime:0.002551s ]
INFO: [ view_parse ] --START--
INFO: [ template_filter ] --START--
INFO: Run Behavior\ContentReplaceBehavior [ RunTime:0.000175s ]
INFO: [ template_filter ] --END-- [ RunTime:0.000311s ]
INFO: Run Behavior\ParseTemplateBehavior [ RunTime:0.016344s ]
INFO: [ view_parse ] --END-- [ RunTime:0.016436s ]
INFO: [ view_filter ] --START--
INFO: Run Behavior\WriteHtmlCacheBehavior [ RunTime:0.000285s ]
INFO: [ view_filter ] --END-- [ RunTime:0.000390s ]
INFO: [ app_end ] --START--
INFO: Run Behavior\ShowPageTraceBehavior [ RunTime:0.000865s ]
INFO: [ app_end ] --END-- [ RunTime:0.000993s ]

[ 2014-05-25T07:17:55+08:00 ] 66.249.73.1 /video/index.php/Home/Index/getVideoURL
INFO: [ app_init ] --START--
INFO: Run Behavior\BuildLiteBehavior [ RunTime:0.000025s ]
INFO: [ app_init ] --END-- [ RunTime:0.000403s ]
INFO: [ app_begin ] --START--
INFO: Run Behavior\ReadHtmlCacheBehavior [ RunTime:0.000434s ]
INFO: [ app_begin ] --END-- [ RunTime:0.000489s ]
SQL: SHOW COLUMNS FROM `whol2014_videolist` [ RunTime:0.001573s ]
SQL: SELECT * FROM `whol2014_videolist` WHERE ( `id` = 8726 ) LIMIT 1   [ RunTime:0.000355s ]
SQL: UPDATE `whol2014_videolist` SET `click_count`=click_count+1 WHERE ( id=8726 ) [ RunTime:0.000426s ]

[ 2014-05-25T07:28:10+08:00 ] 220.181.108.83 /video/index.php/Home/Index/play/id/7907
INFO: [ app_init ] --START--
INFO: Run Behavior\BuildLiteBehavior [ RunTime:0.000020s ]
INFO: [ app_init ] --END-- [ RunTime:0.000387s ]
INFO: [ app_begin ] --START--
INFO: Run Behavior\ReadHtmlCacheBehavior [ RunTime:0.000627s ]
INFO: [ app_begin ] --END-- [ RunTime:0.000720s ]
SQL: SHOW COLUMNS FROM `whol2014_videolist` [ RunTime:0.001789s ]
SQL: SELECT * FROM `whol2014_videolist` WHERE ( `id` = 7907 ) LIMIT 1   [ RunTime:0.000336s ]
SQL: SELECT * FROM `whol2014_videolist` ORDER BY id desc LIMIT 30   [ RunTime:0.000745s ]
SQL: SELECT * FROM `whol2014_videolist` ORDER BY click_count desc LIMIT 30   [ RunTime:0.002714s ]
INFO: [ view_parse ] --START--
INFO: [ template_filter ] --START--
INFO: Run Behavior\ContentReplaceBehavior [ RunTime:0.000141s ]
INFO: [ template_filter ] --END-- [ RunTime:0.000236s ]
INFO: Run Behavior\ParseTemplateBehavior [ RunTime:0.013206s ]
INFO: [ view_parse ] --END-- [ RunTime:0.013317s ]
INFO: [ view_filter ] --START--
INFO: Run Behavior\WriteHtmlCacheBehavior [ RunTime:0.000184s ]
INFO: [ view_filter ] --END-- [ RunTime:0.000239s ]
INFO: [ app_end ] --START--
INFO: Run Behavior\ShowPageTraceBehavior [ RunTime:0.000513s ]
INFO: [ app_end ] --END-- [ RunTime:0.000573s ]

[ 2014-05-25T07:35:03+08:00 ] 66.249.73.8 /video/index.php/Home/Index/play/id/10261
INFO: [ app_init ] --START--
INFO: Run Behavior\BuildLiteBehavior [ RunTime:0.000026s ]
INFO: [ app_init ] --END-- [ RunTime:0.000380s ]
INFO: [ app_begin ] --START--
INFO: Run Behavior\ReadHtmlCacheBehavior [ RunTime:0.000429s ]
INFO: [ app_begin ] --END-- [ RunTime:0.000488s ]
SQL: SHOW COLUMNS FROM `whol2014_videolist` [ RunTime:0.001449s ]
SQL: SELECT * FROM `whol2014_videolist` WHERE ( `id` = 10261 ) LIMIT 1   [ RunTime:0.000328s ]
SQL: SELECT * FROM `whol2014_videolist` ORDER BY id desc LIMIT 30   [ RunTime:0.000886s ]
SQL: SELECT * FROM `whol2014_videolist` ORDER BY click_count desc LIMIT 30   [ RunTime:0.003565s ]
INFO: [ view_parse ] --START--
INFO: [ template_filter ] --START--
INFO: Run Behavior\ContentReplaceBehavior [ RunTime:0.000176s ]
INFO: [ template_filter ] --END-- [ RunTime:0.000321s ]
INFO: Run Behavior\ParseTemplateBehavior [ RunTime:0.015942s ]
INFO: [ view_parse ] --END-- [ RunTime:0.016041s ]
INFO: [ view_filter ] --START--
INFO: Run Behavior\WriteHtmlCacheBehavior [ RunTime:0.000272s ]
INFO: [ view_filter ] --END-- [ RunTime:0.000329s ]
INFO: [ app_end ] --START--
INFO: Run Behavior\ShowPageTraceBehavior [ RunTime:0.000526s ]
INFO: [ app_end ] --END-- [ RunTime:0.000588s ]

[ 2014-05-25T08:50:50+08:00 ] 66.249.73.3 /video/index.php/Home/Index/play/id/10547
INFO: [ app_init ] --START--
INFO: Run Behavior\BuildLiteBehavior [ RunTime:0.000021s ]
INFO: [ app_init ] --END-- [ RunTime:0.000399s ]
INFO: [ app_begin ] --START--
INFO: Run Behavior\ReadHtmlCacheBehavior [ RunTime:0.000411s ]
INFO: [ app_begin ] --END-- [ RunTime:0.000484s ]
SQL: SHOW COLUMNS FROM `whol2014_videolist` [ RunTime:0.001478s ]
SQL: SELECT * FROM `whol2014_videolist` WHERE ( `id` = 10547 ) LIMIT 1   [ RunTime:0.000347s ]
SQL: SELECT * FROM `whol2014_videolist` ORDER BY id desc LIMIT 30   [ RunTime:0.000764s ]
SQL: SELECT * FROM `whol2014_videolist` ORDER BY click_count desc LIMIT 30   [ RunTime:0.002628s ]
INFO: [ view_parse ] --START--
INFO: [ template_filter ] --START--
INFO: Run Behavior\ContentReplaceBehavior [ RunTime:0.000284s ]
INFO: [ template_filter ] --END-- [ RunTime:0.000443s ]
INFO: Run Behavior\ParseTemplateBehavior [ RunTime:0.021554s ]
INFO: [ view_parse ] --END-- [ RunTime:0.021758s ]
INFO: [ view_filter ] --START--
INFO: Run Behavior\WriteHtmlCacheBehavior [ RunTime:0.000470s ]
INFO: [ view_filter ] --END-- [ RunTime:0.000531s ]
INFO: [ app_end ] --START--
INFO: Run Behavior\ShowPageTraceBehavior [ RunTime:0.000722s ]
INFO: [ app_end ] --END-- [ RunTime:0.000812s ]

[ 2014-05-25T09:17:54+08:00 ] 68.180.224.234 /video/
INFO: [ app_init ] --START--
INFO: Run Behavior\BuildLiteBehavior [ RunTime:0.000021s ]
INFO: [ app_init ] --END-- [ RunTime:0.000353s ]
INFO: [ app_begin ] --START--
INFO: Run Behavior\ReadHtmlCacheBehavior [ RunTime:0.000409s ]
INFO: [ app_begin ] --END-- [ RunTime:0.000469s ]
SQL: SHOW COLUMNS FROM `whol2014_videolist` [ RunTime:0.001456s ]
SQL: SELECT COUNT(*) AS tp_count FROM `whol2014_videolist` LIMIT 1   [ RunTime:0.000210s ]
SQL: SELECT * FROM `whol2014_videolist` WHERE ( path='直播大武汉' ) ORDER BY id desc LIMIT 6   [ RunTime:0.001337s ]
SQL: SELECT * FROM `whol2014_videolist` WHERE ( path='经视直播' ) ORDER BY id desc LIMIT 6   [ RunTime:0.001191s ]
SQL: SELECT * FROM `whol2014_videolist` WHERE ( path='看荆楚' ) ORDER BY id desc LIMIT 6   [ RunTime:0.000349s ]
SQL: SELECT * FROM `whol2014_videolist` WHERE ( path='原创视界' ) ORDER BY id desc LIMIT 6   [ RunTime:0.004534s ]
SQL: SELECT * FROM `whol2014_videolist` WHERE ( path='天翼4G高清视频' ) ORDER BY id desc LIMIT 6   [ RunTime:0.012858s ]
SQL: SELECT * FROM `whol2014_videolist` WHERE ( path='电视问政' ) ORDER BY id desc LIMIT 6   [ RunTime:0.013839s ]
SQL: SELECT * FROM `whol2014_videolist` WHERE ( path='社区网络春晚' ) ORDER BY id desc LIMIT 6   [ RunTime:0.013644s ]
SQL: SELECT * FROM `whol2014_videolist` WHERE ( path='10000知道' ) ORDER BY id desc LIMIT 6   [ RunTime:0.014587s ]
SQL: SELECT * FROM `whol2014_videolist` WHERE ( path='天翼视讯' ) ORDER BY id desc LIMIT 6   [ RunTime:0.001148s ]
SQL: SELECT * FROM `whol2014_videolist` WHERE ( path='itv导视' ) ORDER BY id desc LIMIT 6   [ RunTime:0.000716s ]
SQL: SELECT * FROM `whol2014_videolist` WHERE ( path='优酷资讯' ) ORDER BY id desc LIMIT 6   [ RunTime:0.001025s ]
INFO: [ view_parse ] --START--
INFO: [ template_filter ] --START--
INFO: Run Behavior\ContentReplaceBehavior [ RunTime:0.000163s ]
INFO: [ template_filter ] --END-- [ RunTime:0.000333s ]
INFO: Run Behavior\ParseTemplateBehavior [ RunTime:0.017717s ]
INFO: [ view_parse ] --END-- [ RunTime:0.017794s ]
INFO: [ view_filter ] --START--
INFO: Run Behavior\WriteHtmlCacheBehavior [ RunTime:0.000229s ]
INFO: [ view_filter ] --END-- [ RunTime:0.000292s ]
INFO: [ app_end ] --START--
INFO: Run Behavior\ShowPageTraceBehavior [ RunTime:0.000530s ]
INFO: [ app_end ] --END-- [ RunTime:0.000612s ]

[ 2014-05-25T10:06:38+08:00 ] 66.249.73.6 /video/index.php/Home/Index/play/id/10694
INFO: [ app_init ] --START--
INFO: Run Behavior\BuildLiteBehavior [ RunTime:0.000025s ]
INFO: [ app_init ] --END-- [ RunTime:0.000398s ]
INFO: [ app_begin ] --START--
INFO: Run Behavior\ReadHtmlCacheBehavior [ RunTime:0.000432s ]
INFO: [ app_begin ] --END-- [ RunTime:0.000504s ]
SQL: SHOW COLUMNS FROM `whol2014_videolist` [ RunTime:0.001427s ]
SQL: SELECT * FROM `whol2014_videolist` WHERE ( `id` = 10694 ) LIMIT 1   [ RunTime:0.000306s ]
SQL: SELECT * FROM `whol2014_videolist` ORDER BY id desc LIMIT 30   [ RunTime:0.000760s ]
SQL: SELECT * FROM `whol2014_videolist` ORDER BY click_count desc LIMIT 30   [ RunTime:0.002629s ]
INFO: [ view_parse ] --START--
INFO: [ template_filter ] --START--
INFO: Run Behavior\ContentReplaceBehavior [ RunTime:0.000127s ]
INFO: [ template_filter ] --END-- [ RunTime:0.000207s ]
INFO: Run Behavior\ParseTemplateBehavior [ RunTime:0.011955s ]
INFO: [ view_parse ] --END-- [ RunTime:0.012017s ]
INFO: [ view_filter ] --START--
INFO: Run Behavior\WriteHtmlCacheBehavior [ RunTime:0.000174s ]
INFO: [ view_filter ] --END-- [ RunTime:0.000228s ]
INFO: [ app_end ] --START--
INFO: Run Behavior\ShowPageTraceBehavior [ RunTime:0.000469s ]
INFO: [ app_end ] --END-- [ RunTime:0.000541s ]

[ 2014-05-25T10:15:12+08:00 ] 66.249.73.4 /video/index.php/Home/Index/play/id/10879
INFO: [ app_init ] --START--
INFO: Run Behavior\BuildLiteBehavior [ RunTime:0.000021s ]
INFO: [ app_init ] --END-- [ RunTime:0.000359s ]
INFO: [ app_begin ] --START--
INFO: Run Behavior\ReadHtmlCacheBehavior [ RunTime:0.000453s ]
INFO: [ app_begin ] --END-- [ RunTime:0.000512s ]
SQL: SHOW COLUMNS FROM `whol2014_videolist` [ RunTime:0.001524s ]
SQL: SELECT * FROM `whol2014_videolist` WHERE ( `id` = 10879 ) LIMIT 1   [ RunTime:0.000323s ]
SQL: SELECT * FROM `whol2014_videolist` ORDER BY id desc LIMIT 30   [ RunTime:0.000762s ]
SQL: SELECT * FROM `whol2014_videolist` ORDER BY click_count desc LIMIT 30   [ RunTime:0.002658s ]
INFO: [ view_parse ] --START--
INFO: [ template_filter ] --START--
INFO: Run Behavior\ContentReplaceBehavior [ RunTime:0.000145s ]
INFO: [ template_filter ] --END-- [ RunTime:0.000209s ]
INFO: Run Behavior\ParseTemplateBehavior [ RunTime:0.015052s ]
INFO: [ view_parse ] --END-- [ RunTime:0.015126s ]
INFO: [ view_filter ] --START--
INFO: Run Behavior\WriteHtmlCacheBehavior [ RunTime:0.000172s ]
INFO: [ view_filter ] --END-- [ RunTime:0.000225s ]
INFO: [ app_end ] --START--
INFO: Run Behavior\ShowPageTraceBehavior [ RunTime:0.000506s ]
INFO: [ app_end ] --END-- [ RunTime:0.000582s ]

[ 2014-05-25T11:00:45+08:00 ] 220.181.108.170 /video/index.php/Home/Index/play/id/10904
INFO: [ app_init ] --START--
INFO: Run Behavior\BuildLiteBehavior [ RunTime:0.000018s ]
INFO: [ app_init ] --END-- [ RunTime:0.000339s ]
INFO: [ app_begin ] --START--
INFO: Run Behavior\ReadHtmlCacheBehavior [ RunTime:0.000417s ]
INFO: [ app_begin ] --END-- [ RunTime:0.000482s ]
SQL: SHOW COLUMNS FROM `whol2014_videolist` [ RunTime:0.003614s ]
SQL: SELECT * FROM `whol2014_videolist` WHERE ( `id` = 10904 ) LIMIT 1   [ RunTime:0.000560s ]
SQL: SELECT * FROM `whol2014_videolist` ORDER BY id desc LIMIT 30   [ RunTime:0.001917s ]
SQL: SELECT * FROM `whol2014_videolist` ORDER BY click_count desc LIMIT 30   [ RunTime:0.003380s ]
INFO: [ view_parse ] --START--
INFO: [ template_filter ] --START--
INFO: Run Behavior\ContentReplaceBehavior [ RunTime:0.000133s ]
INFO: [ template_filter ] --END-- [ RunTime:0.000195s ]
INFO: Run Behavior\ParseTemplateBehavior [ RunTime:0.014131s ]
INFO: [ view_parse ] --END-- [ RunTime:0.014221s ]
INFO: [ view_filter ] --START--
INFO: Run Behavior\WriteHtmlCacheBehavior [ RunTime:0.000180s ]
INFO: [ view_filter ] --END-- [ RunTime:0.000254s ]
INFO: [ app_end ] --START--
INFO: Run Behavior\ShowPageTraceBehavior [ RunTime:0.000507s ]
INFO: [ app_end ] --END-- [ RunTime:0.000571s ]

[ 2014-05-25T11:22:25+08:00 ] 66.249.73.4 /video/index.php/Home/Index/play/id/10716
INFO: [ app_init ] --START--
INFO: Run Behavior\BuildLiteBehavior [ RunTime:0.000025s ]
INFO: [ app_init ] --END-- [ RunTime:0.000434s ]
INFO: [ app_begin ] --START--
INFO: Run Behavior\ReadHtmlCacheBehavior [ RunTime:0.000616s ]
INFO: [ app_begin ] --END-- [ RunTime:0.000684s ]
SQL: SHOW COLUMNS FROM `whol2014_videolist` [ RunTime:0.001557s ]
SQL: SELECT * FROM `whol2014_videolist` WHERE ( `id` = 10716 ) LIMIT 1   [ RunTime:0.000342s ]
SQL: SELECT * FROM `whol2014_videolist` ORDER BY id desc LIMIT 30   [ RunTime:0.000796s ]
SQL: SELECT * FROM `whol2014_videolist` ORDER BY click_count desc LIMIT 30   [ RunTime:0.003009s ]
INFO: [ view_parse ] --START--
INFO: [ template_filter ] --START--
INFO: Run Behavior\ContentReplaceBehavior [ RunTime:0.000136s ]
INFO: [ template_filter ] --END-- [ RunTime:0.000209s ]
INFO: Run Behavior\ParseTemplateBehavior [ RunTime:0.014270s ]
INFO: [ view_parse ] --END-- [ RunTime:0.014359s ]
INFO: [ view_filter ] --START--
INFO: Run Behavior\WriteHtmlCacheBehavior [ RunTime:0.000246s ]
INFO: [ view_filter ] --END-- [ RunTime:0.000328s ]
INFO: [ app_end ] --START--
INFO: Run Behavior\ShowPageTraceBehavior [ RunTime:0.000556s ]
INFO: [ app_end ] --END-- [ RunTime:0.000619s ]

[ 2014-05-25T12:38:12+08:00 ] 66.249.73.8 /video/index.php/Home/Index/play/id/10686
INFO: [ app_init ] --START--
INFO: Run Behavior\BuildLiteBehavior [ RunTime:0.000020s ]
INFO: [ app_init ] --END-- [ RunTime:0.000417s ]
INFO: [ app_begin ] --START--
INFO: Run Behavior\ReadHtmlCacheBehavior [ RunTime:0.000417s ]
INFO: [ app_begin ] --END-- [ RunTime:0.000476s ]
SQL: SHOW COLUMNS FROM `whol2014_videolist` [ RunTime:0.001839s ]
SQL: SELECT * FROM `whol2014_videolist` WHERE ( `id` = 10686 ) LIMIT 1   [ RunTime:0.000384s ]
SQL: SELECT * FROM `whol2014_videolist` ORDER BY id desc LIMIT 30   [ RunTime:0.000946s ]
SQL: SELECT * FROM `whol2014_videolist` ORDER BY click_count desc LIMIT 30   [ RunTime:0.002967s ]
INFO: [ view_parse ] --START--
INFO: [ template_filter ] --START--
INFO: Run Behavior\ContentReplaceBehavior [ RunTime:0.000132s ]
INFO: [ template_filter ] --END-- [ RunTime:0.000202s ]
INFO: Run Behavior\ParseTemplateBehavior [ RunTime:0.014725s ]
INFO: [ view_parse ] --END-- [ RunTime:0.014808s ]
INFO: [ view_filter ] --START--
INFO: Run Behavior\WriteHtmlCacheBehavior [ RunTime:0.000186s ]
INFO: [ view_filter ] --END-- [ RunTime:0.000241s ]
INFO: [ app_end ] --START--
INFO: Run Behavior\ShowPageTraceBehavior [ RunTime:0.000544s ]
INFO: [ app_end ] --END-- [ RunTime:0.000605s ]

[ 2014-05-25T13:04:57+08:00 ] 123.125.71.92 /video/index.php/home/index/play/id/8659
INFO: [ app_init ] --START--
INFO: Run Behavior\BuildLiteBehavior [ RunTime:0.000041s ]
INFO: [ app_init ] --END-- [ RunTime:0.000685s ]
INFO: [ app_begin ] --START--
INFO: Run Behavior\ReadHtmlCacheBehavior [ RunTime:0.000455s ]
INFO: [ app_begin ] --END-- [ RunTime:0.000539s ]
SQL: SHOW COLUMNS FROM `whol2014_videolist` [ RunTime:0.001394s ]
SQL: SELECT * FROM `whol2014_videolist` WHERE ( `id` = 8659 ) LIMIT 1   [ RunTime:0.000291s ]
SQL: SELECT * FROM `whol2014_videolist` ORDER BY id desc LIMIT 30   [ RunTime:0.000743s ]
SQL: SELECT * FROM `whol2014_videolist` ORDER BY click_count desc LIMIT 30   [ RunTime:0.002530s ]
INFO: [ view_parse ] --START--
INFO: [ template_filter ] --START--
INFO: Run Behavior\ContentReplaceBehavior [ RunTime:0.000152s ]
INFO: [ template_filter ] --END-- [ RunTime:0.000235s ]
INFO: Run Behavior\ParseTemplateBehavior [ RunTime:0.014256s ]
INFO: [ view_parse ] --END-- [ RunTime:0.014355s ]
INFO: [ view_filter ] --START--
INFO: Run Behavior\WriteHtmlCacheBehavior [ RunTime:0.000220s ]
INFO: [ view_filter ] --END-- [ RunTime:0.000298s ]
INFO: [ app_end ] --START--
INFO: Run Behavior\ShowPageTraceBehavior [ RunTime:0.000636s ]
INFO: [ app_end ] --END-- [ RunTime:0.000973s ]

[ 2014-05-25T13:38:17+08:00 ] 123.125.71.38 /video/index.php/Home/Index/play/id/10640
INFO: [ app_init ] --START--
INFO: Run Behavior\BuildLiteBehavior [ RunTime:0.000020s ]
INFO: [ app_init ] --END-- [ RunTime:0.000388s ]
INFO: [ app_begin ] --START--
INFO: Run Behavior\ReadHtmlCacheBehavior [ RunTime:0.000412s ]
INFO: [ app_begin ] --END-- [ RunTime:0.000479s ]
SQL: SHOW COLUMNS FROM `whol2014_videolist` [ RunTime:0.001722s ]
SQL: SELECT * FROM `whol2014_videolist` WHERE ( `id` = 10640 ) LIMIT 1   [ RunTime:0.000298s ]
SQL: SELECT * FROM `whol2014_videolist` ORDER BY id desc LIMIT 30   [ RunTime:0.000808s ]
SQL: SELECT * FROM `whol2014_videolist` ORDER BY click_count desc LIMIT 30   [ RunTime:0.002731s ]
INFO: [ view_parse ] --START--
INFO: [ template_filter ] --START--
INFO: Run Behavior\ContentReplaceBehavior [ RunTime:0.000163s ]
INFO: [ template_filter ] --END-- [ RunTime:0.000242s ]
INFO: Run Behavior\ParseTemplateBehavior [ RunTime:0.014010s ]
INFO: [ view_parse ] --END-- [ RunTime:0.014080s ]
INFO: [ view_filter ] --START--
INFO: Run Behavior\WriteHtmlCacheBehavior [ RunTime:0.000187s ]
INFO: [ view_filter ] --END-- [ RunTime:0.000241s ]
INFO: [ app_end ] --START--
INFO: Run Behavior\ShowPageTraceBehavior [ RunTime:0.000523s ]
INFO: [ app_end ] --END-- [ RunTime:0.000584s ]

[ 2014-05-25T13:54:09+08:00 ] 66.249.73.1 /video/index.php/Home/Index/play/id/10474
INFO: [ app_init ] --START--
INFO: Run Behavior\BuildLiteBehavior [ RunTime:0.000032s ]
INFO: [ app_init ] --END-- [ RunTime:0.000434s ]
INFO: [ app_begin ] --START--
INFO: Run Behavior\ReadHtmlCacheBehavior [ RunTime:0.000442s ]
INFO: [ app_begin ] --END-- [ RunTime:0.000502s ]
SQL: SHOW COLUMNS FROM `whol2014_videolist` [ RunTime:0.001557s ]
SQL: SELECT * FROM `whol2014_videolist` WHERE ( `id` = 10474 ) LIMIT 1   [ RunTime:0.000322s ]
SQL: SELECT * FROM `whol2014_videolist` ORDER BY id desc LIMIT 30   [ RunTime:0.000851s ]
SQL: SELECT * FROM `whol2014_videolist` ORDER BY click_count desc LIMIT 30   [ RunTime:0.002774s ]
INFO: [ view_parse ] --START--
INFO: [ template_filter ] --START--
INFO: Run Behavior\ContentReplaceBehavior [ RunTime:0.000146s ]
INFO: [ template_filter ] --END-- [ RunTime:0.000245s ]
INFO: Run Behavior\ParseTemplateBehavior [ RunTime:0.014944s ]
INFO: [ view_parse ] --END-- [ RunTime:0.015022s ]
INFO: [ view_filter ] --START--
INFO: Run Behavior\WriteHtmlCacheBehavior [ RunTime:0.000203s ]
INFO: [ view_filter ] --END-- [ RunTime:0.000259s ]
INFO: [ app_end ] --START--
INFO: Run Behavior\ShowPageTraceBehavior [ RunTime:0.000475s ]
INFO: [ app_end ] --END-- [ RunTime:0.000535s ]

[ 2014-05-25T14:11:37+08:00 ] 220.181.108.170 /video/index.php/Home/Index/play/id/10698
INFO: [ app_init ] --START--
INFO: Run Behavior\BuildLiteBehavior [ RunTime:0.000021s ]
INFO: [ app_init ] --END-- [ RunTime:0.000416s ]
INFO: [ app_begin ] --START--
INFO: Run Behavior\ReadHtmlCacheBehavior [ RunTime:0.000503s ]
INFO: [ app_begin ] --END-- [ RunTime:0.000585s ]
SQL: SHOW COLUMNS FROM `whol2014_videolist` [ RunTime:0.001474s ]
SQL: SELECT * FROM `whol2014_videolist` WHERE ( `id` = 10698 ) LIMIT 1   [ RunTime:0.000307s ]
SQL: SELECT * FROM `whol2014_videolist` ORDER BY id desc LIMIT 30   [ RunTime:0.000726s ]
SQL: SELECT * FROM `whol2014_videolist` ORDER BY click_count desc LIMIT 30   [ RunTime:0.002677s ]
INFO: [ view_parse ] --START--
INFO: [ template_filter ] --START--
INFO: Run Behavior\ContentReplaceBehavior [ RunTime:0.000139s ]
INFO: [ template_filter ] --END-- [ RunTime:0.000223s ]
INFO: Run Behavior\ParseTemplateBehavior [ RunTime:0.013926s ]
INFO: [ view_parse ] --END-- [ RunTime:0.013998s ]
INFO: [ view_filter ] --START--
INFO: Run Behavior\WriteHtmlCacheBehavior [ RunTime:0.000192s ]
INFO: [ view_filter ] --END-- [ RunTime:0.000247s ]
INFO: [ app_end ] --START--
INFO: Run Behavior\ShowPageTraceBehavior [ RunTime:0.000519s ]
INFO: [ app_end ] --END-- [ RunTime:0.000577s ]

[ 2014-05-25T15:09:47+08:00 ] 66.249.73.3 /video/index.php/Home/Index/more/category/11/p/4.html
INFO: [ app_init ] --START--
INFO: Run Behavior\BuildLiteBehavior [ RunTime:0.000031s ]
INFO: [ app_init ] --END-- [ RunTime:0.000439s ]
INFO: [ app_begin ] --START--
INFO: Run Behavior\ReadHtmlCacheBehavior [ RunTime:0.000430s ]
INFO: [ app_begin ] --END-- [ RunTime:0.000519s ]
SQL: SHOW COLUMNS FROM `whol2014_videolist` [ RunTime:0.002195s ]
SQL: SELECT COUNT(*) AS tp_count FROM `whol2014_videolist` WHERE ( path='优酷资讯' ) LIMIT 1   [ RunTime:0.004142s ]
SQL: SELECT * FROM `whol2014_videolist` WHERE ( path='优酷资讯' ) ORDER BY id desc LIMIT 75,25   [ RunTime:0.006900s ]
INFO: [ view_parse ] --START--
INFO: [ template_filter ] --START--
INFO: Run Behavior\ContentReplaceBehavior [ RunTime:0.000131s ]
INFO: [ template_filter ] --END-- [ RunTime:0.000208s ]
INFO: Run Behavior\ParseTemplateBehavior [ RunTime:0.011219s ]
INFO: [ view_parse ] --END-- [ RunTime:0.011308s ]
INFO: [ view_filter ] --START--
INFO: Run Behavior\WriteHtmlCacheBehavior [ RunTime:0.000171s ]
INFO: [ view_filter ] --END-- [ RunTime:0.000225s ]
INFO: [ app_end ] --START--
INFO: Run Behavior\ShowPageTraceBehavior [ RunTime:0.000420s ]
INFO: [ app_end ] --END-- [ RunTime:0.000489s ]

[ 2014-05-25T16:25:34+08:00 ] 66.249.73.6 /video/index.php/Home/Index/play/id/8554
INFO: [ app_init ] --START--
INFO: Run Behavior\BuildLiteBehavior [ RunTime:0.000048s ]
INFO: [ app_init ] --END-- [ RunTime:0.001388s ]
INFO: [ app_begin ] --START--
INFO: Run Behavior\ReadHtmlCacheBehavior [ RunTime:0.000502s ]
INFO: [ app_begin ] --END-- [ RunTime:0.000576s ]
SQL: SHOW COLUMNS FROM `whol2014_videolist` [ RunTime:0.001408s ]
SQL: SELECT * FROM `whol2014_videolist` WHERE ( `id` = 8554 ) LIMIT 1   [ RunTime:0.000301s ]
SQL: SELECT * FROM `whol2014_videolist` ORDER BY id desc LIMIT 30   [ RunTime:0.000765s ]
SQL: SELECT * FROM `whol2014_videolist` ORDER BY click_count desc LIMIT 30   [ RunTime:0.002629s ]
INFO: [ view_parse ] --START--
INFO: [ template_filter ] --START--
INFO: Run Behavior\ContentReplaceBehavior [ RunTime:0.000139s ]
INFO: [ template_filter ] --END-- [ RunTime:0.000241s ]
INFO: Run Behavior\ParseTemplateBehavior [ RunTime:0.012719s ]
INFO: [ view_parse ] --END-- [ RunTime:0.012790s ]
INFO: [ view_filter ] --START--
INFO: Run Behavior\WriteHtmlCacheBehavior [ RunTime:0.000196s ]
INFO: [ view_filter ] --END-- [ RunTime:0.000251s ]
INFO: [ app_end ] --START--
INFO: Run Behavior\ShowPageTraceBehavior [ RunTime:0.000495s ]
INFO: [ app_end ] --END-- [ RunTime:0.000562s ]

[ 2014-05-25T17:41:21+08:00 ] 66.249.73.7 /video/index.php/Home/Index/play/id/9957
INFO: [ app_init ] --START--
INFO: Run Behavior\BuildLiteBehavior [ RunTime:0.000023s ]
INFO: [ app_init ] --END-- [ RunTime:0.000710s ]
INFO: [ app_begin ] --START--
INFO: Run Behavior\ReadHtmlCacheBehavior [ RunTime:0.000733s ]
INFO: [ app_begin ] --END-- [ RunTime:0.000863s ]
SQL: SHOW COLUMNS FROM `whol2014_videolist` [ RunTime:0.002445s ]
SQL: SELECT * FROM `whol2014_videolist` WHERE ( `id` = 9957 ) LIMIT 1   [ RunTime:0.000363s ]
SQL: SELECT * FROM `whol2014_videolist` ORDER BY id desc LIMIT 30   [ RunTime:0.001189s ]
SQL: SELECT * FROM `whol2014_videolist` ORDER BY click_count desc LIMIT 30   [ RunTime:0.004048s ]
INFO: [ view_parse ] --START--
INFO: [ template_filter ] --START--
INFO: Run Behavior\ContentReplaceBehavior [ RunTime:0.000226s ]
INFO: [ template_filter ] --END-- [ RunTime:0.000361s ]
INFO: Run Behavior\ParseTemplateBehavior [ RunTime:0.016787s ]
INFO: [ view_parse ] --END-- [ RunTime:0.016871s ]
INFO: [ view_filter ] --START--
INFO: Run Behavior\WriteHtmlCacheBehavior [ RunTime:0.000227s ]
INFO: [ view_filter ] --END-- [ RunTime:0.000284s ]
INFO: [ app_end ] --START--
INFO: Run Behavior\ShowPageTraceBehavior [ RunTime:0.000493s ]
INFO: [ app_end ] --END-- [ RunTime:0.000554s ]

[ 2014-05-25T18:57:09+08:00 ] 66.249.65.247 /video/index.php/Home/Index/play/id/10705
INFO: [ app_init ] --START--
INFO: Run Behavior\BuildLiteBehavior [ RunTime:0.000020s ]
INFO: [ app_init ] --END-- [ RunTime:0.000352s ]
INFO: [ app_begin ] --START--
INFO: Run Behavior\ReadHtmlCacheBehavior [ RunTime:0.000392s ]
INFO: [ app_begin ] --END-- [ RunTime:0.000450s ]
SQL: SHOW COLUMNS FROM `whol2014_videolist` [ RunTime:0.001893s ]
SQL: SELECT * FROM `whol2014_videolist` WHERE ( `id` = 10705 ) LIMIT 1   [ RunTime:0.000361s ]
SQL: SELECT * FROM `whol2014_videolist` ORDER BY id desc LIMIT 30   [ RunTime:0.000992s ]
SQL: SELECT * FROM `whol2014_videolist` ORDER BY click_count desc LIMIT 30   [ RunTime:0.003432s ]
INFO: [ view_parse ] --START--
INFO: [ template_filter ] --START--
INFO: Run Behavior\ContentReplaceBehavior [ RunTime:0.000128s ]
INFO: [ template_filter ] --END-- [ RunTime:0.000192s ]
INFO: Run Behavior\ParseTemplateBehavior [ RunTime:0.012026s ]
INFO: [ view_parse ] --END-- [ RunTime:0.012091s ]
INFO: [ view_filter ] --START--
INFO: Run Behavior\WriteHtmlCacheBehavior [ RunTime:0.000204s ]
INFO: [ view_filter ] --END-- [ RunTime:0.000258s ]
INFO: [ app_end ] --START--
INFO: Run Behavior\ShowPageTraceBehavior [ RunTime:0.000459s ]
INFO: [ app_end ] --END-- [ RunTime:0.000521s ]

[ 2014-05-25T20:12:56+08:00 ] 66.249.65.247 /video/index.php/Home/Index/more/category/8/p/4.html
INFO: [ app_init ] --START--
INFO: Run Behavior\BuildLiteBehavior [ RunTime:0.000021s ]
INFO: [ app_init ] --END-- [ RunTime:0.000354s ]
INFO: [ app_begin ] --START--
INFO: Run Behavior\ReadHtmlCacheBehavior [ RunTime:0.000464s ]
INFO: [ app_begin ] --END-- [ RunTime:0.000527s ]
SQL: SHOW COLUMNS FROM `whol2014_videolist` [ RunTime:0.001367s ]
SQL: SELECT COUNT(*) AS tp_count FROM `whol2014_videolist` WHERE ( path='10000知道' ) LIMIT 1   [ RunTime:0.001966s ]
SQL: SELECT * FROM `whol2014_videolist` WHERE ( path='10000知道' ) ORDER BY id desc LIMIT 75,25   [ RunTime:0.015516s ]
INFO: [ view_parse ] --START--
INFO: [ template_filter ] --START--
INFO: Run Behavior\ContentReplaceBehavior [ RunTime:0.000107s ]
INFO: [ template_filter ] --END-- [ RunTime:0.000238s ]
INFO: Run Behavior\ParseTemplateBehavior [ RunTime:0.010908s ]
INFO: [ view_parse ] --END-- [ RunTime:0.010984s ]
INFO: [ view_filter ] --START--
INFO: Run Behavior\WriteHtmlCacheBehavior [ RunTime:0.000202s ]
INFO: [ view_filter ] --END-- [ RunTime:0.000262s ]
INFO: [ app_end ] --START--
INFO: Run Behavior\ShowPageTraceBehavior [ RunTime:0.000467s ]
INFO: [ app_end ] --END-- [ RunTime:0.000553s ]

[ 2014-05-25T20:49:41+08:00 ] 123.125.71.36 /video/index.php?m=home&c=index&a=more&category=4
INFO: [ app_init ] --START--
INFO: Run Behavior\BuildLiteBehavior [ RunTime:0.000020s ]
INFO: [ app_init ] --END-- [ RunTime:0.000361s ]
INFO: [ app_begin ] --START--
INFO: Run Behavior\ReadHtmlCacheBehavior [ RunTime:0.000415s ]
INFO: [ app_begin ] --END-- [ RunTime:0.000687s ]
SQL: SHOW COLUMNS FROM `whol2014_videolist` [ RunTime:0.001542s ]
SQL: SELECT COUNT(*) AS tp_count FROM `whol2014_videolist` WHERE ( path='原创视界' ) LIMIT 1   [ RunTime:0.001972s ]
SQL: SELECT * FROM `whol2014_videolist` WHERE ( path='原创视界' ) ORDER BY id desc LIMIT 0,25   [ RunTime:0.015228s ]
INFO: [ view_parse ] --START--
INFO: [ template_filter ] --START--
INFO: Run Behavior\ContentReplaceBehavior [ RunTime:0.000101s ]
INFO: [ template_filter ] --END-- [ RunTime:0.000200s ]
INFO: Run Behavior\ParseTemplateBehavior [ RunTime:0.010768s ]
INFO: [ view_parse ] --END-- [ RunTime:0.010857s ]
INFO: [ view_filter ] --START--
INFO: Run Behavior\WriteHtmlCacheBehavior [ RunTime:0.000170s ]
INFO: [ view_filter ] --END-- [ RunTime:0.000232s ]
INFO: [ app_end ] --START--
INFO: Run Behavior\ShowPageTraceBehavior [ RunTime:0.000502s ]
INFO: [ app_end ] --END-- [ RunTime:0.000572s ]

[ 2014-05-25T21:23:01+08:00 ] 123.125.71.98 /video/index.php/Home/Index/more/category/4
INFO: [ app_init ] --START--
INFO: Run Behavior\BuildLiteBehavior [ RunTime:0.000027s ]
INFO: [ app_init ] --END-- [ RunTime:0.000501s ]
INFO: [ app_begin ] --START--
INFO: Run Behavior\ReadHtmlCacheBehavior [ RunTime:0.000621s ]
INFO: [ app_begin ] --END-- [ RunTime:0.000703s ]
SQL: SHOW COLUMNS FROM `whol2014_videolist` [ RunTime:0.001603s ]
SQL: SELECT COUNT(*) AS tp_count FROM `whol2014_videolist` WHERE ( path='原创视界' ) LIMIT 1   [ RunTime:0.002276s ]
SQL: SELECT * FROM `whol2014_videolist` WHERE ( path='原创视界' ) ORDER BY id desc LIMIT 0,25   [ RunTime:0.017287s ]
INFO: [ view_parse ] --START--
INFO: [ template_filter ] --START--
INFO: Run Behavior\ContentReplaceBehavior [ RunTime:0.000139s ]
INFO: [ template_filter ] --END-- [ RunTime:0.000231s ]
INFO: Run Behavior\ParseTemplateBehavior [ RunTime:0.011733s ]
INFO: [ view_parse ] --END-- [ RunTime:0.011851s ]
INFO: [ view_filter ] --START--
INFO: Run Behavior\WriteHtmlCacheBehavior [ RunTime:0.000178s ]
INFO: [ view_filter ] --END-- [ RunTime:0.000233s ]
INFO: [ app_end ] --START--
INFO: Run Behavior\ShowPageTraceBehavior [ RunTime:0.000473s ]
INFO: [ app_end ] --END-- [ RunTime:0.000544s ]

[ 2014-05-25T21:28:43+08:00 ] 66.249.65.39 /video/index.php/Home/Index/play/id/10696
INFO: [ app_init ] --START--
INFO: Run Behavior\BuildLiteBehavior [ RunTime:0.000021s ]
INFO: [ app_init ] --END-- [ RunTime:0.000380s ]
INFO: [ app_begin ] --START--
INFO: Run Behavior\ReadHtmlCacheBehavior [ RunTime:0.000419s ]
INFO: [ app_begin ] --END-- [ RunTime:0.000479s ]
SQL: SHOW COLUMNS FROM `whol2014_videolist` [ RunTime:0.001451s ]
SQL: SELECT * FROM `whol2014_videolist` WHERE ( `id` = 10696 ) LIMIT 1   [ RunTime:0.000311s ]
SQL: SELECT * FROM `whol2014_videolist` ORDER BY id desc LIMIT 30   [ RunTime:0.000753s ]
SQL: SELECT * FROM `whol2014_videolist` ORDER BY click_count desc LIMIT 30   [ RunTime:0.002682s ]
INFO: [ view_parse ] --START--
INFO: [ template_filter ] --START--
INFO: Run Behavior\ContentReplaceBehavior [ RunTime:0.000153s ]
INFO: [ template_filter ] --END-- [ RunTime:0.000248s ]
INFO: Run Behavior\ParseTemplateBehavior [ RunTime:0.013961s ]
INFO: [ view_parse ] --END-- [ RunTime:0.014030s ]
INFO: [ view_filter ] --START--
INFO: Run Behavior\WriteHtmlCacheBehavior [ RunTime:0.000207s ]
INFO: [ view_filter ] --END-- [ RunTime:0.000293s ]
INFO: [ app_end ] --START--
INFO: Run Behavior\ShowPageTraceBehavior [ RunTime:0.000489s ]
INFO: [ app_end ] --END-- [ RunTime:0.000549s ]

[ 2014-05-25T22:39:07+08:00 ] 220.181.108.121 /video/index.php/home/index/play/id/9840
INFO: [ app_init ] --START--
INFO: Run Behavior\BuildLiteBehavior [ RunTime:0.000020s ]
INFO: [ app_init ] --END-- [ RunTime:0.000352s ]
INFO: [ app_begin ] --START--
INFO: Run Behavior\ReadHtmlCacheBehavior [ RunTime:0.000395s ]
INFO: [ app_begin ] --END-- [ RunTime:0.000454s ]
SQL: SHOW COLUMNS FROM `whol2014_videolist` [ RunTime:0.001477s ]
SQL: SELECT * FROM `whol2014_videolist` WHERE ( `id` = 9840 ) LIMIT 1   [ RunTime:0.000332s ]
SQL: SELECT * FROM `whol2014_videolist` ORDER BY id desc LIMIT 30   [ RunTime:0.000752s ]
SQL: SELECT * FROM `whol2014_videolist` ORDER BY click_count desc LIMIT 30   [ RunTime:0.002656s ]
INFO: [ view_parse ] --START--
INFO: [ template_filter ] --START--
INFO: Run Behavior\ContentReplaceBehavior [ RunTime:0.000126s ]
INFO: [ template_filter ] --END-- [ RunTime:0.000201s ]
INFO: Run Behavior\ParseTemplateBehavior [ RunTime:0.012130s ]
INFO: [ view_parse ] --END-- [ RunTime:0.012196s ]
INFO: [ view_filter ] --START--
INFO: Run Behavior\WriteHtmlCacheBehavior [ RunTime:0.000166s ]
INFO: [ view_filter ] --END-- [ RunTime:0.000220s ]
INFO: [ app_end ] --START--
INFO: Run Behavior\ShowPageTraceBehavior [ RunTime:0.000462s ]
INFO: [ app_end ] --END-- [ RunTime:0.000522s ]

[ 2014-05-25T22:41:06+08:00 ] 68.180.224.234 /video/
INFO: [ app_init ] --START--
INFO: Run Behavior\BuildLiteBehavior [ RunTime:0.000022s ]
INFO: [ app_init ] --END-- [ RunTime:0.000423s ]
INFO: [ app_begin ] --START--
INFO: Run Behavior\ReadHtmlCacheBehavior [ RunTime:0.000417s ]
INFO: [ app_begin ] --END-- [ RunTime:0.000478s ]
SQL: SHOW COLUMNS FROM `whol2014_videolist` [ RunTime:0.001495s ]
SQL: SELECT COUNT(*) AS tp_count FROM `whol2014_videolist` LIMIT 1   [ RunTime:0.000186s ]
SQL: SELECT * FROM `whol2014_videolist` WHERE ( path='直播大武汉' ) ORDER BY id desc LIMIT 6   [ RunTime:0.001319s ]
SQL: SELECT * FROM `whol2014_videolist` WHERE ( path='经视直播' ) ORDER BY id desc LIMIT 6   [ RunTime:0.001092s ]
SQL: SELECT * FROM `whol2014_videolist` WHERE ( path='看荆楚' ) ORDER BY id desc LIMIT 6   [ RunTime:0.000467s ]
SQL: SELECT * FROM `whol2014_videolist` WHERE ( path='原创视界' ) ORDER BY id desc LIMIT 6   [ RunTime:0.004536s ]
SQL: SELECT * FROM `whol2014_videolist` WHERE ( path='天翼4G高清视频' ) ORDER BY id desc LIMIT 6   [ RunTime:0.014391s ]
SQL: SELECT * FROM `whol2014_videolist` WHERE ( path='电视问政' ) ORDER BY id desc LIMIT 6   [ RunTime:0.014286s ]
SQL: SELECT * FROM `whol2014_videolist` WHERE ( path='社区网络春晚' ) ORDER BY id desc LIMIT 6   [ RunTime:0.015979s ]
SQL: SELECT * FROM `whol2014_videolist` WHERE ( path='10000知道' ) ORDER BY id desc LIMIT 6   [ RunTime:0.015816s ]
SQL: SELECT * FROM `whol2014_videolist` WHERE ( path='天翼视讯' ) ORDER BY id desc LIMIT 6   [ RunTime:0.001337s ]
SQL: SELECT * FROM `whol2014_videolist` WHERE ( path='itv导视' ) ORDER BY id desc LIMIT 6   [ RunTime:0.000679s ]
SQL: SELECT * FROM `whol2014_videolist` WHERE ( path='优酷资讯' ) ORDER BY id desc LIMIT 6   [ RunTime:0.000982s ]
INFO: [ view_parse ] --START--
INFO: [ template_filter ] --START--
INFO: Run Behavior\ContentReplaceBehavior [ RunTime:0.000150s ]
INFO: [ template_filter ] --END-- [ RunTime:0.000246s ]
INFO: Run Behavior\ParseTemplateBehavior [ RunTime:0.015053s ]
INFO: [ view_parse ] --END-- [ RunTime:0.015120s ]
INFO: [ view_filter ] --START--
INFO: Run Behavior\WriteHtmlCacheBehavior [ RunTime:0.000176s ]
INFO: [ view_filter ] --END-- [ RunTime:0.000230s ]
INFO: [ app_end ] --START--
INFO: Run Behavior\ShowPageTraceBehavior [ RunTime:0.000417s ]
INFO: [ app_end ] --END-- [ RunTime:0.000478s ]

[ 2014-05-25T22:44:30+08:00 ] 66.249.65.39 /video/index.php/Home/Index/more/category/9/p/3.html
INFO: [ app_init ] --START--
INFO: Run Behavior\BuildLiteBehavior [ RunTime:0.000020s ]
INFO: [ app_init ] --END-- [ RunTime:0.000377s ]
INFO: [ app_begin ] --START--
INFO: Run Behavior\ReadHtmlCacheBehavior [ RunTime:0.000430s ]
INFO: [ app_begin ] --END-- [ RunTime:0.000490s ]
SQL: SHOW COLUMNS FROM `whol2014_videolist` [ RunTime:0.001521s ]
SQL: SELECT COUNT(*) AS tp_count FROM `whol2014_videolist` WHERE ( path='天翼视讯' ) LIMIT 1   [ RunTime:0.002078s ]
SQL: SELECT * FROM `whol2014_videolist` WHERE ( path='天翼视讯' ) ORDER BY id desc LIMIT 50,25   [ RunTime:0.008747s ]
INFO: [ view_parse ] --START--
INFO: [ template_filter ] --START--
INFO: Run Behavior\ContentReplaceBehavior [ RunTime:0.000138s ]
INFO: [ template_filter ] --END-- [ RunTime:0.000236s ]
INFO: Run Behavior\ParseTemplateBehavior [ RunTime:0.011005s ]
INFO: [ view_parse ] --END-- [ RunTime:0.011088s ]
INFO: [ view_filter ] --START--
INFO: Run Behavior\WriteHtmlCacheBehavior [ RunTime:0.000177s ]
INFO: [ view_filter ] --END-- [ RunTime:0.000232s ]
INFO: [ app_end ] --START--
INFO: Run Behavior\ShowPageTraceBehavior [ RunTime:0.000469s ]
INFO: [ app_end ] --END-- [ RunTime:0.000540s ]

[ 2014-05-25T23:45:47+08:00 ] 220.181.108.89 /video/index.php/Home/Index/play/id/10641
INFO: [ app_init ] --START--
INFO: Run Behavior\BuildLiteBehavior [ RunTime:0.000021s ]
INFO: [ app_init ] --END-- [ RunTime:0.000364s ]
INFO: [ app_begin ] --START--
INFO: Run Behavior\ReadHtmlCacheBehavior [ RunTime:0.000435s ]
INFO: [ app_begin ] --END-- [ RunTime:0.000494s ]
SQL: SHOW COLUMNS FROM `whol2014_videolist` [ RunTime:0.001311s ]
SQL: SELECT * FROM `whol2014_videolist` WHERE ( `id` = 10641 ) LIMIT 1   [ RunTime:0.000287s ]
SQL: SELECT * FROM `whol2014_videolist` ORDER BY id desc LIMIT 30   [ RunTime:0.000732s ]
SQL: SELECT * FROM `whol2014_videolist` ORDER BY click_count desc LIMIT 30   [ RunTime:0.002497s ]
INFO: [ view_parse ] --START--
INFO: [ template_filter ] --START--
INFO: Run Behavior\ContentReplaceBehavior [ RunTime:0.000136s ]
INFO: [ template_filter ] --END-- [ RunTime:0.000199s ]
INFO: Run Behavior\ParseTemplateBehavior [ RunTime:0.012362s ]
INFO: [ view_parse ] --END-- [ RunTime:0.012424s ]
INFO: [ view_filter ] --START--
INFO: Run Behavior\WriteHtmlCacheBehavior [ RunTime:0.000172s ]
INFO: [ view_filter ] --END-- [ RunTime:0.000236s ]
INFO: [ app_end ] --START--
INFO: Run Behavior\ShowPageTraceBehavior [ RunTime:0.000459s ]
INFO: [ app_end ] --END-- [ RunTime:0.000520s ]

