[ 2014-05-21T00:06:53+08:00 ] 66.249.74.2 /video/index.php/Home/Index/play/id/10642
INFO: [ app_init ] --START--
INFO: Run Behavior\BuildLiteBehavior [ RunTime:0.000040s ]
INFO: [ app_init ] --END-- [ RunTime:0.000479s ]
INFO: [ app_begin ] --START--
INFO: Run Behavior\ReadHtmlCacheBehavior [ RunTime:0.000472s ]
INFO: [ app_begin ] --END-- [ RunTime:0.000532s ]
SQL: SHOW COLUMNS FROM `whol2014_videolist` [ RunTime:0.001458s ]
SQL: SELECT * FROM `whol2014_videolist` WHERE ( `id` = 10642 ) LIMIT 1   [ RunTime:0.000282s ]
SQL: SELECT * FROM `whol2014_videolist` ORDER BY id desc LIMIT 30   [ RunTime:0.000696s ]
SQL: SELECT * FROM `whol2014_videolist` ORDER BY click_count desc LIMIT 30   [ RunTime:0.002354s ]
INFO: [ view_parse ] --START--
INFO: [ template_filter ] --START--
INFO: Run Behavior\ContentReplaceBehavior [ RunTime:0.000188s ]
INFO: [ template_filter ] --END-- [ RunTime:0.000358s ]
INFO: Run Behavior\ParseTemplateBehavior [ RunTime:0.013627s ]
INFO: [ view_parse ] --END-- [ RunTime:0.013716s ]
INFO: [ view_filter ] --START--
INFO: Run Behavior\WriteHtmlCacheBehavior [ RunTime:0.000269s ]
INFO: [ view_filter ] --END-- [ RunTime:0.000330s ]
INFO: [ app_end ] --START--
INFO: Run Behavior\ShowPageTraceBehavior [ RunTime:0.000526s ]
INFO: [ app_end ] --END-- [ RunTime:0.000588s ]

[ 2014-05-21T00:25:15+08:00 ] 211.100.41.182 /video/index.php/Home/Index/play/id/10695
INFO: [ app_init ] --START--
INFO: Run Behavior\BuildLiteBehavior [ RunTime:0.000020s ]
INFO: [ app_init ] --END-- [ RunTime:0.000358s ]
INFO: [ app_begin ] --START--
INFO: Run Behavior\ReadHtmlCacheBehavior [ RunTime:0.000400s ]
INFO: [ app_begin ] --END-- [ RunTime:0.000458s ]
SQL: SHOW COLUMNS FROM `whol2014_videolist` [ RunTime:0.001502s ]
SQL: SELECT * FROM `whol2014_videolist` WHERE ( `id` = 10695 ) LIMIT 1   [ RunTime:0.000309s ]
SQL: SELECT * FROM `whol2014_videolist` ORDER BY id desc LIMIT 30   [ RunTime:0.000654s ]
SQL: SELECT * FROM `whol2014_videolist` ORDER BY click_count desc LIMIT 30   [ RunTime:0.002882s ]
INFO: [ view_parse ] --START--
INFO: [ template_filter ] --START--
INFO: Run Behavior\ContentReplaceBehavior [ RunTime:0.000309s ]
INFO: [ template_filter ] --END-- [ RunTime:0.000577s ]
INFO: Run Behavior\ParseTemplateBehavior [ RunTime:0.022403s ]
INFO: [ view_parse ] --END-- [ RunTime:0.022497s ]
INFO: [ view_filter ] --START--
INFO: Run Behavior\WriteHtmlCacheBehavior [ RunTime:0.000191s ]
INFO: [ view_filter ] --END-- [ RunTime:0.000249s ]
INFO: [ app_end ] --START--
INFO: Run Behavior\ShowPageTraceBehavior [ RunTime:0.000448s ]
INFO: [ app_end ] --END-- [ RunTime:0.000512s ]

[ 2014-05-21T00:39:52+08:00 ] 68.180.224.234 /video/
INFO: [ app_init ] --START--
INFO: Run Behavior\BuildLiteBehavior [ RunTime:0.000028s ]
INFO: [ app_init ] --END-- [ RunTime:0.000430s ]
INFO: [ app_begin ] --START--
INFO: Run Behavior\ReadHtmlCacheBehavior [ RunTime:0.000431s ]
INFO: [ app_begin ] --END-- [ RunTime:0.000492s ]
SQL: SHOW COLUMNS FROM `whol2014_videolist` [ RunTime:0.001337s ]
SQL: SELECT COUNT(*) AS tp_count FROM `whol2014_videolist` LIMIT 1   [ RunTime:0.000193s ]
SQL: SELECT * FROM `whol2014_videolist` WHERE ( path='直播大武汉' ) ORDER BY id desc LIMIT 6   [ RunTime:0.002450s ]
SQL: SELECT * FROM `whol2014_videolist` WHERE ( path='经视直播' ) ORDER BY id desc LIMIT 6   [ RunTime:0.001719s ]
SQL: SELECT * FROM `whol2014_videolist` WHERE ( path='看荆楚' ) ORDER BY id desc LIMIT 6   [ RunTime:0.000766s ]
SQL: SELECT * FROM `whol2014_videolist` WHERE ( path='原创视界' ) ORDER BY id desc LIMIT 6   [ RunTime:0.001915s ]
SQL: SELECT * FROM `whol2014_videolist` WHERE ( path='天翼4G高清视频' ) ORDER BY id desc LIMIT 6   [ RunTime:0.010291s ]
SQL: SELECT * FROM `whol2014_videolist` WHERE ( path='电视问政' ) ORDER BY id desc LIMIT 6   [ RunTime:0.010623s ]
SQL: SELECT * FROM `whol2014_videolist` WHERE ( path='社区网络春晚' ) ORDER BY id desc LIMIT 6   [ RunTime:0.010191s ]
SQL: SELECT * FROM `whol2014_videolist` WHERE ( path='10000知道' ) ORDER BY id desc LIMIT 6   [ RunTime:0.010948s ]
SQL: SELECT * FROM `whol2014_videolist` WHERE ( path='天翼视讯' ) ORDER BY id desc LIMIT 6   [ RunTime:0.000972s ]
SQL: SELECT * FROM `whol2014_videolist` WHERE ( path='itv导视' ) ORDER BY id desc LIMIT 6   [ RunTime:0.000304s ]
SQL: SELECT * FROM `whol2014_videolist` WHERE ( path='优酷资讯' ) ORDER BY id desc LIMIT 6   [ RunTime:0.000730s ]
INFO: [ view_parse ] --START--
INFO: [ template_filter ] --START--
INFO: Run Behavior\ContentReplaceBehavior [ RunTime:0.000142s ]
INFO: [ template_filter ] --END-- [ RunTime:0.000223s ]
INFO: Run Behavior\ParseTemplateBehavior [ RunTime:0.015296s ]
INFO: [ view_parse ] --END-- [ RunTime:0.015363s ]
INFO: [ view_filter ] --START--
INFO: Run Behavior\WriteHtmlCacheBehavior [ RunTime:0.000193s ]
INFO: [ view_filter ] --END-- [ RunTime:0.000248s ]
INFO: [ app_end ] --START--
INFO: Run Behavior\ShowPageTraceBehavior [ RunTime:0.000451s ]
INFO: [ app_end ] --END-- [ RunTime:0.000523s ]

[ 2014-05-21T01:04:13+08:00 ] 66.249.74.9 /video/index.php/Home/Index/getVideoURL
INFO: [ app_init ] --START--
INFO: Run Behavior\BuildLiteBehavior [ RunTime:0.000023s ]
INFO: [ app_init ] --END-- [ RunTime:0.000358s ]
INFO: [ app_begin ] --START--
INFO: Run Behavior\ReadHtmlCacheBehavior [ RunTime:0.000396s ]
INFO: [ app_begin ] --END-- [ RunTime:0.000452s ]
SQL: SHOW COLUMNS FROM `whol2014_videolist` [ RunTime:0.001335s ]
SQL: SELECT * FROM `whol2014_videolist` WHERE ( `id` = 7806 ) LIMIT 1   [ RunTime:0.000291s ]
SQL: UPDATE `whol2014_videolist` SET `click_count`=click_count+1 WHERE ( id=7806 ) [ RunTime:0.000293s ]

[ 2014-05-21T01:22:40+08:00 ] 66.249.74.2 /video/index.php/Home/Index/more/category/10/p/3.html
INFO: [ app_init ] --START--
INFO: Run Behavior\BuildLiteBehavior [ RunTime:0.000027s ]
INFO: [ app_init ] --END-- [ RunTime:0.000479s ]
INFO: [ app_begin ] --START--
INFO: Run Behavior\ReadHtmlCacheBehavior [ RunTime:0.000423s ]
INFO: [ app_begin ] --END-- [ RunTime:0.000483s ]
SQL: SHOW COLUMNS FROM `whol2014_videolist` [ RunTime:0.001412s ]
SQL: SELECT COUNT(*) AS tp_count FROM `whol2014_videolist` WHERE ( path='itv导视' ) LIMIT 1   [ RunTime:0.001824s ]
SQL: SELECT * FROM `whol2014_videolist` WHERE ( path='itv导视' ) ORDER BY id desc LIMIT 50,25   [ RunTime:0.012747s ]
INFO: [ view_parse ] --START--
INFO: [ template_filter ] --START--
INFO: Run Behavior\ContentReplaceBehavior [ RunTime:0.000223s ]
INFO: [ template_filter ] --END-- [ RunTime:0.000437s ]
INFO: Run Behavior\ParseTemplateBehavior [ RunTime:0.014374s ]
INFO: [ view_parse ] --END-- [ RunTime:0.014522s ]
INFO: [ view_filter ] --START--
INFO: Run Behavior\WriteHtmlCacheBehavior [ RunTime:0.000704s ]
INFO: [ view_filter ] --END-- [ RunTime:0.000865s ]
INFO: [ app_end ] --START--
INFO: Run Behavior\ShowPageTraceBehavior [ RunTime:0.000661s ]
INFO: [ app_end ] --END-- [ RunTime:0.000746s ]

[ 2014-05-21T01:30:56+08:00 ] 66.249.74.10 /video/index.php/Home/Index/play/id/8659
INFO: [ app_init ] --START--
INFO: Run Behavior\BuildLiteBehavior [ RunTime:0.000019s ]
INFO: [ app_init ] --END-- [ RunTime:0.000340s ]
INFO: [ app_begin ] --START--
INFO: Run Behavior\ReadHtmlCacheBehavior [ RunTime:0.000390s ]
INFO: [ app_begin ] --END-- [ RunTime:0.000454s ]
SQL: SHOW COLUMNS FROM `whol2014_videolist` [ RunTime:0.001570s ]
SQL: SELECT * FROM `whol2014_videolist` WHERE ( `id` = 8659 ) LIMIT 1   [ RunTime:0.000303s ]
SQL: SELECT * FROM `whol2014_videolist` ORDER BY id desc LIMIT 30   [ RunTime:0.000698s ]
SQL: SELECT * FROM `whol2014_videolist` ORDER BY click_count desc LIMIT 30   [ RunTime:0.002393s ]
INFO: [ view_parse ] --START--
INFO: [ template_filter ] --START--
INFO: Run Behavior\ContentReplaceBehavior [ RunTime:0.000145s ]
INFO: [ template_filter ] --END-- [ RunTime:0.000225s ]
INFO: Run Behavior\ParseTemplateBehavior [ RunTime:0.013336s ]
INFO: [ view_parse ] --END-- [ RunTime:0.013411s ]
INFO: [ view_filter ] --START--
INFO: Run Behavior\WriteHtmlCacheBehavior [ RunTime:0.000186s ]
INFO: [ view_filter ] --END-- [ RunTime:0.000243s ]
INFO: [ app_end ] --START--
INFO: Run Behavior\ShowPageTraceBehavior [ RunTime:0.000442s ]
INFO: [ app_end ] --END-- [ RunTime:0.000502s ]

[ 2014-05-21T02:29:32+08:00 ] 66.249.74.1 /video/index.php/Home/Index/getVideoURL
INFO: [ app_init ] --START--
INFO: Run Behavior\BuildLiteBehavior [ RunTime:0.000045s ]
INFO: [ app_init ] --END-- [ RunTime:0.000906s ]
INFO: [ app_begin ] --START--
INFO: Run Behavior\ReadHtmlCacheBehavior [ RunTime:0.000449s ]
INFO: [ app_begin ] --END-- [ RunTime:0.000517s ]
SQL: SHOW COLUMNS FROM `whol2014_videolist` [ RunTime:0.001758s ]
SQL: SELECT * FROM `whol2014_videolist` WHERE ( `id` = 10395 ) LIMIT 1   [ RunTime:0.000389s ]
SQL: UPDATE `whol2014_videolist` SET `click_count`=click_count+1 WHERE ( id=10395 ) [ RunTime:0.000341s ]

[ 2014-05-21T02:38:27+08:00 ] 66.249.74.9 /video/index.php/Home/Index/play/id/10582
INFO: [ app_init ] --START--
INFO: Run Behavior\BuildLiteBehavior [ RunTime:0.000027s ]
INFO: [ app_init ] --END-- [ RunTime:0.000378s ]
INFO: [ app_begin ] --START--
INFO: Run Behavior\ReadHtmlCacheBehavior [ RunTime:0.000396s ]
INFO: [ app_begin ] --END-- [ RunTime:0.000456s ]
SQL: SHOW COLUMNS FROM `whol2014_videolist` [ RunTime:0.001352s ]
SQL: SELECT * FROM `whol2014_videolist` WHERE ( `id` = 10582 ) LIMIT 1   [ RunTime:0.000298s ]
SQL: SELECT * FROM `whol2014_videolist` ORDER BY id desc LIMIT 30   [ RunTime:0.000689s ]
SQL: SELECT * FROM `whol2014_videolist` ORDER BY click_count desc LIMIT 30   [ RunTime:0.002324s ]
INFO: [ view_parse ] --START--
INFO: [ template_filter ] --START--
INFO: Run Behavior\ContentReplaceBehavior [ RunTime:0.000119s ]
INFO: [ template_filter ] --END-- [ RunTime:0.000179s ]
INFO: Run Behavior\ParseTemplateBehavior [ RunTime:0.012053s ]
INFO: [ view_parse ] --END-- [ RunTime:0.012115s ]
INFO: [ view_filter ] --START--
INFO: Run Behavior\WriteHtmlCacheBehavior [ RunTime:0.000237s ]
INFO: [ view_filter ] --END-- [ RunTime:0.000305s ]
INFO: [ app_end ] --START--
INFO: Run Behavior\ShowPageTraceBehavior [ RunTime:0.000436s ]
INFO: [ app_end ] --END-- [ RunTime:0.000498s ]

[ 2014-05-21T03:54:15+08:00 ] 66.249.74.1 /video/index.php/Home/Index/play/id/8480
INFO: [ app_init ] --START--
INFO: Run Behavior\BuildLiteBehavior [ RunTime:0.000017s ]
INFO: [ app_init ] --END-- [ RunTime:0.000341s ]
INFO: [ app_begin ] --START--
INFO: Run Behavior\ReadHtmlCacheBehavior [ RunTime:0.000800s ]
INFO: [ app_begin ] --END-- [ RunTime:0.000928s ]
SQL: SHOW COLUMNS FROM `whol2014_videolist` [ RunTime:0.001529s ]
SQL: SELECT * FROM `whol2014_videolist` WHERE ( `id` = 8480 ) LIMIT 1   [ RunTime:0.000291s ]
SQL: SELECT * FROM `whol2014_videolist` ORDER BY id desc LIMIT 30   [ RunTime:0.000679s ]
SQL: SELECT * FROM `whol2014_videolist` ORDER BY click_count desc LIMIT 30   [ RunTime:0.002366s ]
INFO: [ view_parse ] --START--
INFO: [ template_filter ] --START--
INFO: Run Behavior\ContentReplaceBehavior [ RunTime:0.000137s ]
INFO: [ template_filter ] --END-- [ RunTime:0.000199s ]
INFO: Run Behavior\ParseTemplateBehavior [ RunTime:0.012167s ]
INFO: [ view_parse ] --END-- [ RunTime:0.012232s ]
INFO: [ view_filter ] --START--
INFO: Run Behavior\WriteHtmlCacheBehavior [ RunTime:0.000183s ]
INFO: [ view_filter ] --END-- [ RunTime:0.000244s ]
INFO: [ app_end ] --START--
INFO: Run Behavior\ShowPageTraceBehavior [ RunTime:0.000416s ]
INFO: [ app_end ] --END-- [ RunTime:0.000476s ]

[ 2014-05-21T04:26:51+08:00 ] 66.249.74.1 /video/index.php/Home/Index/getVideoURL
INFO: [ app_init ] --START--
INFO: Run Behavior\BuildLiteBehavior [ RunTime:0.000033s ]
INFO: [ app_init ] --END-- [ RunTime:0.000523s ]
INFO: [ app_begin ] --START--
INFO: Run Behavior\ReadHtmlCacheBehavior [ RunTime:0.000449s ]
INFO: [ app_begin ] --END-- [ RunTime:0.000505s ]
SQL: SHOW COLUMNS FROM `whol2014_videolist` [ RunTime:0.001551s ]
SQL: SELECT * FROM `whol2014_videolist` WHERE ( `id` = 7802 ) LIMIT 1   [ RunTime:0.000316s ]
SQL: UPDATE `whol2014_videolist` SET `click_count`=click_count+1 WHERE ( id=7802 ) [ RunTime:0.000339s ]

[ 2014-05-21T04:51:26+08:00 ] 66.249.74.4 /video/index.php/Home/Index/play/id/10704
INFO: [ app_init ] --START--
INFO: Run Behavior\BuildLiteBehavior [ RunTime:0.000020s ]
INFO: [ app_init ] --END-- [ RunTime:0.000372s ]
INFO: [ app_begin ] --START--
INFO: Run Behavior\ReadHtmlCacheBehavior [ RunTime:0.000513s ]
INFO: [ app_begin ] --END-- [ RunTime:0.000618s ]
SQL: SHOW COLUMNS FROM `whol2014_videolist` [ RunTime:0.001367s ]
SQL: SELECT * FROM `whol2014_videolist` WHERE ( `id` = 10704 ) LIMIT 1   [ RunTime:0.000318s ]
SQL: SELECT * FROM `whol2014_videolist` ORDER BY id desc LIMIT 30   [ RunTime:0.000681s ]
SQL: SELECT * FROM `whol2014_videolist` ORDER BY click_count desc LIMIT 30   [ RunTime:0.002287s ]
INFO: [ view_parse ] --START--
INFO: [ template_filter ] --START--
INFO: Run Behavior\ContentReplaceBehavior [ RunTime:0.000143s ]
INFO: [ template_filter ] --END-- [ RunTime:0.000216s ]
INFO: Run Behavior\ParseTemplateBehavior [ RunTime:0.012030s ]
INFO: [ view_parse ] --END-- [ RunTime:0.012113s ]
INFO: [ view_filter ] --START--
INFO: Run Behavior\WriteHtmlCacheBehavior [ RunTime:0.000205s ]
INFO: [ view_filter ] --END-- [ RunTime:0.000265s ]
INFO: [ app_end ] --START--
INFO: Run Behavior\ShowPageTraceBehavior [ RunTime:0.000447s ]
INFO: [ app_end ] --END-- [ RunTime:0.000506s ]

[ 2014-05-21T05:08:17+08:00 ] 66.249.74.1 /video/index.php/Home/Index/getVideoURL
INFO: [ app_init ] --START--
INFO: Run Behavior\BuildLiteBehavior [ RunTime:0.000033s ]
INFO: [ app_init ] --END-- [ RunTime:0.000409s ]
INFO: [ app_begin ] --START--
INFO: Run Behavior\ReadHtmlCacheBehavior [ RunTime:0.000421s ]
INFO: [ app_begin ] --END-- [ RunTime:0.000477s ]
SQL: SHOW COLUMNS FROM `whol2014_videolist` [ RunTime:0.001438s ]
SQL: SELECT * FROM `whol2014_videolist` WHERE ( `id` = 10704 ) LIMIT 1   [ RunTime:0.000293s ]
SQL: UPDATE `whol2014_videolist` SET `click_count`=click_count+1 WHERE ( id=10704 ) [ RunTime:0.000304s ]

[ 2014-05-21T05:09:26+08:00 ] 66.249.74.3 /video/index.php/Home/Index/play/id/10679
INFO: [ app_init ] --START--
INFO: Run Behavior\BuildLiteBehavior [ RunTime:0.000036s ]
INFO: [ app_init ] --END-- [ RunTime:0.000464s ]
INFO: [ app_begin ] --START--
INFO: Run Behavior\ReadHtmlCacheBehavior [ RunTime:0.000626s ]
INFO: [ app_begin ] --END-- [ RunTime:0.000718s ]
SQL: SHOW COLUMNS FROM `whol2014_videolist` [ RunTime:0.001201s ]
SQL: SELECT * FROM `whol2014_videolist` WHERE ( `id` = 10679 ) LIMIT 1   [ RunTime:0.000267s ]
SQL: SELECT * FROM `whol2014_videolist` ORDER BY id desc LIMIT 30   [ RunTime:0.000673s ]
SQL: SELECT * FROM `whol2014_videolist` ORDER BY click_count desc LIMIT 30   [ RunTime:0.002214s ]
INFO: [ view_parse ] --START--
INFO: [ template_filter ] --START--
INFO: Run Behavior\ContentReplaceBehavior [ RunTime:0.000132s ]
INFO: [ template_filter ] --END-- [ RunTime:0.000197s ]
INFO: Run Behavior\ParseTemplateBehavior [ RunTime:0.011901s ]
INFO: [ view_parse ] --END-- [ RunTime:0.011962s ]
INFO: [ view_filter ] --START--
INFO: Run Behavior\WriteHtmlCacheBehavior [ RunTime:0.000175s ]
INFO: [ view_filter ] --END-- [ RunTime:0.000251s ]
INFO: [ app_end ] --START--
INFO: Run Behavior\ShowPageTraceBehavior [ RunTime:0.000409s ]
INFO: [ app_end ] --END-- [ RunTime:0.000467s ]

[ 2014-05-21T05:42:20+08:00 ] 123.125.71.45 /video/index.php/home/index/more?category=2
INFO: [ app_init ] --START--
INFO: Run Behavior\BuildLiteBehavior [ RunTime:0.000019s ]
INFO: [ app_init ] --END-- [ RunTime:0.000346s ]
INFO: [ app_begin ] --START--
INFO: Run Behavior\ReadHtmlCacheBehavior [ RunTime:0.000454s ]
INFO: [ app_begin ] --END-- [ RunTime:0.000533s ]
SQL: SHOW COLUMNS FROM `whol2014_videolist` [ RunTime:0.001481s ]
SQL: SELECT COUNT(*) AS tp_count FROM `whol2014_videolist` WHERE ( path='经视直播' ) LIMIT 1   [ RunTime:0.001815s ]
SQL: SELECT * FROM `whol2014_videolist` WHERE ( path='经视直播' ) ORDER BY id desc LIMIT 0,25   [ RunTime:0.003172s ]
INFO: [ view_parse ] --START--
INFO: [ template_filter ] --START--
INFO: Run Behavior\ContentReplaceBehavior [ RunTime:0.000124s ]
INFO: [ template_filter ] --END-- [ RunTime:0.000207s ]
INFO: Run Behavior\ParseTemplateBehavior [ RunTime:0.011535s ]
INFO: [ view_parse ] --END-- [ RunTime:0.011639s ]
INFO: [ view_filter ] --START--
INFO: Run Behavior\WriteHtmlCacheBehavior [ RunTime:0.000194s ]
INFO: [ view_filter ] --END-- [ RunTime:0.000276s ]
INFO: [ app_end ] --START--
INFO: Run Behavior\ShowPageTraceBehavior [ RunTime:0.000637s ]
INFO: [ app_end ] --END-- [ RunTime:0.000711s ]

[ 2014-05-21T06:06:52+08:00 ] 66.249.74.5 /video/index.php/Home/Index/play/id/10695
INFO: [ app_init ] --START--
INFO: Run Behavior\BuildLiteBehavior [ RunTime:0.000022s ]
INFO: [ app_init ] --END-- [ RunTime:0.000357s ]
INFO: [ app_begin ] --START--
INFO: Run Behavior\ReadHtmlCacheBehavior [ RunTime:0.000391s ]
INFO: [ app_begin ] --END-- [ RunTime:0.000450s ]
SQL: SHOW COLUMNS FROM `whol2014_videolist` [ RunTime:0.001433s ]
SQL: SELECT * FROM `whol2014_videolist` WHERE ( `id` = 10695 ) LIMIT 1   [ RunTime:0.000324s ]
SQL: SELECT * FROM `whol2014_videolist` ORDER BY id desc LIMIT 30   [ RunTime:0.000710s ]
SQL: SELECT * FROM `whol2014_videolist` ORDER BY click_count desc LIMIT 30   [ RunTime:0.002341s ]
INFO: [ view_parse ] --START--
INFO: [ template_filter ] --START--
INFO: Run Behavior\ContentReplaceBehavior [ RunTime:0.000218s ]
INFO: [ template_filter ] --END-- [ RunTime:0.000416s ]
INFO: Run Behavior\ParseTemplateBehavior [ RunTime:0.017314s ]
INFO: [ view_parse ] --END-- [ RunTime:0.017418s ]
INFO: [ view_filter ] --START--
INFO: Run Behavior\WriteHtmlCacheBehavior [ RunTime:0.000265s ]
INFO: [ view_filter ] --END-- [ RunTime:0.000353s ]
INFO: [ app_end ] --START--
INFO: Run Behavior\ShowPageTraceBehavior [ RunTime:0.000775s ]
INFO: [ app_end ] --END-- [ RunTime:0.000885s ]

[ 2014-05-21T07:22:40+08:00 ] 66.249.67.247 /video/index.php/Home/Index/more/category/8/p/2.html
INFO: [ app_init ] --START--
INFO: Run Behavior\BuildLiteBehavior [ RunTime:0.000035s ]
INFO: [ app_init ] --END-- [ RunTime:0.000459s ]
INFO: [ app_begin ] --START--
INFO: Run Behavior\ReadHtmlCacheBehavior [ RunTime:0.000553s ]
INFO: [ app_begin ] --END-- [ RunTime:0.000654s ]
SQL: SHOW COLUMNS FROM `whol2014_videolist` [ RunTime:0.001730s ]
SQL: SELECT COUNT(*) AS tp_count FROM `whol2014_videolist` WHERE ( path='10000知道' ) LIMIT 1   [ RunTime:0.001884s ]
SQL: SELECT * FROM `whol2014_videolist` WHERE ( path='10000知道' ) ORDER BY id desc LIMIT 25,25   [ RunTime:0.011745s ]
INFO: [ view_parse ] --START--
INFO: [ template_filter ] --START--
INFO: Run Behavior\ContentReplaceBehavior [ RunTime:0.000150s ]
INFO: [ template_filter ] --END-- [ RunTime:0.000259s ]
INFO: Run Behavior\ParseTemplateBehavior [ RunTime:0.011634s ]
INFO: [ view_parse ] --END-- [ RunTime:0.011720s ]
INFO: [ view_filter ] --START--
INFO: Run Behavior\WriteHtmlCacheBehavior [ RunTime:0.000198s ]
INFO: [ view_filter ] --END-- [ RunTime:0.000268s ]
INFO: [ app_end ] --START--
INFO: Run Behavior\ShowPageTraceBehavior [ RunTime:0.000435s ]
INFO: [ app_end ] --END-- [ RunTime:0.000507s ]

[ 2014-05-21T07:46:57+08:00 ] 66.249.67.247 /video/index.php/Home/Index/play/id/10621
INFO: [ app_init ] --START--
INFO: Run Behavior\BuildLiteBehavior [ RunTime:0.000041s ]
INFO: [ app_init ] --END-- [ RunTime:0.000548s ]
INFO: [ app_begin ] --START--
INFO: Run Behavior\ReadHtmlCacheBehavior [ RunTime:0.000502s ]
INFO: [ app_begin ] --END-- [ RunTime:0.000565s ]
SQL: SHOW COLUMNS FROM `whol2014_videolist` [ RunTime:0.002058s ]
SQL: SELECT * FROM `whol2014_videolist` WHERE ( `id` = 10621 ) LIMIT 1   [ RunTime:0.000376s ]
SQL: SELECT * FROM `whol2014_videolist` ORDER BY id desc LIMIT 30   [ RunTime:0.000959s ]
SQL: SELECT * FROM `whol2014_videolist` ORDER BY click_count desc LIMIT 30   [ RunTime:0.003196s ]
INFO: [ view_parse ] --START--
INFO: [ template_filter ] --START--
INFO: Run Behavior\ContentReplaceBehavior [ RunTime:0.000209s ]
INFO: [ template_filter ] --END-- [ RunTime:0.000365s ]
INFO: Run Behavior\ParseTemplateBehavior [ RunTime:0.013799s ]
INFO: [ view_parse ] --END-- [ RunTime:0.013869s ]
INFO: [ view_filter ] --START--
INFO: Run Behavior\WriteHtmlCacheBehavior [ RunTime:0.000246s ]
INFO: [ view_filter ] --END-- [ RunTime:0.000306s ]
INFO: [ app_end ] --START--
INFO: Run Behavior\ShowPageTraceBehavior [ RunTime:0.000480s ]
INFO: [ app_end ] --END-- [ RunTime:0.000540s ]

[ 2014-05-21T07:53:36+08:00 ] 66.249.67.250 /video/index.php/Home/Index/play/id/10702
INFO: [ app_init ] --START--
INFO: Run Behavior\BuildLiteBehavior [ RunTime:0.000022s ]
INFO: [ app_init ] --END-- [ RunTime:0.000383s ]
INFO: [ app_begin ] --START--
INFO: Run Behavior\ReadHtmlCacheBehavior [ RunTime:0.000433s ]
INFO: [ app_begin ] --END-- [ RunTime:0.000492s ]
SQL: SHOW COLUMNS FROM `whol2014_videolist` [ RunTime:0.001377s ]
SQL: SELECT * FROM `whol2014_videolist` WHERE ( `id` = 10702 ) LIMIT 1   [ RunTime:0.000280s ]
SQL: SELECT * FROM `whol2014_videolist` ORDER BY id desc LIMIT 30   [ RunTime:0.000712s ]
SQL: SELECT * FROM `whol2014_videolist` ORDER BY click_count desc LIMIT 30   [ RunTime:0.002379s ]
INFO: [ view_parse ] --START--
INFO: [ template_filter ] --START--
INFO: Run Behavior\ContentReplaceBehavior [ RunTime:0.000129s ]
INFO: [ template_filter ] --END-- [ RunTime:0.000199s ]
INFO: Run Behavior\ParseTemplateBehavior [ RunTime:0.012211s ]
INFO: [ view_parse ] --END-- [ RunTime:0.012275s ]
INFO: [ view_filter ] --START--
INFO: Run Behavior\WriteHtmlCacheBehavior [ RunTime:0.000178s ]
INFO: [ view_filter ] --END-- [ RunTime:0.000235s ]
INFO: [ app_end ] --START--
INFO: Run Behavior\ShowPageTraceBehavior [ RunTime:0.000437s ]
INFO: [ app_end ] --END-- [ RunTime:0.000497s ]

[ 2014-05-21T08:38:26+08:00 ] 66.249.67.39 /video/index.php/Home/Index/play/id/10282
INFO: [ app_init ] --START--
INFO: Run Behavior\BuildLiteBehavior [ RunTime:0.000019s ]
INFO: [ app_init ] --END-- [ RunTime:0.000348s ]
INFO: [ app_begin ] --START--
INFO: Run Behavior\ReadHtmlCacheBehavior [ RunTime:0.000411s ]
INFO: [ app_begin ] --END-- [ RunTime:0.000470s ]
SQL: SHOW COLUMNS FROM `whol2014_videolist` [ RunTime:0.001565s ]
SQL: SELECT * FROM `whol2014_videolist` WHERE ( `id` = 10282 ) LIMIT 1   [ RunTime:0.000302s ]
SQL: SELECT * FROM `whol2014_videolist` ORDER BY id desc LIMIT 30   [ RunTime:0.000701s ]
SQL: SELECT * FROM `whol2014_videolist` ORDER BY click_count desc LIMIT 30   [ RunTime:0.002554s ]
INFO: [ view_parse ] --START--
INFO: [ template_filter ] --START--
INFO: Run Behavior\ContentReplaceBehavior [ RunTime:0.000136s ]
INFO: [ template_filter ] --END-- [ RunTime:0.000236s ]
INFO: Run Behavior\ParseTemplateBehavior [ RunTime:0.013106s ]
INFO: [ view_parse ] --END-- [ RunTime:0.013171s ]
INFO: [ view_filter ] --START--
INFO: Run Behavior\WriteHtmlCacheBehavior [ RunTime:0.000191s ]
INFO: [ view_filter ] --END-- [ RunTime:0.000263s ]
INFO: [ app_end ] --START--
INFO: Run Behavior\ShowPageTraceBehavior [ RunTime:0.000486s ]
INFO: [ app_end ] --END-- [ RunTime:0.000546s ]

[ 2014-05-21T08:43:40+08:00 ] 66.249.67.247 /video/index.php/Home/Index/getVideoURL
INFO: [ app_init ] --START--
INFO: Run Behavior\BuildLiteBehavior [ RunTime:0.000018s ]
INFO: [ app_init ] --END-- [ RunTime:0.000337s ]
INFO: [ app_begin ] --START--
INFO: Run Behavior\ReadHtmlCacheBehavior [ RunTime:0.000399s ]
INFO: [ app_begin ] --END-- [ RunTime:0.000453s ]
SQL: SHOW COLUMNS FROM `whol2014_videolist` [ RunTime:0.001467s ]
SQL: SELECT * FROM `whol2014_videolist` WHERE ( `id` = 10702 ) LIMIT 1   [ RunTime:0.000307s ]
SQL: UPDATE `whol2014_videolist` SET `click_count`=click_count+1 WHERE ( id=10702 ) [ RunTime:0.000309s ]

[ 2014-05-21T09:54:18+08:00 ] 66.249.67.247 /video/index.php/Home/Index/play/id/10541
INFO: [ app_init ] --START--
INFO: Run Behavior\BuildLiteBehavior [ RunTime:0.000024s ]
INFO: [ app_init ] --END-- [ RunTime:0.000371s ]
INFO: [ app_begin ] --START--
INFO: Run Behavior\ReadHtmlCacheBehavior [ RunTime:0.000400s ]
INFO: [ app_begin ] --END-- [ RunTime:0.000459s ]
SQL: SHOW COLUMNS FROM `whol2014_videolist` [ RunTime:0.001636s ]
SQL: SELECT * FROM `whol2014_videolist` WHERE ( `id` = 10541 ) LIMIT 1   [ RunTime:0.000350s ]
SQL: SELECT * FROM `whol2014_videolist` ORDER BY id desc LIMIT 30   [ RunTime:0.000758s ]
SQL: SELECT * FROM `whol2014_videolist` ORDER BY click_count desc LIMIT 30   [ RunTime:0.002458s ]
INFO: [ view_parse ] --START--
INFO: [ template_filter ] --START--
INFO: Run Behavior\ContentReplaceBehavior [ RunTime:0.000146s ]
INFO: [ template_filter ] --END-- [ RunTime:0.000212s ]
INFO: Run Behavior\ParseTemplateBehavior [ RunTime:0.013847s ]
INFO: [ view_parse ] --END-- [ RunTime:0.013921s ]
INFO: [ view_filter ] --START--
INFO: Run Behavior\WriteHtmlCacheBehavior [ RunTime:0.000194s ]
INFO: [ view_filter ] --END-- [ RunTime:0.000248s ]
INFO: [ app_end ] --START--
INFO: Run Behavior\ShowPageTraceBehavior [ RunTime:0.000417s ]
INFO: [ app_end ] --END-- [ RunTime:0.000474s ]

[ 2014-05-21T10:48:09+08:00 ] 66.249.67.250 /video/index.php/Home/Index/play/id/10306
INFO: [ app_init ] --START--
INFO: Run Behavior\BuildLiteBehavior [ RunTime:0.000022s ]
INFO: [ app_init ] --END-- [ RunTime:0.000357s ]
INFO: [ app_begin ] --START--
INFO: Run Behavior\ReadHtmlCacheBehavior [ RunTime:0.000391s ]
INFO: [ app_begin ] --END-- [ RunTime:0.000450s ]
SQL: SHOW COLUMNS FROM `whol2014_videolist` [ RunTime:0.001395s ]
SQL: SELECT * FROM `whol2014_videolist` WHERE ( `id` = 10306 ) LIMIT 1   [ RunTime:0.000292s ]
SQL: SELECT * FROM `whol2014_videolist` ORDER BY id desc LIMIT 30   [ RunTime:0.000710s ]
SQL: SELECT * FROM `whol2014_videolist` ORDER BY click_count desc LIMIT 30   [ RunTime:0.002458s ]
INFO: [ view_parse ] --START--
INFO: [ template_filter ] --START--
INFO: Run Behavior\ContentReplaceBehavior [ RunTime:0.000139s ]
INFO: [ template_filter ] --END-- [ RunTime:0.000210s ]
INFO: Run Behavior\ParseTemplateBehavior [ RunTime:0.013475s ]
INFO: [ view_parse ] --END-- [ RunTime:0.013540s ]
INFO: [ view_filter ] --START--
INFO: Run Behavior\WriteHtmlCacheBehavior [ RunTime:0.000191s ]
INFO: [ view_filter ] --END-- [ RunTime:0.000265s ]
INFO: [ app_end ] --START--
INFO: Run Behavior\ShowPageTraceBehavior [ RunTime:0.000419s ]
INFO: [ app_end ] --END-- [ RunTime:0.000478s ]

[ 2014-05-21T10:54:01+08:00 ] 66.249.67.250 /video/index.php/Home/Index/getVideoURL
INFO: [ app_init ] --START--
INFO: Run Behavior\BuildLiteBehavior [ RunTime:0.000019s ]
INFO: [ app_init ] --END-- [ RunTime:0.000367s ]
INFO: [ app_begin ] --START--
INFO: Run Behavior\ReadHtmlCacheBehavior [ RunTime:0.000423s ]
INFO: [ app_begin ] --END-- [ RunTime:0.000479s ]
SQL: SHOW COLUMNS FROM `whol2014_videolist` [ RunTime:0.001855s ]
SQL: SELECT * FROM `whol2014_videolist` WHERE ( `id` = 10306 ) LIMIT 1   [ RunTime:0.000314s ]
SQL: UPDATE `whol2014_videolist` SET `click_count`=click_count+1 WHERE ( id=10306 ) [ RunTime:0.000373s ]

[ 2014-05-21T11:10:01+08:00 ] 66.249.67.39 /video/index.php/Home/Index/play/id/10708
INFO: [ app_init ] --START--
INFO: Run Behavior\BuildLiteBehavior [ RunTime:0.000019s ]
INFO: [ app_init ] --END-- [ RunTime:0.000355s ]
INFO: [ app_begin ] --START--
INFO: Run Behavior\ReadHtmlCacheBehavior [ RunTime:0.000393s ]
INFO: [ app_begin ] --END-- [ RunTime:0.000451s ]
SQL: SHOW COLUMNS FROM `whol2014_videolist` [ RunTime:0.001225s ]
SQL: SELECT * FROM `whol2014_videolist` WHERE ( `id` = 10708 ) LIMIT 1   [ RunTime:0.000273s ]
SQL: SELECT * FROM `whol2014_videolist` ORDER BY id desc LIMIT 30   [ RunTime:0.000989s ]
SQL: SELECT * FROM `whol2014_videolist` ORDER BY click_count desc LIMIT 30   [ RunTime:0.007079s ]
INFO: [ view_parse ] --START--
INFO: [ template_filter ] --START--
INFO: Run Behavior\ContentReplaceBehavior [ RunTime:0.000153s ]
INFO: [ template_filter ] --END-- [ RunTime:0.000242s ]
INFO: Run Behavior\ParseTemplateBehavior [ RunTime:0.018069s ]
INFO: [ view_parse ] --END-- [ RunTime:0.018192s ]
INFO: [ view_filter ] --START--
INFO: Run Behavior\WriteHtmlCacheBehavior [ RunTime:0.000243s ]
INFO: [ view_filter ] --END-- [ RunTime:0.000330s ]
INFO: [ app_end ] --START--
INFO: Run Behavior\ShowPageTraceBehavior [ RunTime:0.000634s ]
INFO: [ app_end ] --END-- [ RunTime:0.000730s ]

[ 2014-05-21T11:15:16+08:00 ] 222.133.120.42 /video/
INFO: [ app_init ] --START--
INFO: Run Behavior\BuildLiteBehavior [ RunTime:0.000017s ]
INFO: [ app_init ] --END-- [ RunTime:0.000360s ]
INFO: [ app_begin ] --START--
INFO: Run Behavior\ReadHtmlCacheBehavior [ RunTime:0.000432s ]
INFO: [ app_begin ] --END-- [ RunTime:0.000491s ]
SQL: SHOW COLUMNS FROM `whol2014_videolist` [ RunTime:0.001354s ]
SQL: SELECT COUNT(*) AS tp_count FROM `whol2014_videolist` LIMIT 1   [ RunTime:0.000190s ]
SQL: SELECT * FROM `whol2014_videolist` WHERE ( path='直播大武汉' ) ORDER BY id desc LIMIT 6   [ RunTime:0.002606s ]
SQL: SELECT * FROM `whol2014_videolist` WHERE ( path='经视直播' ) ORDER BY id desc LIMIT 6   [ RunTime:0.000852s ]
SQL: SELECT * FROM `whol2014_videolist` WHERE ( path='看荆楚' ) ORDER BY id desc LIMIT 6   [ RunTime:0.000626s ]
SQL: SELECT * FROM `whol2014_videolist` WHERE ( path='原创视界' ) ORDER BY id desc LIMIT 6   [ RunTime:0.001808s ]
SQL: SELECT * FROM `whol2014_videolist` WHERE ( path='天翼4G高清视频' ) ORDER BY id desc LIMIT 6   [ RunTime:0.011946s ]
SQL: SELECT * FROM `whol2014_videolist` WHERE ( path='电视问政' ) ORDER BY id desc LIMIT 6   [ RunTime:0.013256s ]
SQL: SELECT * FROM `whol2014_videolist` WHERE ( path='社区网络春晚' ) ORDER BY id desc LIMIT 6   [ RunTime:0.010943s ]
SQL: SELECT * FROM `whol2014_videolist` WHERE ( path='10000知道' ) ORDER BY id desc LIMIT 6   [ RunTime:0.014073s ]
SQL: SELECT * FROM `whol2014_videolist` WHERE ( path='天翼视讯' ) ORDER BY id desc LIMIT 6   [ RunTime:0.000975s ]
SQL: SELECT * FROM `whol2014_videolist` WHERE ( path='itv导视' ) ORDER BY id desc LIMIT 6   [ RunTime:0.000304s ]
SQL: SELECT * FROM `whol2014_videolist` WHERE ( path='优酷资讯' ) ORDER BY id desc LIMIT 6   [ RunTime:0.000735s ]
INFO: [ view_parse ] --START--
INFO: [ template_filter ] --START--
INFO: Run Behavior\ContentReplaceBehavior [ RunTime:0.000219s ]
INFO: [ template_filter ] --END-- [ RunTime:0.000333s ]
INFO: Run Behavior\ParseTemplateBehavior [ RunTime:0.015185s ]
INFO: [ view_parse ] --END-- [ RunTime:0.015250s ]
INFO: [ view_filter ] --START--
INFO: Run Behavior\WriteHtmlCacheBehavior [ RunTime:0.000209s ]
INFO: [ view_filter ] --END-- [ RunTime:0.000268s ]
INFO: [ app_end ] --START--
INFO: Run Behavior\ShowPageTraceBehavior [ RunTime:0.000467s ]
INFO: [ app_end ] --END-- [ RunTime:0.000529s ]

[ 2014-05-21T11:46:12+08:00 ] 27.17.228.128 /video/
INFO: [ app_init ] --START--
INFO: Run Behavior\BuildLiteBehavior [ RunTime:0.000023s ]
INFO: [ app_init ] --END-- [ RunTime:0.000378s ]
INFO: [ app_begin ] --START--
INFO: Run Behavior\ReadHtmlCacheBehavior [ RunTime:0.000479s ]
INFO: [ app_begin ] --END-- [ RunTime:0.000538s ]
SQL: SHOW COLUMNS FROM `whol2014_videolist` [ RunTime:0.001405s ]
SQL: SELECT COUNT(*) AS tp_count FROM `whol2014_videolist` LIMIT 1   [ RunTime:0.000172s ]
SQL: SELECT * FROM `whol2014_videolist` WHERE ( path='直播大武汉' ) ORDER BY id desc LIMIT 6   [ RunTime:0.002541s ]
SQL: SELECT * FROM `whol2014_videolist` WHERE ( path='经视直播' ) ORDER BY id desc LIMIT 6   [ RunTime:0.000889s ]
SQL: SELECT * FROM `whol2014_videolist` WHERE ( path='看荆楚' ) ORDER BY id desc LIMIT 6   [ RunTime:0.000605s ]
SQL: SELECT * FROM `whol2014_videolist` WHERE ( path='原创视界' ) ORDER BY id desc LIMIT 6   [ RunTime:0.001807s ]
SQL: SELECT * FROM `whol2014_videolist` WHERE ( path='天翼4G高清视频' ) ORDER BY id desc LIMIT 6   [ RunTime:0.010721s ]
SQL: SELECT * FROM `whol2014_videolist` WHERE ( path='电视问政' ) ORDER BY id desc LIMIT 6   [ RunTime:0.012841s ]
SQL: SELECT * FROM `whol2014_videolist` WHERE ( path='社区网络春晚' ) ORDER BY id desc LIMIT 6   [ RunTime:0.012247s ]
SQL: SELECT * FROM `whol2014_videolist` WHERE ( path='10000知道' ) ORDER BY id desc LIMIT 6   [ RunTime:0.013039s ]
SQL: SELECT * FROM `whol2014_videolist` WHERE ( path='天翼视讯' ) ORDER BY id desc LIMIT 6   [ RunTime:0.000992s ]
SQL: SELECT * FROM `whol2014_videolist` WHERE ( path='itv导视' ) ORDER BY id desc LIMIT 6   [ RunTime:0.000490s ]
SQL: SELECT * FROM `whol2014_videolist` WHERE ( path='优酷资讯' ) ORDER BY id desc LIMIT 6   [ RunTime:0.000810s ]
INFO: [ view_parse ] --START--
INFO: [ template_filter ] --START--
INFO: Run Behavior\ContentReplaceBehavior [ RunTime:0.000175s ]
INFO: [ template_filter ] --END-- [ RunTime:0.000264s ]
INFO: Run Behavior\ParseTemplateBehavior [ RunTime:0.018648s ]
INFO: [ view_parse ] --END-- [ RunTime:0.018716s ]
INFO: [ view_filter ] --START--
INFO: Run Behavior\WriteHtmlCacheBehavior [ RunTime:0.000202s ]
INFO: [ view_filter ] --END-- [ RunTime:0.000262s ]
INFO: [ app_end ] --START--
INFO: Run Behavior\ShowPageTraceBehavior [ RunTime:0.000458s ]
INFO: [ app_end ] --END-- [ RunTime:0.000520s ]

[ 2014-05-21T11:46:13+08:00 ] 119.147.146.194 /video/
INFO: [ app_init ] --START--
INFO: Run Behavior\BuildLiteBehavior [ RunTime:0.000022s ]
INFO: [ app_init ] --END-- [ RunTime:0.000355s ]
INFO: [ app_begin ] --START--
INFO: Run Behavior\ReadHtmlCacheBehavior [ RunTime:0.000391s ]
INFO: [ app_begin ] --END-- [ RunTime:0.000450s ]
SQL: SHOW COLUMNS FROM `whol2014_videolist` [ RunTime:0.001498s ]
SQL: SELECT COUNT(*) AS tp_count FROM `whol2014_videolist` LIMIT 1   [ RunTime:0.000188s ]
SQL: SELECT * FROM `whol2014_videolist` WHERE ( path='直播大武汉' ) ORDER BY id desc LIMIT 6   [ RunTime:0.002620s ]
SQL: SELECT * FROM `whol2014_videolist` WHERE ( path='经视直播' ) ORDER BY id desc LIMIT 6   [ RunTime:0.000895s ]
SQL: SELECT * FROM `whol2014_videolist` WHERE ( path='看荆楚' ) ORDER BY id desc LIMIT 6   [ RunTime:0.000570s ]
SQL: SELECT * FROM `whol2014_videolist` WHERE ( path='原创视界' ) ORDER BY id desc LIMIT 6   [ RunTime:0.001796s ]
SQL: SELECT * FROM `whol2014_videolist` WHERE ( path='天翼4G高清视频' ) ORDER BY id desc LIMIT 6   [ RunTime:0.011509s ]
SQL: SELECT * FROM `whol2014_videolist` WHERE ( path='电视问政' ) ORDER BY id desc LIMIT 6   [ RunTime:0.011339s ]
SQL: SELECT * FROM `whol2014_videolist` WHERE ( path='社区网络春晚' ) ORDER BY id desc LIMIT 6   [ RunTime:0.010491s ]
SQL: SELECT * FROM `whol2014_videolist` WHERE ( path='10000知道' ) ORDER BY id desc LIMIT 6   [ RunTime:0.011931s ]
SQL: SELECT * FROM `whol2014_videolist` WHERE ( path='天翼视讯' ) ORDER BY id desc LIMIT 6   [ RunTime:0.001062s ]
SQL: SELECT * FROM `whol2014_videolist` WHERE ( path='itv导视' ) ORDER BY id desc LIMIT 6   [ RunTime:0.000334s ]
SQL: SELECT * FROM `whol2014_videolist` WHERE ( path='优酷资讯' ) ORDER BY id desc LIMIT 6   [ RunTime:0.000783s ]
INFO: [ view_parse ] --START--
INFO: [ template_filter ] --START--
INFO: Run Behavior\ContentReplaceBehavior [ RunTime:0.000195s ]
INFO: [ template_filter ] --END-- [ RunTime:0.000314s ]
INFO: Run Behavior\ParseTemplateBehavior [ RunTime:0.016666s ]
INFO: [ view_parse ] --END-- [ RunTime:0.016733s ]
INFO: [ view_filter ] --START--
INFO: Run Behavior\WriteHtmlCacheBehavior [ RunTime:0.000207s ]
INFO: [ view_filter ] --END-- [ RunTime:0.000265s ]
INFO: [ app_end ] --START--
INFO: Run Behavior\ShowPageTraceBehavior [ RunTime:0.000457s ]
INFO: [ app_end ] --END-- [ RunTime:0.000518s ]

[ 2014-05-21T12:25:48+08:00 ] 66.249.67.247 /video/index.php/Home/Index/play/id/10280
INFO: [ app_init ] --START--
INFO: Run Behavior\BuildLiteBehavior [ RunTime:0.000028s ]
INFO: [ app_init ] --END-- [ RunTime:0.000480s ]
INFO: [ app_begin ] --START--
INFO: Run Behavior\ReadHtmlCacheBehavior [ RunTime:0.000564s ]
INFO: [ app_begin ] --END-- [ RunTime:0.000645s ]
SQL: SHOW COLUMNS FROM `whol2014_videolist` [ RunTime:0.002103s ]
SQL: SELECT * FROM `whol2014_videolist` WHERE ( `id` = 10280 ) LIMIT 1   [ RunTime:0.000415s ]
SQL: SELECT * FROM `whol2014_videolist` ORDER BY id desc LIMIT 30   [ RunTime:0.001094s ]
SQL: SELECT * FROM `whol2014_videolist` ORDER BY click_count desc LIMIT 30   [ RunTime:0.003480s ]
INFO: [ view_parse ] --START--
INFO: [ template_filter ] --START--
INFO: Run Behavior\ContentReplaceBehavior [ RunTime:0.000301s ]
INFO: [ template_filter ] --END-- [ RunTime:0.000582s ]
INFO: Run Behavior\ParseTemplateBehavior [ RunTime:0.023574s ]
INFO: [ view_parse ] --END-- [ RunTime:0.023664s ]
INFO: [ view_filter ] --START--
INFO: Run Behavior\WriteHtmlCacheBehavior [ RunTime:0.000244s ]
INFO: [ view_filter ] --END-- [ RunTime:0.000333s ]
INFO: [ app_end ] --START--
INFO: Run Behavior\ShowPageTraceBehavior [ RunTime:0.000434s ]
INFO: [ app_end ] --END-- [ RunTime:0.000495s ]

[ 2014-05-21T12:33:10+08:00 ] 66.249.67.250 /video/index.php/Home/Index/getVideoURL
INFO: [ app_init ] --START--
INFO: Run Behavior\BuildLiteBehavior [ RunTime:0.000021s ]
INFO: [ app_init ] --END-- [ RunTime:0.000383s ]
INFO: [ app_begin ] --START--
INFO: Run Behavior\ReadHtmlCacheBehavior [ RunTime:0.000415s ]
INFO: [ app_begin ] --END-- [ RunTime:0.000471s ]
SQL: SHOW COLUMNS FROM `whol2014_videolist` [ RunTime:0.002171s ]
SQL: SELECT * FROM `whol2014_videolist` WHERE ( `id` = 10345 ) LIMIT 1   [ RunTime:0.000319s ]
SQL: UPDATE `whol2014_videolist` SET `click_count`=click_count+1 WHERE ( id=10345 ) [ RunTime:0.000311s ]

[ 2014-05-21T12:41:10+08:00 ] 116.55.232.221 /video/
INFO: [ app_init ] --START--
INFO: Run Behavior\BuildLiteBehavior [ RunTime:0.000021s ]
INFO: [ app_init ] --END-- [ RunTime:0.000375s ]
INFO: [ app_begin ] --START--
INFO: Run Behavior\ReadHtmlCacheBehavior [ RunTime:0.000427s ]
INFO: [ app_begin ] --END-- [ RunTime:0.000485s ]
SQL: SHOW COLUMNS FROM `whol2014_videolist` [ RunTime:0.001596s ]
SQL: SELECT COUNT(*) AS tp_count FROM `whol2014_videolist` LIMIT 1   [ RunTime:0.000214s ]
SQL: SELECT * FROM `whol2014_videolist` WHERE ( path='直播大武汉' ) ORDER BY id desc LIMIT 6   [ RunTime:0.002704s ]
SQL: SELECT * FROM `whol2014_videolist` WHERE ( path='经视直播' ) ORDER BY id desc LIMIT 6   [ RunTime:0.000839s ]
SQL: SELECT * FROM `whol2014_videolist` WHERE ( path='看荆楚' ) ORDER BY id desc LIMIT 6   [ RunTime:0.000589s ]
SQL: SELECT * FROM `whol2014_videolist` WHERE ( path='原创视界' ) ORDER BY id desc LIMIT 6   [ RunTime:0.001855s ]
SQL: SELECT * FROM `whol2014_videolist` WHERE ( path='天翼4G高清视频' ) ORDER BY id desc LIMIT 6   [ RunTime:0.013870s ]
SQL: SELECT * FROM `whol2014_videolist` WHERE ( path='电视问政' ) ORDER BY id desc LIMIT 6   [ RunTime:0.014363s ]
SQL: SELECT * FROM `whol2014_videolist` WHERE ( path='社区网络春晚' ) ORDER BY id desc LIMIT 6   [ RunTime:0.010757s ]
SQL: SELECT * FROM `whol2014_videolist` WHERE ( path='10000知道' ) ORDER BY id desc LIMIT 6   [ RunTime:0.011292s ]
SQL: SELECT * FROM `whol2014_videolist` WHERE ( path='天翼视讯' ) ORDER BY id desc LIMIT 6   [ RunTime:0.000943s ]
SQL: SELECT * FROM `whol2014_videolist` WHERE ( path='itv导视' ) ORDER BY id desc LIMIT 6   [ RunTime:0.000284s ]
SQL: SELECT * FROM `whol2014_videolist` WHERE ( path='优酷资讯' ) ORDER BY id desc LIMIT 6   [ RunTime:0.000722s ]
INFO: [ view_parse ] --START--
INFO: [ template_filter ] --START--
INFO: Run Behavior\ContentReplaceBehavior [ RunTime:0.000160s ]
INFO: [ template_filter ] --END-- [ RunTime:0.000238s ]
INFO: Run Behavior\ParseTemplateBehavior [ RunTime:0.016114s ]
INFO: [ view_parse ] --END-- [ RunTime:0.016189s ]
INFO: [ view_filter ] --START--
INFO: Run Behavior\WriteHtmlCacheBehavior [ RunTime:0.000192s ]
INFO: [ view_filter ] --END-- [ RunTime:0.000248s ]
INFO: [ app_end ] --START--
INFO: Run Behavior\ShowPageTraceBehavior [ RunTime:0.000441s ]
INFO: [ app_end ] --END-- [ RunTime:0.000500s ]

[ 2014-05-21T12:56:28+08:00 ] 66.249.67.39 /video/index.php/Home/Index/getVideoURL
INFO: [ app_init ] --START--
INFO: Run Behavior\BuildLiteBehavior [ RunTime:0.000027s ]
INFO: [ app_init ] --END-- [ RunTime:0.000384s ]
INFO: [ app_begin ] --START--
INFO: Run Behavior\ReadHtmlCacheBehavior [ RunTime:0.000470s ]
INFO: [ app_begin ] --END-- [ RunTime:0.000526s ]
SQL: SHOW COLUMNS FROM `whol2014_videolist` [ RunTime:0.001722s ]
SQL: SELECT * FROM `whol2014_videolist` WHERE ( `id` = 10160 ) LIMIT 1   [ RunTime:0.000323s ]
SQL: UPDATE `whol2014_videolist` SET `click_count`=click_count+1 WHERE ( id=10160 ) [ RunTime:0.000338s ]

[ 2014-05-21T13:02:49+08:00 ] 66.249.67.247 /video/index.php/Home/Index/getVideoURL
INFO: [ app_init ] --START--
INFO: Run Behavior\BuildLiteBehavior [ RunTime:0.000020s ]
INFO: [ app_init ] --END-- [ RunTime:0.000363s ]
INFO: [ app_begin ] --START--
INFO: Run Behavior\ReadHtmlCacheBehavior [ RunTime:0.000438s ]
INFO: [ app_begin ] --END-- [ RunTime:0.000494s ]
SQL: SHOW COLUMNS FROM `whol2014_videolist` [ RunTime:0.001573s ]
SQL: SELECT * FROM `whol2014_videolist` WHERE ( `id` = 10177 ) LIMIT 1   [ RunTime:0.000316s ]
SQL: UPDATE `whol2014_videolist` SET `click_count`=click_count+1 WHERE ( id=10177 ) [ RunTime:0.000309s ]

[ 2014-05-21T13:04:38+08:00 ] 66.249.67.247 /video/index.php/Home/Index/getVideoURL
INFO: [ app_init ] --START--
INFO: Run Behavior\BuildLiteBehavior [ RunTime:0.000021s ]
INFO: [ app_init ] --END-- [ RunTime:0.000364s ]
INFO: [ app_begin ] --START--
INFO: Run Behavior\ReadHtmlCacheBehavior [ RunTime:0.000399s ]
INFO: [ app_begin ] --END-- [ RunTime:0.000454s ]
SQL: SHOW COLUMNS FROM `whol2014_videolist` [ RunTime:0.002109s ]
SQL: SELECT * FROM `whol2014_videolist` WHERE ( `id` = 10169 ) LIMIT 1   [ RunTime:0.000428s ]
SQL: UPDATE `whol2014_videolist` SET `click_count`=click_count+1 WHERE ( id=10169 ) [ RunTime:0.000441s ]

[ 2014-05-21T13:19:14+08:00 ] 66.249.67.250 /video/index.php/Home/Index/getVideoURL
INFO: [ app_init ] --START--
INFO: Run Behavior\BuildLiteBehavior [ RunTime:0.000019s ]
INFO: [ app_init ] --END-- [ RunTime:0.000362s ]
INFO: [ app_begin ] --START--
INFO: Run Behavior\ReadHtmlCacheBehavior [ RunTime:0.000401s ]
INFO: [ app_begin ] --END-- [ RunTime:0.000467s ]
SQL: SHOW COLUMNS FROM `whol2014_videolist` [ RunTime:0.001703s ]
SQL: SELECT * FROM `whol2014_videolist` WHERE ( `id` = 10595 ) LIMIT 1   [ RunTime:0.000360s ]
SQL: UPDATE `whol2014_videolist` SET `click_count`=click_count+1 WHERE ( id=10595 ) [ RunTime:0.000434s ]

[ 2014-05-21T13:41:36+08:00 ] 66.249.67.250 /video/index.php/Home/Index/play/id/8261
INFO: [ app_init ] --START--
INFO: Run Behavior\BuildLiteBehavior [ RunTime:0.000031s ]
INFO: [ app_init ] --END-- [ RunTime:0.000419s ]
INFO: [ app_begin ] --START--
INFO: Run Behavior\ReadHtmlCacheBehavior [ RunTime:0.000820s ]
INFO: [ app_begin ] --END-- [ RunTime:0.000982s ]
SQL: SHOW COLUMNS FROM `whol2014_videolist` [ RunTime:0.001364s ]
SQL: SELECT * FROM `whol2014_videolist` WHERE ( `id` = 8261 ) LIMIT 1   [ RunTime:0.000298s ]
SQL: SELECT * FROM `whol2014_videolist` ORDER BY id desc LIMIT 30   [ RunTime:0.000751s ]
SQL: SELECT * FROM `whol2014_videolist` ORDER BY click_count desc LIMIT 30   [ RunTime:0.002559s ]
INFO: [ view_parse ] --START--
INFO: [ template_filter ] --START--
INFO: Run Behavior\ContentReplaceBehavior [ RunTime:0.000157s ]
INFO: [ template_filter ] --END-- [ RunTime:0.000248s ]
INFO: Run Behavior\ParseTemplateBehavior [ RunTime:0.015606s ]
INFO: [ view_parse ] --END-- [ RunTime:0.015691s ]
INFO: [ view_filter ] --START--
INFO: Run Behavior\WriteHtmlCacheBehavior [ RunTime:0.000201s ]
INFO: [ view_filter ] --END-- [ RunTime:0.000258s ]
INFO: [ app_end ] --START--
INFO: Run Behavior\ShowPageTraceBehavior [ RunTime:0.000421s ]
INFO: [ app_end ] --END-- [ RunTime:0.000480s ]

[ 2014-05-21T13:42:36+08:00 ] 66.249.67.250 /video/index.php/Home/Index/play/id/10719
INFO: [ app_init ] --START--
INFO: Run Behavior\BuildLiteBehavior [ RunTime:0.000041s ]
INFO: [ app_init ] --END-- [ RunTime:0.000780s ]
INFO: [ app_begin ] --START--
INFO: Run Behavior\ReadHtmlCacheBehavior [ RunTime:0.000444s ]
INFO: [ app_begin ] --END-- [ RunTime:0.000506s ]
SQL: SHOW COLUMNS FROM `whol2014_videolist` [ RunTime:0.001668s ]
SQL: SELECT * FROM `whol2014_videolist` WHERE ( `id` = 10719 ) LIMIT 1   [ RunTime:0.000335s ]
SQL: SELECT * FROM `whol2014_videolist` ORDER BY id desc LIMIT 30   [ RunTime:0.000684s ]
SQL: SELECT * FROM `whol2014_videolist` ORDER BY click_count desc LIMIT 30   [ RunTime:0.002914s ]
INFO: [ view_parse ] --START--
INFO: [ template_filter ] --START--
INFO: Run Behavior\ContentReplaceBehavior [ RunTime:0.000155s ]
INFO: [ template_filter ] --END-- [ RunTime:0.000305s ]
INFO: Run Behavior\ParseTemplateBehavior [ RunTime:0.020718s ]
INFO: [ view_parse ] --END-- [ RunTime:0.020919s ]
INFO: [ view_filter ] --START--
INFO: Run Behavior\WriteHtmlCacheBehavior [ RunTime:0.000408s ]
INFO: [ view_filter ] --END-- [ RunTime:0.000529s ]
INFO: [ app_end ] --START--
INFO: Run Behavior\ShowPageTraceBehavior [ RunTime:0.000884s ]
INFO: [ app_end ] --END-- [ RunTime:0.001070s ]

[ 2014-05-21T13:43:50+08:00 ] 66.249.67.39 /video/index.php/Home/Index/getVideoURL
INFO: [ app_init ] --START--
INFO: Run Behavior\BuildLiteBehavior [ RunTime:0.000021s ]
INFO: [ app_init ] --END-- [ RunTime:0.000380s ]
INFO: [ app_begin ] --START--
INFO: Run Behavior\ReadHtmlCacheBehavior [ RunTime:0.000419s ]
INFO: [ app_begin ] --END-- [ RunTime:0.000475s ]
SQL: SHOW COLUMNS FROM `whol2014_videolist` [ RunTime:0.001551s ]
SQL: SELECT * FROM `whol2014_videolist` WHERE ( `id` = 10719 ) LIMIT 1   [ RunTime:0.000332s ]
SQL: UPDATE `whol2014_videolist` SET `click_count`=click_count+1 WHERE ( id=10719 ) [ RunTime:0.000313s ]

[ 2014-05-21T14:01:58+08:00 ] 66.249.67.247 /video/index.php/Home/Index/play/id/10580
INFO: [ app_init ] --START--
INFO: Run Behavior\BuildLiteBehavior [ RunTime:0.000020s ]
INFO: [ app_init ] --END-- [ RunTime:0.000394s ]
INFO: [ app_begin ] --START--
INFO: Run Behavior\ReadHtmlCacheBehavior [ RunTime:0.000419s ]
INFO: [ app_begin ] --END-- [ RunTime:0.000478s ]
SQL: SHOW COLUMNS FROM `whol2014_videolist` [ RunTime:0.001496s ]
SQL: SELECT * FROM `whol2014_videolist` WHERE ( `id` = 10580 ) LIMIT 1   [ RunTime:0.000311s ]
SQL: SELECT * FROM `whol2014_videolist` ORDER BY id desc LIMIT 30   [ RunTime:0.000658s ]
SQL: SELECT * FROM `whol2014_videolist` ORDER BY click_count desc LIMIT 30   [ RunTime:0.002310s ]
INFO: [ view_parse ] --START--
INFO: [ template_filter ] --START--
INFO: Run Behavior\ContentReplaceBehavior [ RunTime:0.000153s ]
INFO: [ template_filter ] --END-- [ RunTime:0.000263s ]
INFO: Run Behavior\ParseTemplateBehavior [ RunTime:0.016147s ]
INFO: [ view_parse ] --END-- [ RunTime:0.016218s ]
INFO: [ view_filter ] --START--
INFO: Run Behavior\WriteHtmlCacheBehavior [ RunTime:0.000204s ]
INFO: [ view_filter ] --END-- [ RunTime:0.000262s ]
INFO: [ app_end ] --START--
INFO: Run Behavior\ShowPageTraceBehavior [ RunTime:0.000473s ]
INFO: [ app_end ] --END-- [ RunTime:0.000542s ]

[ 2014-05-21T14:38:26+08:00 ] 66.249.67.250 /video/index.php/Home/Index/play/id/10602
INFO: [ app_init ] --START--
INFO: Run Behavior\BuildLiteBehavior [ RunTime:0.000026s ]
INFO: [ app_init ] --END-- [ RunTime:0.000440s ]
INFO: [ app_begin ] --START--
INFO: Run Behavior\ReadHtmlCacheBehavior [ RunTime:0.000441s ]
INFO: [ app_begin ] --END-- [ RunTime:0.000500s ]
SQL: SHOW COLUMNS FROM `whol2014_videolist` [ RunTime:0.001953s ]
SQL: SELECT * FROM `whol2014_videolist` WHERE ( `id` = 10602 ) LIMIT 1   [ RunTime:0.000373s ]
SQL: SELECT * FROM `whol2014_videolist` ORDER BY id desc LIMIT 30   [ RunTime:0.001017s ]
SQL: SELECT * FROM `whol2014_videolist` ORDER BY click_count desc LIMIT 30   [ RunTime:0.003366s ]
INFO: [ view_parse ] --START--
INFO: [ template_filter ] --START--
INFO: Run Behavior\ContentReplaceBehavior [ RunTime:0.000152s ]
INFO: [ template_filter ] --END-- [ RunTime:0.000230s ]
INFO: Run Behavior\ParseTemplateBehavior [ RunTime:0.013946s ]
INFO: [ view_parse ] --END-- [ RunTime:0.014042s ]
INFO: [ view_filter ] --START--
INFO: Run Behavior\WriteHtmlCacheBehavior [ RunTime:0.000214s ]
INFO: [ view_filter ] --END-- [ RunTime:0.000273s ]
INFO: [ app_end ] --START--
INFO: Run Behavior\ShowPageTraceBehavior [ RunTime:0.000424s ]
INFO: [ app_end ] --END-- [ RunTime:0.000496s ]

[ 2014-05-21T15:10:06+08:00 ] 211.100.41.182 /video/index.php/Home/Index/play/id/10693
INFO: [ app_init ] --START--
INFO: Run Behavior\BuildLiteBehavior [ RunTime:0.000024s ]
INFO: [ app_init ] --END-- [ RunTime:0.000390s ]
INFO: [ app_begin ] --START--
INFO: Run Behavior\ReadHtmlCacheBehavior [ RunTime:0.000420s ]
INFO: [ app_begin ] --END-- [ RunTime:0.000478s ]
SQL: SHOW COLUMNS FROM `whol2014_videolist` [ RunTime:0.001493s ]
SQL: SELECT * FROM `whol2014_videolist` WHERE ( `id` = 10693 ) LIMIT 1   [ RunTime:0.000334s ]
SQL: SELECT * FROM `whol2014_videolist` ORDER BY id desc LIMIT 30   [ RunTime:0.000727s ]
SQL: SELECT * FROM `whol2014_videolist` ORDER BY click_count desc LIMIT 30   [ RunTime:0.003072s ]
INFO: [ view_parse ] --START--
INFO: [ template_filter ] --START--
INFO: Run Behavior\ContentReplaceBehavior [ RunTime:0.000146s ]
INFO: [ template_filter ] --END-- [ RunTime:0.000232s ]
INFO: Run Behavior\ParseTemplateBehavior [ RunTime:0.012591s ]
INFO: [ view_parse ] --END-- [ RunTime:0.012677s ]
INFO: [ view_filter ] --START--
INFO: Run Behavior\WriteHtmlCacheBehavior [ RunTime:0.000191s ]
INFO: [ view_filter ] --END-- [ RunTime:0.000248s ]
INFO: [ app_end ] --START--
INFO: Run Behavior\ShowPageTraceBehavior [ RunTime:0.000433s ]
INFO: [ app_end ] --END-- [ RunTime:0.000493s ]

[ 2014-05-21T15:54:16+08:00 ] 66.249.67.39 /video/index.php/Home/Index/more/category/js/main
INFO: [ app_init ] --START--
INFO: Run Behavior\BuildLiteBehavior [ RunTime:0.000023s ]
INFO: [ app_init ] --END-- [ RunTime:0.000384s ]
INFO: [ app_begin ] --START--
INFO: Run Behavior\ReadHtmlCacheBehavior [ RunTime:0.000413s ]
INFO: [ app_begin ] --END-- [ RunTime:0.000489s ]
NOTIC: [8] Undefined offset: -1 /home/wwwroot/default/video/Application/Home/Controller/IndexController.class.php 第 46 行.
SQL: SHOW COLUMNS FROM `whol2014_videolist` [ RunTime:0.001519s ]
SQL: SELECT COUNT(*) AS tp_count FROM `whol2014_videolist` WHERE ( path='' ) LIMIT 1   [ RunTime:0.001843s ]
SQL: SELECT * FROM `whol2014_videolist` WHERE ( path='' ) ORDER BY id desc LIMIT 0,25   [ RunTime:0.012695s ]
INFO: [ view_parse ] --START--
INFO: [ template_filter ] --START--
INFO: Run Behavior\ContentReplaceBehavior [ RunTime:0.000095s ]
INFO: [ template_filter ] --END-- [ RunTime:0.000162s ]
INFO: Run Behavior\ParseTemplateBehavior [ RunTime:0.011484s ]
INFO: [ view_parse ] --END-- [ RunTime:0.011559s ]
INFO: [ view_filter ] --START--
INFO: Run Behavior\WriteHtmlCacheBehavior [ RunTime:0.000179s ]
INFO: [ view_filter ] --END-- [ RunTime:0.000235s ]
INFO: [ app_end ] --START--
INFO: Run Behavior\ShowPageTraceBehavior [ RunTime:0.000461s ]
INFO: [ app_end ] --END-- [ RunTime:0.000534s ]

[ 2014-05-21T16:10:55+08:00 ] 66.249.67.250 /video/index.php/Home/Index/getVideoURL
INFO: [ app_init ] --START--
INFO: Run Behavior\BuildLiteBehavior [ RunTime:0.000021s ]
INFO: [ app_init ] --END-- [ RunTime:0.000371s ]
INFO: [ app_begin ] --START--
INFO: Run Behavior\ReadHtmlCacheBehavior [ RunTime:0.000409s ]
INFO: [ app_begin ] --END-- [ RunTime:0.000465s ]
SQL: SHOW COLUMNS FROM `whol2014_videolist` [ RunTime:0.002201s ]
SQL: SELECT * FROM `whol2014_videolist` WHERE ( `id` = 9294 ) LIMIT 1   [ RunTime:0.000411s ]
SQL: UPDATE `whol2014_videolist` SET `click_count`=click_count+1 WHERE ( id=9294 ) [ RunTime:0.000466s ]

[ 2014-05-21T16:11:13+08:00 ] 66.249.67.39 /video/index.php/Home/Index/getVideoURL
INFO: [ app_init ] --START--
INFO: Run Behavior\BuildLiteBehavior [ RunTime:0.000022s ]
INFO: [ app_init ] --END-- [ RunTime:0.000363s ]
INFO: [ app_begin ] --START--
INFO: Run Behavior\ReadHtmlCacheBehavior [ RunTime:0.000433s ]
INFO: [ app_begin ] --END-- [ RunTime:0.000489s ]
SQL: SHOW COLUMNS FROM `whol2014_videolist` [ RunTime:0.003807s ]
SQL: SELECT * FROM `whol2014_videolist` WHERE ( `id` = 0 ) LIMIT 1   [ RunTime:0.000460s ]
SQL: UPDATE `whol2014_videolist` SET `click_count`=click_count+1 WHERE ( id= ) [ RunTime:0.000301s ]
ERR: 1064:You have an error in your SQL syntax; check the manual that corresponds to your MySQL server version for the right syntax to use near ')' at line 1
 [ SQL语句 ] : UPDATE `whol2014_videolist` SET `click_count`=click_count+1 WHERE ( id= )
NOTIC: [8] Trying to get property of non-object /home/wwwroot/default/video/Application/Home/Controller/apiHandler.class.php 第 108 行.

[ 2014-05-21T16:13:09+08:00 ] 66.249.67.250 /video/index.php/Home/Index/getVideoURL
INFO: [ app_init ] --START--
INFO: Run Behavior\BuildLiteBehavior [ RunTime:0.000021s ]
INFO: [ app_init ] --END-- [ RunTime:0.000398s ]
INFO: [ app_begin ] --START--
INFO: Run Behavior\ReadHtmlCacheBehavior [ RunTime:0.000491s ]
INFO: [ app_begin ] --END-- [ RunTime:0.000552s ]
SQL: SHOW COLUMNS FROM `whol2014_videolist` [ RunTime:0.001590s ]
SQL: SELECT * FROM `whol2014_videolist` WHERE ( `id` = 10624 ) LIMIT 1   [ RunTime:0.000337s ]
SQL: UPDATE `whol2014_videolist` SET `click_count`=click_count+1 WHERE ( id=10624 ) [ RunTime:0.000342s ]

[ 2014-05-21T16:36:56+08:00 ] 66.249.67.250 /video/index.php/Home/Index/play/id/10718
INFO: [ app_init ] --START--
INFO: Run Behavior\BuildLiteBehavior [ RunTime:0.000022s ]
INFO: [ app_init ] --END-- [ RunTime:0.000557s ]
INFO: [ app_begin ] --START--
INFO: Run Behavior\ReadHtmlCacheBehavior [ RunTime:0.000482s ]
INFO: [ app_begin ] --END-- [ RunTime:0.000555s ]
SQL: SHOW COLUMNS FROM `whol2014_videolist` [ RunTime:0.001730s ]
SQL: SELECT * FROM `whol2014_videolist` WHERE ( `id` = 10718 ) LIMIT 1   [ RunTime:0.000366s ]
SQL: SELECT * FROM `whol2014_videolist` ORDER BY id desc LIMIT 30   [ RunTime:0.000711s ]
SQL: SELECT * FROM `whol2014_videolist` ORDER BY click_count desc LIMIT 30   [ RunTime:0.002391s ]
INFO: [ view_parse ] --START--
INFO: [ template_filter ] --START--
INFO: Run Behavior\ContentReplaceBehavior [ RunTime:0.000160s ]
INFO: [ template_filter ] --END-- [ RunTime:0.000298s ]
INFO: Run Behavior\ParseTemplateBehavior [ RunTime:0.014680s ]
INFO: [ view_parse ] --END-- [ RunTime:0.014760s ]
INFO: [ view_filter ] --START--
INFO: Run Behavior\WriteHtmlCacheBehavior [ RunTime:0.000249s ]
INFO: [ view_filter ] --END-- [ RunTime:0.000324s ]
INFO: [ app_end ] --START--
INFO: Run Behavior\ShowPageTraceBehavior [ RunTime:0.000479s ]
INFO: [ app_end ] --END-- [ RunTime:0.000539s ]

[ 2014-05-21T16:38:29+08:00 ] 66.249.67.250 /video/index.php/Home/Index/getVideoURL
INFO: [ app_init ] --START--
INFO: Run Behavior\BuildLiteBehavior [ RunTime:0.000024s ]
INFO: [ app_init ] --END-- [ RunTime:0.000392s ]
INFO: [ app_begin ] --START--
INFO: Run Behavior\ReadHtmlCacheBehavior [ RunTime:0.000428s ]
INFO: [ app_begin ] --END-- [ RunTime:0.000486s ]
SQL: SHOW COLUMNS FROM `whol2014_videolist` [ RunTime:0.001416s ]
SQL: SELECT * FROM `whol2014_videolist` WHERE ( `id` = 10718 ) LIMIT 1   [ RunTime:0.000308s ]
SQL: UPDATE `whol2014_videolist` SET `click_count`=click_count+1 WHERE ( id=10718 ) [ RunTime:0.000321s ]

[ 2014-05-21T16:54:27+08:00 ] 66.249.67.250 /video/index.php/Home/Index/getVideoURL
INFO: [ app_init ] --START--
INFO: Run Behavior\BuildLiteBehavior [ RunTime:0.000017s ]
INFO: [ app_init ] --END-- [ RunTime:0.000341s ]
INFO: [ app_begin ] --START--
INFO: Run Behavior\ReadHtmlCacheBehavior [ RunTime:0.000858s ]
INFO: [ app_begin ] --END-- [ RunTime:0.001022s ]
SQL: SHOW COLUMNS FROM `whol2014_videolist` [ RunTime:0.001453s ]
SQL: SELECT * FROM `whol2014_videolist` WHERE ( `id` = 7373 ) LIMIT 1   [ RunTime:0.000320s ]
SQL: UPDATE `whol2014_videolist` SET `click_count`=click_count+1 WHERE ( id=7373 ) [ RunTime:0.000324s ]

[ 2014-05-21T16:55:49+08:00 ] 66.249.67.247 /video/index.php/Home/Index/getVideoURL
INFO: [ app_init ] --START--
INFO: Run Behavior\BuildLiteBehavior [ RunTime:0.000019s ]
INFO: [ app_init ] --END-- [ RunTime:0.000378s ]
INFO: [ app_begin ] --START--
INFO: Run Behavior\ReadHtmlCacheBehavior [ RunTime:0.000431s ]
INFO: [ app_begin ] --END-- [ RunTime:0.000487s ]
SQL: SHOW COLUMNS FROM `whol2014_videolist` [ RunTime:0.001455s ]
SQL: SELECT * FROM `whol2014_videolist` WHERE ( `id` = 7321 ) LIMIT 1   [ RunTime:0.000313s ]
SQL: UPDATE `whol2014_videolist` SET `click_count`=click_count+1 WHERE ( id=7321 ) [ RunTime:0.000294s ]

[ 2014-05-21T16:56:12+08:00 ] 66.249.67.39 /video/index.php/Home/Index/getVideoURL
INFO: [ app_init ] --START--
INFO: Run Behavior\BuildLiteBehavior [ RunTime:0.000025s ]
INFO: [ app_init ] --END-- [ RunTime:0.000463s ]
INFO: [ app_begin ] --START--
INFO: Run Behavior\ReadHtmlCacheBehavior [ RunTime:0.000394s ]
INFO: [ app_begin ] --END-- [ RunTime:0.000449s ]
SQL: SHOW COLUMNS FROM `whol2014_videolist` [ RunTime:0.001602s ]
SQL: SELECT * FROM `whol2014_videolist` WHERE ( `id` = 7322 ) LIMIT 1   [ RunTime:0.000328s ]
SQL: UPDATE `whol2014_videolist` SET `click_count`=click_count+1 WHERE ( id=7322 ) [ RunTime:0.000336s ]

[ 2014-05-21T16:57:10+08:00 ] 66.249.67.247 /video/index.php/Home/Index/getVideoURL
INFO: [ app_init ] --START--
INFO: Run Behavior\BuildLiteBehavior [ RunTime:0.000020s ]
INFO: [ app_init ] --END-- [ RunTime:0.000393s ]
INFO: [ app_begin ] --START--
INFO: Run Behavior\ReadHtmlCacheBehavior [ RunTime:0.000441s ]
INFO: [ app_begin ] --END-- [ RunTime:0.000517s ]
SQL: SHOW COLUMNS FROM `whol2014_videolist` [ RunTime:0.001555s ]
SQL: SELECT * FROM `whol2014_videolist` WHERE ( `id` = 6834 ) LIMIT 1   [ RunTime:0.000315s ]
SQL: UPDATE `whol2014_videolist` SET `click_count`=click_count+1 WHERE ( id=6834 ) [ RunTime:0.000389s ]

[ 2014-05-21T16:58:33+08:00 ] 66.249.67.250 /video/index.php/Home/Index/getVideoURL
INFO: [ app_init ] --START--
INFO: Run Behavior\BuildLiteBehavior [ RunTime:0.000022s ]
INFO: [ app_init ] --END-- [ RunTime:0.000380s ]
INFO: [ app_begin ] --START--
INFO: Run Behavior\ReadHtmlCacheBehavior [ RunTime:0.000402s ]
INFO: [ app_begin ] --END-- [ RunTime:0.000478s ]
SQL: SHOW COLUMNS FROM `whol2014_videolist` [ RunTime:0.001655s ]
SQL: SELECT * FROM `whol2014_videolist` WHERE ( `id` = 6896 ) LIMIT 1   [ RunTime:0.000335s ]
SQL: UPDATE `whol2014_videolist` SET `click_count`=click_count+1 WHERE ( id=6896 ) [ RunTime:0.000357s ]

[ 2014-05-21T16:58:36+08:00 ] 66.249.67.247 /video/index.php/Home/Index/getVideoURL
INFO: [ app_init ] --START--
INFO: Run Behavior\BuildLiteBehavior [ RunTime:0.000051s ]
INFO: [ app_init ] --END-- [ RunTime:0.000832s ]
INFO: [ app_begin ] --START--
INFO: Run Behavior\ReadHtmlCacheBehavior [ RunTime:0.000513s ]
INFO: [ app_begin ] --END-- [ RunTime:0.000651s ]
SQL: SHOW COLUMNS FROM `whol2014_videolist` [ RunTime:0.003301s ]
SQL: SELECT * FROM `whol2014_videolist` WHERE ( `id` = 7323 ) LIMIT 1   [ RunTime:0.000385s ]
SQL: UPDATE `whol2014_videolist` SET `click_count`=click_count+1 WHERE ( id=7323 ) [ RunTime:0.000369s ]

[ 2014-05-21T17:10:01+08:00 ] 66.249.67.39 /video/index.php/Home/Index/play/id/10605
INFO: [ app_init ] --START--
INFO: Run Behavior\BuildLiteBehavior [ RunTime:0.000033s ]
INFO: [ app_init ] --END-- [ RunTime:0.000600s ]
INFO: [ app_begin ] --START--
INFO: Run Behavior\ReadHtmlCacheBehavior [ RunTime:0.000593s ]
INFO: [ app_begin ] --END-- [ RunTime:0.000712s ]
SQL: SHOW COLUMNS FROM `whol2014_videolist` [ RunTime:0.001863s ]
SQL: SELECT * FROM `whol2014_videolist` WHERE ( `id` = 10605 ) LIMIT 1   [ RunTime:0.000351s ]
SQL: SELECT * FROM `whol2014_videolist` ORDER BY id desc LIMIT 30   [ RunTime:0.000740s ]
SQL: SELECT * FROM `whol2014_videolist` ORDER BY click_count desc LIMIT 30   [ RunTime:0.002633s ]
INFO: [ view_parse ] --START--
INFO: [ template_filter ] --START--
INFO: Run Behavior\ContentReplaceBehavior [ RunTime:0.000168s ]
INFO: [ template_filter ] --END-- [ RunTime:0.000237s ]
INFO: Run Behavior\ParseTemplateBehavior [ RunTime:0.013375s ]
INFO: [ view_parse ] --END-- [ RunTime:0.013463s ]
INFO: [ view_filter ] --START--
INFO: Run Behavior\WriteHtmlCacheBehavior [ RunTime:0.000205s ]
INFO: [ view_filter ] --END-- [ RunTime:0.000264s ]
INFO: [ app_end ] --START--
INFO: Run Behavior\ShowPageTraceBehavior [ RunTime:0.000479s ]
INFO: [ app_end ] --END-- [ RunTime:0.000561s ]

[ 2014-05-21T18:25:49+08:00 ] 66.249.67.247 /video/index.php/Home/Index/play/id/10688
INFO: [ app_init ] --START--
INFO: Run Behavior\BuildLiteBehavior [ RunTime:0.000020s ]
INFO: [ app_init ] --END-- [ RunTime:0.000394s ]
INFO: [ app_begin ] --START--
INFO: Run Behavior\ReadHtmlCacheBehavior [ RunTime:0.000415s ]
INFO: [ app_begin ] --END-- [ RunTime:0.000479s ]
SQL: SHOW COLUMNS FROM `whol2014_videolist` [ RunTime:0.001674s ]
SQL: SELECT * FROM `whol2014_videolist` WHERE ( `id` = 10688 ) LIMIT 1   [ RunTime:0.000343s ]
SQL: SELECT * FROM `whol2014_videolist` ORDER BY id desc LIMIT 30   [ RunTime:0.000709s ]
SQL: SELECT * FROM `whol2014_videolist` ORDER BY click_count desc LIMIT 30   [ RunTime:0.002558s ]
INFO: [ view_parse ] --START--
INFO: [ template_filter ] --START--
INFO: Run Behavior\ContentReplaceBehavior [ RunTime:0.000168s ]
INFO: [ template_filter ] --END-- [ RunTime:0.000242s ]
INFO: Run Behavior\ParseTemplateBehavior [ RunTime:0.014192s ]
INFO: [ view_parse ] --END-- [ RunTime:0.014276s ]
INFO: [ view_filter ] --START--
INFO: Run Behavior\WriteHtmlCacheBehavior [ RunTime:0.000234s ]
INFO: [ view_filter ] --END-- [ RunTime:0.000336s ]
INFO: [ app_end ] --START--
INFO: Run Behavior\ShowPageTraceBehavior [ RunTime:0.000462s ]
INFO: [ app_end ] --END-- [ RunTime:0.000524s ]

[ 2014-05-21T18:27:57+08:00 ] 66.249.67.39 /video/index.php/Home/Index/play/id/10620
INFO: [ app_init ] --START--
INFO: Run Behavior\BuildLiteBehavior [ RunTime:0.000020s ]
INFO: [ app_init ] --END-- [ RunTime:0.000376s ]
INFO: [ app_begin ] --START--
INFO: Run Behavior\ReadHtmlCacheBehavior [ RunTime:0.000416s ]
INFO: [ app_begin ] --END-- [ RunTime:0.000474s ]
SQL: SHOW COLUMNS FROM `whol2014_videolist` [ RunTime:0.001821s ]
SQL: SELECT * FROM `whol2014_videolist` WHERE ( `id` = 10620 ) LIMIT 1   [ RunTime:0.000317s ]
SQL: SELECT * FROM `whol2014_videolist` ORDER BY id desc LIMIT 30   [ RunTime:0.000730s ]
SQL: SELECT * FROM `whol2014_videolist` ORDER BY click_count desc LIMIT 30   [ RunTime:0.002440s ]
INFO: [ view_parse ] --START--
INFO: [ template_filter ] --START--
INFO: Run Behavior\ContentReplaceBehavior [ RunTime:0.000131s ]
INFO: [ template_filter ] --END-- [ RunTime:0.000198s ]
INFO: Run Behavior\ParseTemplateBehavior [ RunTime:0.012088s ]
INFO: [ view_parse ] --END-- [ RunTime:0.012150s ]
INFO: [ view_filter ] --START--
INFO: Run Behavior\WriteHtmlCacheBehavior [ RunTime:0.000171s ]
INFO: [ view_filter ] --END-- [ RunTime:0.000227s ]
INFO: [ app_end ] --START--
INFO: Run Behavior\ShowPageTraceBehavior [ RunTime:0.000412s ]
INFO: [ app_end ] --END-- [ RunTime:0.000472s ]

[ 2014-05-21T18:39:31+08:00 ] 66.249.67.250 /video/index.php/Home/Index/play/id/10712
INFO: [ app_init ] --START--
INFO: Run Behavior\BuildLiteBehavior [ RunTime:0.000023s ]
INFO: [ app_init ] --END-- [ RunTime:0.000413s ]
INFO: [ app_begin ] --START--
INFO: Run Behavior\ReadHtmlCacheBehavior [ RunTime:0.000450s ]
INFO: [ app_begin ] --END-- [ RunTime:0.000521s ]
SQL: SHOW COLUMNS FROM `whol2014_videolist` [ RunTime:0.001608s ]
SQL: SELECT * FROM `whol2014_videolist` WHERE ( `id` = 10712 ) LIMIT 1   [ RunTime:0.000374s ]
SQL: SELECT * FROM `whol2014_videolist` ORDER BY id desc LIMIT 30   [ RunTime:0.000707s ]
SQL: SELECT * FROM `whol2014_videolist` ORDER BY click_count desc LIMIT 30   [ RunTime:0.002701s ]
INFO: [ view_parse ] --START--
INFO: [ template_filter ] --START--
INFO: Run Behavior\ContentReplaceBehavior [ RunTime:0.000165s ]
INFO: [ template_filter ] --END-- [ RunTime:0.000260s ]
INFO: Run Behavior\ParseTemplateBehavior [ RunTime:0.016450s ]
INFO: [ view_parse ] --END-- [ RunTime:0.016535s ]
INFO: [ view_filter ] --START--
INFO: Run Behavior\WriteHtmlCacheBehavior [ RunTime:0.000222s ]
INFO: [ view_filter ] --END-- [ RunTime:0.000278s ]
INFO: [ app_end ] --START--
INFO: Run Behavior\ShowPageTraceBehavior [ RunTime:0.000427s ]
INFO: [ app_end ] --END-- [ RunTime:0.000508s ]

[ 2014-05-21T18:43:06+08:00 ] 66.249.67.250 /video/index.php/Home/Index/play/id/10705
INFO: [ app_init ] --START--
INFO: Run Behavior\BuildLiteBehavior [ RunTime:0.000018s ]
INFO: [ app_init ] --END-- [ RunTime:0.000338s ]
INFO: [ app_begin ] --START--
INFO: Run Behavior\ReadHtmlCacheBehavior [ RunTime:0.000400s ]
INFO: [ app_begin ] --END-- [ RunTime:0.000460s ]
SQL: SHOW COLUMNS FROM `whol2014_videolist` [ RunTime:0.001567s ]
SQL: SELECT * FROM `whol2014_videolist` WHERE ( `id` = 10705 ) LIMIT 1   [ RunTime:0.000310s ]
SQL: SELECT * FROM `whol2014_videolist` ORDER BY id desc LIMIT 30   [ RunTime:0.000663s ]
SQL: SELECT * FROM `whol2014_videolist` ORDER BY click_count desc LIMIT 30   [ RunTime:0.002318s ]
INFO: [ view_parse ] --START--
INFO: [ template_filter ] --START--
INFO: Run Behavior\ContentReplaceBehavior [ RunTime:0.000138s ]
INFO: [ template_filter ] --END-- [ RunTime:0.000202s ]
INFO: Run Behavior\ParseTemplateBehavior [ RunTime:0.012544s ]
INFO: [ view_parse ] --END-- [ RunTime:0.012609s ]
INFO: [ view_filter ] --START--
INFO: Run Behavior\WriteHtmlCacheBehavior [ RunTime:0.000180s ]
INFO: [ view_filter ] --END-- [ RunTime:0.000237s ]
INFO: [ app_end ] --START--
INFO: Run Behavior\ShowPageTraceBehavior [ RunTime:0.000444s ]
INFO: [ app_end ] --END-- [ RunTime:0.000504s ]

[ 2014-05-21T18:43:41+08:00 ] 66.249.67.247 /video/index.php/Home/Index/getVideoURL
INFO: [ app_init ] --START--
INFO: Run Behavior\BuildLiteBehavior [ RunTime:0.000032s ]
INFO: [ app_init ] --END-- [ RunTime:0.001213s ]
INFO: [ app_begin ] --START--
INFO: Run Behavior\ReadHtmlCacheBehavior [ RunTime:0.000985s ]
INFO: [ app_begin ] --END-- [ RunTime:0.001118s ]
SQL: SHOW COLUMNS FROM `whol2014_videolist` [ RunTime:0.002051s ]
SQL: SELECT * FROM `whol2014_videolist` WHERE ( `id` = 10712 ) LIMIT 1   [ RunTime:0.000366s ]
SQL: UPDATE `whol2014_videolist` SET `click_count`=click_count+1 WHERE ( id=10712 ) [ RunTime:0.000395s ]

[ 2014-05-21T18:48:21+08:00 ] 66.249.67.39 /video/index.php/Home/Index/getVideoURL
INFO: [ app_init ] --START--
INFO: Run Behavior\BuildLiteBehavior [ RunTime:0.000021s ]
INFO: [ app_init ] --END-- [ RunTime:0.000353s ]
INFO: [ app_begin ] --START--
INFO: Run Behavior\ReadHtmlCacheBehavior [ RunTime:0.000694s ]
INFO: [ app_begin ] --END-- [ RunTime:0.000900s ]
SQL: SHOW COLUMNS FROM `whol2014_videolist` [ RunTime:0.001793s ]
SQL: SELECT * FROM `whol2014_videolist` WHERE ( `id` = 10705 ) LIMIT 1   [ RunTime:0.000355s ]
SQL: UPDATE `whol2014_videolist` SET `click_count`=click_count+1 WHERE ( id=10705 ) [ RunTime:0.000418s ]

[ 2014-05-21T19:27:00+08:00 ] 66.249.67.39 /video/index.php/Home/Index/getVideoURL
INFO: [ app_init ] --START--
INFO: Run Behavior\BuildLiteBehavior [ RunTime:0.000018s ]
INFO: [ app_init ] --END-- [ RunTime:0.000364s ]
INFO: [ app_begin ] --START--
INFO: Run Behavior\ReadHtmlCacheBehavior [ RunTime:0.000405s ]
INFO: [ app_begin ] --END-- [ RunTime:0.000460s ]
SQL: SHOW COLUMNS FROM `whol2014_videolist` [ RunTime:0.001362s ]
SQL: SELECT * FROM `whol2014_videolist` WHERE ( `id` = 10395 ) LIMIT 1   [ RunTime:0.000296s ]
SQL: UPDATE `whol2014_videolist` SET `click_count`=click_count+1 WHERE ( id=10395 ) [ RunTime:0.000327s ]

[ 2014-05-21T19:41:35+08:00 ] 66.249.67.250 /video/index.php/Home/Index/play/id/10709
INFO: [ app_init ] --START--
INFO: Run Behavior\BuildLiteBehavior [ RunTime:0.000019s ]
INFO: [ app_init ] --END-- [ RunTime:0.000371s ]
INFO: [ app_begin ] --START--
INFO: Run Behavior\ReadHtmlCacheBehavior [ RunTime:0.000422s ]
INFO: [ app_begin ] --END-- [ RunTime:0.000481s ]
SQL: SHOW COLUMNS FROM `whol2014_videolist` [ RunTime:0.001376s ]
SQL: SELECT * FROM `whol2014_videolist` WHERE ( `id` = 10709 ) LIMIT 1   [ RunTime:0.000317s ]
SQL: SELECT * FROM `whol2014_videolist` ORDER BY id desc LIMIT 30   [ RunTime:0.000716s ]
SQL: SELECT * FROM `whol2014_videolist` ORDER BY click_count desc LIMIT 30   [ RunTime:0.002430s ]
INFO: [ view_parse ] --START--
INFO: [ template_filter ] --START--
INFO: Run Behavior\ContentReplaceBehavior [ RunTime:0.000132s ]
INFO: [ template_filter ] --END-- [ RunTime:0.000202s ]
INFO: Run Behavior\ParseTemplateBehavior [ RunTime:0.014435s ]
INFO: [ view_parse ] --END-- [ RunTime:0.014509s ]
INFO: [ view_filter ] --START--
INFO: Run Behavior\WriteHtmlCacheBehavior [ RunTime:0.000230s ]
INFO: [ view_filter ] --END-- [ RunTime:0.000302s ]
INFO: [ app_end ] --START--
INFO: Run Behavior\ShowPageTraceBehavior [ RunTime:0.000480s ]
INFO: [ app_end ] --END-- [ RunTime:0.000554s ]

[ 2014-05-21T19:43:12+08:00 ] 66.249.67.247 /video/index.php/Home/Index/play/id/10707
INFO: [ app_init ] --START--
INFO: Run Behavior\BuildLiteBehavior [ RunTime:0.000020s ]
INFO: [ app_init ] --END-- [ RunTime:0.000356s ]
INFO: [ app_begin ] --START--
INFO: Run Behavior\ReadHtmlCacheBehavior [ RunTime:0.000413s ]
INFO: [ app_begin ] --END-- [ RunTime:0.000473s ]
SQL: SHOW COLUMNS FROM `whol2014_videolist` [ RunTime:0.001498s ]
SQL: SELECT * FROM `whol2014_videolist` WHERE ( `id` = 10707 ) LIMIT 1   [ RunTime:0.000377s ]
SQL: SELECT * FROM `whol2014_videolist` ORDER BY id desc LIMIT 30   [ RunTime:0.000831s ]
SQL: SELECT * FROM `whol2014_videolist` ORDER BY click_count desc LIMIT 30   [ RunTime:0.002525s ]
INFO: [ view_parse ] --START--
INFO: [ template_filter ] --START--
INFO: Run Behavior\ContentReplaceBehavior [ RunTime:0.000128s ]
INFO: [ template_filter ] --END-- [ RunTime:0.000204s ]
INFO: Run Behavior\ParseTemplateBehavior [ RunTime:0.013905s ]
INFO: [ view_parse ] --END-- [ RunTime:0.013994s ]
INFO: [ view_filter ] --START--
INFO: Run Behavior\WriteHtmlCacheBehavior [ RunTime:0.000170s ]
INFO: [ view_filter ] --END-- [ RunTime:0.000231s ]
INFO: [ app_end ] --START--
INFO: Run Behavior\ShowPageTraceBehavior [ RunTime:0.000447s ]
INFO: [ app_end ] --END-- [ RunTime:0.000511s ]

[ 2014-05-21T19:48:07+08:00 ] 66.249.67.247 /video/index.php/Home/Index/play/id/10711
INFO: [ app_init ] --START--
INFO: Run Behavior\BuildLiteBehavior [ RunTime:0.000021s ]
INFO: [ app_init ] --END-- [ RunTime:0.000382s ]
INFO: [ app_begin ] --START--
INFO: Run Behavior\ReadHtmlCacheBehavior [ RunTime:0.000418s ]
INFO: [ app_begin ] --END-- [ RunTime:0.000478s ]
SQL: SHOW COLUMNS FROM `whol2014_videolist` [ RunTime:0.001472s ]
SQL: SELECT * FROM `whol2014_videolist` WHERE ( `id` = 10711 ) LIMIT 1   [ RunTime:0.000347s ]
SQL: SELECT * FROM `whol2014_videolist` ORDER BY id desc LIMIT 30   [ RunTime:0.000728s ]
SQL: SELECT * FROM `whol2014_videolist` ORDER BY click_count desc LIMIT 30   [ RunTime:0.002437s ]
INFO: [ view_parse ] --START--
INFO: [ template_filter ] --START--
INFO: Run Behavior\ContentReplaceBehavior [ RunTime:0.000128s ]
INFO: [ template_filter ] --END-- [ RunTime:0.000222s ]
INFO: Run Behavior\ParseTemplateBehavior [ RunTime:0.012690s ]
INFO: [ view_parse ] --END-- [ RunTime:0.012755s ]
INFO: [ view_filter ] --START--
INFO: Run Behavior\WriteHtmlCacheBehavior [ RunTime:0.000215s ]
INFO: [ view_filter ] --END-- [ RunTime:0.000272s ]
INFO: [ app_end ] --START--
INFO: Run Behavior\ShowPageTraceBehavior [ RunTime:0.000466s ]
INFO: [ app_end ] --END-- [ RunTime:0.000540s ]

[ 2014-05-21T19:48:33+08:00 ] 66.249.67.250 /video/index.php/Home/Index/getVideoURL
INFO: [ app_init ] --START--
INFO: Run Behavior\BuildLiteBehavior [ RunTime:0.000021s ]
INFO: [ app_init ] --END-- [ RunTime:0.000381s ]
INFO: [ app_begin ] --START--
INFO: Run Behavior\ReadHtmlCacheBehavior [ RunTime:0.000430s ]
INFO: [ app_begin ] --END-- [ RunTime:0.000502s ]
SQL: SHOW COLUMNS FROM `whol2014_videolist` [ RunTime:0.001691s ]
SQL: SELECT * FROM `whol2014_videolist` WHERE ( `id` = 10707 ) LIMIT 1   [ RunTime:0.000312s ]
SQL: UPDATE `whol2014_videolist` SET `click_count`=click_count+1 WHERE ( id=10707 ) [ RunTime:0.000348s ]

[ 2014-05-21T19:53:37+08:00 ] 66.249.79.131 /video/index.php/Home/Index/getVideoURL
INFO: [ app_init ] --START--
INFO: Run Behavior\BuildLiteBehavior [ RunTime:0.000023s ]
INFO: [ app_init ] --END-- [ RunTime:0.000371s ]
INFO: [ app_begin ] --START--
INFO: Run Behavior\ReadHtmlCacheBehavior [ RunTime:0.000402s ]
INFO: [ app_begin ] --END-- [ RunTime:0.000457s ]
SQL: SHOW COLUMNS FROM `whol2014_videolist` [ RunTime:0.001565s ]
SQL: SELECT * FROM `whol2014_videolist` WHERE ( `id` = 10711 ) LIMIT 1   [ RunTime:0.000356s ]
SQL: UPDATE `whol2014_videolist` SET `click_count`=click_count+1 WHERE ( id=10711 ) [ RunTime:0.000339s ]

[ 2014-05-21T20:46:11+08:00 ] 66.249.79.67 /video/index.php/Home/Index/play/id/10709
INFO: [ app_init ] --START--
INFO: Run Behavior\BuildLiteBehavior [ RunTime:0.000023s ]
INFO: [ app_init ] --END-- [ RunTime:0.000403s ]
INFO: [ app_begin ] --START--
INFO: Run Behavior\ReadHtmlCacheBehavior [ RunTime:0.000461s ]
INFO: [ app_begin ] --END-- [ RunTime:0.000521s ]
SQL: SHOW COLUMNS FROM `whol2014_videolist` [ RunTime:0.001552s ]
SQL: SELECT * FROM `whol2014_videolist` WHERE ( `id` = 10709 ) LIMIT 1   [ RunTime:0.000330s ]
SQL: SELECT * FROM `whol2014_videolist` ORDER BY id desc LIMIT 30   [ RunTime:0.000737s ]
SQL: SELECT * FROM `whol2014_videolist` ORDER BY click_count desc LIMIT 30   [ RunTime:0.002524s ]
INFO: [ view_parse ] --START--
INFO: [ template_filter ] --START--
INFO: Run Behavior\ContentReplaceBehavior [ RunTime:0.000135s ]
INFO: [ template_filter ] --END-- [ RunTime:0.000203s ]
INFO: Run Behavior\ParseTemplateBehavior [ RunTime:0.013616s ]
INFO: [ view_parse ] --END-- [ RunTime:0.013715s ]
INFO: [ view_filter ] --START--
INFO: Run Behavior\WriteHtmlCacheBehavior [ RunTime:0.000193s ]
INFO: [ view_filter ] --END-- [ RunTime:0.000250s ]
INFO: [ app_end ] --START--
INFO: Run Behavior\ShowPageTraceBehavior [ RunTime:0.000488s ]
INFO: [ app_end ] --END-- [ RunTime:0.000557s ]

[ 2014-05-21T20:48:37+08:00 ] 66.249.79.131 /video/index.php/Home/Index/getVideoURL
INFO: [ app_init ] --START--
INFO: Run Behavior\BuildLiteBehavior [ RunTime:0.000019s ]
INFO: [ app_init ] --END-- [ RunTime:0.000424s ]
INFO: [ app_begin ] --START--
INFO: Run Behavior\ReadHtmlCacheBehavior [ RunTime:0.000485s ]
INFO: [ app_begin ] --END-- [ RunTime:0.000540s ]
SQL: SHOW COLUMNS FROM `whol2014_videolist` [ RunTime:0.001838s ]
SQL: SELECT * FROM `whol2014_videolist` WHERE ( `id` = 10709 ) LIMIT 1   [ RunTime:0.000360s ]
SQL: UPDATE `whol2014_videolist` SET `click_count`=click_count+1 WHERE ( id=10709 ) [ RunTime:0.000363s ]

[ 2014-05-21T20:57:24+08:00 ] 66.249.79.67 /video/index.php/Home/Index/play/id/8479
INFO: [ app_init ] --START--
INFO: Run Behavior\BuildLiteBehavior [ RunTime:0.000028s ]
INFO: [ app_init ] --END-- [ RunTime:0.000379s ]
INFO: [ app_begin ] --START--
INFO: Run Behavior\ReadHtmlCacheBehavior [ RunTime:0.000511s ]
INFO: [ app_begin ] --END-- [ RunTime:0.000592s ]
SQL: SHOW COLUMNS FROM `whol2014_videolist` [ RunTime:0.001699s ]
SQL: SELECT * FROM `whol2014_videolist` WHERE ( `id` = 8479 ) LIMIT 1   [ RunTime:0.000384s ]
SQL: SELECT * FROM `whol2014_videolist` ORDER BY id desc LIMIT 30   [ RunTime:0.000758s ]
SQL: SELECT * FROM `whol2014_videolist` ORDER BY click_count desc LIMIT 30   [ RunTime:0.002402s ]
INFO: [ view_parse ] --START--
INFO: [ template_filter ] --START--
INFO: Run Behavior\ContentReplaceBehavior [ RunTime:0.000192s ]
INFO: [ template_filter ] --END-- [ RunTime:0.000294s ]
INFO: Run Behavior\ParseTemplateBehavior [ RunTime:0.014840s ]
INFO: [ view_parse ] --END-- [ RunTime:0.014946s ]
INFO: [ view_filter ] --START--
INFO: Run Behavior\WriteHtmlCacheBehavior [ RunTime:0.000207s ]
INFO: [ view_filter ] --END-- [ RunTime:0.000283s ]
INFO: [ app_end ] --START--
INFO: Run Behavior\ShowPageTraceBehavior [ RunTime:0.000511s ]
INFO: [ app_end ] --END-- [ RunTime:0.000576s ]

[ 2014-05-21T21:56:44+08:00 ] 66.249.79.131 /video/index.php/Home/Index/play/id/10713
INFO: [ app_init ] --START--
INFO: Run Behavior\BuildLiteBehavior [ RunTime:0.000019s ]
INFO: [ app_init ] --END-- [ RunTime:0.000385s ]
INFO: [ app_begin ] --START--
INFO: Run Behavior\ReadHtmlCacheBehavior [ RunTime:0.000666s ]
INFO: [ app_begin ] --END-- [ RunTime:0.000760s ]
SQL: SHOW COLUMNS FROM `whol2014_videolist` [ RunTime:0.001656s ]
SQL: SELECT * FROM `whol2014_videolist` WHERE ( `id` = 10713 ) LIMIT 1   [ RunTime:0.000290s ]
SQL: SELECT * FROM `whol2014_videolist` ORDER BY id desc LIMIT 30   [ RunTime:0.000691s ]
SQL: SELECT * FROM `whol2014_videolist` ORDER BY click_count desc LIMIT 30   [ RunTime:0.002355s ]
INFO: [ view_parse ] --START--
INFO: [ template_filter ] --START--
INFO: Run Behavior\ContentReplaceBehavior [ RunTime:0.000205s ]
INFO: [ template_filter ] --END-- [ RunTime:0.000284s ]
INFO: Run Behavior\ParseTemplateBehavior [ RunTime:0.013844s ]
INFO: [ view_parse ] --END-- [ RunTime:0.013939s ]
INFO: [ view_filter ] --START--
INFO: Run Behavior\WriteHtmlCacheBehavior [ RunTime:0.000184s ]
INFO: [ view_filter ] --END-- [ RunTime:0.000241s ]
INFO: [ app_end ] --START--
INFO: Run Behavior\ShowPageTraceBehavior [ RunTime:0.000446s ]
INFO: [ app_end ] --END-- [ RunTime:0.000507s ]

[ 2014-05-21T21:58:05+08:00 ] 66.249.79.131 /video/index.php/Home/Index/play/id/10710
INFO: [ app_init ] --START--
INFO: Run Behavior\BuildLiteBehavior [ RunTime:0.000027s ]
INFO: [ app_init ] --END-- [ RunTime:0.000373s ]
INFO: [ app_begin ] --START--
INFO: Run Behavior\ReadHtmlCacheBehavior [ RunTime:0.000446s ]
INFO: [ app_begin ] --END-- [ RunTime:0.000508s ]
SQL: SHOW COLUMNS FROM `whol2014_videolist` [ RunTime:0.001761s ]
SQL: SELECT * FROM `whol2014_videolist` WHERE ( `id` = 10710 ) LIMIT 1   [ RunTime:0.000373s ]
SQL: SELECT * FROM `whol2014_videolist` ORDER BY id desc LIMIT 30   [ RunTime:0.000847s ]
SQL: SELECT * FROM `whol2014_videolist` ORDER BY click_count desc LIMIT 30   [ RunTime:0.002465s ]
INFO: [ view_parse ] --START--
INFO: [ template_filter ] --START--
INFO: Run Behavior\ContentReplaceBehavior [ RunTime:0.000149s ]
INFO: [ template_filter ] --END-- [ RunTime:0.000235s ]
INFO: Run Behavior\ParseTemplateBehavior [ RunTime:0.013314s ]
INFO: [ view_parse ] --END-- [ RunTime:0.013379s ]
INFO: [ view_filter ] --START--
INFO: Run Behavior\WriteHtmlCacheBehavior [ RunTime:0.000272s ]
INFO: [ view_filter ] --END-- [ RunTime:0.000326s ]
INFO: [ app_end ] --START--
INFO: Run Behavior\ShowPageTraceBehavior [ RunTime:0.000465s ]
INFO: [ app_end ] --END-- [ RunTime:0.000530s ]

[ 2014-05-21T21:58:35+08:00 ] 66.249.79.67 /video/index.php/Home/Index/getVideoURL
INFO: [ app_init ] --START--
INFO: Run Behavior\BuildLiteBehavior [ RunTime:0.000019s ]
INFO: [ app_init ] --END-- [ RunTime:0.000337s ]
INFO: [ app_begin ] --START--
INFO: Run Behavior\ReadHtmlCacheBehavior [ RunTime:0.000383s ]
INFO: [ app_begin ] --END-- [ RunTime:0.000436s ]
SQL: SHOW COLUMNS FROM `whol2014_videolist` [ RunTime:0.001727s ]
SQL: SELECT * FROM `whol2014_videolist` WHERE ( `id` = 10713 ) LIMIT 1   [ RunTime:0.000356s ]
SQL: UPDATE `whol2014_videolist` SET `click_count`=click_count+1 WHERE ( id=10713 ) [ RunTime:0.000415s ]

[ 2014-05-21T22:03:37+08:00 ] 66.249.79.131 /video/index.php/Home/Index/getVideoURL
INFO: [ app_init ] --START--
INFO: Run Behavior\BuildLiteBehavior [ RunTime:0.000024s ]
INFO: [ app_init ] --END-- [ RunTime:0.000400s ]
INFO: [ app_begin ] --START--
INFO: Run Behavior\ReadHtmlCacheBehavior [ RunTime:0.000421s ]
INFO: [ app_begin ] --END-- [ RunTime:0.000475s ]
SQL: SHOW COLUMNS FROM `whol2014_videolist` [ RunTime:0.001576s ]
SQL: SELECT * FROM `whol2014_videolist` WHERE ( `id` = 10710 ) LIMIT 1   [ RunTime:0.000330s ]
SQL: UPDATE `whol2014_videolist` SET `click_count`=click_count+1 WHERE ( id=10710 ) [ RunTime:0.000335s ]

[ 2014-05-21T22:13:10+08:00 ] 66.249.79.131 /video/index.php/Home/Index/more/category/2/p/3.html
INFO: [ app_init ] --START--
INFO: Run Behavior\BuildLiteBehavior [ RunTime:0.000025s ]
INFO: [ app_init ] --END-- [ RunTime:0.000463s ]
INFO: [ app_begin ] --START--
INFO: Run Behavior\ReadHtmlCacheBehavior [ RunTime:0.000649s ]
INFO: [ app_begin ] --END-- [ RunTime:0.000746s ]
SQL: SHOW COLUMNS FROM `whol2014_videolist` [ RunTime:0.001459s ]
SQL: SELECT COUNT(*) AS tp_count FROM `whol2014_videolist` WHERE ( path='经视直播' ) LIMIT 1   [ RunTime:0.001748s ]
SQL: SELECT * FROM `whol2014_videolist` WHERE ( path='经视直播' ) ORDER BY id desc LIMIT 50,25   [ RunTime:0.007644s ]
INFO: [ view_parse ] --START--
INFO: [ template_filter ] --START--
INFO: Run Behavior\ContentReplaceBehavior [ RunTime:0.000129s ]
INFO: [ template_filter ] --END-- [ RunTime:0.000204s ]
INFO: Run Behavior\ParseTemplateBehavior [ RunTime:0.010218s ]
INFO: [ view_parse ] --END-- [ RunTime:0.010300s ]
INFO: [ view_filter ] --START--
INFO: Run Behavior\WriteHtmlCacheBehavior [ RunTime:0.000166s ]
INFO: [ view_filter ] --END-- [ RunTime:0.000221s ]
INFO: [ app_end ] --START--
INFO: Run Behavior\ShowPageTraceBehavior [ RunTime:0.000444s ]
INFO: [ app_end ] --END-- [ RunTime:0.000515s ]

[ 2014-05-21T22:42:22+08:00 ] 66.249.79.67 /video/index.php/Home/Index/play/id/10715
INFO: [ app_init ] --START--
INFO: Run Behavior\BuildLiteBehavior [ RunTime:0.000035s ]
INFO: [ app_init ] --END-- [ RunTime:0.000485s ]
INFO: [ app_begin ] --START--
INFO: Run Behavior\ReadHtmlCacheBehavior [ RunTime:0.000455s ]
INFO: [ app_begin ] --END-- [ RunTime:0.000515s ]
SQL: SHOW COLUMNS FROM `whol2014_videolist` [ RunTime:0.001346s ]
SQL: SELECT * FROM `whol2014_videolist` WHERE ( `id` = 10715 ) LIMIT 1   [ RunTime:0.000266s ]
SQL: SELECT * FROM `whol2014_videolist` ORDER BY id desc LIMIT 30   [ RunTime:0.000708s ]
SQL: SELECT * FROM `whol2014_videolist` ORDER BY click_count desc LIMIT 30   [ RunTime:0.002258s ]
INFO: [ view_parse ] --START--
INFO: [ template_filter ] --START--
INFO: Run Behavior\ContentReplaceBehavior [ RunTime:0.000169s ]
INFO: [ template_filter ] --END-- [ RunTime:0.000232s ]
INFO: Run Behavior\ParseTemplateBehavior [ RunTime:0.012519s ]
INFO: [ view_parse ] --END-- [ RunTime:0.012600s ]
INFO: [ view_filter ] --START--
INFO: Run Behavior\WriteHtmlCacheBehavior [ RunTime:0.000179s ]
INFO: [ view_filter ] --END-- [ RunTime:0.000235s ]
INFO: [ app_end ] --START--
INFO: Run Behavior\ShowPageTraceBehavior [ RunTime:0.000437s ]
INFO: [ app_end ] --END-- [ RunTime:0.000495s ]

[ 2014-05-21T22:43:39+08:00 ] 66.249.79.131 /video/index.php/Home/Index/getVideoURL
INFO: [ app_init ] --START--
INFO: Run Behavior\BuildLiteBehavior [ RunTime:0.000020s ]
INFO: [ app_init ] --END-- [ RunTime:0.000356s ]
INFO: [ app_begin ] --START--
INFO: Run Behavior\ReadHtmlCacheBehavior [ RunTime:0.000401s ]
INFO: [ app_begin ] --END-- [ RunTime:0.000457s ]
SQL: SHOW COLUMNS FROM `whol2014_videolist` [ RunTime:0.001393s ]
SQL: SELECT * FROM `whol2014_videolist` WHERE ( `id` = 10715 ) LIMIT 1   [ RunTime:0.000249s ]
SQL: UPDATE `whol2014_videolist` SET `click_count`=click_count+1 WHERE ( id=10715 ) [ RunTime:0.000302s ]

[ 2014-05-21T23:28:57+08:00 ] 66.249.79.99 /video/index.php/Home/Index/play/id/10311
INFO: [ app_init ] --START--
INFO: Run Behavior\BuildLiteBehavior [ RunTime:0.000021s ]
INFO: [ app_init ] --END-- [ RunTime:0.000360s ]
INFO: [ app_begin ] --START--
INFO: Run Behavior\ReadHtmlCacheBehavior [ RunTime:0.000405s ]
INFO: [ app_begin ] --END-- [ RunTime:0.000488s ]
SQL: SHOW COLUMNS FROM `whol2014_videolist` [ RunTime:0.001672s ]
SQL: SELECT * FROM `whol2014_videolist` WHERE ( `id` = 10311 ) LIMIT 1   [ RunTime:0.000307s ]
SQL: SELECT * FROM `whol2014_videolist` ORDER BY id desc LIMIT 30   [ RunTime:0.000683s ]
SQL: SELECT * FROM `whol2014_videolist` ORDER BY click_count desc LIMIT 30   [ RunTime:0.003192s ]
INFO: [ view_parse ] --START--
INFO: [ template_filter ] --START--
INFO: Run Behavior\ContentReplaceBehavior [ RunTime:0.000129s ]
INFO: [ template_filter ] --END-- [ RunTime:0.000193s ]
INFO: Run Behavior\ParseTemplateBehavior [ RunTime:0.012612s ]
INFO: [ view_parse ] --END-- [ RunTime:0.012683s ]
INFO: [ view_filter ] --START--
INFO: Run Behavior\WriteHtmlCacheBehavior [ RunTime:0.000185s ]
INFO: [ view_filter ] --END-- [ RunTime:0.000242s ]
INFO: [ app_end ] --START--
INFO: Run Behavior\ShowPageTraceBehavior [ RunTime:0.000421s ]
INFO: [ app_end ] --END-- [ RunTime:0.000482s ]

[ 2014-05-21T23:39:06+08:00 ] 66.249.79.131 /video/index.php/Home/Index/play/id/10567
INFO: [ app_init ] --START--
INFO: Run Behavior\BuildLiteBehavior [ RunTime:0.000021s ]
INFO: [ app_init ] --END-- [ RunTime:0.000371s ]
INFO: [ app_begin ] --START--
INFO: Run Behavior\ReadHtmlCacheBehavior [ RunTime:0.000418s ]
INFO: [ app_begin ] --END-- [ RunTime:0.000477s ]
SQL: SHOW COLUMNS FROM `whol2014_videolist` [ RunTime:0.001755s ]
SQL: SELECT * FROM `whol2014_videolist` WHERE ( `id` = 10567 ) LIMIT 1   [ RunTime:0.000395s ]
SQL: SELECT * FROM `whol2014_videolist` ORDER BY id desc LIMIT 30   [ RunTime:0.000995s ]
SQL: SELECT * FROM `whol2014_videolist` ORDER BY click_count desc LIMIT 30   [ RunTime:0.002521s ]
INFO: [ view_parse ] --START--
INFO: [ template_filter ] --START--
INFO: Run Behavior\ContentReplaceBehavior [ RunTime:0.000151s ]
INFO: [ template_filter ] --END-- [ RunTime:0.000224s ]
INFO: Run Behavior\ParseTemplateBehavior [ RunTime:0.013218s ]
INFO: [ view_parse ] --END-- [ RunTime:0.013293s ]
INFO: [ view_filter ] --START--
INFO: Run Behavior\WriteHtmlCacheBehavior [ RunTime:0.000199s ]
INFO: [ view_filter ] --END-- [ RunTime:0.000256s ]
INFO: [ app_end ] --START--
INFO: Run Behavior\ShowPageTraceBehavior [ RunTime:0.000423s ]
INFO: [ app_end ] --END-- [ RunTime:0.000488s ]

[ 2014-05-21T23:43:37+08:00 ] 66.249.79.67 /video/index.php/Home/Index/getVideoURL
INFO: [ app_init ] --START--
INFO: Run Behavior\BuildLiteBehavior [ RunTime:0.000021s ]
INFO: [ app_init ] --END-- [ RunTime:0.000363s ]
INFO: [ app_begin ] --START--
INFO: Run Behavior\ReadHtmlCacheBehavior [ RunTime:0.000394s ]
INFO: [ app_begin ] --END-- [ RunTime:0.000449s ]
SQL: SHOW COLUMNS FROM `whol2014_videolist` [ RunTime:0.004015s ]
SQL: SELECT * FROM `whol2014_videolist` WHERE ( `id` = 10567 ) LIMIT 1   [ RunTime:0.000525s ]
SQL: UPDATE `whol2014_videolist` SET `click_count`=click_count+1 WHERE ( id=10567 ) [ RunTime:0.000485s ]

[ 2014-05-21T23:46:00+08:00 ] 66.249.79.67 /video/index.php/Home/Index/getVideoURL
INFO: [ app_init ] --START--
INFO: Run Behavior\BuildLiteBehavior [ RunTime:0.000021s ]
INFO: [ app_init ] --END-- [ RunTime:0.000380s ]
INFO: [ app_begin ] --START--
INFO: Run Behavior\ReadHtmlCacheBehavior [ RunTime:0.000408s ]
INFO: [ app_begin ] --END-- [ RunTime:0.000462s ]
SQL: SHOW COLUMNS FROM `whol2014_videolist` [ RunTime:0.001587s ]
SQL: SELECT * FROM `whol2014_videolist` WHERE ( `id` = 10638 ) LIMIT 1   [ RunTime:0.000355s ]
SQL: UPDATE `whol2014_videolist` SET `click_count`=click_count+1 WHERE ( id=10638 ) [ RunTime:0.000339s ]

