[ 2014-04-28T11:14:10+08:00 ] 127.0.0.1 /video/index.php/home/Index/testxml
INFO: [ app_init ] --START--
INFO: Run Behavior\BuildLiteBehavior [ RunTime:0.000031s ]
INFO: [ app_init ] --END-- [ RunTime:0.001840s ]
INFO: [ app_begin ] --START--
INFO: Run Behavior\ReadHtmlCacheBehavior [ RunTime:0.001451s ]
INFO: [ app_begin ] --END-- [ RunTime:0.002436s ]
NOTIC: [2] file_get_contents(221.232.161.17/itv/PowerPlayer.aspx?http=1&amp;tid=1756&amp;cid=156803&amp;fid=441580) [<a href='function.file-get-contents'>function.file-get-contents</a>]: failed to open stream: No such file or directory /Applications/XAMPP/xamppfiles/htdocs/video/Application/Home/Controller/IndexController.class.php 第 105 行.
NOTIC: [8] Trying to get property of non-object /Applications/XAMPP/xamppfiles/htdocs/video/Application/Home/Controller/IndexController.class.php 第 108 行.
INFO: [ app_end ] --START--
INFO: Run Behavior\ShowPageTraceBehavior [ RunTime:0.001320s ]
INFO: [ app_end ] --END-- [ RunTime:0.001504s ]

[ 2014-04-28T11:14:36+08:00 ] 127.0.0.1 /video/index.php/home/Index/testxml
INFO: [ app_init ] --START--
INFO: Run Behavior\BuildLiteBehavior [ RunTime:0.000028s ]
INFO: [ app_init ] --END-- [ RunTime:0.000871s ]
INFO: [ app_begin ] --START--
INFO: Run Behavior\ReadHtmlCacheBehavior [ RunTime:0.001119s ]
INFO: [ app_begin ] --END-- [ RunTime:0.001242s ]
NOTIC: [2] file_get_contents(221.232.161.17/itv/PowerPlayer.aspx?http=1&amp;tid=1756&amp;cid=156803&amp;fid=441580) [<a href='function.file-get-contents'>function.file-get-contents</a>]: failed to open stream: No such file or directory /Applications/XAMPP/xamppfiles/htdocs/video/Application/Home/Controller/IndexController.class.php 第 105 行.
NOTIC: [8] Trying to get property of non-object /Applications/XAMPP/xamppfiles/htdocs/video/Application/Home/Controller/IndexController.class.php 第 108 行.
INFO: [ app_end ] --START--
INFO: Run Behavior\ShowPageTraceBehavior [ RunTime:0.001482s ]
INFO: [ app_end ] --END-- [ RunTime:0.001618s ]

[ 2014-04-28T11:14:39+08:00 ] 127.0.0.1 /video/index.php/home/Index/testxml
INFO: [ app_init ] --START--
INFO: Run Behavior\BuildLiteBehavior [ RunTime:0.000020s ]
INFO: [ app_init ] --END-- [ RunTime:0.000388s ]
INFO: [ app_begin ] --START--
INFO: Run Behavior\ReadHtmlCacheBehavior [ RunTime:0.000487s ]
INFO: [ app_begin ] --END-- [ RunTime:0.000570s ]
NOTIC: [2] file_get_contents(221.232.161.17/itv/PowerPlayer.aspx?http=1&amp;tid=1756&amp;cid=156803&amp;fid=441580) [<a href='function.file-get-contents'>function.file-get-contents</a>]: failed to open stream: No such file or directory /Applications/XAMPP/xamppfiles/htdocs/video/Application/Home/Controller/IndexController.class.php 第 105 行.
NOTIC: [8] Trying to get property of non-object /Applications/XAMPP/xamppfiles/htdocs/video/Application/Home/Controller/IndexController.class.php 第 108 行.
INFO: [ app_end ] --START--
INFO: Run Behavior\ShowPageTraceBehavior [ RunTime:0.000507s ]
INFO: [ app_end ] --END-- [ RunTime:0.000588s ]

[ 2014-04-28T11:14:52+08:00 ] 127.0.0.1 /video/index.php/home/Index/testxml
INFO: [ app_init ] --START--
INFO: Run Behavior\BuildLiteBehavior [ RunTime:0.000062s ]
INFO: [ app_init ] --END-- [ RunTime:0.002206s ]
INFO: [ app_begin ] --START--
INFO: Run Behavior\ReadHtmlCacheBehavior [ RunTime:0.001213s ]
INFO: [ app_begin ] --END-- [ RunTime:0.001430s ]
NOTIC: [2] file_get_contents(221.232.161.17/itv/PowerPlayer.aspx?http=1&amp;tid=1756&amp;cid=156803&amp;fid=441580) [<a href='function.file-get-contents'>function.file-get-contents</a>]: failed to open stream: No such file or directory /Applications/XAMPP/xamppfiles/htdocs/video/Application/Home/Controller/IndexController.class.php 第 105 行.
INFO: [ app_end ] --START--
INFO: Run Behavior\ShowPageTraceBehavior [ RunTime:0.000760s ]
INFO: [ app_end ] --END-- [ RunTime:0.000870s ]

[ 2014-04-28T11:14:53+08:00 ] 127.0.0.1 /video/index.php/home/Index/testxml
INFO: [ app_init ] --START--
INFO: Run Behavior\BuildLiteBehavior [ RunTime:0.000019s ]
INFO: [ app_init ] --END-- [ RunTime:0.000388s ]
INFO: [ app_begin ] --START--
INFO: Run Behavior\ReadHtmlCacheBehavior [ RunTime:0.000540s ]
INFO: [ app_begin ] --END-- [ RunTime:0.000624s ]
NOTIC: [2] file_get_contents(221.232.161.17/itv/PowerPlayer.aspx?http=1&amp;tid=1756&amp;cid=156803&amp;fid=441580) [<a href='function.file-get-contents'>function.file-get-contents</a>]: failed to open stream: No such file or directory /Applications/XAMPP/xamppfiles/htdocs/video/Application/Home/Controller/IndexController.class.php 第 105 行.
INFO: [ app_end ] --START--
INFO: Run Behavior\ShowPageTraceBehavior [ RunTime:0.000662s ]
INFO: [ app_end ] --END-- [ RunTime:0.000777s ]

[ 2014-04-28T11:14:54+08:00 ] 127.0.0.1 /video/index.php/home/Index/testxml
INFO: [ app_init ] --START--
INFO: Run Behavior\BuildLiteBehavior [ RunTime:0.000022s ]
INFO: [ app_init ] --END-- [ RunTime:0.000433s ]
INFO: [ app_begin ] --START--
INFO: Run Behavior\ReadHtmlCacheBehavior [ RunTime:0.000479s ]
INFO: [ app_begin ] --END-- [ RunTime:0.000563s ]
NOTIC: [2] file_get_contents(221.232.161.17/itv/PowerPlayer.aspx?http=1&amp;tid=1756&amp;cid=156803&amp;fid=441580) [<a href='function.file-get-contents'>function.file-get-contents</a>]: failed to open stream: No such file or directory /Applications/XAMPP/xamppfiles/htdocs/video/Application/Home/Controller/IndexController.class.php 第 105 行.
INFO: [ app_end ] --START--
INFO: Run Behavior\ShowPageTraceBehavior [ RunTime:0.000505s ]
INFO: [ app_end ] --END-- [ RunTime:0.000588s ]

[ 2014-04-28T11:14:54+08:00 ] 127.0.0.1 /video/index.php/home/Index/testxml
INFO: [ app_init ] --START--
INFO: Run Behavior\BuildLiteBehavior [ RunTime:0.000020s ]
INFO: [ app_init ] --END-- [ RunTime:0.000401s ]
INFO: [ app_begin ] --START--
INFO: Run Behavior\ReadHtmlCacheBehavior [ RunTime:0.000509s ]
INFO: [ app_begin ] --END-- [ RunTime:0.000602s ]
NOTIC: [2] file_get_contents(221.232.161.17/itv/PowerPlayer.aspx?http=1&amp;tid=1756&amp;cid=156803&amp;fid=441580) [<a href='function.file-get-contents'>function.file-get-contents</a>]: failed to open stream: No such file or directory /Applications/XAMPP/xamppfiles/htdocs/video/Application/Home/Controller/IndexController.class.php 第 105 行.
INFO: [ app_end ] --START--
INFO: Run Behavior\ShowPageTraceBehavior [ RunTime:0.000539s ]
INFO: [ app_end ] --END-- [ RunTime:0.000642s ]

[ 2014-04-28T11:14:54+08:00 ] 127.0.0.1 /video/index.php/home/Index/testxml
INFO: [ app_init ] --START--
INFO: Run Behavior\BuildLiteBehavior [ RunTime:0.000026s ]
INFO: [ app_init ] --END-- [ RunTime:0.000486s ]
INFO: [ app_begin ] --START--
INFO: Run Behavior\ReadHtmlCacheBehavior [ RunTime:0.000588s ]
INFO: [ app_begin ] --END-- [ RunTime:0.000691s ]
NOTIC: [2] file_get_contents(221.232.161.17/itv/PowerPlayer.aspx?http=1&amp;tid=1756&amp;cid=156803&amp;fid=441580) [<a href='function.file-get-contents'>function.file-get-contents</a>]: failed to open stream: No such file or directory /Applications/XAMPP/xamppfiles/htdocs/video/Application/Home/Controller/IndexController.class.php 第 105 行.
INFO: [ app_end ] --START--
INFO: Run Behavior\ShowPageTraceBehavior [ RunTime:0.000621s ]
INFO: [ app_end ] --END-- [ RunTime:0.000722s ]

[ 2014-04-28T11:14:55+08:00 ] 127.0.0.1 /video/index.php/home/Index/testxml
INFO: [ app_init ] --START--
INFO: Run Behavior\BuildLiteBehavior [ RunTime:0.000023s ]
INFO: [ app_init ] --END-- [ RunTime:0.000449s ]
INFO: [ app_begin ] --START--
INFO: Run Behavior\ReadHtmlCacheBehavior [ RunTime:0.000586s ]
INFO: [ app_begin ] --END-- [ RunTime:0.000688s ]
NOTIC: [2] file_get_contents(221.232.161.17/itv/PowerPlayer.aspx?http=1&amp;tid=1756&amp;cid=156803&amp;fid=441580) [<a href='function.file-get-contents'>function.file-get-contents</a>]: failed to open stream: No such file or directory /Applications/XAMPP/xamppfiles/htdocs/video/Application/Home/Controller/IndexController.class.php 第 105 行.
INFO: [ app_end ] --START--
INFO: Run Behavior\ShowPageTraceBehavior [ RunTime:0.000510s ]
INFO: [ app_end ] --END-- [ RunTime:0.000594s ]

[ 2014-04-28T11:14:55+08:00 ] 127.0.0.1 /video/index.php/home/Index/testxml
INFO: [ app_init ] --START--
INFO: Run Behavior\BuildLiteBehavior [ RunTime:0.000019s ]
INFO: [ app_init ] --END-- [ RunTime:0.000382s ]
INFO: [ app_begin ] --START--
INFO: Run Behavior\ReadHtmlCacheBehavior [ RunTime:0.000476s ]
INFO: [ app_begin ] --END-- [ RunTime:0.000559s ]
NOTIC: [2] file_get_contents(221.232.161.17/itv/PowerPlayer.aspx?http=1&amp;tid=1756&amp;cid=156803&amp;fid=441580) [<a href='function.file-get-contents'>function.file-get-contents</a>]: failed to open stream: No such file or directory /Applications/XAMPP/xamppfiles/htdocs/video/Application/Home/Controller/IndexController.class.php 第 105 行.
INFO: [ app_end ] --START--
INFO: Run Behavior\ShowPageTraceBehavior [ RunTime:0.000653s ]
INFO: [ app_end ] --END-- [ RunTime:0.000764s ]

[ 2014-04-28T11:14:55+08:00 ] 127.0.0.1 /video/index.php/home/Index/testxml
INFO: [ app_init ] --START--
INFO: Run Behavior\BuildLiteBehavior [ RunTime:0.000021s ]
INFO: [ app_init ] --END-- [ RunTime:0.000388s ]
INFO: [ app_begin ] --START--
INFO: Run Behavior\ReadHtmlCacheBehavior [ RunTime:0.000480s ]
INFO: [ app_begin ] --END-- [ RunTime:0.000564s ]
NOTIC: [2] file_get_contents(221.232.161.17/itv/PowerPlayer.aspx?http=1&amp;tid=1756&amp;cid=156803&amp;fid=441580) [<a href='function.file-get-contents'>function.file-get-contents</a>]: failed to open stream: No such file or directory /Applications/XAMPP/xamppfiles/htdocs/video/Application/Home/Controller/IndexController.class.php 第 105 行.
INFO: [ app_end ] --START--
INFO: Run Behavior\ShowPageTraceBehavior [ RunTime:0.000505s ]
INFO: [ app_end ] --END-- [ RunTime:0.000588s ]

[ 2014-04-28T11:14:55+08:00 ] 127.0.0.1 /video/index.php/home/Index/testxml
INFO: [ app_init ] --START--
INFO: Run Behavior\BuildLiteBehavior [ RunTime:0.000019s ]
INFO: [ app_init ] --END-- [ RunTime:0.000382s ]
INFO: [ app_begin ] --START--
INFO: Run Behavior\ReadHtmlCacheBehavior [ RunTime:0.000480s ]
INFO: [ app_begin ] --END-- [ RunTime:0.000563s ]
NOTIC: [2] file_get_contents(221.232.161.17/itv/PowerPlayer.aspx?http=1&amp;tid=1756&amp;cid=156803&amp;fid=441580) [<a href='function.file-get-contents'>function.file-get-contents</a>]: failed to open stream: No such file or directory /Applications/XAMPP/xamppfiles/htdocs/video/Application/Home/Controller/IndexController.class.php 第 105 行.
INFO: [ app_end ] --START--
INFO: Run Behavior\ShowPageTraceBehavior [ RunTime:0.000546s ]
INFO: [ app_end ] --END-- [ RunTime:0.000637s ]

[ 2014-04-28T11:14:56+08:00 ] 127.0.0.1 /video/index.php/home/Index/testxml
INFO: [ app_init ] --START--
INFO: Run Behavior\BuildLiteBehavior [ RunTime:0.000021s ]
INFO: [ app_init ] --END-- [ RunTime:0.000391s ]
INFO: [ app_begin ] --START--
INFO: Run Behavior\ReadHtmlCacheBehavior [ RunTime:0.000481s ]
INFO: [ app_begin ] --END-- [ RunTime:0.000563s ]
NOTIC: [2] file_get_contents(221.232.161.17/itv/PowerPlayer.aspx?http=1&amp;tid=1756&amp;cid=156803&amp;fid=441580) [<a href='function.file-get-contents'>function.file-get-contents</a>]: failed to open stream: No such file or directory /Applications/XAMPP/xamppfiles/htdocs/video/Application/Home/Controller/IndexController.class.php 第 105 行.
INFO: [ app_end ] --START--
INFO: Run Behavior\ShowPageTraceBehavior [ RunTime:0.000511s ]
INFO: [ app_end ] --END-- [ RunTime:0.000593s ]

[ 2014-04-28T11:14:56+08:00 ] 127.0.0.1 /video/index.php/home/Index/testxml
INFO: [ app_init ] --START--
INFO: Run Behavior\BuildLiteBehavior [ RunTime:0.000035s ]
INFO: [ app_init ] --END-- [ RunTime:0.000428s ]
INFO: [ app_begin ] --START--
INFO: Run Behavior\ReadHtmlCacheBehavior [ RunTime:0.000483s ]
INFO: [ app_begin ] --END-- [ RunTime:0.000579s ]
NOTIC: [2] file_get_contents(221.232.161.17/itv/PowerPlayer.aspx?http=1&amp;tid=1756&amp;cid=156803&amp;fid=441580) [<a href='function.file-get-contents'>function.file-get-contents</a>]: failed to open stream: No such file or directory /Applications/XAMPP/xamppfiles/htdocs/video/Application/Home/Controller/IndexController.class.php 第 105 行.
INFO: [ app_end ] --START--
INFO: Run Behavior\ShowPageTraceBehavior [ RunTime:0.000505s ]
INFO: [ app_end ] --END-- [ RunTime:0.000587s ]

[ 2014-04-28T11:15:03+08:00 ] 127.0.0.1 /video/index.php/home/Index/testxml
INFO: [ app_init ] --START--
INFO: Run Behavior\BuildLiteBehavior [ RunTime:0.000026s ]
INFO: [ app_init ] --END-- [ RunTime:0.000541s ]
INFO: [ app_begin ] --START--
INFO: Run Behavior\ReadHtmlCacheBehavior [ RunTime:0.000672s ]
INFO: [ app_begin ] --END-- [ RunTime:0.000768s ]
NOTIC: [2] file_get_contents(221.232.161.17/itv/PowerPlayer.aspx?http=1&amp;tid=1756&amp;cid=156803&amp;fid=441580) [<a href='function.file-get-contents'>function.file-get-contents</a>]: failed to open stream: No such file or directory /Applications/XAMPP/xamppfiles/htdocs/video/Application/Home/Controller/IndexController.class.php 第 105 行.
INFO: [ app_end ] --START--
INFO: Run Behavior\ShowPageTraceBehavior [ RunTime:0.000866s ]
INFO: [ app_end ] --END-- [ RunTime:0.000977s ]

[ 2014-04-28T11:15:13+08:00 ] 127.0.0.1 /video/index.php/home/Index/testxml
INFO: [ app_init ] --START--
INFO: Run Behavior\BuildLiteBehavior [ RunTime:0.000026s ]
INFO: [ app_init ] --END-- [ RunTime:0.000535s ]
INFO: [ app_begin ] --START--
INFO: Run Behavior\ReadHtmlCacheBehavior [ RunTime:0.001206s ]
INFO: [ app_begin ] --END-- [ RunTime:0.001382s ]
NOTIC: [2] file_get_contents(221.232.161.17/itv/PowerPlayer.aspx?http=1&amp;tid=1756&amp;cid=156803&amp;fid=441580) [<a href='function.file-get-contents'>function.file-get-contents</a>]: failed to open stream: No such file or directory /Applications/XAMPP/xamppfiles/htdocs/video/Application/Home/Controller/IndexController.class.php 第 105 行.
INFO: [ app_end ] --START--
INFO: Run Behavior\ShowPageTraceBehavior [ RunTime:0.000799s ]
INFO: [ app_end ] --END-- [ RunTime:0.000933s ]

[ 2014-04-28T11:15:30+08:00 ] 127.0.0.1 /video/index.php/home/Index/testxml
INFO: [ app_init ] --START--
INFO: Run Behavior\BuildLiteBehavior [ RunTime:0.000019s ]
INFO: [ app_init ] --END-- [ RunTime:0.000390s ]
INFO: [ app_begin ] --START--
INFO: Run Behavior\ReadHtmlCacheBehavior [ RunTime:0.000485s ]
INFO: [ app_begin ] --END-- [ RunTime:0.000567s ]
INFO: [ app_end ] --START--
INFO: Run Behavior\ShowPageTraceBehavior [ RunTime:0.000715s ]
INFO: [ app_end ] --END-- [ RunTime:0.000851s ]

[ 2014-04-28T11:15:31+08:00 ] 127.0.0.1 /video/index.php/home/Index/testxml
INFO: [ app_init ] --START--
INFO: Run Behavior\BuildLiteBehavior [ RunTime:0.000020s ]
INFO: [ app_init ] --END-- [ RunTime:0.000404s ]
INFO: [ app_begin ] --START--
INFO: Run Behavior\ReadHtmlCacheBehavior [ RunTime:0.000522s ]
INFO: [ app_begin ] --END-- [ RunTime:0.000613s ]
INFO: [ app_end ] --START--
INFO: Run Behavior\ShowPageTraceBehavior [ RunTime:0.001074s ]
INFO: [ app_end ] --END-- [ RunTime:0.001296s ]

[ 2014-04-28T11:15:32+08:00 ] 127.0.0.1 /video/index.php/home/Index/testxml
INFO: [ app_init ] --START--
INFO: Run Behavior\BuildLiteBehavior [ RunTime:0.000020s ]
INFO: [ app_init ] --END-- [ RunTime:0.000402s ]
INFO: [ app_begin ] --START--
INFO: Run Behavior\ReadHtmlCacheBehavior [ RunTime:0.000473s ]
INFO: [ app_begin ] --END-- [ RunTime:0.000556s ]
INFO: [ app_end ] --START--
INFO: Run Behavior\ShowPageTraceBehavior [ RunTime:0.000627s ]
INFO: [ app_end ] --END-- [ RunTime:0.000745s ]

[ 2014-04-28T11:15:33+08:00 ] 127.0.0.1 /video/index.php/home/Index/testxml
INFO: [ app_init ] --START--
INFO: Run Behavior\BuildLiteBehavior [ RunTime:0.000019s ]
INFO: [ app_init ] --END-- [ RunTime:0.000382s ]
INFO: [ app_begin ] --START--
INFO: Run Behavior\ReadHtmlCacheBehavior [ RunTime:0.000474s ]
INFO: [ app_begin ] --END-- [ RunTime:0.000557s ]
INFO: [ app_end ] --START--
INFO: Run Behavior\ShowPageTraceBehavior [ RunTime:0.000680s ]
INFO: [ app_end ] --END-- [ RunTime:0.000798s ]

[ 2014-04-28T11:15:33+08:00 ] 127.0.0.1 /video/index.php/home/Index/testxml
INFO: [ app_init ] --START--
INFO: Run Behavior\BuildLiteBehavior [ RunTime:0.000031s ]
INFO: [ app_init ] --END-- [ RunTime:0.000598s ]
INFO: [ app_begin ] --START--
INFO: Run Behavior\ReadHtmlCacheBehavior [ RunTime:0.000578s ]
INFO: [ app_begin ] --END-- [ RunTime:0.000685s ]
INFO: [ app_end ] --START--
INFO: Run Behavior\ShowPageTraceBehavior [ RunTime:0.001027s ]
INFO: [ app_end ] --END-- [ RunTime:0.001209s ]

[ 2014-04-28T11:17:46+08:00 ] 127.0.0.1 /video/index.php/home/Index/testxml
INFO: [ app_init ] --START--
INFO: Run Behavior\BuildLiteBehavior [ RunTime:0.000033s ]
INFO: [ app_init ] --END-- [ RunTime:0.000934s ]
INFO: [ app_begin ] --START--
INFO: Run Behavior\ReadHtmlCacheBehavior [ RunTime:0.004304s ]
INFO: [ app_begin ] --END-- [ RunTime:0.004423s ]
INFO: [ app_end ] --START--
INFO: Run Behavior\ShowPageTraceBehavior [ RunTime:0.001431s ]
INFO: [ app_end ] --END-- [ RunTime:0.001611s ]

[ 2014-04-28T11:17:47+08:00 ] 127.0.0.1 /video/index.php/home/Index/testxml
INFO: [ app_init ] --START--
INFO: Run Behavior\BuildLiteBehavior [ RunTime:0.000029s ]
INFO: [ app_init ] --END-- [ RunTime:0.000605s ]
INFO: [ app_begin ] --START--
INFO: Run Behavior\ReadHtmlCacheBehavior [ RunTime:0.000589s ]
INFO: [ app_begin ] --END-- [ RunTime:0.000690s ]
INFO: [ app_end ] --START--
INFO: Run Behavior\ShowPageTraceBehavior [ RunTime:0.000746s ]
INFO: [ app_end ] --END-- [ RunTime:0.001094s ]

[ 2014-04-28T11:18:18+08:00 ] 127.0.0.1 /video/index.php/home/Index/testxml
INFO: [ app_init ] --START--
INFO: Run Behavior\BuildLiteBehavior [ RunTime:0.000022s ]
INFO: [ app_init ] --END-- [ RunTime:0.000470s ]
INFO: [ app_begin ] --START--
INFO: Run Behavior\ReadHtmlCacheBehavior [ RunTime:0.000636s ]
INFO: [ app_begin ] --END-- [ RunTime:0.000738s ]
INFO: [ app_end ] --START--
INFO: Run Behavior\ShowPageTraceBehavior [ RunTime:0.000772s ]
INFO: [ app_end ] --END-- [ RunTime:0.000916s ]

[ 2014-04-28T11:18:19+08:00 ] 127.0.0.1 /video/index.php/home/Index/testxml
INFO: [ app_init ] --START--
INFO: Run Behavior\BuildLiteBehavior [ RunTime:0.000020s ]
INFO: [ app_init ] --END-- [ RunTime:0.000387s ]
INFO: [ app_begin ] --START--
INFO: Run Behavior\ReadHtmlCacheBehavior [ RunTime:0.000548s ]
INFO: [ app_begin ] --END-- [ RunTime:0.000648s ]
INFO: [ app_end ] --START--
INFO: Run Behavior\ShowPageTraceBehavior [ RunTime:0.000870s ]
INFO: [ app_end ] --END-- [ RunTime:0.001031s ]

[ 2014-04-28T11:18:19+08:00 ] 127.0.0.1 /video/index.php/home/Index/testxml
INFO: [ app_init ] --START--
INFO: Run Behavior\BuildLiteBehavior [ RunTime:0.000024s ]
INFO: [ app_init ] --END-- [ RunTime:0.000551s ]
INFO: [ app_begin ] --START--
INFO: Run Behavior\ReadHtmlCacheBehavior [ RunTime:0.000523s ]
INFO: [ app_begin ] --END-- [ RunTime:0.000613s ]
INFO: [ app_end ] --START--
INFO: Run Behavior\ShowPageTraceBehavior [ RunTime:0.000752s ]
INFO: [ app_end ] --END-- [ RunTime:0.000890s ]

[ 2014-04-28T11:18:20+08:00 ] 127.0.0.1 /video/index.php/home/Index/testxml
INFO: [ app_init ] --START--
INFO: Run Behavior\BuildLiteBehavior [ RunTime:0.000021s ]
INFO: [ app_init ] --END-- [ RunTime:0.000391s ]
INFO: [ app_begin ] --START--
INFO: Run Behavior\ReadHtmlCacheBehavior [ RunTime:0.000480s ]
INFO: [ app_begin ] --END-- [ RunTime:0.000562s ]
INFO: [ app_end ] --START--
INFO: Run Behavior\ShowPageTraceBehavior [ RunTime:0.000762s ]
INFO: [ app_end ] --END-- [ RunTime:0.000901s ]

[ 2014-04-28T11:18:22+08:00 ] 127.0.0.1 /video/index.php/home/Index/testxml
INFO: [ app_init ] --START--
INFO: Run Behavior\BuildLiteBehavior [ RunTime:0.000020s ]
INFO: [ app_init ] --END-- [ RunTime:0.000386s ]
INFO: [ app_begin ] --START--
INFO: Run Behavior\ReadHtmlCacheBehavior [ RunTime:0.000480s ]
INFO: [ app_begin ] --END-- [ RunTime:0.000564s ]
INFO: [ app_end ] --START--
INFO: Run Behavior\ShowPageTraceBehavior [ RunTime:0.000740s ]
INFO: [ app_end ] --END-- [ RunTime:0.000904s ]

[ 2014-04-28T11:18:42+08:00 ] 127.0.0.1 /video/index.php/home/Index/testxml
INFO: [ app_init ] --START--
INFO: Run Behavior\BuildLiteBehavior [ RunTime:0.000034s ]
INFO: [ app_init ] --END-- [ RunTime:0.001114s ]
INFO: [ app_begin ] --START--
INFO: Run Behavior\ReadHtmlCacheBehavior [ RunTime:0.001383s ]
INFO: [ app_begin ] --END-- [ RunTime:0.001526s ]
INFO: [ app_end ] --START--
INFO: Run Behavior\ShowPageTraceBehavior [ RunTime:0.001341s ]
INFO: [ app_end ] --END-- [ RunTime:0.001520s ]

[ 2014-04-28T11:18:45+08:00 ] 127.0.0.1 /video/index.php/home/Index/testxml
INFO: [ app_init ] --START--
INFO: Run Behavior\BuildLiteBehavior [ RunTime:0.000020s ]
INFO: [ app_init ] --END-- [ RunTime:0.000388s ]
INFO: [ app_begin ] --START--
INFO: Run Behavior\ReadHtmlCacheBehavior [ RunTime:0.000482s ]
INFO: [ app_begin ] --END-- [ RunTime:0.000564s ]
INFO: [ app_end ] --START--
INFO: Run Behavior\ShowPageTraceBehavior [ RunTime:0.000797s ]
INFO: [ app_end ] --END-- [ RunTime:0.000941s ]

[ 2014-04-28T11:23:08+08:00 ] 127.0.0.1 /video/index.php/home/Index/testxml
INFO: [ app_init ] --START--
INFO: Run Behavior\BuildLiteBehavior [ RunTime:0.000032s ]
INFO: [ app_init ] --END-- [ RunTime:0.000947s ]
INFO: [ app_begin ] --START--
INFO: Run Behavior\ReadHtmlCacheBehavior [ RunTime:0.001117s ]
INFO: [ app_begin ] --END-- [ RunTime:0.001248s ]
INFO: [ app_end ] --START--
INFO: Run Behavior\ShowPageTraceBehavior [ RunTime:0.001251s ]
INFO: [ app_end ] --END-- [ RunTime:0.001430s ]

[ 2014-04-28T11:23:09+08:00 ] 127.0.0.1 /video/index.php/home/Index/testxml
INFO: [ app_init ] --START--
INFO: Run Behavior\BuildLiteBehavior [ RunTime:0.000024s ]
INFO: [ app_init ] --END-- [ RunTime:0.000492s ]
INFO: [ app_begin ] --START--
INFO: Run Behavior\ReadHtmlCacheBehavior [ RunTime:0.000493s ]
INFO: [ app_begin ] --END-- [ RunTime:0.000580s ]
INFO: [ app_end ] --START--
INFO: Run Behavior\ShowPageTraceBehavior [ RunTime:0.001171s ]
INFO: [ app_end ] --END-- [ RunTime:0.001360s ]

[ 2014-04-28T11:23:59+08:00 ] 127.0.0.1 /video/index.php/home/Index/testxml
INFO: [ app_init ] --START--
INFO: Run Behavior\BuildLiteBehavior [ RunTime:0.000032s ]
INFO: [ app_init ] --END-- [ RunTime:0.001004s ]
INFO: [ app_begin ] --START--
INFO: Run Behavior\ReadHtmlCacheBehavior [ RunTime:0.004526s ]
INFO: [ app_begin ] --END-- [ RunTime:0.004704s ]
INFO: [ app_end ] --START--
INFO: Run Behavior\ShowPageTraceBehavior [ RunTime:0.001180s ]
INFO: [ app_end ] --END-- [ RunTime:0.001315s ]

[ 2014-04-28T11:25:46+08:00 ] 127.0.0.1 /video/index.php/home/Index/testxml
INFO: [ app_init ] --START--
INFO: Run Behavior\BuildLiteBehavior [ RunTime:0.000025s ]
INFO: [ app_init ] --END-- [ RunTime:0.000837s ]
INFO: [ app_begin ] --START--
INFO: Run Behavior\ReadHtmlCacheBehavior [ RunTime:0.001155s ]
INFO: [ app_begin ] --END-- [ RunTime:0.001270s ]
INFO: [ app_end ] --START--
INFO: Run Behavior\ShowPageTraceBehavior [ RunTime:0.001298s ]
INFO: [ app_end ] --END-- [ RunTime:0.001440s ]

[ 2014-04-28T11:25:47+08:00 ] 127.0.0.1 /video/index.php/home/Index/testxml
INFO: [ app_init ] --START--
INFO: Run Behavior\BuildLiteBehavior [ RunTime:0.000030s ]
INFO: [ app_init ] --END-- [ RunTime:0.000613s ]
INFO: [ app_begin ] --START--
INFO: Run Behavior\ReadHtmlCacheBehavior [ RunTime:0.000600s ]
INFO: [ app_begin ] --END-- [ RunTime:0.000701s ]
INFO: [ app_end ] --START--
INFO: Run Behavior\ShowPageTraceBehavior [ RunTime:0.000710s ]
INFO: [ app_end ] --END-- [ RunTime:0.000834s ]

[ 2014-04-28T11:25:47+08:00 ] 127.0.0.1 /video/index.php/home/Index/testxml
INFO: [ app_init ] --START--
INFO: Run Behavior\BuildLiteBehavior [ RunTime:0.000020s ]
INFO: [ app_init ] --END-- [ RunTime:0.000392s ]
INFO: [ app_begin ] --START--
INFO: Run Behavior\ReadHtmlCacheBehavior [ RunTime:0.000483s ]
INFO: [ app_begin ] --END-- [ RunTime:0.000567s ]
INFO: [ app_end ] --START--
INFO: Run Behavior\ShowPageTraceBehavior [ RunTime:0.001079s ]
INFO: [ app_end ] --END-- [ RunTime:0.001268s ]

[ 2014-04-28T11:25:55+08:00 ] 127.0.0.1 /video/index.php/home/Index/testxml
INFO: [ app_init ] --START--
INFO: Run Behavior\BuildLiteBehavior [ RunTime:0.000026s ]
INFO: [ app_init ] --END-- [ RunTime:0.000568s ]
INFO: [ app_begin ] --START--
INFO: Run Behavior\ReadHtmlCacheBehavior [ RunTime:0.001027s ]
INFO: [ app_begin ] --END-- [ RunTime:0.001190s ]
INFO: [ app_end ] --START--
INFO: Run Behavior\ShowPageTraceBehavior [ RunTime:0.000883s ]
INFO: [ app_end ] --END-- [ RunTime:0.001021s ]

[ 2014-04-28T11:25:56+08:00 ] 127.0.0.1 /video/index.php/home/Index/testxml
INFO: [ app_init ] --START--
INFO: Run Behavior\BuildLiteBehavior [ RunTime:0.000020s ]
INFO: [ app_init ] --END-- [ RunTime:0.000389s ]
INFO: [ app_begin ] --START--
INFO: Run Behavior\ReadHtmlCacheBehavior [ RunTime:0.000481s ]
INFO: [ app_begin ] --END-- [ RunTime:0.000565s ]
INFO: [ app_end ] --START--
INFO: Run Behavior\ShowPageTraceBehavior [ RunTime:0.000729s ]
INFO: [ app_end ] --END-- [ RunTime:0.000852s ]

[ 2014-04-28T11:30:17+08:00 ] 127.0.0.1 /video/index.php/home/Index/testxml
INFO: [ app_init ] --START--
INFO: Run Behavior\BuildLiteBehavior [ RunTime:0.000024s ]
INFO: [ app_init ] --END-- [ RunTime:0.000918s ]
INFO: [ app_begin ] --START--
INFO: Run Behavior\ReadHtmlCacheBehavior [ RunTime:0.001162s ]
INFO: [ app_begin ] --END-- [ RunTime:0.001281s ]
INFO: [ app_end ] --START--
INFO: Run Behavior\ShowPageTraceBehavior [ RunTime:0.001870s ]
INFO: [ app_end ] --END-- [ RunTime:0.002085s ]

[ 2014-04-28T11:30:18+08:00 ] 127.0.0.1 /video/index.php/home/Index/testxml
INFO: [ app_init ] --START--
INFO: Run Behavior\BuildLiteBehavior [ RunTime:0.000020s ]
INFO: [ app_init ] --END-- [ RunTime:0.000391s ]
INFO: [ app_begin ] --START--
INFO: Run Behavior\ReadHtmlCacheBehavior [ RunTime:0.000517s ]
INFO: [ app_begin ] --END-- [ RunTime:0.000601s ]
INFO: [ app_end ] --START--
INFO: Run Behavior\ShowPageTraceBehavior [ RunTime:0.000955s ]
INFO: [ app_end ] --END-- [ RunTime:0.001123s ]

[ 2014-04-28T11:30:19+08:00 ] 127.0.0.1 /video/index.php/home/Index/testxml
INFO: [ app_init ] --START--
INFO: Run Behavior\BuildLiteBehavior [ RunTime:0.000021s ]
INFO: [ app_init ] --END-- [ RunTime:0.000397s ]
INFO: [ app_begin ] --START--
INFO: Run Behavior\ReadHtmlCacheBehavior [ RunTime:0.000569s ]
INFO: [ app_begin ] --END-- [ RunTime:0.000684s ]
INFO: [ app_end ] --START--
INFO: Run Behavior\ShowPageTraceBehavior [ RunTime:0.000711s ]
INFO: [ app_end ] --END-- [ RunTime:0.000837s ]

[ 2014-04-28T11:30:20+08:00 ] 127.0.0.1 /video/index.php/home/Index/testxml
INFO: [ app_init ] --START--
INFO: Run Behavior\BuildLiteBehavior [ RunTime:0.000021s ]
INFO: [ app_init ] --END-- [ RunTime:0.000422s ]
INFO: [ app_begin ] --START--
INFO: Run Behavior\ReadHtmlCacheBehavior [ RunTime:0.000521s ]
INFO: [ app_begin ] --END-- [ RunTime:0.000610s ]
INFO: [ app_end ] --START--
INFO: Run Behavior\ShowPageTraceBehavior [ RunTime:0.000775s ]
INFO: [ app_end ] --END-- [ RunTime:0.000916s ]

[ 2014-04-28T11:31:52+08:00 ] 127.0.0.1 /video/index.php/home/Index/testxml
INFO: [ app_init ] --START--
INFO: Run Behavior\BuildLiteBehavior [ RunTime:0.000037s ]
INFO: [ app_init ] --END-- [ RunTime:0.001509s ]
INFO: [ app_begin ] --START--
INFO: Run Behavior\ReadHtmlCacheBehavior [ RunTime:0.001388s ]
INFO: [ app_begin ] --END-- [ RunTime:0.001549s ]
INFO: [ app_end ] --START--
INFO: Run Behavior\ShowPageTraceBehavior [ RunTime:0.001557s ]
INFO: [ app_end ] --END-- [ RunTime:0.001737s ]

[ 2014-04-28T11:31:53+08:00 ] 127.0.0.1 /video/index.php/home/Index/testxml
INFO: [ app_init ] --START--
INFO: Run Behavior\BuildLiteBehavior [ RunTime:0.000022s ]
INFO: [ app_init ] --END-- [ RunTime:0.000444s ]
INFO: [ app_begin ] --START--
INFO: Run Behavior\ReadHtmlCacheBehavior [ RunTime:0.000586s ]
INFO: [ app_begin ] --END-- [ RunTime:0.000687s ]
INFO: [ app_end ] --START--
INFO: Run Behavior\ShowPageTraceBehavior [ RunTime:0.000696s ]
INFO: [ app_end ] --END-- [ RunTime:0.000821s ]

[ 2014-04-28T11:37:00+08:00 ] 127.0.0.1 /video/index.php/home/Index/testxml
INFO: [ app_init ] --START--
INFO: Run Behavior\BuildLiteBehavior [ RunTime:0.000024s ]
INFO: [ app_init ] --END-- [ RunTime:0.000967s ]
INFO: [ app_begin ] --START--
INFO: Run Behavior\ReadHtmlCacheBehavior [ RunTime:0.001074s ]
INFO: [ app_begin ] --END-- [ RunTime:0.001186s ]
INFO: [ app_end ] --START--
INFO: Run Behavior\ShowPageTraceBehavior [ RunTime:0.001123s ]
INFO: [ app_end ] --END-- [ RunTime:0.001272s ]

[ 2014-04-28T11:37:01+08:00 ] 127.0.0.1 /video/index.php/home/Index/testxml
INFO: [ app_init ] --START--
INFO: Run Behavior\BuildLiteBehavior [ RunTime:0.000020s ]
INFO: [ app_init ] --END-- [ RunTime:0.000391s ]
INFO: [ app_begin ] --START--
INFO: Run Behavior\ReadHtmlCacheBehavior [ RunTime:0.000613s ]
INFO: [ app_begin ] --END-- [ RunTime:0.000738s ]
INFO: [ app_end ] --START--
INFO: Run Behavior\ShowPageTraceBehavior [ RunTime:0.001207s ]
INFO: [ app_end ] --END-- [ RunTime:0.001425s ]

[ 2014-04-28T11:37:02+08:00 ] 127.0.0.1 /video/index.php/home/Index/testxml
INFO: [ app_init ] --START--
INFO: Run Behavior\BuildLiteBehavior [ RunTime:0.000023s ]
INFO: [ app_init ] --END-- [ RunTime:0.000456s ]
INFO: [ app_begin ] --START--
INFO: Run Behavior\ReadHtmlCacheBehavior [ RunTime:0.000591s ]
INFO: [ app_begin ] --END-- [ RunTime:0.000691s ]
INFO: [ app_end ] --START--
INFO: Run Behavior\ShowPageTraceBehavior [ RunTime:0.000951s ]
INFO: [ app_end ] --END-- [ RunTime:0.001115s ]

[ 2014-04-28T11:37:02+08:00 ] 127.0.0.1 /video/index.php/home/Index/testxml
INFO: [ app_init ] --START--
INFO: Run Behavior\BuildLiteBehavior [ RunTime:0.000019s ]
INFO: [ app_init ] --END-- [ RunTime:0.000389s ]
INFO: [ app_begin ] --START--
INFO: Run Behavior\ReadHtmlCacheBehavior [ RunTime:0.000482s ]
INFO: [ app_begin ] --END-- [ RunTime:0.000566s ]
INFO: [ app_end ] --START--
INFO: Run Behavior\ShowPageTraceBehavior [ RunTime:0.000749s ]
INFO: [ app_end ] --END-- [ RunTime:0.000876s ]

[ 2014-04-28T11:39:17+08:00 ] 127.0.0.1 /video/index.php/home/Index/testxml
INFO: [ app_init ] --START--
INFO: Run Behavior\BuildLiteBehavior [ RunTime:0.000024s ]
INFO: [ app_init ] --END-- [ RunTime:0.000835s ]
INFO: [ app_begin ] --START--
INFO: Run Behavior\ReadHtmlCacheBehavior [ RunTime:0.001277s ]
INFO: [ app_begin ] --END-- [ RunTime:0.001428s ]
INFO: [ app_end ] --START--
INFO: Run Behavior\ShowPageTraceBehavior [ RunTime:0.001223s ]
INFO: [ app_end ] --END-- [ RunTime:0.001382s ]

[ 2014-04-28T11:39:18+08:00 ] 127.0.0.1 /video/index.php/home/Index/testxml
INFO: [ app_init ] --START--
INFO: Run Behavior\BuildLiteBehavior [ RunTime:0.000021s ]
INFO: [ app_init ] --END-- [ RunTime:0.000394s ]
INFO: [ app_begin ] --START--
INFO: Run Behavior\ReadHtmlCacheBehavior [ RunTime:0.000480s ]
INFO: [ app_begin ] --END-- [ RunTime:0.000564s ]
INFO: [ app_end ] --START--
INFO: Run Behavior\ShowPageTraceBehavior [ RunTime:0.000688s ]
INFO: [ app_end ] --END-- [ RunTime:0.000809s ]

[ 2014-04-28T11:39:19+08:00 ] 127.0.0.1 /video/index.php/home/Index/testxml
INFO: [ app_init ] --START--
INFO: Run Behavior\BuildLiteBehavior [ RunTime:0.000021s ]
INFO: [ app_init ] --END-- [ RunTime:0.000391s ]
INFO: [ app_begin ] --START--
INFO: Run Behavior\ReadHtmlCacheBehavior [ RunTime:0.000517s ]
INFO: [ app_begin ] --END-- [ RunTime:0.000607s ]
INFO: [ app_end ] --START--
INFO: Run Behavior\ShowPageTraceBehavior [ RunTime:0.001093s ]
INFO: [ app_end ] --END-- [ RunTime:0.001306s ]

[ 2014-04-28T11:39:20+08:00 ] 127.0.0.1 /video/index.php/home/Index/testxml
INFO: [ app_init ] --START--
INFO: Run Behavior\BuildLiteBehavior [ RunTime:0.000021s ]
INFO: [ app_init ] --END-- [ RunTime:0.000391s ]
INFO: [ app_begin ] --START--
INFO: Run Behavior\ReadHtmlCacheBehavior [ RunTime:0.000492s ]
INFO: [ app_begin ] --END-- [ RunTime:0.000580s ]
INFO: [ app_end ] --START--
INFO: Run Behavior\ShowPageTraceBehavior [ RunTime:0.001339s ]
INFO: [ app_end ] --END-- [ RunTime:0.001547s ]

[ 2014-04-28T11:39:20+08:00 ] 127.0.0.1 /video/index.php/home/Index/testxml
INFO: [ app_init ] --START--
INFO: Run Behavior\BuildLiteBehavior [ RunTime:0.000025s ]
INFO: [ app_init ] --END-- [ RunTime:0.000537s ]
INFO: [ app_begin ] --START--
INFO: Run Behavior\ReadHtmlCacheBehavior [ RunTime:0.000619s ]
INFO: [ app_begin ] --END-- [ RunTime:0.000734s ]
INFO: [ app_end ] --START--
INFO: Run Behavior\ShowPageTraceBehavior [ RunTime:0.000727s ]
INFO: [ app_end ] --END-- [ RunTime:0.000860s ]

[ 2014-04-28T11:39:21+08:00 ] 127.0.0.1 /video/index.php/home/Index/testxml
INFO: [ app_init ] --START--
INFO: Run Behavior\BuildLiteBehavior [ RunTime:0.000020s ]
INFO: [ app_init ] --END-- [ RunTime:0.000397s ]
INFO: [ app_begin ] --START--
INFO: Run Behavior\ReadHtmlCacheBehavior [ RunTime:0.000505s ]
INFO: [ app_begin ] --END-- [ RunTime:0.000596s ]
INFO: [ app_end ] --START--
INFO: Run Behavior\ShowPageTraceBehavior [ RunTime:0.000760s ]
INFO: [ app_end ] --END-- [ RunTime:0.000891s ]

[ 2014-04-28T11:39:21+08:00 ] 127.0.0.1 /video/index.php/home/Index/testxml
INFO: [ app_init ] --START--
INFO: Run Behavior\BuildLiteBehavior [ RunTime:0.000021s ]
INFO: [ app_init ] --END-- [ RunTime:0.000414s ]
INFO: [ app_begin ] --START--
INFO: Run Behavior\ReadHtmlCacheBehavior [ RunTime:0.000537s ]
INFO: [ app_begin ] --END-- [ RunTime:0.000631s ]
INFO: [ app_end ] --START--
INFO: Run Behavior\ShowPageTraceBehavior [ RunTime:0.001397s ]
INFO: [ app_end ] --END-- [ RunTime:0.001626s ]

[ 2014-04-28T11:39:22+08:00 ] 127.0.0.1 /video/index.php/home/Index/testxml
INFO: [ app_init ] --START--
INFO: Run Behavior\BuildLiteBehavior [ RunTime:0.000026s ]
INFO: [ app_init ] --END-- [ RunTime:0.000489s ]
INFO: [ app_begin ] --START--
INFO: Run Behavior\ReadHtmlCacheBehavior [ RunTime:0.000589s ]
INFO: [ app_begin ] --END-- [ RunTime:0.000691s ]
INFO: [ app_end ] --START--
INFO: Run Behavior\ShowPageTraceBehavior [ RunTime:0.000694s ]
INFO: [ app_end ] --END-- [ RunTime:0.000815s ]

[ 2014-04-28T11:39:23+08:00 ] 127.0.0.1 /video/index.php/home/Index/testxml
INFO: [ app_init ] --START--
INFO: Run Behavior\BuildLiteBehavior [ RunTime:0.000021s ]
INFO: [ app_init ] --END-- [ RunTime:0.000390s ]
INFO: [ app_begin ] --START--
INFO: Run Behavior\ReadHtmlCacheBehavior [ RunTime:0.000484s ]
INFO: [ app_begin ] --END-- [ RunTime:0.000569s ]
INFO: [ app_end ] --START--
INFO: Run Behavior\ShowPageTraceBehavior [ RunTime:0.000716s ]
INFO: [ app_end ] --END-- [ RunTime:0.000840s ]

[ 2014-04-28T11:41:05+08:00 ] 127.0.0.1 /video/index.php/home/Index/testxml
INFO: [ app_init ] --START--
INFO: Run Behavior\BuildLiteBehavior [ RunTime:0.000034s ]
INFO: [ app_init ] --END-- [ RunTime:0.001127s ]
INFO: [ app_begin ] --START--
INFO: Run Behavior\ReadHtmlCacheBehavior [ RunTime:0.001197s ]
INFO: [ app_begin ] --END-- [ RunTime:0.001318s ]
INFO: [ app_end ] --START--
INFO: Run Behavior\ShowPageTraceBehavior [ RunTime:0.001310s ]
INFO: [ app_end ] --END-- [ RunTime:0.001479s ]

[ 2014-04-28T11:41:06+08:00 ] 127.0.0.1 /video/index.php/home/Index/testxml
INFO: [ app_init ] --START--
INFO: Run Behavior\BuildLiteBehavior [ RunTime:0.000030s ]
INFO: [ app_init ] --END-- [ RunTime:0.000400s ]
INFO: [ app_begin ] --START--
INFO: Run Behavior\ReadHtmlCacheBehavior [ RunTime:0.000478s ]
INFO: [ app_begin ] --END-- [ RunTime:0.000575s ]
INFO: [ app_end ] --START--
INFO: Run Behavior\ShowPageTraceBehavior [ RunTime:0.001570s ]
INFO: [ app_end ] --END-- [ RunTime:0.001826s ]

[ 2014-04-28T11:41:06+08:00 ] 127.0.0.1 /video/index.php/home/Index/testxml
INFO: [ app_init ] --START--
INFO: Run Behavior\BuildLiteBehavior [ RunTime:0.000039s ]
INFO: [ app_init ] --END-- [ RunTime:0.000603s ]
INFO: [ app_begin ] --START--
INFO: Run Behavior\ReadHtmlCacheBehavior [ RunTime:0.000622s ]
INFO: [ app_begin ] --END-- [ RunTime:0.000726s ]
INFO: [ app_end ] --START--
INFO: Run Behavior\ShowPageTraceBehavior [ RunTime:0.000936s ]
INFO: [ app_end ] --END-- [ RunTime:0.001107s ]

[ 2014-04-28T11:41:07+08:00 ] 127.0.0.1 /video/index.php/home/Index/testxml
INFO: [ app_init ] --START--
INFO: Run Behavior\BuildLiteBehavior [ RunTime:0.000024s ]
INFO: [ app_init ] --END-- [ RunTime:0.000478s ]
INFO: [ app_begin ] --START--
INFO: Run Behavior\ReadHtmlCacheBehavior [ RunTime:0.000490s ]
INFO: [ app_begin ] --END-- [ RunTime:0.000575s ]
INFO: [ app_end ] --START--
INFO: Run Behavior\ShowPageTraceBehavior [ RunTime:0.001377s ]
INFO: [ app_end ] --END-- [ RunTime:0.001617s ]

[ 2014-04-28T11:41:08+08:00 ] 127.0.0.1 /video/index.php/home/Index/testxml
INFO: [ app_init ] --START--
INFO: Run Behavior\BuildLiteBehavior [ RunTime:0.000031s ]
INFO: [ app_init ] --END-- [ RunTime:0.000621s ]
INFO: [ app_begin ] --START--
INFO: Run Behavior\ReadHtmlCacheBehavior [ RunTime:0.000608s ]
INFO: [ app_begin ] --END-- [ RunTime:0.000731s ]
INFO: [ app_end ] --START--
INFO: Run Behavior\ShowPageTraceBehavior [ RunTime:0.001338s ]
INFO: [ app_end ] --END-- [ RunTime:0.001624s ]

[ 2014-04-28T11:41:08+08:00 ] 127.0.0.1 /video/index.php/home/Index/testxml
INFO: [ app_init ] --START--
INFO: Run Behavior\BuildLiteBehavior [ RunTime:0.000020s ]
INFO: [ app_init ] --END-- [ RunTime:0.000388s ]
INFO: [ app_begin ] --START--
INFO: Run Behavior\ReadHtmlCacheBehavior [ RunTime:0.000493s ]
INFO: [ app_begin ] --END-- [ RunTime:0.000578s ]
INFO: [ app_end ] --START--
INFO: Run Behavior\ShowPageTraceBehavior [ RunTime:0.001244s ]
INFO: [ app_end ] --END-- [ RunTime:0.001457s ]

[ 2014-04-28T11:41:16+08:00 ] 127.0.0.1 /video/index.php/home/Index/testxml
INFO: [ app_init ] --START--
INFO: Run Behavior\BuildLiteBehavior [ RunTime:0.000021s ]
INFO: [ app_init ] --END-- [ RunTime:0.000492s ]
INFO: [ app_begin ] --START--
INFO: Run Behavior\ReadHtmlCacheBehavior [ RunTime:0.000883s ]
INFO: [ app_begin ] --END-- [ RunTime:0.001049s ]
INFO: [ app_end ] --START--
INFO: Run Behavior\ShowPageTraceBehavior [ RunTime:0.001251s ]
INFO: [ app_end ] --END-- [ RunTime:0.001440s ]

[ 2014-04-28T11:41:16+08:00 ] 127.0.0.1 /video/index.php/home/Index/testxml
INFO: [ app_init ] --START--
INFO: Run Behavior\BuildLiteBehavior [ RunTime:0.000019s ]
INFO: [ app_init ] --END-- [ RunTime:0.000385s ]
INFO: [ app_begin ] --START--
INFO: Run Behavior\ReadHtmlCacheBehavior [ RunTime:0.000490s ]
INFO: [ app_begin ] --END-- [ RunTime:0.000574s ]
INFO: [ app_end ] --START--
INFO: Run Behavior\ShowPageTraceBehavior [ RunTime:0.000645s ]
INFO: [ app_end ] --END-- [ RunTime:0.000767s ]

[ 2014-04-28T11:41:21+08:00 ] 127.0.0.1 /video/index.php/home/Index/testxml
INFO: [ app_init ] --START--
INFO: Run Behavior\BuildLiteBehavior [ RunTime:0.000037s ]
INFO: [ app_init ] --END-- [ RunTime:0.000740s ]
INFO: [ app_begin ] --START--
INFO: Run Behavior\ReadHtmlCacheBehavior [ RunTime:0.000911s ]
INFO: [ app_begin ] --END-- [ RunTime:0.001089s ]
INFO: [ app_end ] --START--
INFO: Run Behavior\ShowPageTraceBehavior [ RunTime:0.000987s ]
INFO: [ app_end ] --END-- [ RunTime:0.001176s ]

[ 2014-04-28T11:41:22+08:00 ] 127.0.0.1 /video/index.php/home/Index/testxml
INFO: [ app_init ] --START--
INFO: Run Behavior\BuildLiteBehavior [ RunTime:0.000019s ]
INFO: [ app_init ] --END-- [ RunTime:0.000398s ]
INFO: [ app_begin ] --START--
INFO: Run Behavior\ReadHtmlCacheBehavior [ RunTime:0.000478s ]
INFO: [ app_begin ] --END-- [ RunTime:0.000562s ]
INFO: [ app_end ] --START--
INFO: Run Behavior\ShowPageTraceBehavior [ RunTime:0.000704s ]
INFO: [ app_end ] --END-- [ RunTime:0.000832s ]

[ 2014-04-28T11:41:34+08:00 ] 127.0.0.1 /video/index.php/home/Index/testxml
INFO: [ app_init ] --START--
INFO: Run Behavior\BuildLiteBehavior [ RunTime:0.000021s ]
INFO: [ app_init ] --END-- [ RunTime:0.000829s ]
INFO: [ app_begin ] --START--
INFO: Run Behavior\ReadHtmlCacheBehavior [ RunTime:0.001372s ]
INFO: [ app_begin ] --END-- [ RunTime:0.001507s ]
INFO: [ app_end ] --START--
INFO: Run Behavior\ShowPageTraceBehavior [ RunTime:0.001357s ]
INFO: [ app_end ] --END-- [ RunTime:0.001554s ]

[ 2014-04-28T11:41:35+08:00 ] 127.0.0.1 /video/index.php/home/Index/testxml
INFO: [ app_init ] --START--
INFO: Run Behavior\BuildLiteBehavior [ RunTime:0.000019s ]
INFO: [ app_init ] --END-- [ RunTime:0.000387s ]
INFO: [ app_begin ] --START--
INFO: Run Behavior\ReadHtmlCacheBehavior [ RunTime:0.000481s ]
INFO: [ app_begin ] --END-- [ RunTime:0.000563s ]
INFO: [ app_end ] --START--
INFO: Run Behavior\ShowPageTraceBehavior [ RunTime:0.001345s ]
INFO: [ app_end ] --END-- [ RunTime:0.001581s ]

[ 2014-04-28T11:41:36+08:00 ] 127.0.0.1 /video/index.php/home/Index/testxml
INFO: [ app_init ] --START--
INFO: Run Behavior\BuildLiteBehavior [ RunTime:0.000023s ]
INFO: [ app_init ] --END-- [ RunTime:0.000471s ]
INFO: [ app_begin ] --START--
INFO: Run Behavior\ReadHtmlCacheBehavior [ RunTime:0.000935s ]
INFO: [ app_begin ] --END-- [ RunTime:0.001075s ]
INFO: [ app_end ] --START--
INFO: Run Behavior\ShowPageTraceBehavior [ RunTime:0.001421s ]
INFO: [ app_end ] --END-- [ RunTime:0.001678s ]

[ 2014-04-28T11:41:37+08:00 ] 127.0.0.1 /video/index.php/home/Index/testxml
INFO: [ app_init ] --START--
INFO: Run Behavior\BuildLiteBehavior [ RunTime:0.000026s ]
INFO: [ app_init ] --END-- [ RunTime:0.000457s ]
INFO: [ app_begin ] --START--
INFO: Run Behavior\ReadHtmlCacheBehavior [ RunTime:0.000499s ]
INFO: [ app_begin ] --END-- [ RunTime:0.000582s ]
INFO: [ app_end ] --START--
INFO: Run Behavior\ShowPageTraceBehavior [ RunTime:0.001070s ]
INFO: [ app_end ] --END-- [ RunTime:0.001260s ]

[ 2014-04-28T11:41:37+08:00 ] 127.0.0.1 /video/index.php/home/Index/testxml
INFO: [ app_init ] --START--
INFO: Run Behavior\BuildLiteBehavior [ RunTime:0.000021s ]
INFO: [ app_init ] --END-- [ RunTime:0.000388s ]
INFO: [ app_begin ] --START--
INFO: Run Behavior\ReadHtmlCacheBehavior [ RunTime:0.000483s ]
INFO: [ app_begin ] --END-- [ RunTime:0.000567s ]
INFO: [ app_end ] --START--
INFO: Run Behavior\ShowPageTraceBehavior [ RunTime:0.001300s ]
INFO: [ app_end ] --END-- [ RunTime:0.001514s ]

[ 2014-04-28T11:41:38+08:00 ] 127.0.0.1 /video/index.php/home/Index/testxml
INFO: [ app_init ] --START--
INFO: Run Behavior\BuildLiteBehavior [ RunTime:0.000020s ]
INFO: [ app_init ] --END-- [ RunTime:0.000401s ]
INFO: [ app_begin ] --START--
INFO: Run Behavior\ReadHtmlCacheBehavior [ RunTime:0.000484s ]
INFO: [ app_begin ] --END-- [ RunTime:0.000566s ]
INFO: [ app_end ] --START--
INFO: Run Behavior\ShowPageTraceBehavior [ RunTime:0.001894s ]
INFO: [ app_end ] --END-- [ RunTime:0.002179s ]

[ 2014-04-28T11:41:38+08:00 ] 127.0.0.1 /video/index.php/home/Index/testxml
INFO: [ app_init ] --START--
INFO: Run Behavior\BuildLiteBehavior [ RunTime:0.000019s ]
INFO: [ app_init ] --END-- [ RunTime:0.000386s ]
INFO: [ app_begin ] --START--
INFO: Run Behavior\ReadHtmlCacheBehavior [ RunTime:0.000480s ]
INFO: [ app_begin ] --END-- [ RunTime:0.000563s ]
INFO: [ app_end ] --START--
INFO: Run Behavior\ShowPageTraceBehavior [ RunTime:0.000710s ]
INFO: [ app_end ] --END-- [ RunTime:0.000838s ]

[ 2014-04-28T12:59:01+08:00 ] 127.0.0.1 /video/
INFO: [ app_init ] --START--
INFO: Run Behavior\BuildLiteBehavior [ RunTime:0.000041s ]
INFO: [ app_init ] --END-- [ RunTime:0.003055s ]
INFO: [ app_begin ] --START--
INFO: Run Behavior\ReadHtmlCacheBehavior [ RunTime:0.001140s ]
INFO: [ app_begin ] --END-- [ RunTime:0.001288s ]
INFO: [ app_end ] --START--
INFO: Run Behavior\ShowPageTraceBehavior [ RunTime:0.002445s ]
INFO: [ app_end ] --END-- [ RunTime:0.002644s ]

[ 2014-04-28T13:00:42+08:00 ] 127.0.0.1 /video/
INFO: [ app_init ] --START--
INFO: Run Behavior\BuildLiteBehavior [ RunTime:0.000030s ]
INFO: [ app_init ] --END-- [ RunTime:0.000969s ]
INFO: [ app_begin ] --START--
INFO: Run Behavior\ReadHtmlCacheBehavior [ RunTime:0.001196s ]
INFO: [ app_begin ] --END-- [ RunTime:0.001332s ]
NOTIC: [2] simplexml_load_string() [<a href='function.simplexml-load-string'>function.simplexml-load-string</a>]: Entity: line 1: parser error : Space required after the Public Identifier /Applications/XAMPP/xamppfiles/htdocs/video/Application/Home/Controller/apiHandler.class.php 第 107 行.
NOTIC: [2] simplexml_load_string() [<a href='function.simplexml-load-string'>function.simplexml-load-string</a>]: &lt;!DOCTYPE HTML PUBLIC &quot;-//IETF//DTD HTML 2.0//EN&quot;&gt; /Applications/XAMPP/xamppfiles/htdocs/video/Application/Home/Controller/apiHandler.class.php 第 107 行.
NOTIC: [2] simplexml_load_string() [<a href='function.simplexml-load-string'>function.simplexml-load-string</a>]:                                                  ^ /Applications/XAMPP/xamppfiles/htdocs/video/Application/Home/Controller/apiHandler.class.php 第 107 行.
NOTIC: [2] simplexml_load_string() [<a href='function.simplexml-load-string'>function.simplexml-load-string</a>]: Entity: line 1: parser error : SystemLiteral &quot; or ' expected /Applications/XAMPP/xamppfiles/htdocs/video/Application/Home/Controller/apiHandler.class.php 第 107 行.
NOTIC: [2] simplexml_load_string() [<a href='function.simplexml-load-string'>function.simplexml-load-string</a>]: &lt;!DOCTYPE HTML PUBLIC &quot;-//IETF//DTD HTML 2.0//EN&quot;&gt; /Applications/XAMPP/xamppfiles/htdocs/video/Application/Home/Controller/apiHandler.class.php 第 107 行.
NOTIC: [2] simplexml_load_string() [<a href='function.simplexml-load-string'>function.simplexml-load-string</a>]:                                                  ^ /Applications/XAMPP/xamppfiles/htdocs/video/Application/Home/Controller/apiHandler.class.php 第 107 行.
NOTIC: [2] simplexml_load_string() [<a href='function.simplexml-load-string'>function.simplexml-load-string</a>]: Entity: line 1: parser error : SYSTEM or PUBLIC, the URI is missing /Applications/XAMPP/xamppfiles/htdocs/video/Application/Home/Controller/apiHandler.class.php 第 107 行.
NOTIC: [2] simplexml_load_string() [<a href='function.simplexml-load-string'>function.simplexml-load-string</a>]: &lt;!DOCTYPE HTML PUBLIC &quot;-//IETF//DTD HTML 2.0//EN&quot;&gt; /Applications/XAMPP/xamppfiles/htdocs/video/Application/Home/Controller/apiHandler.class.php 第 107 行.
NOTIC: [2] simplexml_load_string() [<a href='function.simplexml-load-string'>function.simplexml-load-string</a>]:                                                  ^ /Applications/XAMPP/xamppfiles/htdocs/video/Application/Home/Controller/apiHandler.class.php 第 107 行.
NOTIC: [8] Trying to get property of non-object /Applications/XAMPP/xamppfiles/htdocs/video/Application/Home/Controller/apiHandler.class.php 第 108 行.
INFO: [ app_end ] --START--
INFO: Run Behavior\ShowPageTraceBehavior [ RunTime:0.001404s ]
INFO: [ app_end ] --END-- [ RunTime:0.001609s ]

[ 2014-04-28T13:04:14+08:00 ] 127.0.0.1 /video/
INFO: [ app_init ] --START--
INFO: Run Behavior\BuildLiteBehavior [ RunTime:0.000029s ]
INFO: [ app_init ] --END-- [ RunTime:0.000943s ]
INFO: [ app_begin ] --START--
INFO: Run Behavior\ReadHtmlCacheBehavior [ RunTime:0.001031s ]
INFO: [ app_begin ] --END-- [ RunTime:0.001135s ]
NOTIC: [8] Trying to get property of non-object /Applications/XAMPP/xamppfiles/htdocs/video/Application/Home/Controller/apiHandler.class.php 第 108 行.
NOTIC: [8] Trying to get property of non-object /Applications/XAMPP/xamppfiles/htdocs/video/Application/Home/Controller/apiHandler.class.php 第 108 行.
NOTIC: [8] Trying to get property of non-object /Applications/XAMPP/xamppfiles/htdocs/video/Application/Home/Controller/apiHandler.class.php 第 108 行.
NOTIC: [8] Trying to get property of non-object /Applications/XAMPP/xamppfiles/htdocs/video/Application/Home/Controller/apiHandler.class.php 第 108 行.
NOTIC: [8] Trying to get property of non-object /Applications/XAMPP/xamppfiles/htdocs/video/Application/Home/Controller/apiHandler.class.php 第 108 行.
NOTIC: [8] Trying to get property of non-object /Applications/XAMPP/xamppfiles/htdocs/video/Application/Home/Controller/apiHandler.class.php 第 108 行.
NOTIC: [8] Trying to get property of non-object /Applications/XAMPP/xamppfiles/htdocs/video/Application/Home/Controller/apiHandler.class.php 第 108 行.
NOTIC: [8] Trying to get property of non-object /Applications/XAMPP/xamppfiles/htdocs/video/Application/Home/Controller/apiHandler.class.php 第 108 行.
NOTIC: [8] Trying to get property of non-object /Applications/XAMPP/xamppfiles/htdocs/video/Application/Home/Controller/apiHandler.class.php 第 108 行.
NOTIC: [8] Trying to get property of non-object /Applications/XAMPP/xamppfiles/htdocs/video/Application/Home/Controller/apiHandler.class.php 第 108 行.
NOTIC: [8] Trying to get property of non-object /Applications/XAMPP/xamppfiles/htdocs/video/Application/Home/Controller/apiHandler.class.php 第 108 行.
NOTIC: [8] Trying to get property of non-object /Applications/XAMPP/xamppfiles/htdocs/video/Application/Home/Controller/apiHandler.class.php 第 108 行.
NOTIC: [8] Trying to get property of non-object /Applications/XAMPP/xamppfiles/htdocs/video/Application/Home/Controller/apiHandler.class.php 第 108 行.
NOTIC: [8] Trying to get property of non-object /Applications/XAMPP/xamppfiles/htdocs/video/Application/Home/Controller/apiHandler.class.php 第 108 行.
NOTIC: [8] Trying to get property of non-object /Applications/XAMPP/xamppfiles/htdocs/video/Application/Home/Controller/apiHandler.class.php 第 108 行.
NOTIC: [8] Trying to get property of non-object /Applications/XAMPP/xamppfiles/htdocs/video/Application/Home/Controller/apiHandler.class.php 第 108 行.
NOTIC: [8] Trying to get property of non-object /Applications/XAMPP/xamppfiles/htdocs/video/Application/Home/Controller/apiHandler.class.php 第 108 行.
NOTIC: [8] Trying to get property of non-object /Applications/XAMPP/xamppfiles/htdocs/video/Application/Home/Controller/apiHandler.class.php 第 108 行.
NOTIC: [8] Trying to get property of non-object /Applications/XAMPP/xamppfiles/htdocs/video/Application/Home/Controller/apiHandler.class.php 第 108 行.
NOTIC: [8] Trying to get property of non-object /Applications/XAMPP/xamppfiles/htdocs/video/Application/Home/Controller/apiHandler.class.php 第 108 行.
NOTIC: [8] Trying to get property of non-object /Applications/XAMPP/xamppfiles/htdocs/video/Application/Home/Controller/apiHandler.class.php 第 108 行.
NOTIC: [8] Trying to get property of non-object /Applications/XAMPP/xamppfiles/htdocs/video/Application/Home/Controller/apiHandler.class.php 第 108 行.
NOTIC: [8] Trying to get property of non-object /Applications/XAMPP/xamppfiles/htdocs/video/Application/Home/Controller/apiHandler.class.php 第 108 行.
NOTIC: [8] Trying to get property of non-object /Applications/XAMPP/xamppfiles/htdocs/video/Application/Home/Controller/apiHandler.class.php 第 108 行.
NOTIC: [8] Trying to get property of non-object /Applications/XAMPP/xamppfiles/htdocs/video/Application/Home/Controller/apiHandler.class.php 第 108 行.
NOTIC: [8] Trying to get property of non-object /Applications/XAMPP/xamppfiles/htdocs/video/Application/Home/Controller/apiHandler.class.php 第 108 行.
NOTIC: [8] Trying to get property of non-object /Applications/XAMPP/xamppfiles/htdocs/video/Application/Home/Controller/apiHandler.class.php 第 108 行.
NOTIC: [8] Trying to get property of non-object /Applications/XAMPP/xamppfiles/htdocs/video/Application/Home/Controller/apiHandler.class.php 第 108 行.
NOTIC: [8] Trying to get property of non-object /Applications/XAMPP/xamppfiles/htdocs/video/Application/Home/Controller/apiHandler.class.php 第 108 行.
NOTIC: [8] Trying to get property of non-object /Applications/XAMPP/xamppfiles/htdocs/video/Application/Home/Controller/apiHandler.class.php 第 108 行.
NOTIC: [8] Trying to get property of non-object /Applications/XAMPP/xamppfiles/htdocs/video/Application/Home/Controller/apiHandler.class.php 第 108 行.
NOTIC: [8] Trying to get property of non-object /Applications/XAMPP/xamppfiles/htdocs/video/Application/Home/Controller/apiHandler.class.php 第 108 行.
NOTIC: [8] Trying to get property of non-object /Applications/XAMPP/xamppfiles/htdocs/video/Application/Home/Controller/apiHandler.class.php 第 108 行.
NOTIC: [8] Trying to get property of non-object /Applications/XAMPP/xamppfiles/htdocs/video/Application/Home/Controller/apiHandler.class.php 第 108 行.
NOTIC: [8] Trying to get property of non-object /Applications/XAMPP/xamppfiles/htdocs/video/Application/Home/Controller/apiHandler.class.php 第 108 行.
NOTIC: [8] Trying to get property of non-object /Applications/XAMPP/xamppfiles/htdocs/video/Application/Home/Controller/apiHandler.class.php 第 108 行.
NOTIC: [8] Trying to get property of non-object /Applications/XAMPP/xamppfiles/htdocs/video/Application/Home/Controller/apiHandler.class.php 第 108 行.
NOTIC: [8] Trying to get property of non-object /Applications/XAMPP/xamppfiles/htdocs/video/Application/Home/Controller/apiHandler.class.php 第 108 行.
NOTIC: [8] Trying to get property of non-object /Applications/XAMPP/xamppfiles/htdocs/video/Application/Home/Controller/apiHandler.class.php 第 108 行.
NOTIC: [8] Trying to get property of non-object /Applications/XAMPP/xamppfiles/htdocs/video/Application/Home/Controller/apiHandler.class.php 第 108 行.
NOTIC: [8] Trying to get property of non-object /Applications/XAMPP/xamppfiles/htdocs/video/Application/Home/Controller/apiHandler.class.php 第 108 行.
NOTIC: [8] Trying to get property of non-object /Applications/XAMPP/xamppfiles/htdocs/video/Application/Home/Controller/apiHandler.class.php 第 108 行.
NOTIC: [2] simplexml_load_string() [<a href='function.simplexml-load-string'>function.simplexml-load-string</a>]: Entity: line 1: parser error : Space required after the Public Identifier /Applications/XAMPP/xamppfiles/htdocs/video/Application/Home/Controller/apiHandler.class.php 第 107 行.
NOTIC: [2] simplexml_load_string() [<a href='function.simplexml-load-string'>function.simplexml-load-string</a>]: &lt;!DOCTYPE HTML PUBLIC &quot;-//IETF//DTD HTML 2.0//EN&quot;&gt; /Applications/XAMPP/xamppfiles/htdocs/video/Application/Home/Controller/apiHandler.class.php 第 107 行.
NOTIC: [2] simplexml_load_string() [<a href='function.simplexml-load-string'>function.simplexml-load-string</a>]:                                                  ^ /Applications/XAMPP/xamppfiles/htdocs/video/Application/Home/Controller/apiHandler.class.php 第 107 行.
NOTIC: [2] simplexml_load_string() [<a href='function.simplexml-load-string'>function.simplexml-load-string</a>]: Entity: line 1: parser error : SystemLiteral &quot; or ' expected /Applications/XAMPP/xamppfiles/htdocs/video/Application/Home/Controller/apiHandler.class.php 第 107 行.
NOTIC: [2] simplexml_load_string() [<a href='function.simplexml-load-string'>function.simplexml-load-string</a>]: &lt;!DOCTYPE HTML PUBLIC &quot;-//IETF//DTD HTML 2.0//EN&quot;&gt; /Applications/XAMPP/xamppfiles/htdocs/video/Application/Home/Controller/apiHandler.class.php 第 107 行.
NOTIC: [2] simplexml_load_string() [<a href='function.simplexml-load-string'>function.simplexml-load-string</a>]:                                                  ^ /Applications/XAMPP/xamppfiles/htdocs/video/Application/Home/Controller/apiHandler.class.php 第 107 行.
NOTIC: [2] simplexml_load_string() [<a href='function.simplexml-load-string'>function.simplexml-load-string</a>]: Entity: line 1: parser error : SYSTEM or PUBLIC, the URI is missing /Applications/XAMPP/xamppfiles/htdocs/video/Application/Home/Controller/apiHandler.class.php 第 107 行.
NOTIC: [2] simplexml_load_string() [<a href='function.simplexml-load-string'>function.simplexml-load-string</a>]: &lt;!DOCTYPE HTML PUBLIC &quot;-//IETF//DTD HTML 2.0//EN&quot;&gt; /Applications/XAMPP/xamppfiles/htdocs/video/Application/Home/Controller/apiHandler.class.php 第 107 行.
NOTIC: [2] simplexml_load_string() [<a href='function.simplexml-load-string'>function.simplexml-load-string</a>]:                                                  ^ /Applications/XAMPP/xamppfiles/htdocs/video/Application/Home/Controller/apiHandler.class.php 第 107 行.
NOTIC: [8] Trying to get property of non-object /Applications/XAMPP/xamppfiles/htdocs/video/Application/Home/Controller/apiHandler.class.php 第 108 行.
NOTIC: [8] Trying to get property of non-object /Applications/XAMPP/xamppfiles/htdocs/video/Application/Home/Controller/apiHandler.class.php 第 108 行.
NOTIC: [8] Trying to get property of non-object /Applications/XAMPP/xamppfiles/htdocs/video/Application/Home/Controller/apiHandler.class.php 第 108 行.
NOTIC: [8] Trying to get property of non-object /Applications/XAMPP/xamppfiles/htdocs/video/Application/Home/Controller/apiHandler.class.php 第 108 行.
NOTIC: [8] Trying to get property of non-object /Applications/XAMPP/xamppfiles/htdocs/video/Application/Home/Controller/apiHandler.class.php 第 108 行.
NOTIC: [8] Trying to get property of non-object /Applications/XAMPP/xamppfiles/htdocs/video/Application/Home/Controller/apiHandler.class.php 第 108 行.
NOTIC: [8] Trying to get property of non-object /Applications/XAMPP/xamppfiles/htdocs/video/Application/Home/Controller/apiHandler.class.php 第 108 行.
NOTIC: [8] Trying to get property of non-object /Applications/XAMPP/xamppfiles/htdocs/video/Application/Home/Controller/apiHandler.class.php 第 108 行.
NOTIC: [8] Trying to get property of non-object /Applications/XAMPP/xamppfiles/htdocs/video/Application/Home/Controller/apiHandler.class.php 第 108 行.
NOTIC: [8] Trying to get property of non-object /Applications/XAMPP/xamppfiles/htdocs/video/Application/Home/Controller/apiHandler.class.php 第 108 行.
NOTIC: [8] Trying to get property of non-object /Applications/XAMPP/xamppfiles/htdocs/video/Application/Home/Controller/apiHandler.class.php 第 108 行.
NOTIC: [8] Trying to get property of non-object /Applications/XAMPP/xamppfiles/htdocs/video/Application/Home/Controller/apiHandler.class.php 第 108 行.
NOTIC: [8] Trying to get property of non-object /Applications/XAMPP/xamppfiles/htdocs/video/Application/Home/Controller/apiHandler.class.php 第 108 行.
NOTIC: [8] Trying to get property of non-object /Applications/XAMPP/xamppfiles/htdocs/video/Application/Home/Controller/apiHandler.class.php 第 108 行.
NOTIC: [8] Trying to get property of non-object /Applications/XAMPP/xamppfiles/htdocs/video/Application/Home/Controller/apiHandler.class.php 第 108 行.
NOTIC: [8] Trying to get property of non-object /Applications/XAMPP/xamppfiles/htdocs/video/Application/Home/Controller/apiHandler.class.php 第 108 行.
NOTIC: [8] Trying to get property of non-object /Applications/XAMPP/xamppfiles/htdocs/video/Application/Home/Controller/apiHandler.class.php 第 108 行.
NOTIC: [8] Trying to get property of non-object /Applications/XAMPP/xamppfiles/htdocs/video/Application/Home/Controller/apiHandler.class.php 第 108 行.
NOTIC: [8] Trying to get property of non-object /Applications/XAMPP/xamppfiles/htdocs/video/Application/Home/Controller/apiHandler.class.php 第 108 行.
NOTIC: [8] Trying to get property of non-object /Applications/XAMPP/xamppfiles/htdocs/video/Application/Home/Controller/apiHandler.class.php 第 108 行.
NOTIC: [8] Trying to get property of non-object /Applications/XAMPP/xamppfiles/htdocs/video/Application/Home/Controller/apiHandler.class.php 第 108 行.
NOTIC: [8] Trying to get property of non-object /Applications/XAMPP/xamppfiles/htdocs/video/Application/Home/Controller/apiHandler.class.php 第 108 行.
NOTIC: [8] Trying to get property of non-object /Applications/XAMPP/xamppfiles/htdocs/video/Application/Home/Controller/apiHandler.class.php 第 108 行.
NOTIC: [8] Trying to get property of non-object /Applications/XAMPP/xamppfiles/htdocs/video/Application/Home/Controller/apiHandler.class.php 第 108 行.
INFO: [ app_end ] --START--
INFO: Run Behavior\ShowPageTraceBehavior [ RunTime:0.002229s ]
INFO: [ app_end ] --END-- [ RunTime:0.002480s ]

[ 2014-04-28T13:06:04+08:00 ] 127.0.0.1 /video/
INFO: [ app_init ] --START--
INFO: Run Behavior\BuildLiteBehavior [ RunTime:0.000021s ]
INFO: [ app_init ] --END-- [ RunTime:0.000824s ]
INFO: [ app_begin ] --START--
INFO: Run Behavior\ReadHtmlCacheBehavior [ RunTime:0.000957s ]
INFO: [ app_begin ] --END-- [ RunTime:0.001057s ]

[ 2014-04-28T13:07:22+08:00 ] 127.0.0.1 /video/
INFO: [ app_init ] --START--
INFO: Run Behavior\BuildLiteBehavior [ RunTime:0.000045s ]
INFO: [ app_init ] --END-- [ RunTime:0.001132s ]
INFO: [ app_begin ] --START--
INFO: Run Behavior\ReadHtmlCacheBehavior [ RunTime:0.001132s ]
INFO: [ app_begin ] --END-- [ RunTime:0.001251s ]
NOTIC: [2] simplexml_load_string() [<a href='function.simplexml-load-string'>function.simplexml-load-string</a>]: Entity: line 1: parser error : Space required after the Public Identifier /Applications/XAMPP/xamppfiles/htdocs/video/Application/Home/Controller/apiHandler.class.php 第 107 行.
NOTIC: [2] simplexml_load_string() [<a href='function.simplexml-load-string'>function.simplexml-load-string</a>]: &lt;!DOCTYPE HTML PUBLIC &quot;-//IETF//DTD HTML 2.0//EN&quot;&gt; /Applications/XAMPP/xamppfiles/htdocs/video/Application/Home/Controller/apiHandler.class.php 第 107 行.
NOTIC: [2] simplexml_load_string() [<a href='function.simplexml-load-string'>function.simplexml-load-string</a>]:                                                  ^ /Applications/XAMPP/xamppfiles/htdocs/video/Application/Home/Controller/apiHandler.class.php 第 107 行.
NOTIC: [2] simplexml_load_string() [<a href='function.simplexml-load-string'>function.simplexml-load-string</a>]: Entity: line 1: parser error : SystemLiteral &quot; or ' expected /Applications/XAMPP/xamppfiles/htdocs/video/Application/Home/Controller/apiHandler.class.php 第 107 行.
NOTIC: [2] simplexml_load_string() [<a href='function.simplexml-load-string'>function.simplexml-load-string</a>]: &lt;!DOCTYPE HTML PUBLIC &quot;-//IETF//DTD HTML 2.0//EN&quot;&gt; /Applications/XAMPP/xamppfiles/htdocs/video/Application/Home/Controller/apiHandler.class.php 第 107 行.
NOTIC: [2] simplexml_load_string() [<a href='function.simplexml-load-string'>function.simplexml-load-string</a>]:                                                  ^ /Applications/XAMPP/xamppfiles/htdocs/video/Application/Home/Controller/apiHandler.class.php 第 107 行.
NOTIC: [2] simplexml_load_string() [<a href='function.simplexml-load-string'>function.simplexml-load-string</a>]: Entity: line 1: parser error : SYSTEM or PUBLIC, the URI is missing /Applications/XAMPP/xamppfiles/htdocs/video/Application/Home/Controller/apiHandler.class.php 第 107 行.
NOTIC: [2] simplexml_load_string() [<a href='function.simplexml-load-string'>function.simplexml-load-string</a>]: &lt;!DOCTYPE HTML PUBLIC &quot;-//IETF//DTD HTML 2.0//EN&quot;&gt; /Applications/XAMPP/xamppfiles/htdocs/video/Application/Home/Controller/apiHandler.class.php 第 107 行.
NOTIC: [2] simplexml_load_string() [<a href='function.simplexml-load-string'>function.simplexml-load-string</a>]:                                                  ^ /Applications/XAMPP/xamppfiles/htdocs/video/Application/Home/Controller/apiHandler.class.php 第 107 行.
NOTIC: [8] Trying to get property of non-object /Applications/XAMPP/xamppfiles/htdocs/video/Application/Home/Controller/apiHandler.class.php 第 108 行.
INFO: [ app_end ] --START--
INFO: Run Behavior\ShowPageTraceBehavior [ RunTime:0.004681s ]
INFO: [ app_end ] --END-- [ RunTime:0.004963s ]

[ 2014-04-28T15:46:44+08:00 ] 127.0.0.1 /video/
INFO: [ app_init ] --START--
INFO: Run Behavior\BuildLiteBehavior [ RunTime:0.000030s ]
INFO: [ app_init ] --END-- [ RunTime:0.002008s ]
INFO: [ app_begin ] --START--
INFO: Run Behavior\ReadHtmlCacheBehavior [ RunTime:0.001170s ]
INFO: [ app_begin ] --END-- [ RunTime:0.001300s ]
NOTIC: [2] simplexml_load_string() [<a href='function.simplexml-load-string'>function.simplexml-load-string</a>]: Entity: line 1: parser error : Space required after the Public Identifier /Applications/XAMPP/xamppfiles/htdocs/video/Application/Home/Controller/apiHandler.class.php 第 107 行.
NOTIC: [2] simplexml_load_string() [<a href='function.simplexml-load-string'>function.simplexml-load-string</a>]: &lt;!DOCTYPE HTML PUBLIC &quot;-//IETF//DTD HTML 2.0//EN&quot;&gt; /Applications/XAMPP/xamppfiles/htdocs/video/Application/Home/Controller/apiHandler.class.php 第 107 行.
NOTIC: [2] simplexml_load_string() [<a href='function.simplexml-load-string'>function.simplexml-load-string</a>]:                                                  ^ /Applications/XAMPP/xamppfiles/htdocs/video/Application/Home/Controller/apiHandler.class.php 第 107 行.
NOTIC: [2] simplexml_load_string() [<a href='function.simplexml-load-string'>function.simplexml-load-string</a>]: Entity: line 1: parser error : SystemLiteral &quot; or ' expected /Applications/XAMPP/xamppfiles/htdocs/video/Application/Home/Controller/apiHandler.class.php 第 107 行.
NOTIC: [2] simplexml_load_string() [<a href='function.simplexml-load-string'>function.simplexml-load-string</a>]: &lt;!DOCTYPE HTML PUBLIC &quot;-//IETF//DTD HTML 2.0//EN&quot;&gt; /Applications/XAMPP/xamppfiles/htdocs/video/Application/Home/Controller/apiHandler.class.php 第 107 行.
NOTIC: [2] simplexml_load_string() [<a href='function.simplexml-load-string'>function.simplexml-load-string</a>]:                                                  ^ /Applications/XAMPP/xamppfiles/htdocs/video/Application/Home/Controller/apiHandler.class.php 第 107 行.
NOTIC: [2] simplexml_load_string() [<a href='function.simplexml-load-string'>function.simplexml-load-string</a>]: Entity: line 1: parser error : SYSTEM or PUBLIC, the URI is missing /Applications/XAMPP/xamppfiles/htdocs/video/Application/Home/Controller/apiHandler.class.php 第 107 行.
NOTIC: [2] simplexml_load_string() [<a href='function.simplexml-load-string'>function.simplexml-load-string</a>]: &lt;!DOCTYPE HTML PUBLIC &quot;-//IETF//DTD HTML 2.0//EN&quot;&gt; /Applications/XAMPP/xamppfiles/htdocs/video/Application/Home/Controller/apiHandler.class.php 第 107 行.
NOTIC: [2] simplexml_load_string() [<a href='function.simplexml-load-string'>function.simplexml-load-string</a>]:                                                  ^ /Applications/XAMPP/xamppfiles/htdocs/video/Application/Home/Controller/apiHandler.class.php 第 107 行.
NOTIC: [8] Trying to get property of non-object /Applications/XAMPP/xamppfiles/htdocs/video/Application/Home/Controller/apiHandler.class.php 第 108 行.
INFO: [ app_end ] --START--
INFO: Run Behavior\ShowPageTraceBehavior [ RunTime:0.002572s ]
INFO: [ app_end ] --END-- [ RunTime:0.002801s ]

[ 2014-04-28T17:09:43+08:00 ] 127.0.0.1 /video/index.php
INFO: [ app_init ] --START--
INFO: Run Behavior\BuildLiteBehavior [ RunTime:0.000032s ]
INFO: [ app_init ] --END-- [ RunTime:0.001877s ]
INFO: [ app_begin ] --START--
INFO: Run Behavior\ReadHtmlCacheBehavior [ RunTime:0.001485s ]
INFO: [ app_begin ] --END-- [ RunTime:0.001668s ]
NOTIC: [2] simplexml_load_string() [<a href='function.simplexml-load-string'>function.simplexml-load-string</a>]: Entity: line 1: parser error : Space required after the Public Identifier /Applications/XAMPP/xamppfiles/htdocs/video/Application/Home/Controller/apiHandler.class.php 第 107 行.
NOTIC: [2] simplexml_load_string() [<a href='function.simplexml-load-string'>function.simplexml-load-string</a>]: &lt;!DOCTYPE HTML PUBLIC &quot;-//IETF//DTD HTML 2.0//EN&quot;&gt; /Applications/XAMPP/xamppfiles/htdocs/video/Application/Home/Controller/apiHandler.class.php 第 107 行.
NOTIC: [2] simplexml_load_string() [<a href='function.simplexml-load-string'>function.simplexml-load-string</a>]:                                                  ^ /Applications/XAMPP/xamppfiles/htdocs/video/Application/Home/Controller/apiHandler.class.php 第 107 行.
NOTIC: [2] simplexml_load_string() [<a href='function.simplexml-load-string'>function.simplexml-load-string</a>]: Entity: line 1: parser error : SystemLiteral &quot; or ' expected /Applications/XAMPP/xamppfiles/htdocs/video/Application/Home/Controller/apiHandler.class.php 第 107 行.
NOTIC: [2] simplexml_load_string() [<a href='function.simplexml-load-string'>function.simplexml-load-string</a>]: &lt;!DOCTYPE HTML PUBLIC &quot;-//IETF//DTD HTML 2.0//EN&quot;&gt; /Applications/XAMPP/xamppfiles/htdocs/video/Application/Home/Controller/apiHandler.class.php 第 107 行.
NOTIC: [2] simplexml_load_string() [<a href='function.simplexml-load-string'>function.simplexml-load-string</a>]:                                                  ^ /Applications/XAMPP/xamppfiles/htdocs/video/Application/Home/Controller/apiHandler.class.php 第 107 行.
NOTIC: [2] simplexml_load_string() [<a href='function.simplexml-load-string'>function.simplexml-load-string</a>]: Entity: line 1: parser error : SYSTEM or PUBLIC, the URI is missing /Applications/XAMPP/xamppfiles/htdocs/video/Application/Home/Controller/apiHandler.class.php 第 107 行.
NOTIC: [2] simplexml_load_string() [<a href='function.simplexml-load-string'>function.simplexml-load-string</a>]: &lt;!DOCTYPE HTML PUBLIC &quot;-//IETF//DTD HTML 2.0//EN&quot;&gt; /Applications/XAMPP/xamppfiles/htdocs/video/Application/Home/Controller/apiHandler.class.php 第 107 行.
NOTIC: [2] simplexml_load_string() [<a href='function.simplexml-load-string'>function.simplexml-load-string</a>]:                                                  ^ /Applications/XAMPP/xamppfiles/htdocs/video/Application/Home/Controller/apiHandler.class.php 第 107 行.
NOTIC: [8] Trying to get property of non-object /Applications/XAMPP/xamppfiles/htdocs/video/Application/Home/Controller/apiHandler.class.php 第 108 行.
INFO: [ app_end ] --START--
INFO: Run Behavior\ShowPageTraceBehavior [ RunTime:0.001311s ]
INFO: [ app_end ] --END-- [ RunTime:0.001527s ]

[ 2014-04-28T18:05:48+08:00 ] 127.0.0.1 /video/index.php/home/Index
INFO: [ app_init ] --START--
INFO: Run Behavior\BuildLiteBehavior [ RunTime:0.000031s ]
INFO: [ app_init ] --END-- [ RunTime:0.001890s ]
INFO: [ app_begin ] --START--
INFO: Run Behavior\ReadHtmlCacheBehavior [ RunTime:0.001368s ]
INFO: [ app_begin ] --END-- [ RunTime:0.001534s ]
NOTIC: [2] simplexml_load_string() [<a href='function.simplexml-load-string'>function.simplexml-load-string</a>]: Entity: line 1: parser error : Space required after the Public Identifier /Applications/XAMPP/xamppfiles/htdocs/video/Application/Home/Controller/apiHandler.class.php 第 107 行.
NOTIC: [2] simplexml_load_string() [<a href='function.simplexml-load-string'>function.simplexml-load-string</a>]: &lt;!DOCTYPE HTML PUBLIC &quot;-//IETF//DTD HTML 2.0//EN&quot;&gt; /Applications/XAMPP/xamppfiles/htdocs/video/Application/Home/Controller/apiHandler.class.php 第 107 行.
NOTIC: [2] simplexml_load_string() [<a href='function.simplexml-load-string'>function.simplexml-load-string</a>]:                                                  ^ /Applications/XAMPP/xamppfiles/htdocs/video/Application/Home/Controller/apiHandler.class.php 第 107 行.
NOTIC: [2] simplexml_load_string() [<a href='function.simplexml-load-string'>function.simplexml-load-string</a>]: Entity: line 1: parser error : SystemLiteral &quot; or ' expected /Applications/XAMPP/xamppfiles/htdocs/video/Application/Home/Controller/apiHandler.class.php 第 107 行.
NOTIC: [2] simplexml_load_string() [<a href='function.simplexml-load-string'>function.simplexml-load-string</a>]: &lt;!DOCTYPE HTML PUBLIC &quot;-//IETF//DTD HTML 2.0//EN&quot;&gt; /Applications/XAMPP/xamppfiles/htdocs/video/Application/Home/Controller/apiHandler.class.php 第 107 行.
NOTIC: [2] simplexml_load_string() [<a href='function.simplexml-load-string'>function.simplexml-load-string</a>]:                                                  ^ /Applications/XAMPP/xamppfiles/htdocs/video/Application/Home/Controller/apiHandler.class.php 第 107 行.
NOTIC: [2] simplexml_load_string() [<a href='function.simplexml-load-string'>function.simplexml-load-string</a>]: Entity: line 1: parser error : SYSTEM or PUBLIC, the URI is missing /Applications/XAMPP/xamppfiles/htdocs/video/Application/Home/Controller/apiHandler.class.php 第 107 行.
NOTIC: [2] simplexml_load_string() [<a href='function.simplexml-load-string'>function.simplexml-load-string</a>]: &lt;!DOCTYPE HTML PUBLIC &quot;-//IETF//DTD HTML 2.0//EN&quot;&gt; /Applications/XAMPP/xamppfiles/htdocs/video/Application/Home/Controller/apiHandler.class.php 第 107 行.
NOTIC: [2] simplexml_load_string() [<a href='function.simplexml-load-string'>function.simplexml-load-string</a>]:                                                  ^ /Applications/XAMPP/xamppfiles/htdocs/video/Application/Home/Controller/apiHandler.class.php 第 107 行.
NOTIC: [8] Trying to get property of non-object /Applications/XAMPP/xamppfiles/htdocs/video/Application/Home/Controller/apiHandler.class.php 第 108 行.
INFO: [ view_parse ] --START--
INFO: [ template_filter ] --START--
INFO: Run Behavior\ContentReplaceBehavior [ RunTime:0.000333s ]
INFO: [ template_filter ] --END-- [ RunTime:0.000482s ]
INFO: Run Behavior\ParseTemplateBehavior [ RunTime:0.033209s ]
INFO: [ view_parse ] --END-- [ RunTime:0.033375s ]
INFO: [ view_filter ] --START--
INFO: Run Behavior\WriteHtmlCacheBehavior [ RunTime:0.000638s ]
INFO: [ view_filter ] --END-- [ RunTime:0.000799s ]
INFO: [ app_end ] --START--
INFO: Run Behavior\ShowPageTraceBehavior [ RunTime:0.001623s ]
INFO: [ app_end ] --END-- [ RunTime:0.001797s ]

[ 2014-04-28T18:05:48+08:00 ] 127.0.0.1 /video/index.php/home/sea-modules/alice/base/1.0.2/base-debug.css
INFO: [ app_init ] --START--
INFO: Run Behavior\BuildLiteBehavior [ RunTime:0.000044s ]
INFO: [ app_init ] --END-- [ RunTime:0.000737s ]
INFO: [ app_begin ] --START--
INFO: Run Behavior\ReadHtmlCacheBehavior [ RunTime:0.000964s ]
INFO: [ app_begin ] --END-- [ RunTime:0.001183s ]
ERR: 无法加载控制器:Sea-modules

[ 2014-04-28T18:05:48+08:00 ] 127.0.0.1 /video/index.php/home/css/font-awesome.min.css
INFO: [ app_init ] --START--
INFO: Run Behavior\BuildLiteBehavior [ RunTime:0.000043s ]
INFO: [ app_init ] --END-- [ RunTime:0.000875s ]
INFO: [ app_begin ] --START--
INFO: Run Behavior\ReadHtmlCacheBehavior [ RunTime:0.001108s ]
INFO: [ app_begin ] --END-- [ RunTime:0.001299s ]
ERR: 无法加载控制器:Css

[ 2014-04-28T18:05:48+08:00 ] 127.0.0.1 /video/index.php/home/sea-modules/seajs/seajs/2.2.0/sea.js
INFO: [ app_init ] --START--
INFO: Run Behavior\BuildLiteBehavior [ RunTime:0.000043s ]
INFO: [ app_init ] --END-- [ RunTime:0.000836s ]
INFO: [ app_begin ] --START--
INFO: Run Behavior\ReadHtmlCacheBehavior [ RunTime:0.010036s ]
INFO: [ app_begin ] --END-- [ RunTime:0.010235s ]
ERR: 无法加载控制器:Sea-modules

[ 2014-04-28T18:05:48+08:00 ] 127.0.0.1 /video/index.php/home/css/main.css
INFO: [ app_init ] --START--
INFO: Run Behavior\BuildLiteBehavior [ RunTime:0.000033s ]
INFO: [ app_init ] --END-- [ RunTime:0.000622s ]
INFO: [ app_begin ] --START--
INFO: Run Behavior\ReadHtmlCacheBehavior [ RunTime:0.001295s ]
INFO: [ app_begin ] --END-- [ RunTime:0.001447s ]
ERR: 无法加载控制器:Css

[ 2014-04-28T18:07:12+08:00 ] 127.0.0.1 /video/index.php/home/testtpl
INFO: [ app_init ] --START--
INFO: Run Behavior\BuildLiteBehavior [ RunTime:0.000030s ]
INFO: [ app_init ] --END-- [ RunTime:0.000607s ]
INFO: [ app_begin ] --START--
INFO: Run Behavior\ReadHtmlCacheBehavior [ RunTime:0.000767s ]
INFO: [ app_begin ] --END-- [ RunTime:0.000896s ]
ERR: 无法加载控制器:Testtpl

[ 2014-04-28T18:07:24+08:00 ] 127.0.0.1 /video/index.php/home/Index/testtpl
INFO: [ app_init ] --START--
INFO: Run Behavior\BuildLiteBehavior [ RunTime:0.000022s ]
INFO: [ app_init ] --END-- [ RunTime:0.000447s ]
INFO: [ app_begin ] --START--
INFO: Run Behavior\ReadHtmlCacheBehavior [ RunTime:0.000851s ]
INFO: [ app_begin ] --END-- [ RunTime:0.001003s ]
INFO: [ view_parse ] --START--
INFO: [ template_filter ] --START--
INFO: Run Behavior\ContentReplaceBehavior [ RunTime:0.000272s ]
INFO: [ template_filter ] --END-- [ RunTime:0.000407s ]
INFO: Run Behavior\ParseTemplateBehavior [ RunTime:0.027729s ]
INFO: [ view_parse ] --END-- [ RunTime:0.027851s ]
INFO: [ view_filter ] --START--
INFO: Run Behavior\WriteHtmlCacheBehavior [ RunTime:0.000527s ]
INFO: [ view_filter ] --END-- [ RunTime:0.000621s ]
INFO: [ app_end ] --START--
INFO: Run Behavior\ShowPageTraceBehavior [ RunTime:0.001232s ]
INFO: [ app_end ] --END-- [ RunTime:0.001386s ]

[ 2014-04-28T18:07:25+08:00 ] 127.0.0.1 /video/index.php/home/Index/css/font-awesome.min.css
INFO: [ app_init ] --START--
INFO: Run Behavior\BuildLiteBehavior [ RunTime:0.000038s ]
INFO: [ app_init ] --END-- [ RunTime:0.000698s ]
INFO: [ app_begin ] --START--
INFO: Run Behavior\ReadHtmlCacheBehavior [ RunTime:0.000871s ]
INFO: [ app_begin ] --END-- [ RunTime:0.001028s ]
ERR: 非法操作:css

[ 2014-04-28T18:07:25+08:00 ] 127.0.0.1 /video/index.php/home/Index/sea-modules/alice/base/1.0.2/base-debug.css
INFO: [ app_init ] --START--
INFO: Run Behavior\BuildLiteBehavior [ RunTime:0.000043s ]
INFO: [ app_init ] --END-- [ RunTime:0.000761s ]
INFO: [ app_begin ] --START--
INFO: Run Behavior\ReadHtmlCacheBehavior [ RunTime:0.001363s ]
INFO: [ app_begin ] --END-- [ RunTime:0.001933s ]
ERR: 非法操作:sea-modules

[ 2014-04-28T18:07:25+08:00 ] 127.0.0.1 /video/index.php/home/Index/css/main.css
INFO: [ app_init ] --START--
INFO: Run Behavior\BuildLiteBehavior [ RunTime:0.000043s ]
INFO: [ app_init ] --END-- [ RunTime:0.000799s ]
INFO: [ app_begin ] --START--
INFO: Run Behavior\ReadHtmlCacheBehavior [ RunTime:0.001102s ]
INFO: [ app_begin ] --END-- [ RunTime:0.001305s ]
ERR: 非法操作:css

[ 2014-04-28T18:07:25+08:00 ] 127.0.0.1 /video/index.php/home/Index/sea-modules/seajs/seajs/2.2.0/sea.js
INFO: [ app_init ] --START--
INFO: Run Behavior\BuildLiteBehavior [ RunTime:0.000050s ]
INFO: [ app_init ] --END-- [ RunTime:0.003444s ]
INFO: [ app_begin ] --START--
INFO: Run Behavior\ReadHtmlCacheBehavior [ RunTime:0.005473s ]
INFO: [ app_begin ] --END-- [ RunTime:0.005797s ]
ERR: 非法操作:sea-modules

[ 2014-04-28T22:28:37+08:00 ] 127.0.0.1 /video/index.php/home/Index/testtpl
INFO: [ app_init ] --START--
INFO: Run Behavior\BuildLiteBehavior [ RunTime:0.000035s ]
INFO: [ app_init ] --END-- [ RunTime:0.001789s ]
INFO: [ app_begin ] --START--
INFO: Run Behavior\ReadHtmlCacheBehavior [ RunTime:0.001518s ]
INFO: [ app_begin ] --END-- [ RunTime:0.001652s ]
INFO: [ view_parse ] --START--
INFO: [ template_filter ] --START--
INFO: Run Behavior\ContentReplaceBehavior [ RunTime:0.005088s ]
INFO: [ template_filter ] --END-- [ RunTime:0.005239s ]
INFO: Run Behavior\ParseTemplateBehavior [ RunTime:0.062744s ]
INFO: [ view_parse ] --END-- [ RunTime:0.062891s ]
INFO: [ view_filter ] --START--
INFO: Run Behavior\WriteHtmlCacheBehavior [ RunTime:0.004328s ]
INFO: [ view_filter ] --END-- [ RunTime:0.004446s ]
INFO: [ app_end ] --START--
INFO: Run Behavior\ShowPageTraceBehavior [ RunTime:0.002653s ]
INFO: [ app_end ] --END-- [ RunTime:0.002800s ]

[ 2014-04-28T22:30:07+08:00 ] 127.0.0.1 /video/index.php/home/Index/testtpl
INFO: [ app_init ] --START--
INFO: Run Behavior\BuildLiteBehavior [ RunTime:0.000025s ]
INFO: [ app_init ] --END-- [ RunTime:0.000785s ]
INFO: [ app_begin ] --START--
INFO: Run Behavior\ReadHtmlCacheBehavior [ RunTime:0.001057s ]
INFO: [ app_begin ] --END-- [ RunTime:0.001190s ]
INFO: [ view_parse ] --START--
INFO: [ template_filter ] --START--
INFO: Run Behavior\ContentReplaceBehavior [ RunTime:0.000446s ]
INFO: [ template_filter ] --END-- [ RunTime:0.000591s ]
INFO: Run Behavior\ParseTemplateBehavior [ RunTime:0.036189s ]
INFO: [ view_parse ] --END-- [ RunTime:0.036336s ]
INFO: [ view_filter ] --START--
INFO: Run Behavior\WriteHtmlCacheBehavior [ RunTime:0.000703s ]
INFO: [ view_filter ] --END-- [ RunTime:0.000806s ]
INFO: [ app_end ] --START--
INFO: Run Behavior\ShowPageTraceBehavior [ RunTime:0.001183s ]
INFO: [ app_end ] --END-- [ RunTime:0.001310s ]

[ 2014-04-28T22:30:10+08:00 ] 127.0.0.1 /video/index.php/home/Index/testtpl
INFO: [ app_init ] --START--
INFO: Run Behavior\BuildLiteBehavior [ RunTime:0.000022s ]
INFO: [ app_init ] --END-- [ RunTime:0.000474s ]
INFO: [ app_begin ] --START--
INFO: Run Behavior\ReadHtmlCacheBehavior [ RunTime:0.000611s ]
INFO: [ app_begin ] --END-- [ RunTime:0.000711s ]
INFO: [ view_parse ] --START--
INFO: [ template_filter ] --START--
INFO: Run Behavior\ContentReplaceBehavior [ RunTime:0.000385s ]
INFO: [ template_filter ] --END-- [ RunTime:0.000512s ]
INFO: Run Behavior\ParseTemplateBehavior [ RunTime:0.036233s ]
INFO: [ view_parse ] --END-- [ RunTime:0.036347s ]
INFO: [ view_filter ] --START--
INFO: Run Behavior\WriteHtmlCacheBehavior [ RunTime:0.000174s ]
INFO: [ view_filter ] --END-- [ RunTime:0.000251s ]
INFO: [ app_end ] --START--
INFO: Run Behavior\ShowPageTraceBehavior [ RunTime:0.000871s ]
INFO: [ app_end ] --END-- [ RunTime:0.000978s ]

[ 2014-04-28T22:31:19+08:00 ] 127.0.0.1 /video/index.php/home/Index/testtpl
INFO: [ app_init ] --START--
INFO: Run Behavior\BuildLiteBehavior [ RunTime:0.000022s ]
INFO: [ app_init ] --END-- [ RunTime:0.000720s ]
INFO: [ app_begin ] --START--
INFO: Run Behavior\ReadHtmlCacheBehavior [ RunTime:0.001113s ]
INFO: [ app_begin ] --END-- [ RunTime:0.001241s ]
INFO: [ view_parse ] --START--
INFO: [ template_filter ] --START--
INFO: Run Behavior\ContentReplaceBehavior [ RunTime:0.000410s ]
INFO: [ template_filter ] --END-- [ RunTime:0.000531s ]
INFO: Run Behavior\ParseTemplateBehavior [ RunTime:0.029243s ]
INFO: [ view_parse ] --END-- [ RunTime:0.029352s ]
INFO: [ view_filter ] --START--
INFO: Run Behavior\WriteHtmlCacheBehavior [ RunTime:0.000535s ]
INFO: [ view_filter ] --END-- [ RunTime:0.000632s ]
INFO: [ app_end ] --START--
INFO: Run Behavior\ShowPageTraceBehavior [ RunTime:0.001225s ]
INFO: [ app_end ] --END-- [ RunTime:0.001362s ]

[ 2014-04-28T22:34:17+08:00 ] 127.0.0.1 /video/index.php/home/Index/testtpl
INFO: [ app_init ] --START--
INFO: Run Behavior\BuildLiteBehavior [ RunTime:0.000034s ]
INFO: [ app_init ] --END-- [ RunTime:0.000870s ]
INFO: [ app_begin ] --START--
INFO: Run Behavior\ReadHtmlCacheBehavior [ RunTime:0.000901s ]
INFO: [ app_begin ] --END-- [ RunTime:0.001006s ]
INFO: [ view_parse ] --START--
INFO: [ template_filter ] --START--
INFO: Run Behavior\ContentReplaceBehavior [ RunTime:0.000359s ]
INFO: [ template_filter ] --END-- [ RunTime:0.000483s ]
INFO: Run Behavior\ParseTemplateBehavior [ RunTime:0.026492s ]
INFO: [ view_parse ] --END-- [ RunTime:0.026595s ]
INFO: [ view_filter ] --START--
INFO: Run Behavior\WriteHtmlCacheBehavior [ RunTime:0.000541s ]
INFO: [ view_filter ] --END-- [ RunTime:0.000621s ]
INFO: [ app_end ] --START--
INFO: Run Behavior\ShowPageTraceBehavior [ RunTime:0.001948s ]
INFO: [ app_end ] --END-- [ RunTime:0.002066s ]

[ 2014-04-28T22:34:18+08:00 ] 127.0.0.1 /video/index.php/home/Index/testtpl
INFO: [ app_init ] --START--
INFO: Run Behavior\BuildLiteBehavior [ RunTime:0.000041s ]
INFO: [ app_init ] --END-- [ RunTime:0.000563s ]
INFO: [ app_begin ] --START--
INFO: Run Behavior\ReadHtmlCacheBehavior [ RunTime:0.000643s ]
INFO: [ app_begin ] --END-- [ RunTime:0.000736s ]
INFO: [ view_parse ] --START--
INFO: [ template_filter ] --START--
INFO: Run Behavior\ContentReplaceBehavior [ RunTime:0.000426s ]
INFO: [ template_filter ] --END-- [ RunTime:0.000556s ]
INFO: Run Behavior\ParseTemplateBehavior [ RunTime:0.025299s ]
INFO: [ view_parse ] --END-- [ RunTime:0.025402s ]
INFO: [ view_filter ] --START--
INFO: Run Behavior\WriteHtmlCacheBehavior [ RunTime:0.000186s ]
INFO: [ view_filter ] --END-- [ RunTime:0.000264s ]
INFO: [ app_end ] --START--
INFO: Run Behavior\ShowPageTraceBehavior [ RunTime:0.000853s ]
INFO: [ app_end ] --END-- [ RunTime:0.001000s ]

[ 2014-04-28T22:34:19+08:00 ] 127.0.0.1 /video/index.php/home/Index/testtpl
INFO: [ app_init ] --START--
INFO: Run Behavior\BuildLiteBehavior [ RunTime:0.000020s ]
INFO: [ app_init ] --END-- [ RunTime:0.000403s ]
INFO: [ app_begin ] --START--
INFO: Run Behavior\ReadHtmlCacheBehavior [ RunTime:0.000565s ]
INFO: [ app_begin ] --END-- [ RunTime:0.000664s ]
INFO: [ view_parse ] --START--
INFO: [ template_filter ] --START--
INFO: Run Behavior\ContentReplaceBehavior [ RunTime:0.000328s ]
INFO: [ template_filter ] --END-- [ RunTime:0.000464s ]
INFO: Run Behavior\ParseTemplateBehavior [ RunTime:0.023812s ]
INFO: [ view_parse ] --END-- [ RunTime:0.023920s ]
INFO: [ view_filter ] --START--
INFO: Run Behavior\WriteHtmlCacheBehavior [ RunTime:0.000179s ]
INFO: [ view_filter ] --END-- [ RunTime:0.000255s ]
INFO: [ app_end ] --START--
INFO: Run Behavior\ShowPageTraceBehavior [ RunTime:0.000849s ]
INFO: [ app_end ] --END-- [ RunTime:0.000994s ]

[ 2014-04-28T22:34:20+08:00 ] 127.0.0.1 /video/index.php/home/Index/testtpl
INFO: [ app_init ] --START--
INFO: Run Behavior\BuildLiteBehavior [ RunTime:0.000038s ]
INFO: [ app_init ] --END-- [ RunTime:0.000716s ]
INFO: [ app_begin ] --START--
INFO: Run Behavior\ReadHtmlCacheBehavior [ RunTime:0.001074s ]
INFO: [ app_begin ] --END-- [ RunTime:0.001250s ]
INFO: [ view_parse ] --START--
INFO: [ template_filter ] --START--
INFO: Run Behavior\ContentReplaceBehavior [ RunTime:0.000489s ]
INFO: [ template_filter ] --END-- [ RunTime:0.000682s ]
INFO: Run Behavior\ParseTemplateBehavior [ RunTime:0.031003s ]
INFO: [ view_parse ] --END-- [ RunTime:0.031158s ]
INFO: [ view_filter ] --START--
INFO: Run Behavior\WriteHtmlCacheBehavior [ RunTime:0.000180s ]
INFO: [ view_filter ] --END-- [ RunTime:0.000260s ]
INFO: [ app_end ] --START--
INFO: Run Behavior\ShowPageTraceBehavior [ RunTime:0.000993s ]
INFO: [ app_end ] --END-- [ RunTime:0.001156s ]

[ 2014-04-28T22:34:21+08:00 ] 127.0.0.1 /video/index.php/home/Index/testtpl
INFO: [ app_init ] --START--
INFO: Run Behavior\BuildLiteBehavior [ RunTime:0.000020s ]
INFO: [ app_init ] --END-- [ RunTime:0.000386s ]
INFO: [ app_begin ] --START--
INFO: Run Behavior\ReadHtmlCacheBehavior [ RunTime:0.000812s ]
INFO: [ app_begin ] --END-- [ RunTime:0.000967s ]
INFO: [ view_parse ] --START--
INFO: [ template_filter ] --START--
INFO: Run Behavior\ContentReplaceBehavior [ RunTime:0.000399s ]
INFO: [ template_filter ] --END-- [ RunTime:0.000522s ]
INFO: Run Behavior\ParseTemplateBehavior [ RunTime:0.023788s ]
INFO: [ view_parse ] --END-- [ RunTime:0.023968s ]
INFO: [ view_filter ] --START--
INFO: Run Behavior\WriteHtmlCacheBehavior [ RunTime:0.000219s ]
INFO: [ view_filter ] --END-- [ RunTime:0.000308s ]
INFO: [ app_end ] --START--
INFO: Run Behavior\ShowPageTraceBehavior [ RunTime:0.000656s ]
INFO: [ app_end ] --END-- [ RunTime:0.000757s ]

[ 2014-04-28T22:35:42+08:00 ] 127.0.0.1 /video/index.php/home/Index/testtpl
INFO: [ app_init ] --START--
INFO: Run Behavior\BuildLiteBehavior [ RunTime:0.000021s ]
INFO: [ app_init ] --END-- [ RunTime:0.000494s ]
INFO: [ app_begin ] --START--
INFO: Run Behavior\ReadHtmlCacheBehavior [ RunTime:0.000528s ]
INFO: [ app_begin ] --END-- [ RunTime:0.000612s ]
INFO: [ view_parse ] --START--
INFO: [ template_filter ] --START--
INFO: Run Behavior\ContentReplaceBehavior [ RunTime:0.000349s ]
INFO: [ template_filter ] --END-- [ RunTime:0.000469s ]
INFO: Run Behavior\ParseTemplateBehavior [ RunTime:0.025131s ]
INFO: [ view_parse ] --END-- [ RunTime:0.025275s ]
INFO: [ view_filter ] --START--
INFO: Run Behavior\WriteHtmlCacheBehavior [ RunTime:0.000322s ]
INFO: [ view_filter ] --END-- [ RunTime:0.000461s ]
INFO: [ app_end ] --START--
INFO: Run Behavior\ShowPageTraceBehavior [ RunTime:0.000938s ]
INFO: [ app_end ] --END-- [ RunTime:0.001074s ]

[ 2014-04-28T22:35:43+08:00 ] 127.0.0.1 /video/index.php/home/Index/testtpl
INFO: [ app_init ] --START--
INFO: Run Behavior\BuildLiteBehavior [ RunTime:0.000023s ]
INFO: [ app_init ] --END-- [ RunTime:0.000448s ]
INFO: [ app_begin ] --START--
INFO: Run Behavior\ReadHtmlCacheBehavior [ RunTime:0.000929s ]
INFO: [ app_begin ] --END-- [ RunTime:0.001088s ]
INFO: [ view_parse ] --START--
INFO: [ template_filter ] --START--
INFO: Run Behavior\ContentReplaceBehavior [ RunTime:0.000327s ]
INFO: [ template_filter ] --END-- [ RunTime:0.000442s ]
INFO: Run Behavior\ParseTemplateBehavior [ RunTime:0.025186s ]
INFO: [ view_parse ] --END-- [ RunTime:0.025320s ]
INFO: [ view_filter ] --START--
INFO: Run Behavior\WriteHtmlCacheBehavior [ RunTime:0.000219s ]
INFO: [ view_filter ] --END-- [ RunTime:0.000342s ]
INFO: [ app_end ] --START--
INFO: Run Behavior\ShowPageTraceBehavior [ RunTime:0.000912s ]
INFO: [ app_end ] --END-- [ RunTime:0.001073s ]

[ 2014-04-28T22:36:18+08:00 ] 127.0.0.1 /video/index.php/home/Index/testtpl
INFO: [ app_init ] --START--
INFO: Run Behavior\BuildLiteBehavior [ RunTime:0.000024s ]
INFO: [ app_init ] --END-- [ RunTime:0.000576s ]
INFO: [ app_begin ] --START--
INFO: Run Behavior\ReadHtmlCacheBehavior [ RunTime:0.000660s ]
INFO: [ app_begin ] --END-- [ RunTime:0.000774s ]
INFO: [ view_parse ] --START--
INFO: [ template_filter ] --START--
INFO: Run Behavior\ContentReplaceBehavior [ RunTime:0.000351s ]
INFO: [ template_filter ] --END-- [ RunTime:0.000464s ]
INFO: Run Behavior\ParseTemplateBehavior [ RunTime:0.023299s ]
INFO: [ view_parse ] --END-- [ RunTime:0.023423s ]
INFO: [ view_filter ] --START--
INFO: Run Behavior\WriteHtmlCacheBehavior [ RunTime:0.000216s ]
INFO: [ view_filter ] --END-- [ RunTime:0.000306s ]
INFO: [ app_end ] --START--
INFO: Run Behavior\ShowPageTraceBehavior [ RunTime:0.000947s ]
INFO: [ app_end ] --END-- [ RunTime:0.001142s ]

[ 2014-04-28T22:38:02+08:00 ] 127.0.0.1 /video/index.php/home/Index/testtpl
INFO: [ app_init ] --START--
INFO: Run Behavior\BuildLiteBehavior [ RunTime:0.000024s ]
INFO: [ app_init ] --END-- [ RunTime:0.000869s ]
INFO: [ app_begin ] --START--
INFO: Run Behavior\ReadHtmlCacheBehavior [ RunTime:0.000844s ]
INFO: [ app_begin ] --END-- [ RunTime:0.000931s ]
INFO: [ view_parse ] --START--
INFO: [ template_filter ] --START--
INFO: Run Behavior\ContentReplaceBehavior [ RunTime:0.000329s ]
INFO: [ template_filter ] --END-- [ RunTime:0.000439s ]
INFO: Run Behavior\ParseTemplateBehavior [ RunTime:0.025010s ]
INFO: [ view_parse ] --END-- [ RunTime:0.025194s ]
INFO: [ view_filter ] --START--
INFO: Run Behavior\WriteHtmlCacheBehavior [ RunTime:0.000564s ]
INFO: [ view_filter ] --END-- [ RunTime:0.000683s ]
INFO: [ app_end ] --START--
INFO: Run Behavior\ShowPageTraceBehavior [ RunTime:0.001281s ]
INFO: [ app_end ] --END-- [ RunTime:0.001437s ]

[ 2014-04-28T22:38:03+08:00 ] 127.0.0.1 /video/index.php/home/Index/testtpl
INFO: [ app_init ] --START--
INFO: Run Behavior\BuildLiteBehavior [ RunTime:0.000031s ]
INFO: [ app_init ] --END-- [ RunTime:0.000564s ]
INFO: [ app_begin ] --START--
INFO: Run Behavior\ReadHtmlCacheBehavior [ RunTime:0.000783s ]
INFO: [ app_begin ] --END-- [ RunTime:0.000922s ]
INFO: [ view_parse ] --START--
INFO: [ template_filter ] --START--
INFO: Run Behavior\ContentReplaceBehavior [ RunTime:0.000413s ]
INFO: [ template_filter ] --END-- [ RunTime:0.000534s ]
INFO: Run Behavior\ParseTemplateBehavior [ RunTime:0.026548s ]
INFO: [ view_parse ] --END-- [ RunTime:0.026677s ]
INFO: [ view_filter ] --START--
INFO: Run Behavior\WriteHtmlCacheBehavior [ RunTime:0.000171s ]
INFO: [ view_filter ] --END-- [ RunTime:0.000248s ]
INFO: [ app_end ] --START--
INFO: Run Behavior\ShowPageTraceBehavior [ RunTime:0.000636s ]
INFO: [ app_end ] --END-- [ RunTime:0.000731s ]

[ 2014-04-28T22:38:38+08:00 ] 127.0.0.1 /video/index.php/home/Index/testtpl
INFO: [ app_init ] --START--
INFO: Run Behavior\BuildLiteBehavior [ RunTime:0.000023s ]
INFO: [ app_init ] --END-- [ RunTime:0.000443s ]
INFO: [ app_begin ] --START--
INFO: Run Behavior\ReadHtmlCacheBehavior [ RunTime:0.000615s ]
INFO: [ app_begin ] --END-- [ RunTime:0.000715s ]
INFO: [ view_parse ] --START--
INFO: [ template_filter ] --START--
INFO: Run Behavior\ContentReplaceBehavior [ RunTime:0.000339s ]
INFO: [ template_filter ] --END-- [ RunTime:0.000453s ]
INFO: Run Behavior\ParseTemplateBehavior [ RunTime:0.023256s ]
INFO: [ view_parse ] --END-- [ RunTime:0.023352s ]
INFO: [ view_filter ] --START--
INFO: Run Behavior\WriteHtmlCacheBehavior [ RunTime:0.000178s ]
INFO: [ view_filter ] --END-- [ RunTime:0.000256s ]
INFO: [ app_end ] --START--
INFO: Run Behavior\ShowPageTraceBehavior [ RunTime:0.000611s ]
INFO: [ app_end ] --END-- [ RunTime:0.000709s ]

[ 2014-04-28T22:40:08+08:00 ] 127.0.0.1 /video/index.php/home/Index/testtpl
INFO: [ app_init ] --START--
INFO: Run Behavior\BuildLiteBehavior [ RunTime:0.000031s ]
INFO: [ app_init ] --END-- [ RunTime:0.000920s ]
INFO: [ app_begin ] --START--
INFO: Run Behavior\ReadHtmlCacheBehavior [ RunTime:0.000569s ]
INFO: [ app_begin ] --END-- [ RunTime:0.000662s ]
INFO: [ view_parse ] --START--
INFO: [ template_filter ] --START--
INFO: Run Behavior\ContentReplaceBehavior [ RunTime:0.000458s ]
INFO: [ template_filter ] --END-- [ RunTime:0.000587s ]
INFO: Run Behavior\ParseTemplateBehavior [ RunTime:0.030404s ]
INFO: [ view_parse ] --END-- [ RunTime:0.030511s ]
INFO: [ view_filter ] --START--
INFO: Run Behavior\WriteHtmlCacheBehavior [ RunTime:0.000184s ]
INFO: [ view_filter ] --END-- [ RunTime:0.000263s ]
INFO: [ app_end ] --START--
INFO: Run Behavior\ShowPageTraceBehavior [ RunTime:0.000697s ]
INFO: [ app_end ] --END-- [ RunTime:0.000819s ]

[ 2014-04-28T22:40:25+08:00 ] 127.0.0.1 /video/index.php/home/Index/testtpl
INFO: [ app_init ] --START--
INFO: Run Behavior\BuildLiteBehavior [ RunTime:0.000028s ]
INFO: [ app_init ] --END-- [ RunTime:0.000599s ]
INFO: [ app_begin ] --START--
INFO: Run Behavior\ReadHtmlCacheBehavior [ RunTime:0.000623s ]
INFO: [ app_begin ] --END-- [ RunTime:0.000766s ]
INFO: [ view_parse ] --START--
INFO: [ template_filter ] --START--
INFO: Run Behavior\ContentReplaceBehavior [ RunTime:0.000342s ]
INFO: [ template_filter ] --END-- [ RunTime:0.000463s ]
INFO: Run Behavior\ParseTemplateBehavior [ RunTime:0.022934s ]
INFO: [ view_parse ] --END-- [ RunTime:0.023027s ]
INFO: [ view_filter ] --START--
INFO: Run Behavior\WriteHtmlCacheBehavior [ RunTime:0.000173s ]
INFO: [ view_filter ] --END-- [ RunTime:0.000250s ]
INFO: [ app_end ] --START--
INFO: Run Behavior\ShowPageTraceBehavior [ RunTime:0.000774s ]
INFO: [ app_end ] --END-- [ RunTime:0.000898s ]

[ 2014-04-28T23:30:38+08:00 ] 127.0.0.1 /video/index.php/home/Index/testtpl
INFO: [ app_init ] --START--
INFO: Run Behavior\BuildLiteBehavior [ RunTime:0.000044s ]
INFO: [ app_init ] --END-- [ RunTime:0.001462s ]
INFO: [ app_begin ] --START--
INFO: Run Behavior\ReadHtmlCacheBehavior [ RunTime:0.001164s ]
INFO: [ app_begin ] --END-- [ RunTime:0.001319s ]
INFO: [ view_parse ] --START--
INFO: [ template_filter ] --START--
INFO: Run Behavior\ContentReplaceBehavior [ RunTime:0.000477s ]
INFO: [ template_filter ] --END-- [ RunTime:0.000625s ]
INFO: Run Behavior\ParseTemplateBehavior [ RunTime:0.033022s ]
INFO: [ view_parse ] --END-- [ RunTime:0.033180s ]
INFO: [ view_filter ] --START--
INFO: Run Behavior\WriteHtmlCacheBehavior [ RunTime:0.000540s ]
INFO: [ view_filter ] --END-- [ RunTime:0.000636s ]
INFO: [ app_end ] --START--
INFO: Run Behavior\ShowPageTraceBehavior [ RunTime:0.001891s ]
INFO: [ app_end ] --END-- [ RunTime:0.002008s ]

[ 2014-04-28T23:30:39+08:00 ] 127.0.0.1 /video/index.php/home/Index/testtpl
INFO: [ app_init ] --START--
INFO: Run Behavior\BuildLiteBehavior [ RunTime:0.000025s ]
INFO: [ app_init ] --END-- [ RunTime:0.000544s ]
INFO: [ app_begin ] --START--
INFO: Run Behavior\ReadHtmlCacheBehavior [ RunTime:0.000826s ]
INFO: [ app_begin ] --END-- [ RunTime:0.000958s ]
INFO: [ view_parse ] --START--
INFO: [ template_filter ] --START--
INFO: Run Behavior\ContentReplaceBehavior [ RunTime:0.000381s ]
INFO: [ template_filter ] --END-- [ RunTime:0.000510s ]
INFO: Run Behavior\ParseTemplateBehavior [ RunTime:0.024036s ]
INFO: [ view_parse ] --END-- [ RunTime:0.024149s ]
INFO: [ view_filter ] --START--
INFO: Run Behavior\WriteHtmlCacheBehavior [ RunTime:0.000195s ]
INFO: [ view_filter ] --END-- [ RunTime:0.000284s ]
INFO: [ app_end ] --START--
INFO: Run Behavior\ShowPageTraceBehavior [ RunTime:0.000645s ]
INFO: [ app_end ] --END-- [ RunTime:0.000783s ]

